[ 2015-09-21T08:46:47+08:00 ] ::1 /Public/admin/assets/css/wail.css
ERR: 无法加载模块:Public

[ 2015-09-21T08:46:48+08:00 ] ::1 /favicon.ico
ERR: 无法加载模块:Favicon

[ 2015-09-21T08:47:42+08:00 ] ::1 /public/plugs/pe/001/15-09-16/1442373223873.jpg
ERR: 无法加载模块:Public

[ 2015-09-21T08:47:42+08:00 ] ::1 /public/plugs/pe/001/15-09-16/1442373223873.jpg
ERR: 无法加载模块:Public

[ 2015-09-21T10:17:27+08:00 ] 127.0.0.1 http://szminorshort.weixin.qq.com/cgi-bin/micromsg-bin/reportkvcomm
ERR: 无法加载模块:Cgi-bin

[ 2015-09-21T10:17:33+08:00 ] 127.0.0.1 http://szminorshort.weixin.qq.com/cgi-bin/micromsg-bin/reportkvcomm
ERR: 无法加载模块:Cgi-bin

[ 2015-09-21T10:37:23+08:00 ] ::1 /public/plugs/pe/001/15-09-16/1442373223873.jpg
ERR: 无法加载模块:Public

[ 2015-09-21T10:37:23+08:00 ] ::1 /public/plugs/pe/001/15-09-16/1442373223873.jpg
ERR: 无法加载模块:Public

[ 2015-09-21T10:39:16+08:00 ] ::1 /ueditor/php/upload/image/20150917/1442470947110819.jpg
ERR: 无法加载模块:Ueditor

[ 2015-09-21T10:39:21+08:00 ] ::1 /Uploads/images/2015-09-17/s_1442480233_134155318055fa80694d62a.jpg
ERR: 无法加载模块:Uploads

[ 2015-09-21T10:39:21+08:00 ] ::1 /Uploads/images/2015-09-17/s_1442480245_50870231155fa807552ae1.jpg
ERR: 无法加载模块:Uploads

[ 2015-09-21T10:39:33+08:00 ] ::1 /ueditor/php/upload/image/20150917/1442470947110819.jpg
ERR: 无法加载模块:Ueditor

[ 2015-09-21T10:44:29+08:00 ] ::1 /public/plugs/pe/001/15-09-16/1442373223873.jpg
ERR: 无法加载模块:Public

[ 2015-09-21T10:44:29+08:00 ] ::1 /public/plugs/pe/001/15-09-16/1442373223873.jpg
ERR: 无法加载模块:Public

[ 2015-09-21T12:03:51+08:00 ] ::1 /public/plugs/pe/001/15-09-16/1442373223873.jpg
ERR: 无法加载模块:Public

[ 2015-09-21T12:03:52+08:00 ] ::1 /public/plugs/pe/001/15-09-16/1442373223873.jpg
ERR: 无法加载模块:Public

[ 2015-09-21T12:06:22+08:00 ] ::1 /public/plugs/pe/001/15-09-09/1441794466897.jpg
ERR: 无法加载模块:Public

[ 2015-09-21T12:06:22+08:00 ] ::1 /public/plugs/pe/001/15-09-09/1441794466897.jpg
ERR: 无法加载模块:Public

[ 2015-09-21T12:06:23+08:00 ] ::1 /public/plugs/pe/001/15-09-09/1441794712612.jpg
ERR: 无法加载模块:Public

[ 2015-09-21T14:55:50+08:00 ] ::1 /public/plugs/pe/001/15-09-16/1442373223873.jpg
ERR: 无法加载模块:Public

[ 2015-09-21T14:55:50+08:00 ] ::1 /public/plugs/pe/001/15-09-16/1442373223873.jpg
ERR: 无法加载模块:Public

[ 2015-09-21T14:56:13+08:00 ] ::1 /ueditor/php/upload/image/20150917/1442471286216449.jpg
ERR: 无法加载模块:Ueditor

[ 2015-09-21T14:56:20+08:00 ] ::1 /public/plugs/pe/001/15-09-16/1442373223873.jpg
ERR: 无法加载模块:Public

[ 2015-09-21T14:56:20+08:00 ] ::1 /public/plugs/pe/001/15-09-16/1442373223873.jpg
ERR: 无法加载模块:Public

[ 2015-09-21T14:56:38+08:00 ] ::1 /ueditor/php/upload/image/20150917/1442470947110819.jpg
ERR: 无法加载模块:Ueditor

[ 2015-09-21T14:56:47+08:00 ] ::1 /Uploads/images/2015-09-17/s_1442480233_134155318055fa80694d62a.jpg
ERR: 无法加载模块:Uploads

[ 2015-09-21T14:56:48+08:00 ] ::1 /Uploads/images/2015-09-17/s_1442480245_50870231155fa807552ae1.jpg
ERR: 无法加载模块:Uploads

[ 2015-09-21T14:56:50+08:00 ] ::1 /ueditor/php/upload/image/20150917/1442470947110819.jpg
ERR: 无法加载模块:Ueditor

[ 2015-09-21T14:57:35+08:00 ] ::1 /public/plugs/pe/001/15-09-16/1442373223873.jpg
ERR: 无法加载模块:Public

[ 2015-09-21T14:57:35+08:00 ] ::1 /public/plugs/pe/001/15-09-16/1442373223873.jpg
ERR: 无法加载模块:Public

[ 2015-09-21T14:58:40+08:00 ] ::1 /public/plugs/pe/001/15-09-16/1442373223873.jpg
ERR: 无法加载模块:Public

[ 2015-09-21T14:58:41+08:00 ] ::1 /public/plugs/pe/001/15-09-16/1442373223873.jpg
ERR: 无法加载模块:Public

[ 2015-09-21T15:11:41+08:00 ] ::1 /public/plugs/pe/001/15-09-09/1441794466897.jpg
ERR: 无法加载模块:Public

[ 2015-09-21T15:11:41+08:00 ] ::1 /public/plugs/pe/001/15-09-09/1441794466897.jpg
ERR: 无法加载模块:Public

[ 2015-09-21T15:11:42+08:00 ] ::1 /public/plugs/pe/001/15-09-09/1441794712612.jpg
ERR: 无法加载模块:Public

[ 2015-09-21T15:25:23+08:00 ] ::1 /public/plugs/pe/001/15-09-16/1442373223873.jpg
ERR: 无法加载模块:Public

[ 2015-09-21T15:25:24+08:00 ] ::1 /public/plugs/pe/001/15-09-16/1442373223873.jpg
ERR: 无法加载模块:Public

[ 2015-09-21T15:46:23+08:00 ] ::1 /public/plugs/pe/001/15-09-16/1442373223873.jpg
ERR: 无法加载模块:Public

[ 2015-09-21T15:46:23+08:00 ] ::1 /public/plugs/pe/001/15-09-16/1442373223873.jpg
ERR: 无法加载模块:Public

[ 2015-09-21T15:46:25+08:00 ] ::1 /public/plugs/pe/001/15-09-16/1442373223873.jpg
ERR: 无法加载模块:Public

[ 2015-09-21T15:46:25+08:00 ] ::1 /public/plugs/pe/001/15-09-16/1442373223873.jpg
ERR: 无法加载模块:Public

[ 2015-09-21T15:53:17+08:00 ] ::1 /public/plugs/pe/001/15-09-16/1442373223873.jpg
ERR: 无法加载模块:Public

[ 2015-09-21T15:53:17+08:00 ] ::1 /public/plugs/pe/001/15-09-16/1442373223873.jpg
ERR: 无法加载模块:Public

[ 2015-09-21T16:31:54+08:00 ] ::1 /ueditor/php/upload/image/20150917/1442470947110819.jpg
ERR: 无法加载模块:Ueditor

[ 2015-09-21T16:32:55+08:00 ] ::1 /ueditor/php/upload/image/20150917/1442470947110819.jpg
ERR: 无法加载模块:Ueditor

[ 2015-09-21T16:49:42+08:00 ] ::1 /public/plugs/pe/001/15-09-09/1441794466897.jpg
ERR: 无法加载模块:Public

[ 2015-09-21T16:49:42+08:00 ] ::1 /public/plugs/pe/001/15-09-09/1441794466897.jpg
ERR: 无法加载模块:Public

[ 2015-09-21T16:49:43+08:00 ] ::1 /public/plugs/pe/001/15-09-09/1441794712612.jpg
ERR: 无法加载模块:Public

[ 2015-09-21T16:49:58+08:00 ] ::1 /public/plugs/pe/img/uploadify-cancel.png
ERR: 无法加载模块:Public

[ 2015-09-21T18:07:16+08:00 ] ::1 /Attr/dorp/id/4
ERR: 无法加载模块:Attr

[ 2015-09-21T18:08:21+08:00 ] ::1 /dorp/id/4
ERR: 无法加载模块:Dorp

[ 2015-09-21T19:27:20+08:00 ] ::1 /favicon.ico
ERR: 无法加载模块:Favicon

[ 2015-09-21T19:27:20+08:00 ] ::1 /favicon.ico
ERR: 无法加载模块:Favicon

[ 2015-09-21T19:27:26+08:00 ] ::1 /Public/admin/assets/css/wail.css
ERR: 无法加载模块:Public

