[ 2015-09-24T09:06:21+08:00 ] ::1 /Uploads/ads/2015-09-01/55e58973ed231.jpg
ERR: 无法加载模块:Uploads

[ 2015-09-24T09:06:21+08:00 ] ::1 /Uploads/brand/2015-09-01/55e5539bd522c.jpg
ERR: 无法加载模块:Uploads

[ 2015-09-24T09:06:21+08:00 ] ::1 /Uploads/brand/2015-09-01/55e50b999015d.jpg
ERR: 无法加载模块:Uploads

[ 2015-09-24T09:06:21+08:00 ] ::1 /Uploads/brand/2015-09-01/55e51b4c8d62c.jpg
ERR: 无法加载模块:Uploads

[ 2015-09-24T09:06:21+08:00 ] ::1 /Uploads/brand/2015-09-01/55e51fb8aba06.jpg
ERR: 无法加载模块:Uploads

[ 2015-09-24T09:06:21+08:00 ] ::1 /Uploads/brand/2015-09-01/55e55864af007.jpg
ERR: 无法加载模块:Uploads

[ 2015-09-24T09:06:21+08:00 ] ::1 /Uploads/brand/2015-09-01/55e55888f3c79.jpg
ERR: 无法加载模块:Uploads

[ 2015-09-24T09:06:21+08:00 ] ::1 /Uploads/brand/2015-09-01/55e559ba3da0c.jpg
ERR: 无法加载模块:Uploads

[ 2015-09-24T09:06:21+08:00 ] ::1 /Uploads/ads/2015-09-01/55e58973ed231.jpg
ERR: 无法加载模块:Uploads

[ 2015-09-24T09:06:21+08:00 ] ::1 /Uploads/brand/2015-09-01/55e55f985935d.jpg
ERR: 无法加载模块:Uploads

[ 2015-09-24T09:06:21+08:00 ] ::1 /Uploads/brand/2015-09-01/55e564ae4a349.jpg
ERR: 无法加载模块:Uploads

[ 2015-09-24T09:06:21+08:00 ] ::1 /Uploads/brand/2015-09-01/55e56514bcf76.jpg
ERR: 无法加载模块:Uploads

[ 2015-09-24T09:06:21+08:00 ] ::1 /Uploads/brand/2015-09-01/55e565aeb9a20.jpg
ERR: 无法加载模块:Uploads

[ 2015-09-24T09:06:21+08:00 ] ::1 /Uploads/brand/2015-09-01/55e56608ccfce.jpg
ERR: 无法加载模块:Uploads

[ 2015-09-24T09:06:21+08:00 ] ::1 /Uploads/brand/2015-09-04/55e95d4ba2b1b.jpg
ERR: 无法加载模块:Uploads

[ 2015-09-24T09:06:21+08:00 ] ::1 /Uploads/brand/2015-08-29/55e154a01fd06.jpg
ERR: 无法加载模块:Uploads

[ 2015-09-24T09:06:21+08:00 ] ::1 /Uploads/brand/2015-08-30/55e25a5954c9a.jpg
ERR: 无法加载模块:Uploads

[ 2015-09-24T09:06:21+08:00 ] ::1 /Uploads/brand/2015-09-01/55e5658f6d3dc.jpg
ERR: 无法加载模块:Uploads

[ 2015-09-24T09:06:21+08:00 ] ::1 /Uploads/brand/2015-09-01/55e5245525fc7.jpg
ERR: 无法加载模块:Uploads

[ 2015-09-24T09:06:21+08:00 ] ::1 /Uploads/ads/2015-09-01/55e58123bc866.jpg
ERR: 无法加载模块:Uploads

[ 2015-09-24T09:06:22+08:00 ] ::1 /Uploads/ads/2015-09-01/55e58369be57f.jpg
ERR: 无法加载模块:Uploads

[ 2015-09-24T09:06:22+08:00 ] ::1 /Uploads/brand/2015-09-01/55e5539bd522c.jpg
ERR: 无法加载模块:Uploads

[ 2015-09-24T09:06:22+08:00 ] ::1 /Uploads/brand/2015-09-01/55e50b999015d.jpg
ERR: 无法加载模块:Uploads

[ 2015-09-24T09:06:22+08:00 ] ::1 /Uploads/brand/2015-09-01/55e51b4c8d62c.jpg
ERR: 无法加载模块:Uploads

[ 2015-09-24T09:06:22+08:00 ] ::1 /Uploads/brand/2015-09-01/55e51fb8aba06.jpg
ERR: 无法加载模块:Uploads

[ 2015-09-24T09:06:22+08:00 ] ::1 /Uploads/brand/2015-09-01/55e55864af007.jpg
ERR: 无法加载模块:Uploads

[ 2015-09-24T09:06:22+08:00 ] ::1 /Uploads/brand/2015-09-01/55e55888f3c79.jpg
ERR: 无法加载模块:Uploads

[ 2015-09-24T09:06:22+08:00 ] ::1 /Uploads/brand/2015-09-01/55e559ba3da0c.jpg
ERR: 无法加载模块:Uploads

[ 2015-09-24T09:06:22+08:00 ] ::1 /Uploads/brand/2015-09-01/55e55f985935d.jpg
ERR: 无法加载模块:Uploads

[ 2015-09-24T09:06:22+08:00 ] ::1 /Uploads/brand/2015-09-04/55e95d4ba2b1b.jpg
ERR: 无法加载模块:Uploads

[ 2015-09-24T09:06:22+08:00 ] ::1 /Uploads/brand/2015-09-01/55e564ae4a349.jpg
ERR: 无法加载模块:Uploads

[ 2015-09-24T09:06:22+08:00 ] ::1 /Uploads/brand/2015-09-01/55e56608ccfce.jpg
ERR: 无法加载模块:Uploads

[ 2015-09-24T09:06:22+08:00 ] ::1 /Uploads/brand/2015-09-01/55e565aeb9a20.jpg
ERR: 无法加载模块:Uploads

[ 2015-09-24T09:06:22+08:00 ] ::1 /Uploads/brand/2015-09-01/55e56514bcf76.jpg
ERR: 无法加载模块:Uploads

[ 2015-09-24T09:06:22+08:00 ] ::1 /Uploads/ads/2015-09-01/55e58751068bc.jpg
ERR: 无法加载模块:Uploads

[ 2015-09-24T09:06:22+08:00 ] ::1 /Uploads/brand/2015-09-01/55e55413a3eb4.jpg
ERR: 无法加载模块:Uploads

[ 2015-09-24T09:06:22+08:00 ] ::1 /Uploads/ads/2015-08-30/55e2ab5fb41fd.jpg
ERR: 无法加载模块:Uploads

[ 2015-09-24T09:06:22+08:00 ] ::1 /Uploads/brand/2015-09-01/55e50ab71cefc.jpg
ERR: 无法加载模块:Uploads

[ 2015-09-24T09:06:22+08:00 ] ::1 /favicon.ico
ERR: 无法加载模块:Favicon

[ 2015-09-24T09:06:25+08:00 ] ::1 /Public/admin/assets/css/wail.css
ERR: 无法加载模块:Public

[ 2015-09-24T09:09:40+08:00 ] ::1 /public/plugs/pe/001/15-09-09/1441794712612.jpg
ERR: 无法加载模块:Public

[ 2015-09-24T09:09:40+08:00 ] ::1 /public/plugs/pe/001/15-09-09/1441794466897.jpg
ERR: 无法加载模块:Public

[ 2015-09-24T09:09:40+08:00 ] ::1 /public/plugs/pe/001/15-09-09/1441794466897.jpg
ERR: 无法加载模块:Public

[ 2015-09-24T09:09:40+08:00 ] ::1 /public/plugs/pe/001/15-09-09/1441794712612.jpg
ERR: 无法加载模块:Public

[ 2015-09-24T10:13:21+08:00 ] ::1 /Uploads/ads/2015-09-01/55e58973ed231.jpg
ERR: 无法加载模块:Uploads

[ 2015-09-24T10:13:21+08:00 ] ::1 /Uploads/brand/2015-09-01/55e5539bd522c.jpg
ERR: 无法加载模块:Uploads

[ 2015-09-24T10:13:21+08:00 ] ::1 /Uploads/brand/2015-09-01/55e50b999015d.jpg
ERR: 无法加载模块:Uploads

[ 2015-09-24T10:13:21+08:00 ] ::1 /Uploads/brand/2015-09-01/55e51b4c8d62c.jpg
ERR: 无法加载模块:Uploads

[ 2015-09-24T10:13:21+08:00 ] ::1 /Uploads/brand/2015-09-01/55e51fb8aba06.jpg
ERR: 无法加载模块:Uploads

[ 2015-09-24T10:13:21+08:00 ] ::1 /Uploads/brand/2015-09-01/55e55864af007.jpg
ERR: 无法加载模块:Uploads

[ 2015-09-24T10:13:21+08:00 ] ::1 /Uploads/brand/2015-09-01/55e55888f3c79.jpg
ERR: 无法加载模块:Uploads

[ 2015-09-24T10:13:21+08:00 ] ::1 /Uploads/brand/2015-09-01/55e559ba3da0c.jpg
ERR: 无法加载模块:Uploads

[ 2015-09-24T10:13:21+08:00 ] ::1 /Uploads/brand/2015-09-01/55e55f985935d.jpg
ERR: 无法加载模块:Uploads

[ 2015-09-24T10:13:21+08:00 ] ::1 /Uploads/brand/2015-09-01/55e564ae4a349.jpg
ERR: 无法加载模块:Uploads

[ 2015-09-24T10:13:21+08:00 ] ::1 /Uploads/brand/2015-09-01/55e56514bcf76.jpg
ERR: 无法加载模块:Uploads

[ 2015-09-24T10:13:21+08:00 ] ::1 /Uploads/ads/2015-09-01/55e58973ed231.jpg
ERR: 无法加载模块:Uploads

[ 2015-09-24T10:13:21+08:00 ] ::1 /Uploads/brand/2015-09-01/55e565aeb9a20.jpg
ERR: 无法加载模块:Uploads

[ 2015-09-24T10:13:21+08:00 ] ::1 /Uploads/brand/2015-09-01/55e56608ccfce.jpg
ERR: 无法加载模块:Uploads

[ 2015-09-24T10:13:21+08:00 ] ::1 /Uploads/brand/2015-09-04/55e95d4ba2b1b.jpg
ERR: 无法加载模块:Uploads

[ 2015-09-24T10:13:21+08:00 ] ::1 /Uploads/brand/2015-08-29/55e154a01fd06.jpg
ERR: 无法加载模块:Uploads

[ 2015-09-24T10:13:21+08:00 ] ::1 /Uploads/brand/2015-08-30/55e25a5954c9a.jpg
ERR: 无法加载模块:Uploads

[ 2015-09-24T10:13:21+08:00 ] ::1 /Uploads/brand/2015-09-01/55e5658f6d3dc.jpg
ERR: 无法加载模块:Uploads

[ 2015-09-24T10:13:21+08:00 ] ::1 /Uploads/brand/2015-09-01/55e5245525fc7.jpg
ERR: 无法加载模块:Uploads

[ 2015-09-24T10:13:21+08:00 ] ::1 /Uploads/ads/2015-09-01/55e58123bc866.jpg
ERR: 无法加载模块:Uploads

[ 2015-09-24T10:13:21+08:00 ] ::1 /Uploads/ads/2015-09-01/55e58369be57f.jpg
ERR: 无法加载模块:Uploads

[ 2015-09-24T10:13:21+08:00 ] ::1 /Uploads/brand/2015-09-01/55e5539bd522c.jpg
ERR: 无法加载模块:Uploads

[ 2015-09-24T10:13:21+08:00 ] ::1 /Uploads/brand/2015-09-01/55e50b999015d.jpg
ERR: 无法加载模块:Uploads

[ 2015-09-24T10:13:21+08:00 ] ::1 /Uploads/brand/2015-09-01/55e51b4c8d62c.jpg
ERR: 无法加载模块:Uploads

[ 2015-09-24T10:13:21+08:00 ] ::1 /Uploads/brand/2015-09-01/55e51fb8aba06.jpg
ERR: 无法加载模块:Uploads

[ 2015-09-24T10:13:21+08:00 ] ::1 /Uploads/brand/2015-09-01/55e55864af007.jpg
ERR: 无法加载模块:Uploads

[ 2015-09-24T10:13:21+08:00 ] ::1 /Uploads/brand/2015-09-01/55e55888f3c79.jpg
ERR: 无法加载模块:Uploads

[ 2015-09-24T10:13:21+08:00 ] ::1 /Uploads/brand/2015-09-01/55e559ba3da0c.jpg
ERR: 无法加载模块:Uploads

[ 2015-09-24T10:13:21+08:00 ] ::1 /Uploads/brand/2015-09-01/55e55f985935d.jpg
ERR: 无法加载模块:Uploads

[ 2015-09-24T10:13:21+08:00 ] ::1 /Uploads/brand/2015-09-01/55e564ae4a349.jpg
ERR: 无法加载模块:Uploads

[ 2015-09-24T10:13:21+08:00 ] ::1 /Uploads/brand/2015-09-01/55e56514bcf76.jpg
ERR: 无法加载模块:Uploads

[ 2015-09-24T10:13:21+08:00 ] ::1 /Uploads/brand/2015-09-01/55e565aeb9a20.jpg
ERR: 无法加载模块:Uploads

[ 2015-09-24T10:13:21+08:00 ] ::1 /Uploads/brand/2015-09-01/55e56608ccfce.jpg
ERR: 无法加载模块:Uploads

[ 2015-09-24T10:13:21+08:00 ] ::1 /Uploads/brand/2015-09-01/55e5658f6d3dc.jpg
ERR: 无法加载模块:Uploads

[ 2015-09-24T10:13:21+08:00 ] ::1 /Uploads/brand/2015-09-01/55e5539bd522c.jpg
ERR: 无法加载模块:Uploads

[ 2015-09-24T10:13:21+08:00 ] ::1 /Uploads/brand/2015-09-04/55e95d4ba2b1b.jpg
ERR: 无法加载模块:Uploads

[ 2015-09-24T10:13:21+08:00 ] ::1 /Uploads/brand/2015-08-29/55e154a01fd06.jpg
ERR: 无法加载模块:Uploads

[ 2015-09-24T10:13:21+08:00 ] ::1 /Uploads/brand/2015-08-30/55e25a5954c9a.jpg
ERR: 无法加载模块:Uploads

[ 2015-09-24T10:13:21+08:00 ] ::1 /Uploads/brand/2015-09-01/55e5245525fc7.jpg
ERR: 无法加载模块:Uploads

[ 2015-09-24T10:13:21+08:00 ] ::1 /Uploads/brand/2015-09-01/55e51b4c8d62c.jpg
ERR: 无法加载模块:Uploads

[ 2015-09-24T10:13:21+08:00 ] ::1 /Uploads/brand/2015-09-01/55e50b999015d.jpg
ERR: 无法加载模块:Uploads

[ 2015-09-24T10:13:22+08:00 ] ::1 /Uploads/ads/2015-09-01/55e58751068bc.jpg
ERR: 无法加载模块:Uploads

[ 2015-09-24T10:13:22+08:00 ] ::1 /Uploads/brand/2015-09-01/55e50ab71cefc.jpg
ERR: 无法加载模块:Uploads

[ 2015-09-24T10:13:22+08:00 ] ::1 /Uploads/ads/2015-08-30/55e2ab5fb41fd.jpg
ERR: 无法加载模块:Uploads

[ 2015-09-24T10:13:22+08:00 ] ::1 /Uploads/brand/2015-09-01/55e55413a3eb4.jpg
ERR: 无法加载模块:Uploads

[ 2015-09-24T14:17:12+08:00 ] ::1 /public/plugs/pe/001/15-09-16/1442373223873.jpg
ERR: 无法加载模块:Public

[ 2015-09-24T14:17:12+08:00 ] ::1 /public/plugs/pe/001/15-09-16/1442373223873.jpg
ERR: 无法加载模块:Public

[ 2015-09-24T14:18:22+08:00 ] ::1 /public/plugs/pe/001/15-09-16/1442373223873.jpg
ERR: 无法加载模块:Public

[ 2015-09-24T14:18:22+08:00 ] ::1 /public/plugs/pe/001/15-09-16/1442373223873.jpg
ERR: 无法加载模块:Public

[ 2015-09-24T14:18:27+08:00 ] ::1 /public/plugs/pe/001/15-09-16/1442373223873.jpg
ERR: 无法加载模块:Public

[ 2015-09-24T14:18:27+08:00 ] ::1 /public/plugs/pe/001/15-09-16/1442373223873.jpg
ERR: 无法加载模块:Public

[ 2015-09-24T14:26:38+08:00 ] ::1 /public/plugs/pe/001/15-09-16/1442373223873.jpg
ERR: 无法加载模块:Public

[ 2015-09-24T14:26:38+08:00 ] ::1 /public/plugs/pe/001/15-09-16/1442373223873.jpg
ERR: 无法加载模块:Public

[ 2015-09-24T14:27:40+08:00 ] ::1 /public/plugs/pe/001/15-09-16/1442373223873.jpg
ERR: 无法加载模块:Public

[ 2015-09-24T14:27:40+08:00 ] ::1 /public/plugs/pe/001/15-09-16/1442373223873.jpg
ERR: 无法加载模块:Public

[ 2015-09-24T14:27:45+08:00 ] ::1 /public/plugs/pe/001/15-09-16/1442373223873.jpg
ERR: 无法加载模块:Public

[ 2015-09-24T14:27:45+08:00 ] ::1 /public/plugs/pe/001/15-09-16/1442373223873.jpg
ERR: 无法加载模块:Public

[ 2015-09-24T14:27:48+08:00 ] ::1 /public/plugs/pe/001/15-09-16/1442373223873.jpg
ERR: 无法加载模块:Public

[ 2015-09-24T14:27:48+08:00 ] ::1 /public/plugs/pe/001/15-09-16/1442373223873.jpg
ERR: 无法加载模块:Public

[ 2015-09-24T14:29:19+08:00 ] ::1 /public/plugs/pe/001/15-09-09/1441794466897.jpg
ERR: 无法加载模块:Public

[ 2015-09-24T14:29:19+08:00 ] ::1 /public/plugs/pe/001/15-09-09/1441794466897.jpg
ERR: 无法加载模块:Public

[ 2015-09-24T14:29:20+08:00 ] ::1 /public/plugs/pe/001/15-09-09/1441794712612.jpg
ERR: 无法加载模块:Public

[ 2015-09-24T14:34:52+08:00 ] ::1 /public/plugs/pe/001/15-09-09/1441794466897.jpg
ERR: 无法加载模块:Public

[ 2015-09-24T14:34:53+08:00 ] ::1 /public/plugs/pe/001/15-09-09/1441794466897.jpg
ERR: 无法加载模块:Public

[ 2015-09-24T14:34:53+08:00 ] ::1 /public/plugs/pe/001/15-09-09/1441794712612.jpg
ERR: 无法加载模块:Public

[ 2015-09-24T14:34:56+08:00 ] ::1 /public/plugs/pe/001/15-09-09/1441794466897.jpg
ERR: 无法加载模块:Public

[ 2015-09-24T14:34:56+08:00 ] ::1 /public/plugs/pe/001/15-09-09/1441794466897.jpg
ERR: 无法加载模块:Public

[ 2015-09-24T14:34:57+08:00 ] ::1 /public/plugs/pe/001/15-09-09/1441794712612.jpg
ERR: 无法加载模块:Public

[ 2015-09-24T14:35:00+08:00 ] ::1 /Public/admin/assets/images/demo_bg.png
ERR: 无法加载模块:Public

[ 2015-09-24T14:46:05+08:00 ] ::1 /public/plugs/pe/001/15-09-16/1442373223873.jpg
ERR: 无法加载模块:Public

[ 2015-09-24T14:46:05+08:00 ] ::1 /public/plugs/pe/001/15-09-16/1442373223873.jpg
ERR: 无法加载模块:Public

[ 2015-09-24T14:49:58+08:00 ] ::1 /public/plugs/pe/001/15-09-16/1442373223873.jpg
ERR: 无法加载模块:Public

[ 2015-09-24T14:49:58+08:00 ] ::1 /public/plugs/pe/001/15-09-16/1442373223873.jpg
ERR: 无法加载模块:Public

[ 2015-09-24T14:50:55+08:00 ] ::1 /public/plugs/pe/001/15-09-16/1442373223873.jpg
ERR: 无法加载模块:Public

[ 2015-09-24T14:50:55+08:00 ] ::1 /public/plugs/pe/001/15-09-16/1442373223873.jpg
ERR: 无法加载模块:Public

[ 2015-09-24T14:55:31+08:00 ] ::1 /public/plugs/pe/001/15-09-16/1442373223873.jpg
ERR: 无法加载模块:Public

[ 2015-09-24T14:55:31+08:00 ] ::1 /public/plugs/pe/001/15-09-16/1442373223873.jpg
ERR: 无法加载模块:Public

[ 2015-09-24T14:58:34+08:00 ] ::1 /public/plugs/pe/001/15-09-16/1442373223873.jpg
ERR: 无法加载模块:Public

[ 2015-09-24T14:58:34+08:00 ] ::1 /public/plugs/pe/001/15-09-16/1442373223873.jpg
ERR: 无法加载模块:Public

[ 2015-09-24T14:59:28+08:00 ] ::1 /public/plugs/pe/001/15-09-16/1442373223873.jpg
ERR: 无法加载模块:Public

[ 2015-09-24T14:59:28+08:00 ] ::1 /public/plugs/pe/001/15-09-16/1442373223873.jpg
ERR: 无法加载模块:Public

[ 2015-09-24T15:12:13+08:00 ] ::1 /public/plugs/pe/001/15-09-16/1442373223873.jpg
ERR: 无法加载模块:Public

[ 2015-09-24T15:12:13+08:00 ] ::1 /public/plugs/pe/001/15-09-16/1442373223873.jpg
ERR: 无法加载模块:Public

[ 2015-09-24T16:15:47+08:00 ] ::1 /Uploads/brand/2015-09-01/55e5539bd522c.jpg
ERR: 无法加载模块:Uploads

[ 2015-09-24T16:15:47+08:00 ] ::1 /Uploads/brand/2015-09-01/55e51fb8aba06.jpg
ERR: 无法加载模块:Uploads

[ 2015-09-24T16:15:47+08:00 ] ::1 /Uploads/brand/2015-09-01/55e55864af007.jpg
ERR: 无法加载模块:Uploads

[ 2015-09-24T16:15:47+08:00 ] ::1 /Uploads/brand/2015-09-01/55e55888f3c79.jpg
ERR: 无法加载模块:Uploads

[ 2015-09-24T16:15:47+08:00 ] ::1 /Uploads/brand/2015-09-01/55e559ba3da0c.jpg
ERR: 无法加载模块:Uploads

[ 2015-09-24T16:15:47+08:00 ] ::1 /Uploads/brand/2015-09-01/55e55f985935d.jpg
ERR: 无法加载模块:Uploads

[ 2015-09-24T16:15:47+08:00 ] ::1 /Uploads/brand/2015-09-01/55e564ae4a349.jpg
ERR: 无法加载模块:Uploads

[ 2015-09-24T16:15:47+08:00 ] ::1 /Uploads/brand/2015-09-01/55e56514bcf76.jpg
ERR: 无法加载模块:Uploads

[ 2015-09-24T16:15:47+08:00 ] ::1 /Uploads/brand/2015-09-01/55e565aeb9a20.jpg
ERR: 无法加载模块:Uploads

[ 2015-09-24T16:15:47+08:00 ] ::1 /Uploads/brand/2015-09-01/55e56608ccfce.jpg
ERR: 无法加载模块:Uploads

[ 2015-09-24T16:15:47+08:00 ] ::1 /Uploads/brand/2015-09-04/55e95d4ba2b1b.jpg
ERR: 无法加载模块:Uploads

[ 2015-09-24T16:15:47+08:00 ] ::1 /Uploads/brand/2015-08-29/55e154a01fd06.jpg
ERR: 无法加载模块:Uploads

[ 2015-09-24T16:15:47+08:00 ] ::1 /Uploads/brand/2015-08-30/55e25a5954c9a.jpg
ERR: 无法加载模块:Uploads

[ 2015-09-24T16:15:47+08:00 ] ::1 /Uploads/brand/2015-09-01/55e5658f6d3dc.jpg
ERR: 无法加载模块:Uploads

[ 2015-09-24T16:15:47+08:00 ] ::1 /Uploads/brand/2015-09-01/55e5245525fc7.jpg
ERR: 无法加载模块:Uploads

[ 2015-09-24T16:15:47+08:00 ] ::1 /Uploads/brand/2015-09-01/55e5539bd522c.jpg
ERR: 无法加载模块:Uploads

[ 2015-09-24T16:15:47+08:00 ] ::1 /Uploads/brand/2015-09-01/55e51fb8aba06.jpg
ERR: 无法加载模块:Uploads

[ 2015-09-24T16:15:48+08:00 ] ::1 /Uploads/brand/2015-09-01/55e55413a3eb4.jpg
ERR: 无法加载模块:Uploads

[ 2015-09-24T16:15:48+08:00 ] ::1 /Uploads/brand/2015-09-01/55e51b4c8d62c.jpg
ERR: 无法加载模块:Uploads

[ 2015-09-24T16:15:48+08:00 ] ::1 /Uploads/brand/2015-09-01/55e50b999015d.jpg
ERR: 无法加载模块:Uploads

[ 2015-09-24T16:15:48+08:00 ] ::1 /Uploads/brand/2015-09-01/55e50ab71cefc.jpg
ERR: 无法加载模块:Uploads

[ 2015-09-24T16:15:48+08:00 ] ::1 /favicon.ico
ERR: 无法加载模块:Favicon

[ 2015-09-24T16:15:48+08:00 ] ::1 /favicon.ico
ERR: 无法加载模块:Favicon

[ 2015-09-24T16:15:50+08:00 ] ::1 /Public/admin/assets/css/wail.css
ERR: 无法加载模块:Public

