[ 2015-09-19T09:17:19+08:00 ] ::1 /Uploads/ads/2015-09-01/55e58973ed231.jpg
ERR: 无法加载模块:Uploads

[ 2015-09-19T09:17:19+08:00 ] ::1 /Uploads/ads/2015-09-01/55e58751068bc.jpg
ERR: 无法加载模块:Uploads

[ 2015-09-19T09:17:19+08:00 ] ::1 /Uploads/ads/2015-08-30/55e2ab5fb41fd.jpg
ERR: 无法加载模块:Uploads

[ 2015-09-19T09:17:19+08:00 ] ::1 /Uploads/brand/2015-09-01/55e51fb8aba06.jpg
ERR: 无法加载模块:Uploads

[ 2015-09-19T09:17:19+08:00 ] ::1 /Uploads/brand/2015-09-01/55e55864af007.jpg
ERR: 无法加载模块:Uploads

[ 2015-09-19T09:17:19+08:00 ] ::1 /Uploads/brand/2015-09-01/55e55413a3eb4.jpg
ERR: 无法加载模块:Uploads

[ 2015-09-19T09:17:19+08:00 ] ::1 /Uploads/brand/2015-09-01/55e55888f3c79.jpg
ERR: 无法加载模块:Uploads

[ 2015-09-19T09:17:19+08:00 ] ::1 /Uploads/brand/2015-09-01/55e559ba3da0c.jpg
ERR: 无法加载模块:Uploads

[ 2015-09-19T09:17:19+08:00 ] ::1 /Uploads/brand/2015-09-01/55e55f985935d.jpg
ERR: 无法加载模块:Uploads

[ 2015-09-19T09:17:19+08:00 ] ::1 /Uploads/brand/2015-09-01/55e564ae4a349.jpg
ERR: 无法加载模块:Uploads

[ 2015-09-19T09:17:19+08:00 ] ::1 /Uploads/brand/2015-09-01/55e56514bcf76.jpg
ERR: 无法加载模块:Uploads

[ 2015-09-19T09:17:19+08:00 ] ::1 /Uploads/brand/2015-09-01/55e50ab71cefc.jpg
ERR: 无法加载模块:Uploads

[ 2015-09-19T09:17:19+08:00 ] ::1 /Uploads/brand/2015-09-01/55e50b999015d.jpg
ERR: 无法加载模块:Uploads

[ 2015-09-19T09:17:19+08:00 ] ::1 /Uploads/brand/2015-09-04/55e95d4ba2b1b.jpg
ERR: 无法加载模块:Uploads

[ 2015-09-19T09:17:19+08:00 ] ::1 /Uploads/brand/2015-08-29/55e154a01fd06.jpg
ERR: 无法加载模块:Uploads

[ 2015-09-19T09:17:19+08:00 ] ::1 /Uploads/brand/2015-08-30/55e25a5954c9a.jpg
ERR: 无法加载模块:Uploads

[ 2015-09-19T09:17:19+08:00 ] ::1 /Uploads/brand/2015-09-01/55e5658f6d3dc.jpg
ERR: 无法加载模块:Uploads

[ 2015-09-19T09:17:19+08:00 ] ::1 /Uploads/brand/2015-09-01/55e5245525fc7.jpg
ERR: 无法加载模块:Uploads

[ 2015-09-19T09:17:19+08:00 ] ::1 /Uploads/ads/2015-09-01/55e58123bc866.jpg
ERR: 无法加载模块:Uploads

[ 2015-09-19T09:17:19+08:00 ] ::1 /Uploads/ads/2015-09-01/55e58369be57f.jpg
ERR: 无法加载模块:Uploads

[ 2015-09-19T09:17:19+08:00 ] ::1 /Uploads/ads/2015-09-01/55e58751068bc.jpg
ERR: 无法加载模块:Uploads

[ 2015-09-19T09:17:19+08:00 ] ::1 /Uploads/ads/2015-09-01/55e58973ed231.jpg
ERR: 无法加载模块:Uploads

[ 2015-09-19T09:17:19+08:00 ] ::1 /Uploads/brand/2015-09-01/55e51fb8aba06.jpg
ERR: 无法加载模块:Uploads

[ 2015-09-19T09:17:19+08:00 ] ::1 /Uploads/brand/2015-09-01/55e55864af007.jpg
ERR: 无法加载模块:Uploads

[ 2015-09-19T09:17:20+08:00 ] ::1 /Uploads/brand/2015-09-01/55e5539bd522c.jpg
ERR: 无法加载模块:Uploads

[ 2015-09-19T09:17:20+08:00 ] ::1 /Uploads/ads/2015-08-30/55e2ab5fb41fd.jpg
ERR: 无法加载模块:Uploads

[ 2015-09-19T09:17:20+08:00 ] ::1 /Uploads/brand/2015-09-01/55e565aeb9a20.jpg
ERR: 无法加载模块:Uploads

[ 2015-09-19T09:17:20+08:00 ] ::1 /Uploads/brand/2015-09-01/55e56608ccfce.jpg
ERR: 无法加载模块:Uploads

[ 2015-09-19T09:17:20+08:00 ] ::1 /Uploads/brand/2015-09-01/55e51b4c8d62c.jpg
ERR: 无法加载模块:Uploads

[ 2015-09-19T09:17:24+08:00 ] ::1 /Public/admin/assets/css/wail.css
ERR: 无法加载模块:Public

[ 2015-09-19T09:17:59+08:00 ] ::1 /ueditor/php/upload/image/20150917/1442471286216449.jpg
ERR: 无法加载模块:Ueditor

[ 2015-09-19T09:18:00+08:00 ] ::1 /ueditor/php/upload/image/20150917/1442470947110819.jpg
ERR: 无法加载模块:Ueditor

[ 2015-09-19T12:22:12+08:00 ] ::1 /ueditor/php/upload/image/20150917/1442471286216449.jpg
ERR: 无法加载模块:Ueditor

[ 2015-09-19T12:22:13+08:00 ] ::1 /ueditor/php/upload/image/20150917/1442470947110819.jpg
ERR: 无法加载模块:Ueditor

[ 2015-09-19T14:51:36+08:00 ] ::1 /Uploads/ads/2015-09-01/55e58973ed231.jpg
ERR: 无法加载模块:Uploads

[ 2015-09-19T14:51:36+08:00 ] ::1 /Uploads/ads/2015-08-30/55e2ab5fb41fd.jpg
ERR: 无法加载模块:Uploads

[ 2015-09-19T14:51:36+08:00 ] ::1 /Uploads/brand/2015-09-01/55e5539bd522c.jpg
ERR: 无法加载模块:Uploads

[ 2015-09-19T14:51:36+08:00 ] ::1 /Uploads/brand/2015-09-01/55e51b4c8d62c.jpg
ERR: 无法加载模块:Uploads

[ 2015-09-19T14:51:36+08:00 ] ::1 /Uploads/brand/2015-09-01/55e51fb8aba06.jpg
ERR: 无法加载模块:Uploads

[ 2015-09-19T14:51:36+08:00 ] ::1 /Uploads/brand/2015-09-01/55e55864af007.jpg
ERR: 无法加载模块:Uploads

[ 2015-09-19T14:51:36+08:00 ] ::1 /Uploads/brand/2015-09-01/55e55888f3c79.jpg
ERR: 无法加载模块:Uploads

[ 2015-09-19T14:51:36+08:00 ] ::1 /Uploads/brand/2015-09-01/55e559ba3da0c.jpg
ERR: 无法加载模块:Uploads

[ 2015-09-19T14:51:36+08:00 ] ::1 /Uploads/ads/2015-09-01/55e58973ed231.jpg
ERR: 无法加载模块:Uploads

[ 2015-09-19T14:51:36+08:00 ] ::1 /Uploads/brand/2015-09-01/55e55f985935d.jpg
ERR: 无法加载模块:Uploads

[ 2015-09-19T14:51:36+08:00 ] ::1 /Uploads/ads/2015-08-30/55e2ab5fb41fd.jpg
ERR: 无法加载模块:Uploads

[ 2015-09-19T14:51:36+08:00 ] ::1 /Uploads/brand/2015-09-01/55e564ae4a349.jpg
ERR: 无法加载模块:Uploads

[ 2015-09-19T14:51:36+08:00 ] ::1 /Uploads/brand/2015-09-01/55e56514bcf76.jpg
ERR: 无法加载模块:Uploads

[ 2015-09-19T14:51:36+08:00 ] ::1 /Uploads/brand/2015-09-01/55e565aeb9a20.jpg
ERR: 无法加载模块:Uploads

[ 2015-09-19T14:51:36+08:00 ] ::1 /Uploads/brand/2015-09-01/55e56608ccfce.jpg
ERR: 无法加载模块:Uploads

[ 2015-09-19T14:51:36+08:00 ] ::1 /Uploads/brand/2015-09-04/55e95d4ba2b1b.jpg
ERR: 无法加载模块:Uploads

[ 2015-09-19T14:51:36+08:00 ] ::1 /Uploads/brand/2015-08-29/55e154a01fd06.jpg
ERR: 无法加载模块:Uploads

[ 2015-09-19T14:51:36+08:00 ] ::1 /Uploads/brand/2015-08-30/55e25a5954c9a.jpg
ERR: 无法加载模块:Uploads

[ 2015-09-19T14:51:36+08:00 ] ::1 /Uploads/brand/2015-09-01/55e5658f6d3dc.jpg
ERR: 无法加载模块:Uploads

[ 2015-09-19T14:51:36+08:00 ] ::1 /Uploads/brand/2015-09-01/55e5245525fc7.jpg
ERR: 无法加载模块:Uploads

[ 2015-09-19T14:51:36+08:00 ] ::1 /Uploads/ads/2015-09-01/55e58123bc866.jpg
ERR: 无法加载模块:Uploads

[ 2015-09-19T14:51:36+08:00 ] ::1 /Uploads/ads/2015-09-01/55e58369be57f.jpg
ERR: 无法加载模块:Uploads

[ 2015-09-19T14:51:36+08:00 ] ::1 /Uploads/brand/2015-09-01/55e5539bd522c.jpg
ERR: 无法加载模块:Uploads

[ 2015-09-19T14:51:36+08:00 ] ::1 /Uploads/brand/2015-09-01/55e51b4c8d62c.jpg
ERR: 无法加载模块:Uploads

[ 2015-09-19T14:51:36+08:00 ] ::1 /Uploads/brand/2015-09-01/55e51fb8aba06.jpg
ERR: 无法加载模块:Uploads

[ 2015-09-19T14:51:36+08:00 ] ::1 /Uploads/brand/2015-09-01/55e55864af007.jpg
ERR: 无法加载模块:Uploads

[ 2015-09-19T14:51:36+08:00 ] ::1 /Uploads/brand/2015-09-01/55e55888f3c79.jpg
ERR: 无法加载模块:Uploads

[ 2015-09-19T14:51:36+08:00 ] ::1 /Uploads/brand/2015-09-01/55e559ba3da0c.jpg
ERR: 无法加载模块:Uploads

[ 2015-09-19T14:51:37+08:00 ] ::1 /Uploads/brand/2015-09-01/55e55f985935d.jpg
ERR: 无法加载模块:Uploads

[ 2015-09-19T14:51:37+08:00 ] ::1 /Uploads/brand/2015-09-01/55e5245525fc7.jpg
ERR: 无法加载模块:Uploads

[ 2015-09-19T14:51:37+08:00 ] ::1 /Uploads/brand/2015-09-01/55e5658f6d3dc.jpg
ERR: 无法加载模块:Uploads

[ 2015-09-19T14:51:37+08:00 ] ::1 /Uploads/brand/2015-09-01/55e56514bcf76.jpg
ERR: 无法加载模块:Uploads

[ 2015-09-19T14:51:37+08:00 ] ::1 /Uploads/brand/2015-09-01/55e5539bd522c.jpg
ERR: 无法加载模块:Uploads

[ 2015-09-19T14:51:37+08:00 ] ::1 /Uploads/brand/2015-09-01/55e55864af007.jpg
ERR: 无法加载模块:Uploads

[ 2015-09-19T14:51:37+08:00 ] ::1 /Uploads/brand/2015-09-04/55e95d4ba2b1b.jpg
ERR: 无法加载模块:Uploads

[ 2015-09-19T14:51:37+08:00 ] ::1 /Uploads/brand/2015-08-29/55e154a01fd06.jpg
ERR: 无法加载模块:Uploads

[ 2015-09-19T14:51:37+08:00 ] ::1 /Uploads/brand/2015-09-01/55e564ae4a349.jpg
ERR: 无法加载模块:Uploads

[ 2015-09-19T14:51:37+08:00 ] ::1 /Uploads/brand/2015-08-30/55e25a5954c9a.jpg
ERR: 无法加载模块:Uploads

[ 2015-09-19T14:51:37+08:00 ] ::1 /Uploads/brand/2015-09-01/55e56608ccfce.jpg
ERR: 无法加载模块:Uploads

[ 2015-09-19T14:51:37+08:00 ] ::1 /Uploads/brand/2015-09-01/55e565aeb9a20.jpg
ERR: 无法加载模块:Uploads

[ 2015-09-19T14:51:37+08:00 ] ::1 /Uploads/brand/2015-09-01/55e559ba3da0c.jpg
ERR: 无法加载模块:Uploads

[ 2015-09-19T14:51:37+08:00 ] ::1 /Uploads/brand/2015-09-01/55e51b4c8d62c.jpg
ERR: 无法加载模块:Uploads

[ 2015-09-19T14:51:37+08:00 ] ::1 /Uploads/brand/2015-09-01/55e55888f3c79.jpg
ERR: 无法加载模块:Uploads

[ 2015-09-19T14:51:37+08:00 ] ::1 /Uploads/ads/2015-09-01/55e58751068bc.jpg
ERR: 无法加载模块:Uploads

[ 2015-09-19T14:51:37+08:00 ] ::1 /Uploads/brand/2015-09-01/55e55413a3eb4.jpg
ERR: 无法加载模块:Uploads

[ 2015-09-19T14:51:37+08:00 ] ::1 /Uploads/brand/2015-09-01/55e50ab71cefc.jpg
ERR: 无法加载模块:Uploads

[ 2015-09-19T14:51:37+08:00 ] ::1 /Uploads/brand/2015-09-01/55e50b999015d.jpg
ERR: 无法加载模块:Uploads

[ 2015-09-19T14:51:48+08:00 ] ::1 /ueditor/php/upload/image/20150917/1442471286216449.jpg
ERR: 无法加载模块:Ueditor

[ 2015-09-19T14:51:48+08:00 ] ::1 /ueditor/php/upload/image/20150917/1442470947110819.jpg
ERR: 无法加载模块:Ueditor

[ 2015-09-19T14:58:17+08:00 ] ::1 /examples/ajax/data/arrays.txt?_=1442645897644
ERR: 无法加载模块:Examples

[ 2015-09-19T18:12:29+08:00 ] ::1 /ueditor/php/upload/image/20150917/1442470947110819.jpg
ERR: 无法加载模块:Ueditor

[ 2015-09-19T18:12:44+08:00 ] ::1 /ueditor/php/upload/image/20150917/1442471286216449.jpg
ERR: 无法加载模块:Ueditor

[ 2015-09-19T18:12:45+08:00 ] ::1 /ueditor/php/upload/image/20150917/1442470947110819.jpg
ERR: 无法加载模块:Ueditor

[ 2015-09-19T18:19:03+08:00 ] ::1 /ueditor/php/upload/image/20150917/1442471286216449.jpg
ERR: 无法加载模块:Ueditor

[ 2015-09-19T18:19:03+08:00 ] ::1 /ueditor/php/upload/image/20150917/1442470947110819.jpg
ERR: 无法加载模块:Ueditor

[ 2015-09-19T18:19:05+08:00 ] ::1 /public/plugs/pe/001/15-09-16/1442373223873.jpg
ERR: 无法加载模块:Public

[ 2015-09-19T18:19:05+08:00 ] ::1 /public/plugs/pe/001/15-09-16/1442373223873.jpg
ERR: 无法加载模块:Public

[ 2015-09-19T18:19:06+08:00 ] ::1 /public/plugs/pe/001/15-09-16/1442373223873.jpg
ERR: 无法加载模块:Public

[ 2015-09-19T18:19:06+08:00 ] ::1 /public/plugs/pe/001/15-09-16/1442373223873.jpg
ERR: 无法加载模块:Public

[ 2015-09-19T18:19:08+08:00 ] ::1 /public/plugs/pe/001/15-09-16/1442373223873.jpg
ERR: 无法加载模块:Public

[ 2015-09-19T18:19:08+08:00 ] ::1 /public/plugs/pe/001/15-09-16/1442373223873.jpg
ERR: 无法加载模块:Public

[ 2015-09-19T18:19:09+08:00 ] ::1 /public/plugs/pe/001/15-09-16/1442373223873.jpg
ERR: 无法加载模块:Public

[ 2015-09-19T18:19:09+08:00 ] ::1 /public/plugs/pe/001/15-09-16/1442373223873.jpg
ERR: 无法加载模块:Public

[ 2015-09-19T18:19:11+08:00 ] ::1 /public/plugs/pe/001/15-09-16/1442373223873.jpg
ERR: 无法加载模块:Public

[ 2015-09-19T18:19:11+08:00 ] ::1 /public/plugs/pe/001/15-09-16/1442373223873.jpg
ERR: 无法加载模块:Public

[ 2015-09-19T18:19:12+08:00 ] ::1 /public/plugs/pe/001/15-09-16/1442373223873.jpg
ERR: 无法加载模块:Public

[ 2015-09-19T18:19:12+08:00 ] ::1 /public/plugs/pe/001/15-09-16/1442373223873.jpg
ERR: 无法加载模块:Public

[ 2015-09-19T18:19:16+08:00 ] ::1 /public/plugs/pe/001/15-09-16/1442373223873.jpg
ERR: 无法加载模块:Public

[ 2015-09-19T18:19:16+08:00 ] ::1 /public/plugs/pe/001/15-09-16/1442373223873.jpg
ERR: 无法加载模块:Public

[ 2015-09-19T18:19:26+08:00 ] ::1 /ueditor/php/upload/image/20150917/1442471286216449.jpg
ERR: 无法加载模块:Ueditor

[ 2015-09-19T18:19:27+08:00 ] ::1 /ueditor/php/upload/image/20150917/1442470947110819.jpg
ERR: 无法加载模块:Ueditor

[ 2015-09-19T18:20:12+08:00 ] ::1 /ueditor/php/upload/image/20150917/1442471286216449.jpg
ERR: 无法加载模块:Ueditor

[ 2015-09-19T18:20:13+08:00 ] ::1 /ueditor/php/upload/image/20150917/1442470947110819.jpg
ERR: 无法加载模块:Ueditor

[ 2015-09-19T18:20:15+08:00 ] ::1 /ueditor/php/upload/image/20150917/1442471286216449.jpg
ERR: 无法加载模块:Ueditor

[ 2015-09-19T18:20:15+08:00 ] ::1 /ueditor/php/upload/image/20150917/1442470947110819.jpg
ERR: 无法加载模块:Ueditor

[ 2015-09-19T18:20:36+08:00 ] ::1 /public/plugs/pe/001/15-09-16/1442373223873.jpg
ERR: 无法加载模块:Public

[ 2015-09-19T18:20:36+08:00 ] ::1 /public/plugs/pe/001/15-09-16/1442373223873.jpg
ERR: 无法加载模块:Public

[ 2015-09-19T18:20:46+08:00 ] ::1 /public/plugs/pe/001/15-09-16/1442373223873.jpg
ERR: 无法加载模块:Public

[ 2015-09-19T18:20:46+08:00 ] ::1 /public/plugs/pe/001/15-09-16/1442373223873.jpg
ERR: 无法加载模块:Public

