[ 2015-09-14T10:38:30+08:00 ] ::1 /favicon.ico
ERR: 无法加载模块:Favicon

[ 2015-09-14T11:26:08+08:00 ] ::1 /Public/admin/assets/css/wail.css
ERR: 无法加载模块:Public

[ 2015-09-14T11:33:31+08:00 ] ::1 /Public/admin/assets/images/demo_bg.png
ERR: 无法加载模块:Public

[ 2015-09-14T11:38:15+08:00 ] ::1 /favicon.ico
ERR: 无法加载模块:Favicon

[ 2015-09-14T11:38:24+08:00 ] ::1 /Public/admin/assets/css/wail.css
ERR: 无法加载模块:Public

[ 2015-09-14T12:32:26+08:00 ] ::1 /favicon.ico
ERR: 无法加载模块:Favicon

[ 2015-09-14T12:32:26+08:00 ] ::1 /favicon.ico
ERR: 无法加载模块:Favicon

[ 2015-09-14T12:32:30+08:00 ] ::1 /Public/admin/assets/css/wail.css
ERR: 无法加载模块:Public

[ 2015-09-14T15:11:58+08:00 ] ::1 /favicon.ico
ERR: 无法加载模块:Favicon

[ 2015-09-14T15:12:01+08:00 ] ::1 /Public/admin/assets/css/wail.css
ERR: 无法加载模块:Public

[ 2015-09-14T17:28:51+08:00 ] ::1 /Public/admin/assets/css/wail.css
ERR: 无法加载模块:Public

[ 2015-09-14T17:29:04+08:00 ] ::1 /Public/admin/assets/css/wail.css
ERR: 无法加载模块:Public

