[ 2015-09-17T08:49:28+08:00 ] ::1 /favicon.ico
ERR: 无法加载模块:Favicon

[ 2015-09-17T08:49:35+08:00 ] ::1 /Public/admin/assets/css/wail.css
ERR: 无法加载模块:Public

[ 2015-09-17T09:24:41+08:00 ] ::1 /favicon.ico
ERR: 无法加载模块:Favicon

[ 2015-09-17T09:24:43+08:00 ] ::1 /Public/admin/assets/css/wail.css
ERR: 无法加载模块:Public

[ 2015-09-17T09:25:04+08:00 ] ::1 /public/plugs/pe/001/15-09-16/1442373223873.jpg
ERR: 无法加载模块:Public

[ 2015-09-17T09:25:05+08:00 ] ::1 /public/plugs/pe/001/15-09-16/1442373223873.jpg
ERR: 无法加载模块:Public

[ 2015-09-17T09:58:24+08:00 ] ::1 /public/plugs/pe/001/15-09-16/1442373223873.jpg
ERR: 无法加载模块:Public

[ 2015-09-17T09:58:24+08:00 ] ::1 /public/plugs/pe/001/15-09-16/1442373223873.jpg
ERR: 无法加载模块:Public

[ 2015-09-17T10:01:30+08:00 ] ::1 /public/plugs/pe/001/15-09-16/1442373223873.jpg
ERR: 无法加载模块:Public

[ 2015-09-17T10:01:31+08:00 ] ::1 /public/plugs/pe/001/15-09-16/1442373223873.jpg
ERR: 无法加载模块:Public

[ 2015-09-17T10:02:05+08:00 ] ::1 /public/plugs/pe/001/15-09-16/1442373223873.jpg
ERR: 无法加载模块:Public

[ 2015-09-17T10:02:05+08:00 ] ::1 /public/plugs/pe/001/15-09-16/1442373223873.jpg
ERR: 无法加载模块:Public

[ 2015-09-17T10:05:48+08:00 ] ::1 /public/plugs/pe/001/15-09-16/1442373223873.jpg
ERR: 无法加载模块:Public

[ 2015-09-17T10:05:49+08:00 ] ::1 /public/plugs/pe/001/15-09-16/1442373223873.jpg
ERR: 无法加载模块:Public

[ 2015-09-17T11:01:53+08:00 ] ::1 /public/plugs/pe/001/15-09-16/1442373223873.jpg
ERR: 无法加载模块:Public

[ 2015-09-17T11:01:53+08:00 ] ::1 /public/plugs/pe/001/15-09-16/1442373223873.jpg
ERR: 无法加载模块:Public

[ 2015-09-17T11:03:38+08:00 ] ::1 /public/plugs/pe/001/15-09-16/1442373223873.jpg
ERR: 无法加载模块:Public

[ 2015-09-17T11:03:39+08:00 ] ::1 /public/plugs/pe/001/15-09-16/1442373223873.jpg
ERR: 无法加载模块:Public

[ 2015-09-17T11:05:34+08:00 ] ::1 /public/plugs/pe/001/15-09-16/1442373223873.jpg
ERR: 无法加载模块:Public

[ 2015-09-17T11:05:35+08:00 ] ::1 /public/plugs/pe/001/15-09-16/1442373223873.jpg
ERR: 无法加载模块:Public

[ 2015-09-17T11:05:55+08:00 ] ::1 /public/plugs/pe/001/15-09-16/1442373223873.jpg
ERR: 无法加载模块:Public

[ 2015-09-17T11:05:57+08:00 ] ::1 /public/plugs/pe/001/15-09-16/1442373223873.jpg
ERR: 无法加载模块:Public

[ 2015-09-17T11:06:47+08:00 ] ::1 /public/plugs/pe/001/15-09-16/1442373223873.jpg
ERR: 无法加载模块:Public

[ 2015-09-17T11:06:47+08:00 ] ::1 /public/plugs/pe/001/15-09-16/1442373223873.jpg
ERR: 无法加载模块:Public

[ 2015-09-17T11:08:20+08:00 ] ::1 /public/plugs/pe/001/15-09-16/1442373223873.jpg
ERR: 无法加载模块:Public

[ 2015-09-17T11:08:20+08:00 ] ::1 /public/plugs/pe/001/15-09-16/1442373223873.jpg
ERR: 无法加载模块:Public

[ 2015-09-17T11:08:28+08:00 ] ::1 /public/plugs/pe/001/15-09-16/1442373223873.jpg
ERR: 无法加载模块:Public

[ 2015-09-17T11:08:28+08:00 ] ::1 /public/plugs/pe/001/15-09-16/1442373223873.jpg
ERR: 无法加载模块:Public

[ 2015-09-17T11:08:59+08:00 ] ::1 /public/plugs/pe/001/15-09-16/1442373223873.jpg
ERR: 无法加载模块:Public

[ 2015-09-17T11:09:00+08:00 ] ::1 /public/plugs/pe/001/15-09-16/1442373223873.jpg
ERR: 无法加载模块:Public

[ 2015-09-17T11:09:59+08:00 ] ::1 /public/plugs/pe/001/15-09-16/1442373223873.jpg
ERR: 无法加载模块:Public

[ 2015-09-17T11:10:00+08:00 ] ::1 /public/plugs/pe/001/15-09-16/1442373223873.jpg
ERR: 无法加载模块:Public

[ 2015-09-17T11:13:54+08:00 ] ::1 /public/plugs/pe/001/15-09-16/1442373223873.jpg
ERR: 无法加载模块:Public

[ 2015-09-17T11:13:55+08:00 ] ::1 /public/plugs/pe/001/15-09-16/1442373223873.jpg
ERR: 无法加载模块:Public

[ 2015-09-17T11:14:41+08:00 ] ::1 /public/plugs/pe/001/15-09-16/1442373223873.jpg
ERR: 无法加载模块:Public

[ 2015-09-17T11:14:42+08:00 ] ::1 /public/plugs/pe/001/15-09-16/1442373223873.jpg
ERR: 无法加载模块:Public

[ 2015-09-17T11:15:03+08:00 ] ::1 /public/plugs/pe/001/15-09-16/1442373223873.jpg
ERR: 无法加载模块:Public

[ 2015-09-17T11:15:04+08:00 ] ::1 /public/plugs/pe/001/15-09-16/1442373223873.jpg
ERR: 无法加载模块:Public

[ 2015-09-17T11:16:29+08:00 ] ::1 /public/plugs/pe/001/15-09-16/1442373223873.jpg
ERR: 无法加载模块:Public

[ 2015-09-17T11:16:30+08:00 ] ::1 /public/plugs/pe/001/15-09-16/1442373223873.jpg
ERR: 无法加载模块:Public

[ 2015-09-17T11:17:55+08:00 ] ::1 /public/plugs/pe/001/15-09-16/1442373223873.jpg
ERR: 无法加载模块:Public

[ 2015-09-17T11:17:56+08:00 ] ::1 /public/plugs/pe/001/15-09-16/1442373223873.jpg
ERR: 无法加载模块:Public

[ 2015-09-17T11:18:36+08:00 ] ::1 /public/plugs/pe/001/15-09-16/1442373223873.jpg
ERR: 无法加载模块:Public

[ 2015-09-17T11:18:37+08:00 ] ::1 /public/plugs/pe/001/15-09-16/1442373223873.jpg
ERR: 无法加载模块:Public

[ 2015-09-17T11:19:45+08:00 ] ::1 /public/plugs/pe/001/15-09-16/1442373223873.jpg
ERR: 无法加载模块:Public

[ 2015-09-17T11:19:46+08:00 ] ::1 /public/plugs/pe/001/15-09-16/1442373223873.jpg
ERR: 无法加载模块:Public

[ 2015-09-17T11:20:47+08:00 ] ::1 /public/plugs/pe/001/15-09-16/1442373223873.jpg
ERR: 无法加载模块:Public

[ 2015-09-17T11:20:48+08:00 ] ::1 /public/plugs/pe/001/15-09-16/1442373223873.jpg
ERR: 无法加载模块:Public

[ 2015-09-17T11:21:57+08:00 ] ::1 /public/plugs/pe/001/15-09-16/1442373223873.jpg
ERR: 无法加载模块:Public

[ 2015-09-17T11:21:57+08:00 ] ::1 /public/plugs/pe/001/15-09-16/1442373223873.jpg
ERR: 无法加载模块:Public

[ 2015-09-17T11:22:31+08:00 ] ::1 /public/plugs/pe/001/15-09-16/1442373223873.jpg
ERR: 无法加载模块:Public

[ 2015-09-17T11:22:32+08:00 ] ::1 /public/plugs/pe/001/15-09-16/1442373223873.jpg
ERR: 无法加载模块:Public

[ 2015-09-17T11:25:23+08:00 ] ::1 /public/plugs/pe/001/15-09-16/1442373223873.jpg
ERR: 无法加载模块:Public

[ 2015-09-17T11:25:24+08:00 ] ::1 /public/plugs/pe/001/15-09-16/1442373223873.jpg
ERR: 无法加载模块:Public

[ 2015-09-17T11:26:27+08:00 ] ::1 /public/plugs/pe/001/15-09-16/1442373223873.jpg
ERR: 无法加载模块:Public

[ 2015-09-17T11:26:29+08:00 ] ::1 /public/plugs/pe/001/15-09-16/1442373223873.jpg
ERR: 无法加载模块:Public

[ 2015-09-17T11:27:27+08:00 ] ::1 /Public/admin/assets/css/wail.css
ERR: 无法加载模块:Public

[ 2015-09-17T11:27:28+08:00 ] ::1 /favicon.ico
ERR: 无法加载模块:Favicon

[ 2015-09-17T11:27:28+08:00 ] ::1 /favicon.ico
ERR: 无法加载模块:Favicon

[ 2015-09-17T11:27:48+08:00 ] ::1 /public/plugs/pe/001/15-09-16/1442373223873.jpg
ERR: 无法加载模块:Public

[ 2015-09-17T11:28:26+08:00 ] ::1 /public/plugs/pe/001/15-09-16/1442373223873.jpg
ERR: 无法加载模块:Public

[ 2015-09-17T11:28:27+08:00 ] ::1 /public/plugs/pe/001/15-09-16/1442373223873.jpg
ERR: 无法加载模块:Public

[ 2015-09-17T11:28:45+08:00 ] ::1 /public/plugs/pe/001/15-09-16/1442373223873.jpg
ERR: 无法加载模块:Public

[ 2015-09-17T11:28:46+08:00 ] ::1 /public/plugs/pe/001/15-09-16/1442373223873.jpg
ERR: 无法加载模块:Public

[ 2015-09-17T11:29:09+08:00 ] ::1 /public/plugs/pe/001/15-09-16/1442373223873.jpg
ERR: 无法加载模块:Public

[ 2015-09-17T11:29:11+08:00 ] ::1 /public/plugs/pe/001/15-09-16/1442373223873.jpg
ERR: 无法加载模块:Public

[ 2015-09-17T11:35:38+08:00 ] ::1 /public/plugs/pe/001/15-09-16/1442373223873.jpg
ERR: 无法加载模块:Public

[ 2015-09-17T11:35:38+08:00 ] ::1 /public/plugs/pe/001/15-09-16/1442373223873.jpg
ERR: 无法加载模块:Public

[ 2015-09-17T11:35:45+08:00 ] ::1 /public/plugs/pe/001/15-09-16/1442373223873.jpg
ERR: 无法加载模块:Public

[ 2015-09-17T11:35:46+08:00 ] ::1 /public/plugs/pe/001/15-09-16/1442373223873.jpg
ERR: 无法加载模块:Public

[ 2015-09-17T11:36:14+08:00 ] ::1 /public/plugs/pe/001/15-09-16/1442373223873.jpg
ERR: 无法加载模块:Public

[ 2015-09-17T11:36:15+08:00 ] ::1 /public/plugs/pe/001/15-09-16/1442373223873.jpg
ERR: 无法加载模块:Public

[ 2015-09-17T11:37:10+08:00 ] ::1 /public/plugs/pe/001/15-09-16/1442373223873.jpg
ERR: 无法加载模块:Public

[ 2015-09-17T11:37:11+08:00 ] ::1 /public/plugs/pe/001/15-09-16/1442373223873.jpg
ERR: 无法加载模块:Public

[ 2015-09-17T11:38:03+08:00 ] ::1 /public/plugs/pe/001/15-09-16/1442373223873.jpg
ERR: 无法加载模块:Public

[ 2015-09-17T11:38:04+08:00 ] ::1 /public/plugs/pe/001/15-09-16/1442373223873.jpg
ERR: 无法加载模块:Public

[ 2015-09-17T11:38:40+08:00 ] ::1 /public/plugs/pe/001/15-09-16/1442373223873.jpg
ERR: 无法加载模块:Public

[ 2015-09-17T11:38:40+08:00 ] ::1 /public/plugs/pe/001/15-09-16/1442373223873.jpg
ERR: 无法加载模块:Public

[ 2015-09-17T11:39:26+08:00 ] ::1 /public/plugs/pe/001/15-09-16/1442373223873.jpg
ERR: 无法加载模块:Public

[ 2015-09-17T11:39:26+08:00 ] ::1 /public/plugs/pe/001/15-09-16/1442373223873.jpg
ERR: 无法加载模块:Public

[ 2015-09-17T11:40:23+08:00 ] ::1 /public/plugs/pe/001/15-09-16/1442373223873.jpg
ERR: 无法加载模块:Public

[ 2015-09-17T11:40:24+08:00 ] ::1 /public/plugs/pe/001/15-09-16/1442373223873.jpg
ERR: 无法加载模块:Public

[ 2015-09-17T11:41:19+08:00 ] ::1 /public/plugs/pe/001/15-09-16/1442373223873.jpg
ERR: 无法加载模块:Public

[ 2015-09-17T11:41:19+08:00 ] ::1 /public/plugs/pe/001/15-09-16/1442373223873.jpg
ERR: 无法加载模块:Public

[ 2015-09-17T11:41:55+08:00 ] ::1 /public/plugs/pe/img/uploadify-cancel.png
ERR: 无法加载模块:Public

[ 2015-09-17T11:43:32+08:00 ] ::1 /public/plugs/pe/001/15-09-16/1442373223873.jpg
ERR: 无法加载模块:Public

[ 2015-09-17T11:43:33+08:00 ] ::1 /public/plugs/pe/001/15-09-16/1442373223873.jpg
ERR: 无法加载模块:Public

[ 2015-09-17T11:57:17+08:00 ] ::1 /public/plugs/pe/001/15-09-16/1442373223873.jpg
ERR: 无法加载模块:Public

[ 2015-09-17T11:57:18+08:00 ] ::1 /public/plugs/pe/001/15-09-16/1442373223873.jpg
ERR: 无法加载模块:Public

[ 2015-09-17T11:57:41+08:00 ] ::1 /public/plugs/pe/001/15-09-16/1442373223873.jpg
ERR: 无法加载模块:Public

[ 2015-09-17T11:57:42+08:00 ] ::1 /public/plugs/pe/001/15-09-16/1442373223873.jpg
ERR: 无法加载模块:Public

[ 2015-09-17T14:17:06+08:00 ] ::1 /Uploads//public/plugs/pe/001/15-09-17/s_1442463067219.jpg
ERR: 无法加载模块:Uploads

[ 2015-09-17T14:17:06+08:00 ] ::1 /Uploads//public/plugs/pe/001/15-09-17/s_1442463067997.jpg
ERR: 无法加载模块:Uploads

[ 2015-09-17T14:17:06+08:00 ] ::1 /Uploads//public/plugs/pe/001/15-09-17/s_1442463067946.jpg
ERR: 无法加载模块:Uploads

[ 2015-09-17T14:21:59+08:00 ] ::1 /public/plugs/pe/001/15-09-16/1442373223873.jpg
ERR: 无法加载模块:Public

[ 2015-09-17T14:22:00+08:00 ] ::1 /public/plugs/pe/001/15-09-16/1442373223873.jpg
ERR: 无法加载模块:Public

[ 2015-09-17T14:23:03+08:00 ] ::1 /public/plugs/pe/img/uploadify-cancel.png
ERR: 无法加载模块:Public

[ 2015-09-17T14:26:55+08:00 ] ::1 /public/plugs/pe/001/15-09-16/1442373223873.jpg
ERR: 无法加载模块:Public

[ 2015-09-17T14:26:55+08:00 ] ::1 /public/plugs/pe/001/15-09-16/1442373223873.jpg
ERR: 无法加载模块:Public

[ 2015-09-17T14:27:26+08:00 ] ::1 /Uploads//public/plugs/pe/001/15-09-17/s_1442470983897.jpg
ERR: 无法加载模块:Uploads

[ 2015-09-17T14:27:26+08:00 ] ::1 /Uploads//public/plugs/pe/001/15-09-17/s_1442470983734.jpg
ERR: 无法加载模块:Uploads

[ 2015-09-17T14:27:26+08:00 ] ::1 /Uploads//public/plugs/pe/001/15-09-17/s_1442470983734.jpg
ERR: 无法加载模块:Uploads

[ 2015-09-17T14:27:26+08:00 ] ::1 /Uploads//public/plugs/pe/001/15-09-17/s_1442470983897.jpg
ERR: 无法加载模块:Uploads

[ 2015-09-17T14:27:27+08:00 ] ::1 /Uploads//public/plugs/pe/001/15-09-17/s_1442470983679.jpg
ERR: 无法加载模块:Uploads

[ 2015-09-17T14:27:42+08:00 ] ::1 /public/plugs/pe/001/15-09-16/1442373223873.jpg
ERR: 无法加载模块:Public

[ 2015-09-17T14:27:43+08:00 ] ::1 /public/plugs/pe/001/15-09-16/1442373223873.jpg
ERR: 无法加载模块:Public

[ 2015-09-17T14:28:29+08:00 ] ::1 /public/plugs/pe/img/uploadify-cancel.png
ERR: 无法加载模块:Public

[ 2015-09-17T14:31:22+08:00 ] ::1 /Uploads//public/plugs/pe/001/15-09-17/s_1442471309561.jpg
ERR: 无法加载模块:Uploads

[ 2015-09-17T14:31:22+08:00 ] ::1 /Uploads//public/plugs/pe/001/15-09-17/s_1442471309819.jpg
ERR: 无法加载模块:Uploads

[ 2015-09-17T14:31:23+08:00 ] ::1 /Uploads//public/plugs/pe/001/15-09-17/s_1442471309561.jpg
ERR: 无法加载模块:Uploads

[ 2015-09-17T14:31:23+08:00 ] ::1 /Uploads//public/plugs/pe/001/15-09-17/s_1442471309819.jpg
ERR: 无法加载模块:Uploads

[ 2015-09-17T14:35:59+08:00 ] ::1 /Uploads//public/plugs/pe/001/15-09-17/s_1442471309561.jpg
ERR: 无法加载模块:Uploads

[ 2015-09-17T14:36:00+08:00 ] ::1 /Uploads//public/plugs/pe/001/15-09-17/s_1442471309819.jpg
ERR: 无法加载模块:Uploads

[ 2015-09-17T14:36:05+08:00 ] ::1 /Uploads//public/plugs/pe/001/15-09-17/s_1442471309561.jpg
ERR: 无法加载模块:Uploads

[ 2015-09-17T14:39:52+08:00 ] ::1 /Uploads//public/plugs/pe/001/15-09-17/s_1442471309561.jpg
ERR: 无法加载模块:Uploads

[ 2015-09-17T14:39:52+08:00 ] ::1 /Uploads//public/plugs/pe/001/15-09-17/s_1442471309819.jpg
ERR: 无法加载模块:Uploads

[ 2015-09-17T14:39:53+08:00 ] ::1 /Uploads//public/plugs/pe/001/15-09-17/s_1442471309561.jpg
ERR: 无法加载模块:Uploads

[ 2015-09-17T14:39:54+08:00 ] ::1 /Uploads//public/plugs/pe/001/15-09-17/s_1442471309819.jpg
ERR: 无法加载模块:Uploads

[ 2015-09-17T14:41:10+08:00 ] ::1 /Uploads//public/plugs/pe/001/15-09-17/s_1442470983679.jpg
ERR: 无法加载模块:Uploads

[ 2015-09-17T14:41:10+08:00 ] ::1 /Uploads//public/plugs/pe/001/15-09-17/s_1442470983897.jpg
ERR: 无法加载模块:Uploads

[ 2015-09-17T14:41:11+08:00 ] ::1 /Uploads//public/plugs/pe/001/15-09-17/s_1442470983734.jpg
ERR: 无法加载模块:Uploads

[ 2015-09-17T14:41:54+08:00 ] ::1 /public/plugs/pe/001/15-09-16/1442373223873.jpg
ERR: 无法加载模块:Public

[ 2015-09-17T14:41:55+08:00 ] ::1 /public/plugs/pe/001/15-09-16/1442373223873.jpg
ERR: 无法加载模块:Public

[ 2015-09-17T15:27:28+08:00 ] ::1 /Uploads//public/plugs/pe/001/15-09-17/s_1442471309561.jpg
ERR: 无法加载模块:Uploads

[ 2015-09-17T15:27:28+08:00 ] ::1 /Uploads//public/plugs/pe/001/15-09-17/s_1442471309819.jpg
ERR: 无法加载模块:Uploads

[ 2015-09-17T15:27:29+08:00 ] ::1 /Uploads//public/plugs/pe/001/15-09-17/s_1442471309561.jpg
ERR: 无法加载模块:Uploads

[ 2015-09-17T15:27:29+08:00 ] ::1 /Uploads//public/plugs/pe/001/15-09-17/s_1442471309819.jpg
ERR: 无法加载模块:Uploads

[ 2015-09-17T15:31:17+08:00 ] ::1 /Uploads//public/plugs/pe/001/15-09-17/s_1442471309819.jpg
ERR: 无法加载模块:Uploads

[ 2015-09-17T15:31:18+08:00 ] ::1 /Uploads//public/plugs/pe/001/15-09-17/s_1442471309561.jpg
ERR: 无法加载模块:Uploads

[ 2015-09-17T15:31:24+08:00 ] ::1 /public/plugs/pe/001/15-09-16/1442373223873.jpg
ERR: 无法加载模块:Public

[ 2015-09-17T15:35:52+08:00 ] ::1 /public/plugs/pe/img/uploadify-cancel.png
ERR: 无法加载模块:Public

[ 2015-09-17T16:30:12+08:00 ] ::1 /Uploads//public/plugs/pe/001/15-09-17/s_1442470983897.jpg
ERR: 无法加载模块:Uploads

[ 2015-09-17T16:30:13+08:00 ] ::1 /Uploads//public/plugs/pe/001/15-09-17/s_1442470983679.jpg
ERR: 无法加载模块:Uploads

[ 2015-09-17T16:30:13+08:00 ] ::1 /Uploads//public/plugs/pe/001/15-09-17/s_1442470983734.jpg
ERR: 无法加载模块:Uploads

[ 2015-09-17T16:36:41+08:00 ] ::1 /Uploads//public/plugs/pe/001/15-09-17/s_1442471309561.jpg
ERR: 无法加载模块:Uploads

[ 2015-09-17T16:36:42+08:00 ] ::1 /Uploads//public/plugs/pe/001/15-09-17/s_1442471309561.jpg
ERR: 无法加载模块:Uploads

[ 2015-09-17T16:36:42+08:00 ] ::1 /Uploads//public/plugs/pe/001/15-09-17/s_1442471309819.jpg
ERR: 无法加载模块:Uploads

[ 2015-09-17T16:38:56+08:00 ] ::1 /Uploads//public/plugs/pe/001/15-09-17/s_1442471309561.jpg
ERR: 无法加载模块:Uploads

[ 2015-09-17T16:38:57+08:00 ] ::1 /Uploads//public/plugs/pe/001/15-09-17/s_1442471309561.jpg
ERR: 无法加载模块:Uploads

[ 2015-09-17T16:38:57+08:00 ] ::1 /Uploads//public/plugs/pe/001/15-09-17/s_1442471309819.jpg
ERR: 无法加载模块:Uploads

[ 2015-09-17T16:41:41+08:00 ] ::1 /Uploads//public/plugs/pe/001/15-09-17/s_1442470983897.jpg
ERR: 无法加载模块:Uploads

[ 2015-09-17T16:41:42+08:00 ] ::1 /Uploads//public/plugs/pe/001/15-09-17/s_1442470983734.jpg
ERR: 无法加载模块:Uploads

[ 2015-09-17T16:41:43+08:00 ] ::1 /Uploads//public/plugs/pe/001/15-09-17/s_1442470983679.jpg
ERR: 无法加载模块:Uploads

[ 2015-09-17T16:46:20+08:00 ] ::1 /Uploads//public/plugs/pe/001/15-09-17/s_1442470983897.jpg
ERR: 无法加载模块:Uploads

[ 2015-09-17T16:46:21+08:00 ] ::1 /Uploads//public/plugs/pe/001/15-09-17/s_1442470983734.jpg
ERR: 无法加载模块:Uploads

[ 2015-09-17T16:46:21+08:00 ] ::1 /Uploads//public/plugs/pe/001/15-09-17/s_1442470983679.jpg
ERR: 无法加载模块:Uploads

[ 2015-09-17T16:52:27+08:00 ] ::1 /Uploads/Array
ERR: 无法加载模块:Uploads

[ 2015-09-17T16:53:05+08:00 ] ::1 /Uploads/Array
ERR: 无法加载模块:Uploads

[ 2015-09-17T16:53:05+08:00 ] ::1 /Uploads/Array
ERR: 无法加载模块:Uploads

[ 2015-09-17T16:56:18+08:00 ] ::1 /Uploads//public/plugs/pe/001/15-09-17/1442470983897.jpg
ERR: 无法加载模块:Uploads

[ 2015-09-17T16:56:18+08:00 ] ::1 /Uploads//public/plugs/pe/001/15-09-17/1442470983679.jpg
ERR: 无法加载模块:Uploads

[ 2015-09-17T16:56:19+08:00 ] ::1 /Uploads//public/plugs/pe/001/15-09-17/1442470983734.jpg
ERR: 无法加载模块:Uploads

[ 2015-09-17T17:07:33+08:00 ] ::1 /public/plugs/pe/001/15-09-16/1442373223873.jpg
ERR: 无法加载模块:Public

[ 2015-09-17T17:07:33+08:00 ] ::1 /public/plugs/pe/001/15-09-16/1442373223873.jpg
ERR: 无法加载模块:Public

[ 2015-09-17T17:11:29+08:00 ] ::1 /public/plugs/pe/001/15-09-16/1442373223873.jpg
ERR: 无法加载模块:Public

[ 2015-09-17T17:11:29+08:00 ] ::1 /public/plugs/pe/001/15-09-16/1442373223873.jpg
ERR: 无法加载模块:Public

[ 2015-09-17T18:25:43+08:00 ] ::1 /public/plugs/pe/001/15-09-16/1442373223873.jpg
ERR: 无法加载模块:Public

[ 2015-09-17T18:25:44+08:00 ] ::1 /public/plugs/pe/001/15-09-16/1442373223873.jpg
ERR: 无法加载模块:Public

[ 2015-09-17T18:25:53+08:00 ] ::1 /ueditor/php/upload/image/20150917/1442471286216449.jpg
ERR: 无法加载模块:Ueditor

[ 2015-09-17T18:25:53+08:00 ] ::1 /ueditor/php/upload/image/20150917/1442470947110819.jpg
ERR: 无法加载模块:Ueditor

