[ 2015-09-29T09:40:08+08:00 ] ::1 /Uploads/brand/2015-09-01/55e5539bd522c.jpg
ERR: 无法加载模块:Uploads

[ 2015-09-29T09:40:08+08:00 ] ::1 /Uploads/brand/2015-09-01/55e50b999015d.jpg
ERR: 无法加载模块:Uploads

[ 2015-09-29T09:40:08+08:00 ] ::1 /Uploads/brand/2015-09-01/55e51fb8aba06.jpg
ERR: 无法加载模块:Uploads

[ 2015-09-29T09:40:08+08:00 ] ::1 /Uploads/brand/2015-09-01/55e55864af007.jpg
ERR: 无法加载模块:Uploads

[ 2015-09-29T09:40:08+08:00 ] ::1 /Uploads/brand/2015-09-01/55e559ba3da0c.jpg
ERR: 无法加载模块:Uploads

[ 2015-09-29T09:40:08+08:00 ] ::1 /Uploads/brand/2015-09-01/55e55f985935d.jpg
ERR: 无法加载模块:Uploads

[ 2015-09-29T09:40:08+08:00 ] ::1 /Uploads/brand/2015-09-01/55e564ae4a349.jpg
ERR: 无法加载模块:Uploads

[ 2015-09-29T09:40:08+08:00 ] ::1 /Uploads/brand/2015-09-01/55e56514bcf76.jpg
ERR: 无法加载模块:Uploads

[ 2015-09-29T09:40:09+08:00 ] ::1 /Uploads/brand/2015-09-01/55e565aeb9a20.jpg
ERR: 无法加载模块:Uploads

[ 2015-09-29T09:40:09+08:00 ] ::1 /Uploads/brand/2015-09-01/55e56608ccfce.jpg
ERR: 无法加载模块:Uploads

[ 2015-09-29T09:40:09+08:00 ] ::1 /Uploads/brand/2015-09-04/55e95d4ba2b1b.jpg
ERR: 无法加载模块:Uploads

[ 2015-09-29T09:40:09+08:00 ] ::1 /Uploads/brand/2015-08-29/55e154a01fd06.jpg
ERR: 无法加载模块:Uploads

[ 2015-09-29T09:40:09+08:00 ] ::1 /Uploads/brand/2015-08-30/55e25a5954c9a.jpg
ERR: 无法加载模块:Uploads

[ 2015-09-29T09:40:09+08:00 ] ::1 /Uploads/brand/2015-09-01/55e5658f6d3dc.jpg
ERR: 无法加载模块:Uploads

[ 2015-09-29T09:40:09+08:00 ] ::1 /Uploads/brand/2015-09-01/55e5245525fc7.jpg
ERR: 无法加载模块:Uploads

[ 2015-09-29T09:40:09+08:00 ] ::1 /Uploads/brand/2015-09-01/55e50b999015d.jpg
ERR: 无法加载模块:Uploads

[ 2015-09-29T09:40:09+08:00 ] ::1 /Uploads/brand/2015-09-01/55e5539bd522c.jpg
ERR: 无法加载模块:Uploads

[ 2015-09-29T09:40:09+08:00 ] ::1 /Uploads/brand/2015-09-01/55e51fb8aba06.jpg
ERR: 无法加载模块:Uploads

[ 2015-09-29T09:40:09+08:00 ] ::1 /Uploads/brand/2015-09-01/55e55864af007.jpg
ERR: 无法加载模块:Uploads

[ 2015-09-29T09:40:09+08:00 ] ::1 /Uploads/brand/2015-09-01/55e559ba3da0c.jpg
ERR: 无法加载模块:Uploads

[ 2015-09-29T09:40:09+08:00 ] ::1 /Uploads/brand/2015-09-01/55e55f985935d.jpg
ERR: 无法加载模块:Uploads

[ 2015-09-29T09:40:09+08:00 ] ::1 /Uploads/brand/2015-09-01/55e56514bcf76.jpg
ERR: 无法加载模块:Uploads

[ 2015-09-29T09:40:09+08:00 ] ::1 /Uploads/brand/2015-09-01/55e564ae4a349.jpg
ERR: 无法加载模块:Uploads

[ 2015-09-29T09:40:09+08:00 ] ::1 /Uploads/brand/2015-09-01/55e565aeb9a20.jpg
ERR: 无法加载模块:Uploads

[ 2015-09-29T09:40:09+08:00 ] ::1 /Uploads/brand/2015-09-01/55e55413a3eb4.jpg
ERR: 无法加载模块:Uploads

[ 2015-09-29T09:40:09+08:00 ] ::1 /Uploads/brand/2015-09-01/55e50ab71cefc.jpg
ERR: 无法加载模块:Uploads

[ 2015-09-29T09:40:09+08:00 ] ::1 /Uploads/brand/2015-09-01/55e55888f3c79.jpg
ERR: 无法加载模块:Uploads

[ 2015-09-29T09:40:09+08:00 ] ::1 /Uploads/brand/2015-09-01/55e51b4c8d62c.jpg
ERR: 无法加载模块:Uploads

[ 2015-09-29T09:40:09+08:00 ] ::1 /favicon.ico
ERR: 无法加载模块:Favicon

[ 2015-09-29T09:40:14+08:00 ] ::1 /Public/admin/assets/css/wail.css
ERR: 无法加载模块:Public

[ 2015-09-29T10:18:34+08:00 ] 127.0.0.1 http://szshort.weixin.qq.com/cgi-bin/micromsg-bin/heartbeat
ERR: 无法加载模块:Cgi-bin

[ 2015-09-29T10:18:34+08:00 ] 127.0.0.1 http://szextshort.weixin.qq.com/cgi-bin/micromsg-bin/getcdndns
ERR: 无法加载模块:Cgi-bin

[ 2015-09-29T10:19:09+08:00 ] 127.0.0.1 http://szshort.weixin.qq.com/cgi-bin/micromsg-bin/heartbeat
ERR: 无法加载模块:Cgi-bin

[ 2015-09-29T10:19:14+08:00 ] 127.0.0.1 http://szextshort.weixin.qq.com/cgi-bin/micromsg-bin/getcdndns
ERR: 无法加载模块:Cgi-bin

[ 2015-09-29T10:19:29+08:00 ] 127.0.0.1 http://szshort.weixin.qq.com/cgi-bin/micromsg-bin/heartbeat
ERR: 无法加载模块:Cgi-bin

[ 2015-09-29T10:22:59+08:00 ] 127.0.0.1 http://szextshort.weixin.qq.com/cgi-bin/micromsg-bin/getcdndns
ERR: 无法加载模块:Cgi-bin

[ 2015-09-29T10:22:59+08:00 ] 127.0.0.1 http://szshort.weixin.qq.com/cgi-bin/micromsg-bin/heartbeat
ERR: 无法加载模块:Cgi-bin

[ 2015-09-29T10:25:17+08:00 ] 127.0.0.1 http://szextshort.weixin.qq.com/cgi-bin/micromsg-bin/getcdndns
ERR: 无法加载模块:Cgi-bin

[ 2015-09-29T14:19:51+08:00 ] ::1 /Uploads/brand/2015-09-01/55e51fb8aba06.jpg
ERR: 无法加载模块:Uploads

[ 2015-09-29T14:19:51+08:00 ] ::1 /Uploads/brand/2015-09-01/55e55864af007.jpg
ERR: 无法加载模块:Uploads

[ 2015-09-29T14:19:51+08:00 ] ::1 /Uploads/brand/2015-09-01/55e55888f3c79.jpg
ERR: 无法加载模块:Uploads

[ 2015-09-29T14:19:51+08:00 ] ::1 /Uploads/brand/2015-09-01/55e559ba3da0c.jpg
ERR: 无法加载模块:Uploads

[ 2015-09-29T14:19:51+08:00 ] ::1 /Uploads/brand/2015-09-01/55e55f985935d.jpg
ERR: 无法加载模块:Uploads

[ 2015-09-29T14:19:51+08:00 ] ::1 /Uploads/brand/2015-09-01/55e564ae4a349.jpg
ERR: 无法加载模块:Uploads

[ 2015-09-29T14:19:51+08:00 ] ::1 /Uploads/brand/2015-09-01/55e56514bcf76.jpg
ERR: 无法加载模块:Uploads

[ 2015-09-29T14:19:51+08:00 ] ::1 /Uploads/brand/2015-09-01/55e565aeb9a20.jpg
ERR: 无法加载模块:Uploads

[ 2015-09-29T14:19:51+08:00 ] ::1 /Uploads/brand/2015-09-01/55e56608ccfce.jpg
ERR: 无法加载模块:Uploads

[ 2015-09-29T14:19:51+08:00 ] ::1 /Uploads/brand/2015-09-04/55e95d4ba2b1b.jpg
ERR: 无法加载模块:Uploads

[ 2015-09-29T14:19:51+08:00 ] ::1 /Uploads/brand/2015-08-29/55e154a01fd06.jpg
ERR: 无法加载模块:Uploads

[ 2015-09-29T14:19:51+08:00 ] ::1 /Uploads/brand/2015-08-30/55e25a5954c9a.jpg
ERR: 无法加载模块:Uploads

[ 2015-09-29T14:19:51+08:00 ] ::1 /Uploads/brand/2015-09-01/55e5658f6d3dc.jpg
ERR: 无法加载模块:Uploads

[ 2015-09-29T14:19:51+08:00 ] ::1 /Uploads/brand/2015-09-01/55e5245525fc7.jpg
ERR: 无法加载模块:Uploads

[ 2015-09-29T14:19:51+08:00 ] ::1 /Uploads/brand/2015-09-01/55e51fb8aba06.jpg
ERR: 无法加载模块:Uploads

[ 2015-09-29T14:19:51+08:00 ] ::1 /Uploads/brand/2015-09-01/55e55864af007.jpg
ERR: 无法加载模块:Uploads

[ 2015-09-29T14:19:51+08:00 ] ::1 /Uploads/brand/2015-09-01/55e55888f3c79.jpg
ERR: 无法加载模块:Uploads

[ 2015-09-29T14:19:51+08:00 ] ::1 /Uploads/brand/2015-09-01/55e559ba3da0c.jpg
ERR: 无法加载模块:Uploads

[ 2015-09-29T14:19:51+08:00 ] ::1 /Uploads/brand/2015-09-01/55e55f985935d.jpg
ERR: 无法加载模块:Uploads

[ 2015-09-29T14:19:51+08:00 ] ::1 /Uploads/brand/2015-09-01/55e564ae4a349.jpg
ERR: 无法加载模块:Uploads

[ 2015-09-29T14:19:51+08:00 ] ::1 /Uploads/brand/2015-09-01/55e56514bcf76.jpg
ERR: 无法加载模块:Uploads

[ 2015-09-29T14:19:51+08:00 ] ::1 /Uploads/brand/2015-09-04/55e95d4ba2b1b.jpg
ERR: 无法加载模块:Uploads

[ 2015-09-29T14:19:51+08:00 ] ::1 /Uploads/brand/2015-08-29/55e154a01fd06.jpg
ERR: 无法加载模块:Uploads

[ 2015-09-29T14:19:51+08:00 ] ::1 /Uploads/brand/2015-09-01/55e564ae4a349.jpg
ERR: 无法加载模块:Uploads

[ 2015-09-29T14:19:51+08:00 ] ::1 /Uploads/brand/2015-08-30/55e25a5954c9a.jpg
ERR: 无法加载模块:Uploads

[ 2015-09-29T14:19:51+08:00 ] ::1 /Uploads/brand/2015-09-01/55e56608ccfce.jpg
ERR: 无法加载模块:Uploads

[ 2015-09-29T14:19:51+08:00 ] ::1 /Uploads/brand/2015-09-01/55e565aeb9a20.jpg
ERR: 无法加载模块:Uploads

[ 2015-09-29T14:19:51+08:00 ] ::1 /Uploads/brand/2015-09-01/55e559ba3da0c.jpg
ERR: 无法加载模块:Uploads

[ 2015-09-29T14:19:51+08:00 ] ::1 /Uploads/brand/2015-09-01/55e55f985935d.jpg
ERR: 无法加载模块:Uploads

[ 2015-09-29T14:19:51+08:00 ] ::1 /Uploads/brand/2015-09-01/55e56514bcf76.jpg
ERR: 无法加载模块:Uploads

[ 2015-09-29T14:19:51+08:00 ] ::1 /Uploads/brand/2015-09-01/55e5245525fc7.jpg
ERR: 无法加载模块:Uploads

[ 2015-09-29T14:19:51+08:00 ] ::1 /Uploads/brand/2015-09-01/55e55888f3c79.jpg
ERR: 无法加载模块:Uploads

[ 2015-09-29T14:19:52+08:00 ] ::1 /Uploads/brand/2015-09-01/55e5539bd522c.jpg
ERR: 无法加载模块:Uploads

[ 2015-09-29T14:19:52+08:00 ] ::1 /Uploads/brand/2015-09-01/55e50ab71cefc.jpg
ERR: 无法加载模块:Uploads

[ 2015-09-29T14:19:52+08:00 ] ::1 /Uploads/brand/2015-09-01/55e51b4c8d62c.jpg
ERR: 无法加载模块:Uploads

[ 2015-09-29T14:19:52+08:00 ] ::1 /Uploads/brand/2015-09-01/55e50b999015d.jpg
ERR: 无法加载模块:Uploads

[ 2015-09-29T14:19:52+08:00 ] ::1 /Uploads/brand/2015-09-01/55e55413a3eb4.jpg
ERR: 无法加载模块:Uploads

[ 2015-09-29T14:21:19+08:00 ] ::1 /public/plugs/pe/001/15-09-16/1442373223873.jpg
ERR: 无法加载模块:Public

[ 2015-09-29T14:21:19+08:00 ] ::1 /public/plugs/pe/001/15-09-16/1442373223873.jpg
ERR: 无法加载模块:Public

[ 2015-09-29T14:25:42+08:00 ] ::1 /public/plugs/pe/001/15-09-16/1442373223873.jpg
ERR: 无法加载模块:Public

[ 2015-09-29T14:25:42+08:00 ] ::1 /public/plugs/pe/001/15-09-16/1442373223873.jpg
ERR: 无法加载模块:Public

[ 2015-09-29T14:33:10+08:00 ] ::1 /public/plugs/pe/001/15-09-09/1441794466897.jpg
ERR: 无法加载模块:Public

[ 2015-09-29T14:33:10+08:00 ] ::1 /public/plugs/pe/001/15-09-09/1441794712612.jpg
ERR: 无法加载模块:Public

[ 2015-09-29T14:33:10+08:00 ] ::1 /public/plugs/pe/001/15-09-09/1441794466897.jpg
ERR: 无法加载模块:Public

[ 2015-09-29T14:33:10+08:00 ] ::1 /public/plugs/pe/001/15-09-09/1441794712612.jpg
ERR: 无法加载模块:Public

[ 2015-09-29T14:33:15+08:00 ] ::1 /Public/admin/assets/images/demo_bg.png
ERR: 无法加载模块:Public

[ 2015-09-29T14:33:22+08:00 ] ::1 /public/plugs/pe/001/15-09-16/1442373223873.jpg
ERR: 无法加载模块:Public

[ 2015-09-29T14:33:23+08:00 ] ::1 /public/plugs/pe/001/15-09-16/1442373223873.jpg
ERR: 无法加载模块:Public

[ 2015-09-29T15:38:12+08:00 ] ::1 /public/plugs/pe/001/15-09-16/1442373223873.jpg
ERR: 无法加载模块:Public

[ 2015-09-29T15:38:12+08:00 ] ::1 /public/plugs/pe/001/15-09-16/1442373223873.jpg
ERR: 无法加载模块:Public

[ 2015-09-29T15:44:10+08:00 ] ::1 /public/plugs/pe/001/15-09-16/1442373223873.jpg
ERR: 无法加载模块:Public

[ 2015-09-29T15:44:11+08:00 ] ::1 /public/plugs/pe/001/15-09-16/1442373223873.jpg
ERR: 无法加载模块:Public

[ 2015-09-29T15:45:19+08:00 ] ::1 /public/plugs/pe/001/15-09-16/1442373223873.jpg
ERR: 无法加载模块:Public

[ 2015-09-29T15:45:19+08:00 ] ::1 /public/plugs/pe/001/15-09-16/1442373223873.jpg
ERR: 无法加载模块:Public

[ 2015-09-29T15:46:18+08:00 ] ::1 /public/plugs/pe/001/15-09-16/1442373223873.jpg
ERR: 无法加载模块:Public

[ 2015-09-29T15:46:19+08:00 ] ::1 /public/plugs/pe/001/15-09-16/1442373223873.jpg
ERR: 无法加载模块:Public

[ 2015-09-29T15:57:04+08:00 ] ::1 /public/plugs/pe/001/15-09-16/1442373223873.jpg
ERR: 无法加载模块:Public

[ 2015-09-29T15:57:05+08:00 ] ::1 /public/plugs/pe/001/15-09-16/1442373223873.jpg
ERR: 无法加载模块:Public

[ 2015-09-29T16:33:17+08:00 ] ::1 /public/plugs/pe/001/15-09-16/1442373223873.jpg
ERR: 无法加载模块:Public

[ 2015-09-29T16:33:17+08:00 ] ::1 /public/plugs/pe/001/15-09-16/1442373223873.jpg
ERR: 无法加载模块:Public

[ 2015-09-29T16:40:56+08:00 ] ::1 /public/plugs/pe/001/15-09-16/1442373223873.jpg
ERR: 无法加载模块:Public

[ 2015-09-29T16:40:56+08:00 ] ::1 /public/plugs/pe/001/15-09-16/1442373223873.jpg
ERR: 无法加载模块:Public

[ 2015-09-29T17:07:37+08:00 ] ::1 /public/plugs/pe/001/15-09-16/1442373223873.jpg
ERR: 无法加载模块:Public

[ 2015-09-29T17:07:38+08:00 ] ::1 /public/plugs/pe/001/15-09-16/1442373223873.jpg
ERR: 无法加载模块:Public

[ 2015-09-29T17:13:06+08:00 ] ::1 /public/plugs/pe/001/15-09-16/1442373223873.jpg
ERR: 无法加载模块:Public

[ 2015-09-29T17:13:06+08:00 ] ::1 /public/plugs/pe/001/15-09-16/1442373223873.jpg
ERR: 无法加载模块:Public

[ 2015-09-29T17:18:02+08:00 ] ::1 /public/plugs/pe/001/15-09-16/1442373223873.jpg
ERR: 无法加载模块:Public

[ 2015-09-29T17:18:02+08:00 ] ::1 /public/plugs/pe/001/15-09-16/1442373223873.jpg
ERR: 无法加载模块:Public

