[ 2015-09-18T08:54:52+08:00 ] ::1 /favicon.ico
ERR: 无法加载模块:Favicon

[ 2015-09-18T08:54:56+08:00 ] ::1 /Public/admin/assets/css/wail.css
ERR: 无法加载模块:Public

[ 2015-09-18T08:55:15+08:00 ] ::1 /ueditor/php/upload/image/20150917/1442471286216449.jpg
ERR: 无法加载模块:Ueditor

[ 2015-09-18T08:55:15+08:00 ] ::1 /ueditor/php/upload/image/20150917/1442470947110819.jpg
ERR: 无法加载模块:Ueditor

[ 2015-09-18T09:26:26+08:00 ] ::1 /ueditor/php/upload/image/20150917/1442471286216449.jpg
ERR: 无法加载模块:Ueditor

[ 2015-09-18T09:26:27+08:00 ] ::1 /ueditor/php/upload/image/20150917/1442470947110819.jpg
ERR: 无法加载模块:Ueditor

[ 2015-09-18T09:33:02+08:00 ] ::1 /ueditor/php/upload/image/20150917/1442470947110819.jpg
ERR: 无法加载模块:Ueditor

[ 2015-09-18T09:33:03+08:00 ] ::1 /ueditor/php/upload/image/20150917/1442471286216449.jpg
ERR: 无法加载模块:Ueditor

[ 2015-09-18T09:33:05+08:00 ] ::1 /ueditor/php/upload/image/20150917/1442475330594268.jpg
ERR: 无法加载模块:Ueditor

[ 2015-09-18T09:33:10+08:00 ] ::1 /Uploads/images/2015-09-17/s_1442480706_112705106655fa82420afd0.jpg
ERR: 无法加载模块:Uploads

[ 2015-09-18T09:33:15+08:00 ] ::1 /ueditor/php/upload/image/20150917/1442475330594268.jpg
ERR: 无法加载模块:Ueditor

[ 2015-09-18T09:33:16+08:00 ] ::1 /Uploads/images/2015-09-17/s_1442480706_112705106655fa82420afd0.jpg
ERR: 无法加载模块:Uploads

[ 2015-09-18T09:33:26+08:00 ] ::1 /ueditor/php/upload/image/20150917/1442475330594268.jpg
ERR: 无法加载模块:Ueditor

[ 2015-09-18T09:33:32+08:00 ] ::1 /ueditor/php/upload/image/20150917/1442475330594268.jpg
ERR: 无法加载模块:Ueditor

[ 2015-09-18T09:33:36+08:00 ] ::1 /ueditor/php/upload/image/20150917/1442471286216449.jpg
ERR: 无法加载模块:Ueditor

[ 2015-09-18T09:33:37+08:00 ] ::1 /ueditor/php/upload/image/20150917/1442470947110819.jpg
ERR: 无法加载模块:Ueditor

[ 2015-09-18T09:37:32+08:00 ] ::1 /Uploads/ads/2015-09-01/55e58973ed231.jpg
ERR: 无法加载模块:Uploads

[ 2015-09-18T09:37:32+08:00 ] ::1 /Uploads/brand/2015-09-01/55e55413a3eb4.jpg
ERR: 无法加载模块:Uploads

[ 2015-09-18T09:37:32+08:00 ] ::1 /Uploads/brand/2015-09-01/55e50b999015d.jpg
ERR: 无法加载模块:Uploads

[ 2015-09-18T09:37:32+08:00 ] ::1 /Uploads/brand/2015-09-01/55e51b4c8d62c.jpg
ERR: 无法加载模块:Uploads

[ 2015-09-18T09:37:33+08:00 ] ::1 /Uploads/brand/2015-09-01/55e51fb8aba06.jpg
ERR: 无法加载模块:Uploads

[ 2015-09-18T09:37:33+08:00 ] ::1 /Uploads/brand/2015-09-01/55e55864af007.jpg
ERR: 无法加载模块:Uploads

[ 2015-09-18T09:37:33+08:00 ] ::1 /Uploads/brand/2015-09-01/55e55888f3c79.jpg
ERR: 无法加载模块:Uploads

[ 2015-09-18T09:37:33+08:00 ] ::1 /Uploads/brand/2015-09-01/55e559ba3da0c.jpg
ERR: 无法加载模块:Uploads

[ 2015-09-18T09:37:33+08:00 ] ::1 /Uploads/brand/2015-09-01/55e55f985935d.jpg
ERR: 无法加载模块:Uploads

[ 2015-09-18T09:37:33+08:00 ] ::1 /Uploads/brand/2015-09-01/55e564ae4a349.jpg
ERR: 无法加载模块:Uploads

[ 2015-09-18T09:37:33+08:00 ] ::1 /Uploads/brand/2015-09-01/55e56514bcf76.jpg
ERR: 无法加载模块:Uploads

[ 2015-09-18T09:37:33+08:00 ] ::1 /Uploads/brand/2015-09-01/55e565aeb9a20.jpg
ERR: 无法加载模块:Uploads

[ 2015-09-18T09:37:33+08:00 ] ::1 /Uploads/brand/2015-09-01/55e56608ccfce.jpg
ERR: 无法加载模块:Uploads

[ 2015-09-18T09:37:33+08:00 ] ::1 /Uploads/brand/2015-09-04/55e95d4ba2b1b.jpg
ERR: 无法加载模块:Uploads

[ 2015-09-18T09:37:33+08:00 ] ::1 /Uploads/brand/2015-08-29/55e154a01fd06.jpg
ERR: 无法加载模块:Uploads

[ 2015-09-18T09:37:33+08:00 ] ::1 /Uploads/brand/2015-08-30/55e25a5954c9a.jpg
ERR: 无法加载模块:Uploads

[ 2015-09-18T09:37:33+08:00 ] ::1 /Uploads/brand/2015-09-01/55e5658f6d3dc.jpg
ERR: 无法加载模块:Uploads

[ 2015-09-18T09:37:33+08:00 ] ::1 /Uploads/brand/2015-09-01/55e5245525fc7.jpg
ERR: 无法加载模块:Uploads

[ 2015-09-18T09:37:33+08:00 ] ::1 /Uploads/ads/2015-09-01/55e58123bc866.jpg
ERR: 无法加载模块:Uploads

[ 2015-09-18T09:37:33+08:00 ] ::1 /Uploads/ads/2015-09-01/55e58369be57f.jpg
ERR: 无法加载模块:Uploads

[ 2015-09-18T09:37:33+08:00 ] ::1 /Uploads/ads/2015-09-01/55e58973ed231.jpg
ERR: 无法加载模块:Uploads

[ 2015-09-18T09:37:33+08:00 ] ::1 /Uploads/brand/2015-09-01/55e55413a3eb4.jpg
ERR: 无法加载模块:Uploads

[ 2015-09-18T09:37:33+08:00 ] ::1 /Uploads/brand/2015-09-01/55e50b999015d.jpg
ERR: 无法加载模块:Uploads

[ 2015-09-18T09:37:33+08:00 ] ::1 /Uploads/ads/2015-09-01/55e58751068bc.jpg
ERR: 无法加载模块:Uploads

[ 2015-09-18T09:37:33+08:00 ] ::1 /Uploads/brand/2015-09-01/55e5539bd522c.jpg
ERR: 无法加载模块:Uploads

[ 2015-09-18T09:37:34+08:00 ] ::1 /Uploads/ads/2015-08-30/55e2ab5fb41fd.jpg
ERR: 无法加载模块:Uploads

[ 2015-09-18T09:37:34+08:00 ] ::1 /Uploads/brand/2015-09-01/55e50ab71cefc.jpg
ERR: 无法加载模块:Uploads

[ 2015-09-18T09:37:34+08:00 ] ::1 /favicon.ico
ERR: 无法加载模块:Favicon

[ 2015-09-18T09:37:34+08:00 ] ::1 /favicon.ico
ERR: 无法加载模块:Favicon

[ 2015-09-18T09:37:35+08:00 ] ::1 /Public/admin/assets/css/wail.css
ERR: 无法加载模块:Public

[ 2015-09-18T09:37:54+08:00 ] ::1 /ueditor/php/upload/image/20150917/1442471286216449.jpg
ERR: 无法加载模块:Ueditor

[ 2015-09-18T09:37:54+08:00 ] ::1 /ueditor/php/upload/image/20150917/1442470947110819.jpg
ERR: 无法加载模块:Ueditor

[ 2015-09-18T11:51:45+08:00 ] ::1 /ueditor/php/upload/image/20150917/1442470947110819.jpg
ERR: 无法加载模块:Ueditor

[ 2015-09-18T11:51:46+08:00 ] ::1 /ueditor/php/upload/image/20150917/1442471286216449.jpg
ERR: 无法加载模块:Ueditor

[ 2015-09-18T11:51:56+08:00 ] ::1 /ueditor/php/upload/image/20150917/1442471286216449.jpg
ERR: 无法加载模块:Ueditor

[ 2015-09-18T11:51:56+08:00 ] ::1 /ueditor/php/upload/image/20150917/1442470947110819.jpg
ERR: 无法加载模块:Ueditor

[ 2015-09-18T16:20:28+08:00 ] ::1 /Uploads/brand/2015-09-04/55e95d4ba2b1b.jpg
ERR: 无法加载模块:Uploads

[ 2015-09-18T16:20:28+08:00 ] ::1 /Uploads/brand/2015-09-04/55e95d4ba2b1b.jpg
ERR: 无法加载模块:Uploads

[ 2015-09-18T16:20:29+08:00 ] ::1 /Uploads/brand/2015-09-04/55e95d4ba2b1b.jpg
ERR: 无法加载模块:Uploads

[ 2015-09-18T16:40:15+08:00 ] ::1 /ueditor/php/upload/image/20150917/1442471286216449.jpg
ERR: 无法加载模块:Ueditor

[ 2015-09-18T16:40:16+08:00 ] ::1 /ueditor/php/upload/image/20150917/1442470947110819.jpg
ERR: 无法加载模块:Ueditor

[ 2015-09-18T16:40:27+08:00 ] ::1 /ueditor/php/upload/image/20150917/1442471286216449.jpg
ERR: 无法加载模块:Ueditor

[ 2015-09-18T16:40:28+08:00 ] ::1 /ueditor/php/upload/image/20150917/1442470947110819.jpg
ERR: 无法加载模块:Ueditor

[ 2015-09-18T17:14:16+08:00 ] ::1 /ueditor/php/upload/image/20150917/1442470947110819.jpg
ERR: 无法加载模块:Ueditor

[ 2015-09-18T17:14:17+08:00 ] ::1 /ueditor/php/upload/image/20150917/1442471286216449.jpg
ERR: 无法加载模块:Ueditor

[ 2015-09-18T18:10:38+08:00 ] ::1 /Public/css/jquery.dataTables.css
ERR: 无法加载模块:Public

[ 2015-09-18T18:13:47+08:00 ] ::1 /examples/basic_init/zero_configuration.html
ERR: 无法加载模块:Examples

[ 2015-09-18T18:13:56+08:00 ] ::1 /examples/basic_init/zero_configuration.html
ERR: 无法加载模块:Examples

[ 2015-09-18T18:13:57+08:00 ] ::1 /examples/basic_init/zero_configuration.html
ERR: 无法加载模块:Examples

[ 2015-09-18T18:13:57+08:00 ] ::1 /examples/basic_init/zero_configuration.html
ERR: 无法加载模块:Examples

[ 2015-09-18T18:14:01+08:00 ] ::1 /examples/basic_init/zero_configuration.html
ERR: 无法加载模块:Examples

[ 2015-09-18T18:14:05+08:00 ] ::1 /examples/basic_init/zero_configuration.html
ERR: 无法加载模块:Examples

[ 2015-09-18T18:14:06+08:00 ] ::1 /examples/basic_init/zero_configuration.html
ERR: 无法加载模块:Examples

[ 2015-09-18T18:14:11+08:00 ] ::1 /examples/basic_init/zero_configuration.html
ERR: 无法加载模块:Examples

[ 2015-09-18T18:14:15+08:00 ] ::1 /examples/basic_init/zero_configuration.html
ERR: 无法加载模块:Examples

[ 2015-09-18T18:14:16+08:00 ] ::1 /examples/basic_init/zero_configuration.html
ERR: 无法加载模块:Examples

[ 2015-09-18T18:14:16+08:00 ] ::1 /examples/basic_init/zero_configuration.html
ERR: 无法加载模块:Examples

[ 2015-09-18T18:14:16+08:00 ] ::1 /examples/basic_init/zero_configuration.html
ERR: 无法加载模块:Examples

[ 2015-09-18T18:14:17+08:00 ] ::1 /examples/basic_init/zero_configuration.html
ERR: 无法加载模块:Examples

[ 2015-09-18T18:14:17+08:00 ] ::1 /examples/basic_init/zero_configuration.html
ERR: 无法加载模块:Examples

[ 2015-09-18T18:16:55+08:00 ] ::1 /examples/
ERR: 无法加载模块:Examples

[ 2015-09-18T18:17:00+08:00 ] ::1 /examples/
ERR: 无法加载模块:Examples

