[ 2015-09-30T09:29:28+08:00 ] ::1 /Uploads/brand/2015-09-01/55e51fb8aba06.jpg
ERR: 无法加载模块:Uploads

[ 2015-09-30T09:29:28+08:00 ] ::1 /Uploads/brand/2015-09-01/55e55864af007.jpg
ERR: 无法加载模块:Uploads

[ 2015-09-30T09:29:28+08:00 ] ::1 /Uploads/brand/2015-09-01/55e55888f3c79.jpg
ERR: 无法加载模块:Uploads

[ 2015-09-30T09:29:28+08:00 ] ::1 /Uploads/brand/2015-09-01/55e559ba3da0c.jpg
ERR: 无法加载模块:Uploads

[ 2015-09-30T09:29:28+08:00 ] ::1 /Uploads/brand/2015-09-01/55e55f985935d.jpg
ERR: 无法加载模块:Uploads

[ 2015-09-30T09:29:28+08:00 ] ::1 /Uploads/brand/2015-09-01/55e564ae4a349.jpg
ERR: 无法加载模块:Uploads

[ 2015-09-30T09:29:28+08:00 ] ::1 /Uploads/brand/2015-09-01/55e56514bcf76.jpg
ERR: 无法加载模块:Uploads

[ 2015-09-30T09:29:28+08:00 ] ::1 /Uploads/brand/2015-09-01/55e565aeb9a20.jpg
ERR: 无法加载模块:Uploads

[ 2015-09-30T09:29:28+08:00 ] ::1 /Uploads/brand/2015-09-01/55e56608ccfce.jpg
ERR: 无法加载模块:Uploads

[ 2015-09-30T09:29:28+08:00 ] ::1 /Uploads/brand/2015-09-04/55e95d4ba2b1b.jpg
ERR: 无法加载模块:Uploads

[ 2015-09-30T09:29:28+08:00 ] ::1 /Uploads/brand/2015-08-29/55e154a01fd06.jpg
ERR: 无法加载模块:Uploads

[ 2015-09-30T09:29:28+08:00 ] ::1 /Uploads/brand/2015-08-30/55e25a5954c9a.jpg
ERR: 无法加载模块:Uploads

[ 2015-09-30T09:29:28+08:00 ] ::1 /Uploads/brand/2015-09-01/55e5658f6d3dc.jpg
ERR: 无法加载模块:Uploads

[ 2015-09-30T09:29:28+08:00 ] ::1 /Uploads/brand/2015-09-01/55e5245525fc7.jpg
ERR: 无法加载模块:Uploads

[ 2015-09-30T09:29:28+08:00 ] ::1 /Uploads/brand/2015-09-01/55e51fb8aba06.jpg
ERR: 无法加载模块:Uploads

[ 2015-09-30T09:29:28+08:00 ] ::1 /Uploads/brand/2015-09-01/55e55864af007.jpg
ERR: 无法加载模块:Uploads

[ 2015-09-30T09:29:28+08:00 ] ::1 /Uploads/brand/2015-09-01/55e55888f3c79.jpg
ERR: 无法加载模块:Uploads

[ 2015-09-30T09:29:28+08:00 ] ::1 /Uploads/brand/2015-09-01/55e559ba3da0c.jpg
ERR: 无法加载模块:Uploads

[ 2015-09-30T09:29:28+08:00 ] ::1 /Uploads/brand/2015-09-01/55e55f985935d.jpg
ERR: 无法加载模块:Uploads

[ 2015-09-30T09:29:28+08:00 ] ::1 /Uploads/brand/2015-09-01/55e564ae4a349.jpg
ERR: 无法加载模块:Uploads

[ 2015-09-30T09:29:28+08:00 ] ::1 /Uploads/brand/2015-09-01/55e56514bcf76.jpg
ERR: 无法加载模块:Uploads

[ 2015-09-30T09:29:28+08:00 ] ::1 /Uploads/brand/2015-09-01/55e565aeb9a20.jpg
ERR: 无法加载模块:Uploads

[ 2015-09-30T09:29:28+08:00 ] ::1 /Uploads/brand/2015-09-01/55e56608ccfce.jpg
ERR: 无法加载模块:Uploads

[ 2015-09-30T09:29:28+08:00 ] ::1 /Uploads/brand/2015-09-04/55e95d4ba2b1b.jpg
ERR: 无法加载模块:Uploads

[ 2015-09-30T09:29:28+08:00 ] ::1 /Uploads/brand/2015-08-29/55e154a01fd06.jpg
ERR: 无法加载模块:Uploads

[ 2015-09-30T09:29:28+08:00 ] ::1 /Uploads/brand/2015-08-30/55e25a5954c9a.jpg
ERR: 无法加载模块:Uploads

[ 2015-09-30T09:29:28+08:00 ] ::1 /Uploads/brand/2015-09-01/55e5245525fc7.jpg
ERR: 无法加载模块:Uploads

[ 2015-09-30T09:29:28+08:00 ] ::1 /Uploads/brand/2015-09-01/55e5658f6d3dc.jpg
ERR: 无法加载模块:Uploads

[ 2015-09-30T09:29:28+08:00 ] ::1 /Uploads/brand/2015-09-01/55e51fb8aba06.jpg
ERR: 无法加载模块:Uploads

[ 2015-09-30T09:29:28+08:00 ] ::1 /Uploads/brand/2015-09-01/55e55864af007.jpg
ERR: 无法加载模块:Uploads

[ 2015-09-30T09:29:28+08:00 ] ::1 /Uploads/brand/2015-09-01/55e55888f3c79.jpg
ERR: 无法加载模块:Uploads

[ 2015-09-30T09:29:28+08:00 ] ::1 /Uploads/brand/2015-09-01/55e564ae4a349.jpg
ERR: 无法加载模块:Uploads

[ 2015-09-30T09:29:28+08:00 ] ::1 /Uploads/brand/2015-09-01/55e559ba3da0c.jpg
ERR: 无法加载模块:Uploads

[ 2015-09-30T09:29:28+08:00 ] ::1 /Uploads/brand/2015-09-01/55e55f985935d.jpg
ERR: 无法加载模块:Uploads

[ 2015-09-30T09:29:29+08:00 ] ::1 /Uploads/brand/2015-09-01/55e5539bd522c.jpg
ERR: 无法加载模块:Uploads

[ 2015-09-30T09:29:29+08:00 ] ::1 /Uploads/brand/2015-09-01/55e55413a3eb4.jpg
ERR: 无法加载模块:Uploads

[ 2015-09-30T09:29:29+08:00 ] ::1 /Uploads/brand/2015-09-01/55e50ab71cefc.jpg
ERR: 无法加载模块:Uploads

[ 2015-09-30T09:29:29+08:00 ] ::1 /Uploads/brand/2015-09-01/55e50b999015d.jpg
ERR: 无法加载模块:Uploads

[ 2015-09-30T09:29:29+08:00 ] ::1 /Uploads/brand/2015-09-01/55e51b4c8d62c.jpg
ERR: 无法加载模块:Uploads

[ 2015-09-30T09:29:29+08:00 ] ::1 /favicon.ico
ERR: 无法加载模块:Favicon

[ 2015-09-30T09:29:33+08:00 ] ::1 /Public/admin/assets/css/wail.css
ERR: 无法加载模块:Public

[ 2015-09-30T09:56:44+08:00 ] ::1 /public/plugs/pe/001/15-09-16/1442373223873.jpg
ERR: 无法加载模块:Public

[ 2015-09-30T09:56:44+08:00 ] ::1 /public/plugs/pe/001/15-09-16/1442373223873.jpg
ERR: 无法加载模块:Public

[ 2015-09-30T10:01:46+08:00 ] ::1 /public/plugs/pe/001/15-09-16/1442373223873.jpg
ERR: 无法加载模块:Public

[ 2015-09-30T10:01:47+08:00 ] ::1 /public/plugs/pe/001/15-09-16/1442373223873.jpg
ERR: 无法加载模块:Public

[ 2015-09-30T10:37:28+08:00 ] ::1 /public/plugs/pe/001/15-09-16/1442373223873.jpg
ERR: 无法加载模块:Public

[ 2015-09-30T10:37:29+08:00 ] ::1 /public/plugs/pe/001/15-09-16/1442373223873.jpg
ERR: 无法加载模块:Public

[ 2015-09-30T10:37:53+08:00 ] ::1 /public/plugs/pe/001/15-09-16/1442373223873.jpg
ERR: 无法加载模块:Public

[ 2015-09-30T10:37:53+08:00 ] ::1 /public/plugs/pe/001/15-09-16/1442373223873.jpg
ERR: 无法加载模块:Public

[ 2015-09-30T10:53:59+08:00 ] ::1 /public/plugs/pe/001/15-09-16/1442373223873.jpg
ERR: 无法加载模块:Public

[ 2015-09-30T10:53:59+08:00 ] ::1 /public/plugs/pe/001/15-09-16/1442373223873.jpg
ERR: 无法加载模块:Public

[ 2015-09-30T10:55:48+08:00 ] ::1 /public/plugs/pe/001/15-09-16/1442373223873.jpg
ERR: 无法加载模块:Public

[ 2015-09-30T10:55:49+08:00 ] ::1 /public/plugs/pe/001/15-09-16/1442373223873.jpg
ERR: 无法加载模块:Public

[ 2015-09-30T11:25:39+08:00 ] ::1 /public/plugs/pe/001/15-09-16/1442373223873.jpg
ERR: 无法加载模块:Public

[ 2015-09-30T11:25:40+08:00 ] ::1 /public/plugs/pe/001/15-09-16/1442373223873.jpg
ERR: 无法加载模块:Public

[ 2015-09-30T14:23:17+08:00 ] ::1 /public/plugs/pe/001/15-09-16/1442373223873.jpg
ERR: 无法加载模块:Public

[ 2015-09-30T14:23:17+08:00 ] ::1 /public/plugs/pe/001/15-09-16/1442373223873.jpg
ERR: 无法加载模块:Public

[ 2015-09-30T14:32:50+08:00 ] ::1 /public/plugs/pe/001/15-09-16/1442373223873.jpg
ERR: 无法加载模块:Public

[ 2015-09-30T14:32:51+08:00 ] ::1 /public/plugs/pe/001/15-09-16/1442373223873.jpg
ERR: 无法加载模块:Public

[ 2015-09-30T14:33:44+08:00 ] ::1 /public/plugs/pe/001/15-09-16/1442373223873.jpg
ERR: 无法加载模块:Public

[ 2015-09-30T14:33:44+08:00 ] ::1 /public/plugs/pe/001/15-09-16/1442373223873.jpg
ERR: 无法加载模块:Public

[ 2015-09-30T14:42:15+08:00 ] ::1 /public/plugs/pe/001/15-09-16/1442373223873.jpg
ERR: 无法加载模块:Public

[ 2015-09-30T14:42:16+08:00 ] ::1 /public/plugs/pe/001/15-09-16/1442373223873.jpg
ERR: 无法加载模块:Public

[ 2015-09-30T14:44:35+08:00 ] ::1 /public/plugs/pe/001/15-09-16/1442373223873.jpg
ERR: 无法加载模块:Public

[ 2015-09-30T14:44:35+08:00 ] ::1 /public/plugs/pe/001/15-09-16/1442373223873.jpg
ERR: 无法加载模块:Public

[ 2015-09-30T14:48:38+08:00 ] ::1 /public/plugs/pe/001/15-09-16/1442373223873.jpg
ERR: 无法加载模块:Public

[ 2015-09-30T14:48:38+08:00 ] ::1 /public/plugs/pe/001/15-09-16/1442373223873.jpg
ERR: 无法加载模块:Public

[ 2015-09-30T14:49:17+08:00 ] ::1 /public/plugs/pe/001/15-09-16/1442373223873.jpg
ERR: 无法加载模块:Public

[ 2015-09-30T14:49:17+08:00 ] ::1 /public/plugs/pe/001/15-09-16/1442373223873.jpg
ERR: 无法加载模块:Public

[ 2015-09-30T14:50:11+08:00 ] ::1 /public/plugs/pe/001/15-09-16/1442373223873.jpg
ERR: 无法加载模块:Public

[ 2015-09-30T14:51:00+08:00 ] ::1 /public/plugs/pe/001/15-09-16/1442373223873.jpg
ERR: 无法加载模块:Public

[ 2015-09-30T14:51:51+08:00 ] ::1 /public/plugs/pe/001/15-09-16/1442373223873.jpg
ERR: 无法加载模块:Public

[ 2015-09-30T14:51:52+08:00 ] ::1 /public/plugs/pe/001/15-09-16/1442373223873.jpg
ERR: 无法加载模块:Public

[ 2015-09-30T15:29:27+08:00 ] ::1 /public/plugs/pe/001/15-09-16/1442373223873.jpg
ERR: 无法加载模块:Public

[ 2015-09-30T15:29:28+08:00 ] ::1 /public/plugs/pe/001/15-09-16/1442373223873.jpg
ERR: 无法加载模块:Public

[ 2015-09-30T15:30:29+08:00 ] ::1 /public/plugs/pe/001/15-09-16/1442373223873.jpg
ERR: 无法加载模块:Public

[ 2015-09-30T15:37:12+08:00 ] ::1 /public/plugs/pe/001/15-09-16/1442373223873.jpg
ERR: 无法加载模块:Public

[ 2015-09-30T15:37:13+08:00 ] ::1 /public/plugs/pe/001/15-09-16/1442373223873.jpg
ERR: 无法加载模块:Public

[ 2015-09-30T15:40:15+08:00 ] ::1 /public/plugs/pe/001/15-09-16/1442373223873.jpg
ERR: 无法加载模块:Public

[ 2015-09-30T15:41:05+08:00 ] ::1 /public/plugs/pe/001/15-09-16/1442373223873.jpg
ERR: 无法加载模块:Public

[ 2015-09-30T15:41:06+08:00 ] ::1 /public/plugs/pe/001/15-09-16/1442373223873.jpg
ERR: 无法加载模块:Public

[ 2015-09-30T15:41:56+08:00 ] ::1 /public/plugs/pe/001/15-09-16/1442373223873.jpg
ERR: 无法加载模块:Public

[ 2015-09-30T15:50:38+08:00 ] ::1 /public/plugs/pe/001/15-09-16/1442373223873.jpg
ERR: 无法加载模块:Public

[ 2015-09-30T15:50:39+08:00 ] ::1 /public/plugs/pe/001/15-09-16/1442373223873.jpg
ERR: 无法加载模块:Public

[ 2015-09-30T15:58:02+08:00 ] ::1 /public/plugs/pe/001/15-09-16/1442373223873.jpg
ERR: 无法加载模块:Public

[ 2015-09-30T15:58:03+08:00 ] ::1 /public/plugs/pe/001/15-09-16/1442373223873.jpg
ERR: 无法加载模块:Public

[ 2015-09-30T15:59:01+08:00 ] ::1 /public/plugs/pe/img/uploadify-cancel.png
ERR: 无法加载模块:Public

[ 2015-09-30T16:14:07+08:00 ] ::1 /public/plugs/pe/001/15-09-16/1442373223873.jpg
ERR: 无法加载模块:Public

[ 2015-09-30T16:14:08+08:00 ] ::1 /public/plugs/pe/001/15-09-16/1442373223873.jpg
ERR: 无法加载模块:Public

[ 2015-09-30T16:51:03+08:00 ] ::1 /public/plugs/pe/001/15-09-16/1442373223873.jpg
ERR: 无法加载模块:Public

[ 2015-09-30T16:56:11+08:00 ] ::1 /public/plugs/pe/001/15-09-16/1442373223873.jpg
ERR: 无法加载模块:Public

[ 2015-09-30T16:56:12+08:00 ] ::1 /public/plugs/pe/001/15-09-16/1442373223873.jpg
ERR: 无法加载模块:Public

[ 2015-09-30T17:07:06+08:00 ] ::1 /public/plugs/pe/001/15-09-16/1442373223873.jpg
ERR: 无法加载模块:Public

[ 2015-09-30T17:07:06+08:00 ] ::1 /public/plugs/pe/001/15-09-16/1442373223873.jpg
ERR: 无法加载模块:Public

[ 2015-09-30T17:07:49+08:00 ] ::1 /public/plugs/pe/001/15-09-16/1442373223873.jpg
ERR: 无法加载模块:Public

[ 2015-09-30T17:07:49+08:00 ] ::1 /public/plugs/pe/001/15-09-16/1442373223873.jpg
ERR: 无法加载模块:Public

[ 2015-09-30T17:09:35+08:00 ] ::1 /favicon.ico
ERR: 无法加载模块:Favicon

[ 2015-09-30T17:09:35+08:00 ] ::1 /favicon.ico
ERR: 无法加载模块:Favicon

[ 2015-09-30T17:09:51+08:00 ] ::1 /Public/admin/assets/css/wail.css
ERR: 无法加载模块:Public

[ 2015-09-30T17:12:02+08:00 ] ::1 /public/plugs/pe/001/15-09-16/1442373223873.jpg
ERR: 无法加载模块:Public

[ 2015-09-30T17:12:02+08:00 ] ::1 /public/plugs/pe/001/15-09-16/1442373223873.jpg
ERR: 无法加载模块:Public

[ 2015-09-30T17:12:46+08:00 ] ::1 /public/plugs/pe/001/15-09-16/1442373223873.jpg
ERR: 无法加载模块:Public

[ 2015-09-30T17:12:55+08:00 ] ::1 /public/plugs/pe/001/15-09-16/1442373223873.jpg
ERR: 无法加载模块:Public

[ 2015-09-30T17:13:30+08:00 ] ::1 /public/plugs/pe/001/15-09-16/1442373223873.jpg
ERR: 无法加载模块:Public

[ 2015-09-30T17:13:31+08:00 ] ::1 /public/plugs/pe/001/15-09-16/1442373223873.jpg
ERR: 无法加载模块:Public

[ 2015-09-30T17:14:11+08:00 ] ::1 /public/plugs/pe/img/uploadify-cancel.png
ERR: 无法加载模块:Public

[ 2015-09-30T17:17:22+08:00 ] ::1 /public/plugs/pe/001/15-09-16/1442373223873.jpg
ERR: 无法加载模块:Public

[ 2015-09-30T17:17:23+08:00 ] ::1 /public/plugs/pe/001/15-09-16/1442373223873.jpg
ERR: 无法加载模块:Public

