[ 2015-10-15T16:02:27+08:00 ] ::1 /favicon.ico
ERR: 无法加载模块:Favicon

[ 2015-10-15T16:02:29+08:00 ] ::1 /Uploads/brand/2015-09-01/55e51fb8aba06.jpg
ERR: 无法加载模块:Uploads

[ 2015-10-15T16:02:30+08:00 ] ::1 /Uploads/brand/2015-09-01/55e55864af007.jpg
ERR: 无法加载模块:Uploads

[ 2015-10-15T16:02:30+08:00 ] ::1 /Uploads/brand/2015-09-01/55e55888f3c79.jpg
ERR: 无法加载模块:Uploads

[ 2015-10-15T16:02:30+08:00 ] ::1 /Uploads/brand/2015-09-01/55e559ba3da0c.jpg
ERR: 无法加载模块:Uploads

[ 2015-10-15T16:02:30+08:00 ] ::1 /Uploads/brand/2015-09-01/55e55f985935d.jpg
ERR: 无法加载模块:Uploads

[ 2015-10-15T16:02:30+08:00 ] ::1 /Uploads/brand/2015-09-01/55e564ae4a349.jpg
ERR: 无法加载模块:Uploads

[ 2015-10-15T16:02:30+08:00 ] ::1 /Uploads/brand/2015-09-01/55e56514bcf76.jpg
ERR: 无法加载模块:Uploads

[ 2015-10-15T16:02:30+08:00 ] ::1 /Uploads/brand/2015-09-01/55e565aeb9a20.jpg
ERR: 无法加载模块:Uploads

[ 2015-10-15T16:02:30+08:00 ] ::1 /Uploads/brand/2015-09-01/55e56608ccfce.jpg
ERR: 无法加载模块:Uploads

[ 2015-10-15T16:02:30+08:00 ] ::1 /Uploads/brand/2015-09-04/55e95d4ba2b1b.jpg
ERR: 无法加载模块:Uploads

[ 2015-10-15T16:02:30+08:00 ] ::1 /Uploads/brand/2015-08-29/55e154a01fd06.jpg
ERR: 无法加载模块:Uploads

[ 2015-10-15T16:02:30+08:00 ] ::1 /Uploads/brand/2015-08-30/55e25a5954c9a.jpg
ERR: 无法加载模块:Uploads

[ 2015-10-15T16:02:30+08:00 ] ::1 /Uploads/brand/2015-09-01/55e5658f6d3dc.jpg
ERR: 无法加载模块:Uploads

[ 2015-10-15T16:02:30+08:00 ] ::1 /Uploads/brand/2015-09-01/55e5245525fc7.jpg
ERR: 无法加载模块:Uploads

[ 2015-10-15T16:02:30+08:00 ] ::1 /Uploads/brand/2015-09-01/55e51fb8aba06.jpg
ERR: 无法加载模块:Uploads

[ 2015-10-15T16:02:30+08:00 ] ::1 /Uploads/brand/2015-09-01/55e55864af007.jpg
ERR: 无法加载模块:Uploads

[ 2015-10-15T16:02:30+08:00 ] ::1 /Uploads/brand/2015-09-01/55e55888f3c79.jpg
ERR: 无法加载模块:Uploads

[ 2015-10-15T16:02:30+08:00 ] ::1 /Uploads/brand/2015-09-01/55e559ba3da0c.jpg
ERR: 无法加载模块:Uploads

[ 2015-10-15T16:02:30+08:00 ] ::1 /Uploads/brand/2015-09-01/55e55f985935d.jpg
ERR: 无法加载模块:Uploads

[ 2015-10-15T16:02:30+08:00 ] ::1 /Uploads/brand/2015-09-01/55e564ae4a349.jpg
ERR: 无法加载模块:Uploads

[ 2015-10-15T16:02:30+08:00 ] ::1 /Uploads/brand/2015-09-01/55e565aeb9a20.jpg
ERR: 无法加载模块:Uploads

[ 2015-10-15T16:02:30+08:00 ] ::1 /Uploads/brand/2015-09-01/55e56608ccfce.jpg
ERR: 无法加载模块:Uploads

[ 2015-10-15T16:02:30+08:00 ] ::1 /Uploads/brand/2015-09-01/55e56514bcf76.jpg
ERR: 无法加载模块:Uploads

[ 2015-10-15T16:02:30+08:00 ] ::1 /Uploads/brand/2015-09-04/55e95d4ba2b1b.jpg
ERR: 无法加载模块:Uploads

[ 2015-10-15T16:02:30+08:00 ] ::1 /Uploads/brand/2015-08-29/55e154a01fd06.jpg
ERR: 无法加载模块:Uploads

[ 2015-10-15T16:02:30+08:00 ] ::1 /Uploads/brand/2015-08-30/55e25a5954c9a.jpg
ERR: 无法加载模块:Uploads

[ 2015-10-15T16:02:30+08:00 ] ::1 /Uploads/brand/2015-09-01/55e559ba3da0c.jpg
ERR: 无法加载模块:Uploads

[ 2015-10-15T16:02:30+08:00 ] ::1 /Uploads/brand/2015-09-01/55e55f985935d.jpg
ERR: 无法加载模块:Uploads

[ 2015-10-15T16:02:30+08:00 ] ::1 /Uploads/brand/2015-09-01/55e5245525fc7.jpg
ERR: 无法加载模块:Uploads

[ 2015-10-15T16:02:30+08:00 ] ::1 /Uploads/brand/2015-09-01/55e55888f3c79.jpg
ERR: 无法加载模块:Uploads

[ 2015-10-15T16:02:30+08:00 ] ::1 /Uploads/brand/2015-09-01/55e5539bd522c.jpg
ERR: 无法加载模块:Uploads

[ 2015-10-15T16:02:30+08:00 ] ::1 /Uploads/brand/2015-09-01/55e51b4c8d62c.jpg
ERR: 无法加载模块:Uploads

[ 2015-10-15T16:02:31+08:00 ] ::1 /Uploads/brand/2015-09-01/55e55413a3eb4.jpg
ERR: 无法加载模块:Uploads

[ 2015-10-15T16:02:31+08:00 ] ::1 /Uploads/brand/2015-09-01/55e50ab71cefc.jpg
ERR: 无法加载模块:Uploads

[ 2015-10-15T16:02:31+08:00 ] ::1 /Uploads/brand/2015-09-01/55e50b999015d.jpg
ERR: 无法加载模块:Uploads

[ 2015-10-15T16:02:31+08:00 ] ::1 /favicon.ico
ERR: 无法加载模块:Favicon

[ 2015-10-15T16:02:37+08:00 ] ::1 /Public/admin/assets/css/wail.css
ERR: 无法加载模块:Public

[ 2015-10-15T16:03:37+08:00 ] ::1 /dashboard-1.html
ERR: 无法加载模块:Dashboard-1

[ 2015-10-15T16:03:49+08:00 ] ::1 /Public/admin/assets/css/wail.css
ERR: 无法加载模块:Public

[ 2015-10-15T16:11:58+08:00 ] ::1 /Public/admin/assets/css/wail.css
ERR: 无法加载模块:Public

[ 2015-10-15T16:12:36+08:00 ] ::1 /Public/admin/assets/css/wail.css
ERR: 无法加载模块:Public

[ 2015-10-15T16:12:36+08:00 ] ::1 /Public/admin/assets/images/index_12.png
ERR: 无法加载模块:Public

[ 2015-10-15T16:13:13+08:00 ] ::1 /Public/admin/assets/css/wail.css
ERR: 无法加载模块:Public

[ 2015-10-15T16:13:27+08:00 ] ::1 /Public/admin/assets/css/wail.css
ERR: 无法加载模块:Public

[ 2015-10-15T16:14:42+08:00 ] ::1 /Public/admin/assets/css/wail.css
ERR: 无法加载模块:Public

[ 2015-10-15T16:15:01+08:00 ] ::1 /Public/admin/assets/css/wail.css
ERR: 无法加载模块:Public

[ 2015-10-15T16:15:49+08:00 ] ::1 /Public/admin/assets/css/wail.css
ERR: 无法加载模块:Public

[ 2015-10-15T16:15:55+08:00 ] ::1 /Public/admin/assets/css/wail.css
ERR: 无法加载模块:Public

[ 2015-10-15T16:16:00+08:00 ] ::1 /Public/admin/assets/css/wail.css
ERR: 无法加载模块:Public

[ 2015-10-15T16:16:04+08:00 ] ::1 /Public/admin/assets/css/wail.css
ERR: 无法加载模块:Public

[ 2015-10-15T16:17:11+08:00 ] ::1 /Public/admin/assets/css/wail.css
ERR: 无法加载模块:Public

[ 2015-10-15T16:17:29+08:00 ] ::1 /Public/admin/assets/css/wail.css
ERR: 无法加载模块:Public

[ 2015-10-15T16:17:39+08:00 ] ::1 /Public/admin/assets/css/wail.css
ERR: 无法加载模块:Public

[ 2015-10-15T16:17:49+08:00 ] ::1 /Public/admin/assets/css/wail.css
ERR: 无法加载模块:Public

