[ 2015-11-11T09:32:26+08:00 ] ::1 /Public/admin/assets/css/wail.css
ERR: 无法加载模块:Public

[ 2015-11-11T09:32:27+08:00 ] ::1 /favicon.ico
ERR: 无法加载模块:Favicon

[ 2015-11-11T09:33:33+08:00 ] ::1 /public/plugs/pe/001/15-09-09/1441794466897.jpg
ERR: 无法加载模块:Public

[ 2015-11-11T09:33:33+08:00 ] ::1 /public/plugs/pe/001/15-09-09/1441794712612.jpg
ERR: 无法加载模块:Public

[ 2015-11-11T09:33:33+08:00 ] ::1 /public/plugs/pe/001/15-09-09/1441794466897.jpg
ERR: 无法加载模块:Public

[ 2015-11-11T09:33:33+08:00 ] ::1 /public/plugs/pe/001/15-09-09/1441794712612.jpg
ERR: 无法加载模块:Public

[ 2015-11-11T10:11:29+08:00 ] ::1 /public/plugs/pe/001/15-09-16/1442373223873.jpg
ERR: 无法加载模块:Public

[ 2015-11-11T10:20:32+08:00 ] ::1 /public/plugs/pe/001/15-09-16/1442373223873.jpg
ERR: 无法加载模块:Public

[ 2015-11-11T11:33:28+08:00 ] ::1 /favicon.ico
ERR: 无法加载模块:Favicon

[ 2015-11-11T14:03:43+08:00 ] ::1 /Public/admin/assets/css/wail.css
ERR: 无法加载模块:Public

[ 2015-11-11T14:03:44+08:00 ] ::1 /favicon.ico
ERR: 无法加载模块:Favicon

[ 2015-11-11T14:21:20+08:00 ] ::1 /favicon.ico
ERR: 无法加载模块:Favicon

[ 2015-11-11T14:23:41+08:00 ] ::1 /public/plugs/pe/001/15-09-16/1442373223873.jpg
ERR: 无法加载模块:Public

[ 2015-11-11T14:23:41+08:00 ] ::1 /public/plugs/pe/001/15-09-16/1442373223873.jpg
ERR: 无法加载模块:Public

[ 2015-11-11T14:24:24+08:00 ] ::1 /public/plugs/pe/001/15-09-16/1442373223873.jpg
ERR: 无法加载模块:Public

[ 2015-11-11T15:43:12+08:00 ] ::1 /public/plugs/pe/001/15-09-16/1442373223873.jpg
ERR: 无法加载模块:Public

[ 2015-11-11T15:44:47+08:00 ] ::1 /public/plugs/pe/001/15-09-16/1442373223873.jpg
ERR: 无法加载模块:Public

[ 2015-11-11T15:44:47+08:00 ] ::1 /public/plugs/pe/001/15-09-16/1442373223873.jpg
ERR: 无法加载模块:Public

[ 2015-11-11T15:45:13+08:00 ] ::1 /public/plugs/pe/001/15-09-16/1442373223873.jpg
ERR: 无法加载模块:Public

[ 2015-11-11T15:49:32+08:00 ] ::1 /public/plugs/pe/001/15-09-16/1442373223873.jpg
ERR: 无法加载模块:Public

[ 2015-11-11T15:53:09+08:00 ] ::1 /public/plugs/pe/img/uploadify-cancel.png
ERR: 无法加载模块:Public

[ 2015-11-11T17:09:29+08:00 ] ::1 /public/plugs/pe/001/15-09-16/1442373223873.jpg
ERR: 无法加载模块:Public

[ 2015-11-11T18:40:40+08:00 ] ::1 /public/plugs/pe/001/15-09-16/1442373223873.jpg
ERR: 无法加载模块:Public

[ 2015-11-11T18:40:59+08:00 ] ::1 /Uploads//s_
ERR: 无法加载模块:Uploads

[ 2015-11-11T18:41:22+08:00 ] ::1 /public/plugs/pe/001/15-09-16/1442373223873.jpg
ERR: 无法加载模块:Public

[ 2015-11-11T18:42:11+08:00 ] ::1 /public/plugs/pe/001/15-09-16/1442373223873.jpg
ERR: 无法加载模块:Public

[ 2015-11-11T18:43:57+08:00 ] ::1 /public/plugs/pe/001/15-09-16/1442373223873.jpg
ERR: 无法加载模块:Public

[ 2015-11-11T18:48:30+08:00 ] ::1 /public/plugs/pe/001/15-09-16/1442373223873.jpg
ERR: 无法加载模块:Public

[ 2015-11-11T18:50:05+08:00 ] ::1 /public/plugs/pe/001/15-09-16/1442373223873.jpg
ERR: 无法加载模块:Public

[ 2015-11-11T18:51:28+08:00 ] ::1 /public/plugs/pe/001/15-09-16/1442373223873.jpg
ERR: 无法加载模块:Public

