[ 2015-10-28T11:11:31+08:00 ] ::1 /Uploads/brand/2015-09-01/55e5539bd522c.jpg
ERR: 无法加载模块:Uploads

[ 2015-10-28T11:11:31+08:00 ] ::1 /Uploads/brand/2015-09-01/55e55864af007.jpg
ERR: 无法加载模块:Uploads

[ 2015-10-28T11:11:31+08:00 ] ::1 /Uploads/brand/2015-09-01/55e55888f3c79.jpg
ERR: 无法加载模块:Uploads

[ 2015-10-28T11:11:31+08:00 ] ::1 /Uploads/brand/2015-09-01/55e559ba3da0c.jpg
ERR: 无法加载模块:Uploads

[ 2015-10-28T11:11:31+08:00 ] ::1 /Uploads/brand/2015-09-01/55e55f985935d.jpg
ERR: 无法加载模块:Uploads

[ 2015-10-28T11:11:31+08:00 ] ::1 /Uploads/brand/2015-09-01/55e564ae4a349.jpg
ERR: 无法加载模块:Uploads

[ 2015-10-28T11:11:31+08:00 ] ::1 /Uploads/brand/2015-09-01/55e56514bcf76.jpg
ERR: 无法加载模块:Uploads

[ 2015-10-28T11:11:31+08:00 ] ::1 /Uploads/brand/2015-09-01/55e565aeb9a20.jpg
ERR: 无法加载模块:Uploads

[ 2015-10-28T11:11:31+08:00 ] ::1 /Uploads/brand/2015-09-01/55e56608ccfce.jpg
ERR: 无法加载模块:Uploads

[ 2015-10-28T11:11:31+08:00 ] ::1 /Uploads/brand/2015-09-04/55e95d4ba2b1b.jpg
ERR: 无法加载模块:Uploads

[ 2015-10-28T11:11:31+08:00 ] ::1 /Uploads/brand/2015-08-29/55e154a01fd06.jpg
ERR: 无法加载模块:Uploads

[ 2015-10-28T11:11:31+08:00 ] ::1 /Uploads/brand/2015-08-30/55e25a5954c9a.jpg
ERR: 无法加载模块:Uploads

[ 2015-10-28T11:11:31+08:00 ] ::1 /Uploads/brand/2015-09-01/55e5658f6d3dc.jpg
ERR: 无法加载模块:Uploads

[ 2015-10-28T11:11:31+08:00 ] ::1 /Uploads/brand/2015-09-01/55e5245525fc7.jpg
ERR: 无法加载模块:Uploads

[ 2015-10-28T11:11:31+08:00 ] ::1 /Uploads/brand/2015-09-01/55e5539bd522c.jpg
ERR: 无法加载模块:Uploads

[ 2015-10-28T11:11:31+08:00 ] ::1 /Uploads/brand/2015-09-01/55e55864af007.jpg
ERR: 无法加载模块:Uploads

[ 2015-10-28T11:11:31+08:00 ] ::1 /Uploads/brand/2015-09-01/55e55888f3c79.jpg
ERR: 无法加载模块:Uploads

[ 2015-10-28T11:11:31+08:00 ] ::1 /Uploads/brand/2015-09-01/55e559ba3da0c.jpg
ERR: 无法加载模块:Uploads

[ 2015-10-28T11:11:31+08:00 ] ::1 /Uploads/brand/2015-09-01/55e55f985935d.jpg
ERR: 无法加载模块:Uploads

[ 2015-10-28T11:11:31+08:00 ] ::1 /Uploads/brand/2015-09-01/55e564ae4a349.jpg
ERR: 无法加载模块:Uploads

[ 2015-10-28T11:11:31+08:00 ] ::1 /Uploads/brand/2015-09-01/55e56608ccfce.jpg
ERR: 无法加载模块:Uploads

[ 2015-10-28T11:11:32+08:00 ] ::1 /Uploads/brand/2015-09-01/55e565aeb9a20.jpg
ERR: 无法加载模块:Uploads

[ 2015-10-28T11:11:32+08:00 ] ::1 /Uploads/brand/2015-09-01/55e56514bcf76.jpg
ERR: 无法加载模块:Uploads

[ 2015-10-28T11:11:32+08:00 ] ::1 /Uploads/brand/2015-09-01/55e51fb8aba06.jpg
ERR: 无法加载模块:Uploads

[ 2015-10-28T11:11:32+08:00 ] ::1 /Uploads/brand/2015-09-01/55e50ab71cefc.jpg
ERR: 无法加载模块:Uploads

[ 2015-10-28T11:11:32+08:00 ] ::1 /Uploads/brand/2015-09-01/55e55413a3eb4.jpg
ERR: 无法加载模块:Uploads

[ 2015-10-28T11:11:32+08:00 ] ::1 /Uploads/brand/2015-09-01/55e50b999015d.jpg
ERR: 无法加载模块:Uploads

[ 2015-10-28T11:11:32+08:00 ] ::1 /Uploads/brand/2015-09-01/55e51b4c8d62c.jpg
ERR: 无法加载模块:Uploads

[ 2015-10-28T11:11:32+08:00 ] ::1 /favicon.ico
ERR: 无法加载模块:Favicon

[ 2015-10-28T11:11:35+08:00 ] ::1 /Public/admin/assets/css/wail.css
ERR: 无法加载模块:Public

[ 2015-10-28T11:55:19+08:00 ] ::1 /Uploads/brand/2015-09-01/55e50ab71cefc.jpg
ERR: 无法加载模块:Uploads

[ 2015-10-28T11:55:19+08:00 ] ::1 /Uploads/brand/2015-09-01/55e51fb8aba06.jpg
ERR: 无法加载模块:Uploads

[ 2015-10-28T11:55:19+08:00 ] ::1 /Uploads/brand/2015-09-01/55e55864af007.jpg
ERR: 无法加载模块:Uploads

[ 2015-10-28T11:55:19+08:00 ] ::1 /Uploads/brand/2015-09-01/55e55888f3c79.jpg
ERR: 无法加载模块:Uploads

[ 2015-10-28T11:55:19+08:00 ] ::1 /Uploads/brand/2015-09-01/55e559ba3da0c.jpg
ERR: 无法加载模块:Uploads

[ 2015-10-28T11:55:19+08:00 ] ::1 /Uploads/brand/2015-09-01/55e55f985935d.jpg
ERR: 无法加载模块:Uploads

[ 2015-10-28T11:55:19+08:00 ] ::1 /Uploads/brand/2015-09-01/55e564ae4a349.jpg
ERR: 无法加载模块:Uploads

[ 2015-10-28T11:55:19+08:00 ] ::1 /Uploads/brand/2015-09-01/55e56514bcf76.jpg
ERR: 无法加载模块:Uploads

[ 2015-10-28T11:55:19+08:00 ] ::1 /Uploads/brand/2015-09-01/55e565aeb9a20.jpg
ERR: 无法加载模块:Uploads

[ 2015-10-28T11:55:19+08:00 ] ::1 /Uploads/brand/2015-09-01/55e56608ccfce.jpg
ERR: 无法加载模块:Uploads

[ 2015-10-28T11:55:19+08:00 ] ::1 /Uploads/brand/2015-09-04/55e95d4ba2b1b.jpg
ERR: 无法加载模块:Uploads

[ 2015-10-28T11:55:19+08:00 ] ::1 /Uploads/brand/2015-08-29/55e154a01fd06.jpg
ERR: 无法加载模块:Uploads

[ 2015-10-28T11:55:19+08:00 ] ::1 /Uploads/brand/2015-08-30/55e25a5954c9a.jpg
ERR: 无法加载模块:Uploads

[ 2015-10-28T11:55:19+08:00 ] ::1 /Uploads/brand/2015-09-01/55e5658f6d3dc.jpg
ERR: 无法加载模块:Uploads

[ 2015-10-28T11:55:19+08:00 ] ::1 /Uploads/brand/2015-09-01/55e5245525fc7.jpg
ERR: 无法加载模块:Uploads

[ 2015-10-28T11:55:19+08:00 ] ::1 /Uploads/brand/2015-09-01/55e50ab71cefc.jpg
ERR: 无法加载模块:Uploads

[ 2015-10-28T11:55:19+08:00 ] ::1 /Uploads/brand/2015-09-01/55e51fb8aba06.jpg
ERR: 无法加载模块:Uploads

[ 2015-10-28T11:55:19+08:00 ] ::1 /Uploads/brand/2015-09-01/55e55864af007.jpg
ERR: 无法加载模块:Uploads

[ 2015-10-28T11:55:19+08:00 ] ::1 /Uploads/brand/2015-09-01/55e55888f3c79.jpg
ERR: 无法加载模块:Uploads

[ 2015-10-28T11:55:19+08:00 ] ::1 /Uploads/brand/2015-09-01/55e559ba3da0c.jpg
ERR: 无法加载模块:Uploads

[ 2015-10-28T11:55:20+08:00 ] ::1 /Public/home/assets/images/foot.jpg
ERR: 无法加载模块:Public

[ 2015-10-28T11:55:20+08:00 ] ::1 /Uploads/brand/2015-09-01/55e55413a3eb4.jpg
ERR: 无法加载模块:Uploads

[ 2015-10-28T11:55:20+08:00 ] ::1 /Uploads/brand/2015-09-01/55e51b4c8d62c.jpg
ERR: 无法加载模块:Uploads

[ 2015-10-28T11:55:20+08:00 ] ::1 /Uploads/brand/2015-09-01/55e50b999015d.jpg
ERR: 无法加载模块:Uploads

[ 2015-10-28T11:55:20+08:00 ] ::1 /Uploads/brand/2015-09-01/55e5539bd522c.jpg
ERR: 无法加载模块:Uploads

[ 2015-10-28T11:55:20+08:00 ] ::1 /favicon.ico
ERR: 无法加载模块:Favicon

[ 2015-10-28T11:55:20+08:00 ] ::1 /favicon.ico
ERR: 无法加载模块:Favicon

[ 2015-10-28T11:55:22+08:00 ] ::1 /Public/admin/assets/css/wail.css
ERR: 无法加载模块:Public

[ 2015-10-28T16:04:17+08:00 ] ::1 /Public/admin/assets/css/wail.css
ERR: 无法加载模块:Public

[ 2015-10-28T16:05:50+08:00 ] ::1 /public/plugs/pe/001/15-09-09/1441794466897.jpg
ERR: 无法加载模块:Public

[ 2015-10-28T16:05:50+08:00 ] ::1 /public/plugs/pe/001/15-09-09/1441794712612.jpg
ERR: 无法加载模块:Public

[ 2015-10-28T16:05:50+08:00 ] ::1 /public/plugs/pe/001/15-09-09/1441794466897.jpg
ERR: 无法加载模块:Public

[ 2015-10-28T16:05:51+08:00 ] ::1 /public/plugs/pe/001/15-09-09/1441794712612.jpg
ERR: 无法加载模块:Public

[ 2015-10-28T16:05:56+08:00 ] ::1 /Public/admin/assets/images/demo_bg.png
ERR: 无法加载模块:Public

