[ 2015-11-04T09:00:17+08:00 ] ::1 /Public/admin/assets/css/wail.css
ERR: 无法加载模块:Public

[ 2015-11-04T09:00:18+08:00 ] ::1 /favicon.ico
ERR: 无法加载模块:Favicon

[ 2015-11-04T10:36:49+08:00 ] ::1 /favicon.ico
ERR: 无法加载模块:Favicon

[ 2015-11-04T10:40:13+08:00 ] ::1 /index.html
ERR: 无法加载模块:Index

[ 2015-11-04T11:45:42+08:00 ] ::1 /favicon.ico
ERR: 无法加载模块:Favicon

[ 2015-11-04T11:45:56+08:00 ] ::1 /Public/admin/assets/css/wail.css
ERR: 无法加载模块:Public

[ 2015-11-04T14:31:02+08:00 ] ::1 /Public/admin/assets/css/wail.css
ERR: 无法加载模块:Public

[ 2015-11-04T16:18:29+08:00 ] ::1 /Public/admin/assets/css/wail.css
ERR: 无法加载模块:Public

[ 2015-11-04T16:18:29+08:00 ] ::1 /favicon.ico
ERR: 无法加载模块:Favicon

[ 2015-11-04T17:37:02+08:00 ] ::1 /favicon.ico
ERR: 无法加载模块:Favicon

[ 2015-11-04T17:37:02+08:00 ] ::1 /favicon.ico
ERR: 无法加载模块:Favicon

