[ 2015-11-06T09:21:14+08:00 ] ::1 /favicon.ico
ERR: 无法加载模块:Favicon

[ 2015-11-06T09:21:27+08:00 ] ::1 /Public/admin/assets/css/wail.css
ERR: 无法加载模块:Public

[ 2015-11-06T09:22:24+08:00 ] ::1 /public/plugs/pe/001/15-09-09/1441794466897.jpg
ERR: 无法加载模块:Public

[ 2015-11-06T09:22:24+08:00 ] ::1 /public/plugs/pe/001/15-09-09/1441794712612.jpg
ERR: 无法加载模块:Public

[ 2015-11-06T09:22:24+08:00 ] ::1 /public/plugs/pe/001/15-09-09/1441794466897.jpg
ERR: 无法加载模块:Public

[ 2015-11-06T09:22:24+08:00 ] ::1 /public/plugs/pe/001/15-09-09/1441794712612.jpg
ERR: 无法加载模块:Public

[ 2015-11-06T11:51:01+08:00 ] 127.0.0.1 /40x40
ERR: 无法加载模块:40x40

[ 2015-11-06T11:51:02+08:00 ] 127.0.0.1 /40x40
ERR: 无法加载模块:40x40

[ 2015-11-06T15:12:17+08:00 ] ::1 /Public/admin/assets/css/wail.css
ERR: 无法加载模块:Public

[ 2015-11-06T15:12:17+08:00 ] ::1 /favicon.ico
ERR: 无法加载模块:Favicon

