[ 2015-11-10T09:04:52+08:00 ] ::1 /Public/admin/assets/css/wail.css
ERR: 无法加载模块:Public

[ 2015-11-10T09:04:53+08:00 ] ::1 /favicon.ico
ERR: 无法加载模块:Favicon

[ 2015-11-10T10:26:56+08:00 ] ::1 /Public/admin/assets/css/wail.css
ERR: 无法加载模块:Public

[ 2015-11-10T11:13:08+08:00 ] ::1 /Public/admin/assets/css/wail.css
ERR: 无法加载模块:Public

[ 2015-11-10T11:15:51+08:00 ] ::1 /Public/admin/assets/css/wail.css
ERR: 无法加载模块:Public

[ 2015-11-10T11:36:16+08:00 ] ::1 /Public/admin/assets/css/wail.css
ERR: 无法加载模块:Public

[ 2015-11-10T14:50:56+08:00 ] 127.0.0.1 /40x40
ERR: 无法加载模块:40x40

[ 2015-11-10T17:27:11+08:00 ] ::1 /public/plugs/pe/001/15-09-16/1442373223873.jpg
ERR: 无法加载模块:Public

[ 2015-11-10T18:59:58+08:00 ] ::1 /public/plugs/pe/001/15-09-16/1442373223873.jpg
ERR: 无法加载模块:Public

[ 2015-11-10T19:06:57+08:00 ] ::1 /public/plugs/pe/001/15-09-16/1442373223873.jpg
ERR: 无法加载模块:Public

[ 2015-11-10T19:44:09+08:00 ] ::1 /Public/admin/assets/css/wail.css
ERR: 无法加载模块:Public

[ 2015-11-10T19:44:10+08:00 ] ::1 /favicon.ico
ERR: 无法加载模块:Favicon

