[ 2015-11-09T09:09:30+08:00 ] ::1 /Public/admin/assets/css/wail.css
ERR: 无法加载模块:Public

[ 2015-11-09T09:09:30+08:00 ] ::1 /favicon.ico
ERR: 无法加载模块:Favicon

[ 2015-11-09T11:54:47+08:00 ] ::1 /public/plugs/pe/001/15-09-09/1441794466897.jpg
ERR: 无法加载模块:Public

[ 2015-11-09T11:54:47+08:00 ] ::1 /public/plugs/pe/001/15-09-09/1441794712612.jpg
ERR: 无法加载模块:Public

[ 2015-11-09T11:54:47+08:00 ] ::1 /public/plugs/pe/001/15-09-09/1441794466897.jpg
ERR: 无法加载模块:Public

[ 2015-11-09T11:54:47+08:00 ] ::1 /public/plugs/pe/001/15-09-09/1441794712612.jpg
ERR: 无法加载模块:Public

[ 2015-11-09T12:11:44+08:00 ] ::1 /page-city.html
ERR: 无法加载模块:Page-city

[ 2015-11-09T14:22:48+08:00 ] ::1 /Public/admin/assets/css/wail.css
ERR: 无法加载模块:Public

[ 2015-11-09T14:22:48+08:00 ] ::1 /favicon.ico
ERR: 无法加载模块:Favicon

[ 2015-11-09T14:22:48+08:00 ] ::1 /favicon.ico
ERR: 无法加载模块:Favicon

[ 2015-11-09T14:28:56+08:00 ] ::1 /Public/admin/assets/css/wail.css
ERR: 无法加载模块:Public

[ 2015-11-09T14:28:56+08:00 ] ::1 /favicon.ico
ERR: 无法加载模块:Favicon

