[ 2015-11-07T09:57:00+08:00 ] ::1 /Public/admin/assets/css/wail.css
ERR: 无法加载模块:Public

[ 2015-11-07T09:57:01+08:00 ] ::1 /favicon.ico
ERR: 无法加载模块:Favicon

[ 2015-11-07T09:57:17+08:00 ] ::1 /Public/admin/assets/css/wail.css
ERR: 无法加载模块:Public

[ 2015-11-07T10:04:47+08:00 ] ::1 /favicon.ico
ERR: 无法加载模块:Favicon

[ 2015-11-07T10:04:47+08:00 ] ::1 /favicon.ico
ERR: 无法加载模块:Favicon

[ 2015-11-07T11:06:55+08:00 ] 127.0.0.1 /40x40
ERR: 无法加载模块:40x40

[ 2015-11-07T11:06:55+08:00 ] 127.0.0.1 /40x40
ERR: 无法加载模块:40x40

[ 2015-11-07T11:07:20+08:00 ] 127.0.0.1 /40x40
ERR: 无法加载模块:40x40

[ 2015-11-07T11:07:20+08:00 ] 127.0.0.1 /40x40
ERR: 无法加载模块:40x40

[ 2015-11-07T11:39:20+08:00 ] ::1 /Public/admin/assets/css/wail.css
ERR: 无法加载模块:Public

[ 2015-11-07T11:39:20+08:00 ] ::1 /favicon.ico
ERR: 无法加载模块:Favicon

[ 2015-11-07T12:18:24+08:00 ] ::1 /Uploads/ads/2015-09-21/55ffd53543342.jpg
ERR: 无法加载模块:Uploads

[ 2015-11-07T12:25:27+08:00 ] ::1 /Uploads/ads/2015-09-21/55ffd53543342.jpg
ERR: 无法加载模块:Uploads

[ 2015-11-07T14:10:28+08:00 ] ::1 /public/plugs/pe/001/15-09-09/1441794466897.jpg
ERR: 无法加载模块:Public

[ 2015-11-07T14:10:28+08:00 ] ::1 /public/plugs/pe/001/15-09-09/1441794712612.jpg
ERR: 无法加载模块:Public

[ 2015-11-07T14:10:28+08:00 ] ::1 /public/plugs/pe/001/15-09-09/1441794466897.jpg
ERR: 无法加载模块:Public

[ 2015-11-07T14:10:28+08:00 ] ::1 /public/plugs/pe/001/15-09-09/1441794712612.jpg
ERR: 无法加载模块:Public

