[ 2015-09-23T09:52:52+08:00 ] ::1 /index.php/Admin/goods/Catt.html
INFO: [ app_begin ] --START--
INFO: Run Behavior\ReadHtmlCacheBehavior [ RunTime:0.001000s ]
INFO: [ app_begin ] --END-- [ RunTime:0.001000s ]
INFO: [ app_end ] --START--
INFO: Run Behavior\ShowPageTraceBehavior [ RunTime:0.001000s ]
INFO: [ app_end ] --END-- [ RunTime:0.001000s ]

[ 2015-09-23T09:54:06+08:00 ] ::1 /index.php/Admin/goods/Catt.html
INFO: [ app_begin ] --START--
INFO: Run Behavior\ReadHtmlCacheBehavior [ RunTime:0.000000s ]
INFO: [ app_begin ] --END-- [ RunTime:0.000000s ]
INFO: [ app_end ] --START--
INFO: Run Behavior\ShowPageTraceBehavior [ RunTime:0.000000s ]
INFO: [ app_end ] --END-- [ RunTime:0.000000s ]

[ 2015-09-23T09:54:07+08:00 ] ::1 /index.php/Admin/goods/Catt.html
INFO: [ app_begin ] --START--
INFO: Run Behavior\ReadHtmlCacheBehavior [ RunTime:0.000000s ]
INFO: [ app_begin ] --END-- [ RunTime:0.001000s ]
INFO: [ app_end ] --START--
INFO: Run Behavior\ShowPageTraceBehavior [ RunTime:0.001000s ]
INFO: [ app_end ] --END-- [ RunTime:0.001000s ]

[ 2015-09-23T09:54:11+08:00 ] ::1 /index.php/Admin/goods/Catt.html
INFO: [ app_begin ] --START--
INFO: Run Behavior\ReadHtmlCacheBehavior [ RunTime:0.000000s ]
INFO: [ app_begin ] --END-- [ RunTime:0.001000s ]
INFO: [ app_end ] --START--
INFO: Run Behavior\ShowPageTraceBehavior [ RunTime:0.001000s ]
INFO: [ app_end ] --END-- [ RunTime:0.001000s ]

[ 2015-09-23T09:54:26+08:00 ] ::1 /index.php/Admin/Goods/addgoods.html
INFO: [ app_begin ] --START--
INFO: Run Behavior\ReadHtmlCacheBehavior [ RunTime:0.000000s ]
INFO: [ app_begin ] --END-- [ RunTime:0.001001s ]

[ 2015-09-23T09:54:29+08:00 ] ::1 /index.php/Admin/Goods/addgoods.html
INFO: [ app_begin ] --START--
INFO: Run Behavior\ReadHtmlCacheBehavior [ RunTime:0.000000s ]
INFO: [ app_begin ] --END-- [ RunTime:0.000000s ]

[ 2015-09-23T09:54:58+08:00 ] ::1 /index.php/Admin/goods/Catt.html
INFO: [ app_begin ] --START--
INFO: Run Behavior\ReadHtmlCacheBehavior [ RunTime:0.000000s ]
INFO: [ app_begin ] --END-- [ RunTime:0.000000s ]
INFO: [ app_end ] --START--
INFO: Run Behavior\ShowPageTraceBehavior [ RunTime:0.001000s ]
INFO: [ app_end ] --END-- [ RunTime:0.001000s ]

[ 2015-09-23T10:00:49+08:00 ] ::1 /index.php/Admin/goods/Catt.html
INFO: [ app_begin ] --START--
INFO: Run Behavior\ReadHtmlCacheBehavior [ RunTime:0.000000s ]
INFO: [ app_begin ] --END-- [ RunTime:0.001000s ]
INFO: [ app_end ] --START--
INFO: Run Behavior\ShowPageTraceBehavior [ RunTime:0.001000s ]
INFO: [ app_end ] --END-- [ RunTime:0.001000s ]

[ 2015-09-23T10:54:56+08:00 ] ::1 /index.php/Admin/goods/Catt.html
INFO: [ app_begin ] --START--
INFO: Run Behavior\ReadHtmlCacheBehavior [ RunTime:0.000000s ]
INFO: [ app_begin ] --END-- [ RunTime:0.000000s ]
INFO: [ app_end ] --START--
INFO: Run Behavior\ShowPageTraceBehavior [ RunTime:0.000000s ]
INFO: [ app_end ] --END-- [ RunTime:0.000000s ]

[ 2015-09-23T10:55:21+08:00 ] ::1 /index.php/Admin/goods/Catt.html
INFO: [ app_begin ] --START--
INFO: Run Behavior\ReadHtmlCacheBehavior [ RunTime:0.001000s ]
INFO: [ app_begin ] --END-- [ RunTime:0.001000s ]
INFO: [ app_end ] --START--
INFO: Run Behavior\ShowPageTraceBehavior [ RunTime:0.000000s ]
INFO: [ app_end ] --END-- [ RunTime:0.000000s ]

[ 2015-09-23T10:58:09+08:00 ] ::1 /index.php/Admin/goods/Catt.html
INFO: [ app_begin ] --START--
INFO: Run Behavior\ReadHtmlCacheBehavior [ RunTime:0.001000s ]
INFO: [ app_begin ] --END-- [ RunTime:0.001000s ]
INFO: [ app_end ] --START--
INFO: Run Behavior\ShowPageTraceBehavior [ RunTime:0.001000s ]
INFO: [ app_end ] --END-- [ RunTime:0.001000s ]

[ 2015-09-23T10:58:25+08:00 ] ::1 /index.php/Admin/goods/Catt.html
INFO: [ app_begin ] --START--
INFO: Run Behavior\ReadHtmlCacheBehavior [ RunTime:0.001000s ]
INFO: [ app_begin ] --END-- [ RunTime:0.001000s ]
INFO: [ app_end ] --START--
INFO: Run Behavior\ShowPageTraceBehavior [ RunTime:0.000000s ]
INFO: [ app_end ] --END-- [ RunTime:0.001000s ]

[ 2015-09-23T11:02:32+08:00 ] ::1 /index.php/Admin/goods/Catt.html
INFO: [ app_begin ] --START--
INFO: Run Behavior\ReadHtmlCacheBehavior [ RunTime:0.000000s ]
INFO: [ app_begin ] --END-- [ RunTime:0.001000s ]
INFO: [ app_end ] --START--
INFO: Run Behavior\ShowPageTraceBehavior [ RunTime:0.001000s ]
INFO: [ app_end ] --END-- [ RunTime:0.001000s ]

[ 2015-09-23T11:03:30+08:00 ] ::1 /index.php/Admin/Goods/addgoods.html
INFO: [ app_begin ] --START--
INFO: Run Behavior\ReadHtmlCacheBehavior [ RunTime:0.000000s ]
INFO: [ app_begin ] --END-- [ RunTime:0.001000s ]

[ 2015-09-23T11:04:22+08:00 ] ::1 /index.php/Admin/goods/Catt.html
INFO: [ app_begin ] --START--
INFO: Run Behavior\ReadHtmlCacheBehavior [ RunTime:0.000000s ]
INFO: [ app_begin ] --END-- [ RunTime:0.000000s ]
INFO: [ app_end ] --START--
INFO: Run Behavior\ShowPageTraceBehavior [ RunTime:0.000000s ]
INFO: [ app_end ] --END-- [ RunTime:0.000000s ]

[ 2015-09-23T11:04:50+08:00 ] ::1 /index.php/Admin/goods/Catt.html
INFO: [ app_begin ] --START--
INFO: Run Behavior\ReadHtmlCacheBehavior [ RunTime:0.002000s ]
INFO: [ app_begin ] --END-- [ RunTime:0.002000s ]
INFO: [ app_end ] --START--
INFO: Run Behavior\ShowPageTraceBehavior [ RunTime:0.000000s ]
INFO: [ app_end ] --END-- [ RunTime:0.000000s ]

[ 2015-09-23T11:04:57+08:00 ] ::1 /index.php/Admin/Goods/addgoods.html
INFO: [ app_begin ] --START--
INFO: Run Behavior\ReadHtmlCacheBehavior [ RunTime:0.001000s ]
INFO: [ app_begin ] --END-- [ RunTime:0.001000s ]

[ 2015-09-23T11:05:00+08:00 ] ::1 /index.php/Admin/Goods/addaction.html
INFO: [ app_begin ] --START--
INFO: Run Behavior\ReadHtmlCacheBehavior [ RunTime:0.001000s ]
INFO: [ app_begin ] --END-- [ RunTime:0.001000s ]
NOTIC: [8] Undefined variable: num A:\word\ymyg\Ls\Admin\Controller\GoodsController.class.php 第 354 行.
NOTIC: [8] Undefined variable: porce A:\word\ymyg\Ls\Admin\Controller\GoodsController.class.php 第 355 行.
NOTIC: [8] Undefined variable: porce A:\word\ymyg\Ls\Admin\Controller\GoodsController.class.php 第 355 行.
NOTIC: [8] Undefined offset: 1 A:\word\ymyg\Ls\Admin\Controller\GoodsController.class.php 第 378 行.
INFO: [ app_end ] --START--
INFO: Run Behavior\ShowPageTraceBehavior [ RunTime:0.001000s ]
INFO: [ app_end ] --END-- [ RunTime:0.001000s ]

[ 2015-09-23T11:05:03+08:00 ] ::1 /index.php/Admin/Goods/glist.html
INFO: [ app_begin ] --START--
INFO: Run Behavior\ReadHtmlCacheBehavior [ RunTime:0.001000s ]
INFO: [ app_begin ] --END-- [ RunTime:0.002000s ]
NOTIC: [8] Undefined index: filters A:\word\ymyg\Ls\Admin\Controller\GoodsController.class.php 第 64 行.
INFO: [ app_end ] --START--
INFO: Run Behavior\ShowPageTraceBehavior [ RunTime:0.001000s ]
INFO: [ app_end ] --END-- [ RunTime:0.001000s ]

[ 2015-09-23T11:05:13+08:00 ] ::1 /index.php/Admin/Goods/attr.html?id=5
INFO: [ app_begin ] --START--
INFO: Run Behavior\ReadHtmlCacheBehavior [ RunTime:0.000000s ]
INFO: [ app_begin ] --END-- [ RunTime:0.001000s ]
NOTIC: [8] Undefined variable: total_pages A:\word\ymyg\Ls\Admin\Controller\GoodsController.class.php 第 1140 行.
NOTIC: [8] Undefined variable: count A:\word\ymyg\Ls\Admin\Controller\GoodsController.class.php 第 1141 行.
INFO: [ app_end ] --START--
INFO: Run Behavior\ShowPageTraceBehavior [ RunTime:0.001000s ]
INFO: [ app_end ] --END-- [ RunTime:0.001000s ]

[ 2015-09-23T11:05:14+08:00 ] ::1 /index.php/Admin/Goods/log.html?id=5
INFO: [ app_begin ] --START--
INFO: Run Behavior\ReadHtmlCacheBehavior [ RunTime:0.001000s ]
INFO: [ app_begin ] --END-- [ RunTime:0.001000s ]
INFO: [ app_end ] --START--
INFO: Run Behavior\ShowPageTraceBehavior [ RunTime:0.000000s ]
INFO: [ app_end ] --END-- [ RunTime:0.000000s ]

[ 2015-09-23T11:07:55+08:00 ] ::1 /index.php/Admin/goods/Catt.html
INFO: [ app_begin ] --START--
INFO: Run Behavior\ReadHtmlCacheBehavior [ RunTime:0.000000s ]
INFO: [ app_begin ] --END-- [ RunTime:0.000000s ]
INFO: [ app_end ] --START--
INFO: Run Behavior\ShowPageTraceBehavior [ RunTime:0.001001s ]
INFO: [ app_end ] --END-- [ RunTime:0.002001s ]

[ 2015-09-23T11:08:50+08:00 ] ::1 /index.php/Admin/Goods/addaction.html
INFO: [ app_begin ] --START--
INFO: Run Behavior\ReadHtmlCacheBehavior [ RunTime:0.000000s ]
INFO: [ app_begin ] --END-- [ RunTime:0.000000s ]

[ 2015-09-23T11:10:23+08:00 ] ::1 /index.php/Admin/goods/Catt.html
INFO: [ app_begin ] --START--
INFO: Run Behavior\ReadHtmlCacheBehavior [ RunTime:0.001000s ]
INFO: [ app_begin ] --END-- [ RunTime:0.001000s ]
INFO: [ app_end ] --START--
INFO: Run Behavior\ShowPageTraceBehavior [ RunTime:0.002000s ]
INFO: [ app_end ] --END-- [ RunTime:0.002000s ]

[ 2015-09-23T11:11:03+08:00 ] ::1 /index.php/Admin/Goods/addaction.html
INFO: [ app_begin ] --START--
INFO: Run Behavior\ReadHtmlCacheBehavior [ RunTime:0.000000s ]
INFO: [ app_begin ] --END-- [ RunTime:0.000000s ]

[ 2015-09-23T11:12:48+08:00 ] ::1 /index.php/Admin/Goods/addaction.html
INFO: [ app_begin ] --START--
INFO: Run Behavior\ReadHtmlCacheBehavior [ RunTime:0.001000s ]
INFO: [ app_begin ] --END-- [ RunTime:0.001000s ]
NOTIC: [8] Undefined variable: num A:\word\ymyg\Ls\Admin\Controller\GoodsController.class.php 第 350 行.
NOTIC: [8] Undefined variable: porce A:\word\ymyg\Ls\Admin\Controller\GoodsController.class.php 第 351 行.
NOTIC: [8] Undefined variable: res A:\word\ymyg\Ls\Admin\Controller\GoodsController.class.php 第 353 行.
NOTIC: [8] Undefined variable: res1 A:\word\ymyg\Ls\Admin\Controller\GoodsController.class.php 第 355 行.
NOTIC: [8] Undefined variable: res A:\word\ymyg\Ls\Admin\Controller\GoodsController.class.php 第 357 行.
NOTIC: [8] Undefined variable: porce A:\word\ymyg\Ls\Admin\Controller\GoodsController.class.php 第 351 行.
NOTIC: [8] Undefined variable: res A:\word\ymyg\Ls\Admin\Controller\GoodsController.class.php 第 353 行.
NOTIC: [8] Undefined variable: res1 A:\word\ymyg\Ls\Admin\Controller\GoodsController.class.php 第 355 行.
NOTIC: [8] Undefined variable: res A:\word\ymyg\Ls\Admin\Controller\GoodsController.class.php 第 357 行.
NOTIC: [8] Undefined variable: res A:\word\ymyg\Ls\Admin\Controller\GoodsController.class.php 第 353 行.
NOTIC: [8] Undefined variable: res1 A:\word\ymyg\Ls\Admin\Controller\GoodsController.class.php 第 355 行.
NOTIC: [8] Undefined variable: res A:\word\ymyg\Ls\Admin\Controller\GoodsController.class.php 第 357 行.
NOTIC: [8] Undefined variable: res A:\word\ymyg\Ls\Admin\Controller\GoodsController.class.php 第 353 行.
NOTIC: [8] Undefined variable: res1 A:\word\ymyg\Ls\Admin\Controller\GoodsController.class.php 第 355 行.
NOTIC: [8] Undefined variable: res A:\word\ymyg\Ls\Admin\Controller\GoodsController.class.php 第 357 行.
NOTIC: [8] Undefined variable: res A:\word\ymyg\Ls\Admin\Controller\GoodsController.class.php 第 353 行.
NOTIC: [8] Undefined variable: res1 A:\word\ymyg\Ls\Admin\Controller\GoodsController.class.php 第 355 行.
NOTIC: [8] Undefined variable: res A:\word\ymyg\Ls\Admin\Controller\GoodsController.class.php 第 357 行.
NOTIC: [8] Undefined variable: res A:\word\ymyg\Ls\Admin\Controller\GoodsController.class.php 第 353 行.
NOTIC: [8] Undefined variable: res1 A:\word\ymyg\Ls\Admin\Controller\GoodsController.class.php 第 355 行.
NOTIC: [8] Undefined variable: res A:\word\ymyg\Ls\Admin\Controller\GoodsController.class.php 第 357 行.
NOTIC: [8] Undefined variable: res A:\word\ymyg\Ls\Admin\Controller\GoodsController.class.php 第 365 行.
ERR: SQLSTATE[23000]: Integrity constraint violation: 1048 Column 'goods_id' cannot be null

[ 2015-09-23T11:13:48+08:00 ] ::1 /index.php/Admin/Goods/addaction.html
INFO: [ app_begin ] --START--
INFO: Run Behavior\ReadHtmlCacheBehavior [ RunTime:0.001000s ]
INFO: [ app_begin ] --END-- [ RunTime:0.002000s ]
NOTIC: [8] Undefined variable: num A:\word\ymyg\Ls\Admin\Controller\GoodsController.class.php 第 349 行.
NOTIC: [8] Undefined variable: porce A:\word\ymyg\Ls\Admin\Controller\GoodsController.class.php 第 350 行.
NOTIC: [8] Undefined variable: porce A:\word\ymyg\Ls\Admin\Controller\GoodsController.class.php 第 350 行.
NOTIC: [8] Undefined variable: res A:\word\ymyg\Ls\Admin\Controller\GoodsController.class.php 第 364 行.
ERR: SQLSTATE[23000]: Integrity constraint violation: 1048 Column 'goods_id' cannot be null

[ 2015-09-23T11:16:16+08:00 ] ::1 /index.php/Admin/Goods/addaction.html
INFO: [ app_begin ] --START--
INFO: Run Behavior\ReadHtmlCacheBehavior [ RunTime:0.002000s ]
INFO: [ app_begin ] --END-- [ RunTime:0.002000s ]
NOTIC: [8] Undefined variable: res A:\word\ymyg\Ls\Admin\Controller\GoodsController.class.php 第 364 行.
ERR: SQLSTATE[23000]: Integrity constraint violation: 1048 Column 'goods_id' cannot be null

[ 2015-09-23T11:17:42+08:00 ] ::1 /index.php/Admin/Goods/addaction.html
INFO: [ app_begin ] --START--
INFO: Run Behavior\ReadHtmlCacheBehavior [ RunTime:0.001000s ]
INFO: [ app_begin ] --END-- [ RunTime:0.001000s ]
NOTIC: [8] Undefined offset: 1 A:\word\ymyg\Ls\Admin\Controller\GoodsController.class.php 第 372 行.
INFO: [ app_end ] --START--
INFO: Run Behavior\ShowPageTraceBehavior [ RunTime:0.001000s ]
INFO: [ app_end ] --END-- [ RunTime:0.001000s ]

[ 2015-09-23T11:17:46+08:00 ] ::1 /index.php/Admin/Goods/glist.html
INFO: [ app_begin ] --START--
INFO: Run Behavior\ReadHtmlCacheBehavior [ RunTime:0.000000s ]
INFO: [ app_begin ] --END-- [ RunTime:0.000000s ]
NOTIC: [8] Undefined index: filters A:\word\ymyg\Ls\Admin\Controller\GoodsController.class.php 第 64 行.
INFO: [ app_end ] --START--
INFO: Run Behavior\ShowPageTraceBehavior [ RunTime:0.001000s ]
INFO: [ app_end ] --END-- [ RunTime:0.001000s ]

[ 2015-09-23T12:21:37+08:00 ] ::1 /index.php/Admin/goods/Catt.html
INFO: [ app_begin ] --START--
INFO: Run Behavior\ReadHtmlCacheBehavior [ RunTime:0.000000s ]
INFO: [ app_begin ] --END-- [ RunTime:0.001000s ]
INFO: [ app_end ] --START--
INFO: Run Behavior\ShowPageTraceBehavior [ RunTime:0.001000s ]
INFO: [ app_end ] --END-- [ RunTime:0.001000s ]

[ 2015-09-23T12:21:40+08:00 ] ::1 /index.php/Admin/goods/Catt.html
INFO: [ app_begin ] --START--
INFO: Run Behavior\ReadHtmlCacheBehavior [ RunTime:0.000000s ]
INFO: [ app_begin ] --END-- [ RunTime:0.002000s ]
INFO: [ app_end ] --START--
INFO: Run Behavior\ShowPageTraceBehavior [ RunTime:0.001000s ]
INFO: [ app_end ] --END-- [ RunTime:0.001000s ]

[ 2015-09-23T12:21:44+08:00 ] ::1 /index.php/Admin/Goods/addaction.html
INFO: [ app_begin ] --START--
INFO: Run Behavior\ReadHtmlCacheBehavior [ RunTime:0.000000s ]
INFO: [ app_begin ] --END-- [ RunTime:0.001000s ]
NOTIC: [8] Undefined offset: 1 A:\word\ymyg\Ls\Admin\Controller\GoodsController.class.php 第 378 行.
INFO: [ app_end ] --START--
INFO: Run Behavior\ShowPageTraceBehavior [ RunTime:0.000000s ]
INFO: [ app_end ] --END-- [ RunTime:0.000000s ]

[ 2015-09-23T12:21:46+08:00 ] ::1 /index.php/Admin/Goods/glist.html
INFO: [ app_begin ] --START--
INFO: Run Behavior\ReadHtmlCacheBehavior [ RunTime:0.000000s ]
INFO: [ app_begin ] --END-- [ RunTime:0.000000s ]
NOTIC: [8] Undefined index: filters A:\word\ymyg\Ls\Admin\Controller\GoodsController.class.php 第 64 行.
INFO: [ app_end ] --START--
INFO: Run Behavior\ShowPageTraceBehavior [ RunTime:0.001000s ]
INFO: [ app_end ] --END-- [ RunTime:0.001000s ]

[ 2015-09-23T12:23:26+08:00 ] ::1 /index.php/Admin/Goods/upgabout.html
INFO: [ app_begin ] --START--
INFO: Run Behavior\ReadHtmlCacheBehavior [ RunTime:0.000000s ]
INFO: [ app_begin ] --END-- [ RunTime:0.000000s ]
INFO: [ app_end ] --START--
INFO: Run Behavior\ShowPageTraceBehavior [ RunTime:0.001001s ]
INFO: [ app_end ] --END-- [ RunTime:0.001001s ]

[ 2015-09-23T12:24:41+08:00 ] ::1 /index.php/Admin/goods/Catt.html
INFO: [ app_begin ] --START--
INFO: Run Behavior\ReadHtmlCacheBehavior [ RunTime:0.001000s ]
INFO: [ app_begin ] --END-- [ RunTime:0.001000s ]
INFO: [ app_end ] --START--
INFO: Run Behavior\ShowPageTraceBehavior [ RunTime:0.000000s ]
INFO: [ app_end ] --END-- [ RunTime:0.000000s ]

[ 2015-09-23T12:25:22+08:00 ] ::1 /index.php/Admin/Goods/addaction.html
INFO: [ app_begin ] --START--
INFO: Run Behavior\ReadHtmlCacheBehavior [ RunTime:0.000000s ]
INFO: [ app_begin ] --END-- [ RunTime:0.000000s ]
NOTIC: [8] Undefined offset: 1 A:\word\ymyg\Ls\Admin\Controller\GoodsController.class.php 第 378 行.
INFO: [ app_end ] --START--
INFO: Run Behavior\ShowPageTraceBehavior [ RunTime:0.001000s ]
INFO: [ app_end ] --END-- [ RunTime:0.001000s ]

[ 2015-09-23T12:26:39+08:00 ] ::1 /index.php/Admin/goods/Catt.html
INFO: [ app_begin ] --START--
INFO: Run Behavior\ReadHtmlCacheBehavior [ RunTime:0.000000s ]
INFO: [ app_begin ] --END-- [ RunTime:0.001000s ]
INFO: [ app_end ] --START--
INFO: Run Behavior\ShowPageTraceBehavior [ RunTime:0.000000s ]
INFO: [ app_end ] --END-- [ RunTime:0.000000s ]

[ 2015-09-23T12:27:15+08:00 ] ::1 /index.php/Admin/Goods/addaction.html
INFO: [ app_begin ] --START--
INFO: Run Behavior\ReadHtmlCacheBehavior [ RunTime:0.000000s ]
INFO: [ app_begin ] --END-- [ RunTime:0.000000s ]
NOTIC: [8] Undefined offset: 1 A:\word\ymyg\Ls\Admin\Controller\GoodsController.class.php 第 378 行.
INFO: [ app_end ] --START--
INFO: Run Behavior\ShowPageTraceBehavior [ RunTime:0.001000s ]
INFO: [ app_end ] --END-- [ RunTime:0.001000s ]

[ 2015-09-23T12:28:33+08:00 ] ::1 /index.php/Admin/goods/Catt.html
INFO: [ app_begin ] --START--
INFO: Run Behavior\ReadHtmlCacheBehavior [ RunTime:0.000000s ]
INFO: [ app_begin ] --END-- [ RunTime:0.001000s ]
INFO: [ app_end ] --START--
INFO: Run Behavior\ShowPageTraceBehavior [ RunTime:0.001000s ]
INFO: [ app_end ] --END-- [ RunTime:0.001000s ]

[ 2015-09-23T12:29:11+08:00 ] ::1 /index.php/Admin/Goods/addaction.html
INFO: [ app_begin ] --START--
INFO: Run Behavior\ReadHtmlCacheBehavior [ RunTime:0.000000s ]
INFO: [ app_begin ] --END-- [ RunTime:0.000000s ]
NOTIC: [8] Undefined offset: 1 A:\word\ymyg\Ls\Admin\Controller\GoodsController.class.php 第 378 行.
INFO: [ app_end ] --START--
INFO: Run Behavior\ShowPageTraceBehavior [ RunTime:0.001000s ]
INFO: [ app_end ] --END-- [ RunTime:0.001000s ]

[ 2015-09-23T12:33:20+08:00 ] ::1 /index.php/Admin/goods/Catt.html
INFO: [ app_begin ] --START--
INFO: Run Behavior\ReadHtmlCacheBehavior [ RunTime:0.001000s ]
INFO: [ app_begin ] --END-- [ RunTime:0.001000s ]
INFO: [ app_end ] --START--
INFO: Run Behavior\ShowPageTraceBehavior [ RunTime:0.001000s ]
INFO: [ app_end ] --END-- [ RunTime:0.001000s ]

[ 2015-09-23T12:33:39+08:00 ] ::1 /index.php/Admin/Goods/addaction.html
INFO: [ app_begin ] --START--
INFO: Run Behavior\ReadHtmlCacheBehavior [ RunTime:0.000000s ]
INFO: [ app_begin ] --END-- [ RunTime:0.001000s ]
NOTIC: [8] Undefined offset: 1 A:\word\ymyg\Ls\Admin\Controller\GoodsController.class.php 第 382 行.
INFO: [ app_end ] --START--
INFO: Run Behavior\ShowPageTraceBehavior [ RunTime:0.000000s ]
INFO: [ app_end ] --END-- [ RunTime:0.001000s ]

[ 2015-09-23T16:47:17+08:00 ] ::1 /index.php/Admin/Goods/ceshi.html
INFO: [ app_begin ] --START--
INFO: Run Behavior\ReadHtmlCacheBehavior [ RunTime:0.001000s ]
INFO: [ app_begin ] --END-- [ RunTime:0.001000s ]
INFO: [ view_parse ] --START--
INFO: [ template_filter ] --START--
INFO: Run Behavior\ContentReplaceBehavior [ RunTime:0.000000s ]
INFO: [ template_filter ] --END-- [ RunTime:0.000000s ]
NOTIC: [8] Undefined index: flag A:\word\ymyg\Ls\Runtime\Cache\Admin\c9ab8ee1c547f2f30fe5d9149cf6d9d1.php 第 121 行.
NOTIC: [8] Undefined index: flag A:\word\ymyg\Ls\Runtime\Cache\Admin\c9ab8ee1c547f2f30fe5d9149cf6d9d1.php 第 132 行.
NOTIC: [8] Undefined index: flag A:\word\ymyg\Ls\Runtime\Cache\Admin\c9ab8ee1c547f2f30fe5d9149cf6d9d1.php 第 143 行.
NOTIC: [8] Undefined index: flag A:\word\ymyg\Ls\Runtime\Cache\Admin\c9ab8ee1c547f2f30fe5d9149cf6d9d1.php 第 158 行.
NOTIC: [8] Undefined index: flag A:\word\ymyg\Ls\Runtime\Cache\Admin\c9ab8ee1c547f2f30fe5d9149cf6d9d1.php 第 166 行.
NOTIC: [8] Undefined index: flag A:\word\ymyg\Ls\Runtime\Cache\Admin\c9ab8ee1c547f2f30fe5d9149cf6d9d1.php 第 186 行.
NOTIC: [8] Undefined index: flag A:\word\ymyg\Ls\Runtime\Cache\Admin\c9ab8ee1c547f2f30fe5d9149cf6d9d1.php 第 194 行.
NOTIC: [8] Undefined index: flag A:\word\ymyg\Ls\Runtime\Cache\Admin\c9ab8ee1c547f2f30fe5d9149cf6d9d1.php 第 201 行.
NOTIC: [8] Undefined index: flag A:\word\ymyg\Ls\Runtime\Cache\Admin\c9ab8ee1c547f2f30fe5d9149cf6d9d1.php 第 212 行.
NOTIC: [8] Undefined index: flag A:\word\ymyg\Ls\Runtime\Cache\Admin\c9ab8ee1c547f2f30fe5d9149cf6d9d1.php 第 213 行.
NOTIC: [8] Undefined index: flag A:\word\ymyg\Ls\Runtime\Cache\Admin\c9ab8ee1c547f2f30fe5d9149cf6d9d1.php 第 221 行.
NOTIC: [8] Undefined index: flag A:\word\ymyg\Ls\Runtime\Cache\Admin\c9ab8ee1c547f2f30fe5d9149cf6d9d1.php 第 229 行.
NOTIC: [8] Undefined index: flag A:\word\ymyg\Ls\Runtime\Cache\Admin\c9ab8ee1c547f2f30fe5d9149cf6d9d1.php 第 236 行.
NOTIC: [8] Undefined index: flag A:\word\ymyg\Ls\Runtime\Cache\Admin\c9ab8ee1c547f2f30fe5d9149cf6d9d1.php 第 246 行.
NOTIC: [8] Undefined index: flag A:\word\ymyg\Ls\Runtime\Cache\Admin\c9ab8ee1c547f2f30fe5d9149cf6d9d1.php 第 254 行.
NOTIC: [8] Undefined index: flag A:\word\ymyg\Ls\Runtime\Cache\Admin\c9ab8ee1c547f2f30fe5d9149cf6d9d1.php 第 262 行.
NOTIC: [8] Undefined index: flag A:\word\ymyg\Ls\Runtime\Cache\Admin\c9ab8ee1c547f2f30fe5d9149cf6d9d1.php 第 269 行.
NOTIC: [8] Undefined index: flag A:\word\ymyg\Ls\Runtime\Cache\Admin\c9ab8ee1c547f2f30fe5d9149cf6d9d1.php 第 276 行.
NOTIC: [8] Undefined index: flag A:\word\ymyg\Ls\Runtime\Cache\Admin\c9ab8ee1c547f2f30fe5d9149cf6d9d1.php 第 284 行.
NOTIC: [8] Undefined index: flag A:\word\ymyg\Ls\Runtime\Cache\Admin\c9ab8ee1c547f2f30fe5d9149cf6d9d1.php 第 289 行.
NOTIC: [8] Undefined index: flag A:\word\ymyg\Ls\Runtime\Cache\Admin\c9ab8ee1c547f2f30fe5d9149cf6d9d1.php 第 295 行.
NOTIC: [8] Undefined index: flag A:\word\ymyg\Ls\Runtime\Cache\Admin\c9ab8ee1c547f2f30fe5d9149cf6d9d1.php 第 300 行.
NOTIC: [8] Undefined index: flag A:\word\ymyg\Ls\Runtime\Cache\Admin\c9ab8ee1c547f2f30fe5d9149cf6d9d1.php 第 310 行.
NOTIC: [8] Undefined index: flag A:\word\ymyg\Ls\Runtime\Cache\Admin\c9ab8ee1c547f2f30fe5d9149cf6d9d1.php 第 318 行.
NOTIC: [8] Undefined index: flag A:\word\ymyg\Ls\Runtime\Cache\Admin\c9ab8ee1c547f2f30fe5d9149cf6d9d1.php 第 321 行.
NOTIC: [8] Undefined index: flag A:\word\ymyg\Ls\Runtime\Cache\Admin\c9ab8ee1c547f2f30fe5d9149cf6d9d1.php 第 324 行.
NOTIC: [8] Undefined index: flag A:\word\ymyg\Ls\Runtime\Cache\Admin\c9ab8ee1c547f2f30fe5d9149cf6d9d1.php 第 327 行.
NOTIC: [8] Undefined index: flag A:\word\ymyg\Ls\Runtime\Cache\Admin\c9ab8ee1c547f2f30fe5d9149cf6d9d1.php 第 330 行.
NOTIC: [8] Undefined index: flag A:\word\ymyg\Ls\Runtime\Cache\Admin\c9ab8ee1c547f2f30fe5d9149cf6d9d1.php 第 338 行.
NOTIC: [8] Undefined index: flag A:\word\ymyg\Ls\Runtime\Cache\Admin\c9ab8ee1c547f2f30fe5d9149cf6d9d1.php 第 346 行.
NOTIC: [8] Undefined index: flag A:\word\ymyg\Ls\Runtime\Cache\Admin\c9ab8ee1c547f2f30fe5d9149cf6d9d1.php 第 358 行.
NOTIC: [8] Undefined index: flag A:\word\ymyg\Ls\Runtime\Cache\Admin\c9ab8ee1c547f2f30fe5d9149cf6d9d1.php 第 372 行.
NOTIC: [8] Undefined index: flag A:\word\ymyg\Ls\Runtime\Cache\Admin\c9ab8ee1c547f2f30fe5d9149cf6d9d1.php 第 380 行.
NOTIC: [8] Undefined index: flag A:\word\ymyg\Ls\Runtime\Cache\Admin\c9ab8ee1c547f2f30fe5d9149cf6d9d1.php 第 387 行.
NOTIC: [8] Undefined index: flag A:\word\ymyg\Ls\Runtime\Cache\Admin\c9ab8ee1c547f2f30fe5d9149cf6d9d1.php 第 394 行.
NOTIC: [8] Use of undefined constant goods - assumed 'goods' A:\word\ymyg\Ls\Runtime\Cache\Admin\c9ab8ee1c547f2f30fe5d9149cf6d9d1.php 第 572 行.
NOTIC: [8] Use of undefined constant ceshi2 - assumed 'ceshi2' A:\word\ymyg\Ls\Runtime\Cache\Admin\c9ab8ee1c547f2f30fe5d9149cf6d9d1.php 第 572 行.
NOTIC: [2] Division by zero A:\word\ymyg\Ls\Runtime\Cache\Admin\c9ab8ee1c547f2f30fe5d9149cf6d9d1.php 第 572 行.
INFO: Run Behavior\ParseTemplateBehavior [ RunTime:0.041002s ]
INFO: [ view_parse ] --END-- [ RunTime:0.041002s ]
INFO: [ view_filter ] --START--
INFO: Run Behavior\WriteHtmlCacheBehavior [ RunTime:0.000000s ]
INFO: Run Behavior\TokenBuildBehavior [ RunTime:0.002000s ]
INFO: [ view_filter ] --END-- [ RunTime:0.002000s ]
INFO: [ app_end ] --START--
INFO: Run Behavior\ShowPageTraceBehavior [ RunTime:0.001000s ]
INFO: [ app_end ] --END-- [ RunTime:0.002000s ]

[ 2015-09-23T16:47:59+08:00 ] ::1 /index.php/Admin/Goods/ceshi.html
INFO: [ app_begin ] --START--
INFO: Run Behavior\ReadHtmlCacheBehavior [ RunTime:0.001000s ]
INFO: [ app_begin ] --END-- [ RunTime:0.001000s ]
INFO: [ view_parse ] --START--
INFO: [ template_filter ] --START--
INFO: Run Behavior\ContentReplaceBehavior [ RunTime:0.000000s ]
INFO: [ template_filter ] --END-- [ RunTime:0.000000s ]
NOTIC: [8] Undefined index: flag A:\word\ymyg\Ls\Runtime\Cache\Admin\c9ab8ee1c547f2f30fe5d9149cf6d9d1.php 第 121 行.
NOTIC: [8] Undefined index: flag A:\word\ymyg\Ls\Runtime\Cache\Admin\c9ab8ee1c547f2f30fe5d9149cf6d9d1.php 第 132 行.
NOTIC: [8] Undefined index: flag A:\word\ymyg\Ls\Runtime\Cache\Admin\c9ab8ee1c547f2f30fe5d9149cf6d9d1.php 第 143 行.
NOTIC: [8] Undefined index: flag A:\word\ymyg\Ls\Runtime\Cache\Admin\c9ab8ee1c547f2f30fe5d9149cf6d9d1.php 第 158 行.
NOTIC: [8] Undefined index: flag A:\word\ymyg\Ls\Runtime\Cache\Admin\c9ab8ee1c547f2f30fe5d9149cf6d9d1.php 第 166 行.
NOTIC: [8] Undefined index: flag A:\word\ymyg\Ls\Runtime\Cache\Admin\c9ab8ee1c547f2f30fe5d9149cf6d9d1.php 第 186 行.
NOTIC: [8] Undefined index: flag A:\word\ymyg\Ls\Runtime\Cache\Admin\c9ab8ee1c547f2f30fe5d9149cf6d9d1.php 第 194 行.
NOTIC: [8] Undefined index: flag A:\word\ymyg\Ls\Runtime\Cache\Admin\c9ab8ee1c547f2f30fe5d9149cf6d9d1.php 第 201 行.
NOTIC: [8] Undefined index: flag A:\word\ymyg\Ls\Runtime\Cache\Admin\c9ab8ee1c547f2f30fe5d9149cf6d9d1.php 第 212 行.
NOTIC: [8] Undefined index: flag A:\word\ymyg\Ls\Runtime\Cache\Admin\c9ab8ee1c547f2f30fe5d9149cf6d9d1.php 第 213 行.
NOTIC: [8] Undefined index: flag A:\word\ymyg\Ls\Runtime\Cache\Admin\c9ab8ee1c547f2f30fe5d9149cf6d9d1.php 第 221 行.
NOTIC: [8] Undefined index: flag A:\word\ymyg\Ls\Runtime\Cache\Admin\c9ab8ee1c547f2f30fe5d9149cf6d9d1.php 第 229 行.
NOTIC: [8] Undefined index: flag A:\word\ymyg\Ls\Runtime\Cache\Admin\c9ab8ee1c547f2f30fe5d9149cf6d9d1.php 第 236 行.
NOTIC: [8] Undefined index: flag A:\word\ymyg\Ls\Runtime\Cache\Admin\c9ab8ee1c547f2f30fe5d9149cf6d9d1.php 第 246 行.
NOTIC: [8] Undefined index: flag A:\word\ymyg\Ls\Runtime\Cache\Admin\c9ab8ee1c547f2f30fe5d9149cf6d9d1.php 第 254 行.
NOTIC: [8] Undefined index: flag A:\word\ymyg\Ls\Runtime\Cache\Admin\c9ab8ee1c547f2f30fe5d9149cf6d9d1.php 第 262 行.
NOTIC: [8] Undefined index: flag A:\word\ymyg\Ls\Runtime\Cache\Admin\c9ab8ee1c547f2f30fe5d9149cf6d9d1.php 第 269 行.
NOTIC: [8] Undefined index: flag A:\word\ymyg\Ls\Runtime\Cache\Admin\c9ab8ee1c547f2f30fe5d9149cf6d9d1.php 第 276 行.
NOTIC: [8] Undefined index: flag A:\word\ymyg\Ls\Runtime\Cache\Admin\c9ab8ee1c547f2f30fe5d9149cf6d9d1.php 第 284 行.
NOTIC: [8] Undefined index: flag A:\word\ymyg\Ls\Runtime\Cache\Admin\c9ab8ee1c547f2f30fe5d9149cf6d9d1.php 第 289 行.
NOTIC: [8] Undefined index: flag A:\word\ymyg\Ls\Runtime\Cache\Admin\c9ab8ee1c547f2f30fe5d9149cf6d9d1.php 第 295 行.
NOTIC: [8] Undefined index: flag A:\word\ymyg\Ls\Runtime\Cache\Admin\c9ab8ee1c547f2f30fe5d9149cf6d9d1.php 第 300 行.
NOTIC: [8] Undefined index: flag A:\word\ymyg\Ls\Runtime\Cache\Admin\c9ab8ee1c547f2f30fe5d9149cf6d9d1.php 第 310 行.
NOTIC: [8] Undefined index: flag A:\word\ymyg\Ls\Runtime\Cache\Admin\c9ab8ee1c547f2f30fe5d9149cf6d9d1.php 第 318 行.
NOTIC: [8] Undefined index: flag A:\word\ymyg\Ls\Runtime\Cache\Admin\c9ab8ee1c547f2f30fe5d9149cf6d9d1.php 第 321 行.
NOTIC: [8] Undefined index: flag A:\word\ymyg\Ls\Runtime\Cache\Admin\c9ab8ee1c547f2f30fe5d9149cf6d9d1.php 第 324 行.
NOTIC: [8] Undefined index: flag A:\word\ymyg\Ls\Runtime\Cache\Admin\c9ab8ee1c547f2f30fe5d9149cf6d9d1.php 第 327 行.
NOTIC: [8] Undefined index: flag A:\word\ymyg\Ls\Runtime\Cache\Admin\c9ab8ee1c547f2f30fe5d9149cf6d9d1.php 第 330 行.
NOTIC: [8] Undefined index: flag A:\word\ymyg\Ls\Runtime\Cache\Admin\c9ab8ee1c547f2f30fe5d9149cf6d9d1.php 第 338 行.
NOTIC: [8] Undefined index: flag A:\word\ymyg\Ls\Runtime\Cache\Admin\c9ab8ee1c547f2f30fe5d9149cf6d9d1.php 第 346 行.
NOTIC: [8] Undefined index: flag A:\word\ymyg\Ls\Runtime\Cache\Admin\c9ab8ee1c547f2f30fe5d9149cf6d9d1.php 第 358 行.
NOTIC: [8] Undefined index: flag A:\word\ymyg\Ls\Runtime\Cache\Admin\c9ab8ee1c547f2f30fe5d9149cf6d9d1.php 第 372 行.
NOTIC: [8] Undefined index: flag A:\word\ymyg\Ls\Runtime\Cache\Admin\c9ab8ee1c547f2f30fe5d9149cf6d9d1.php 第 380 行.
NOTIC: [8] Undefined index: flag A:\word\ymyg\Ls\Runtime\Cache\Admin\c9ab8ee1c547f2f30fe5d9149cf6d9d1.php 第 387 行.
NOTIC: [8] Undefined index: flag A:\word\ymyg\Ls\Runtime\Cache\Admin\c9ab8ee1c547f2f30fe5d9149cf6d9d1.php 第 394 行.
NOTIC: [8] Use of undefined constant goods - assumed 'goods' A:\word\ymyg\Ls\Runtime\Cache\Admin\c9ab8ee1c547f2f30fe5d9149cf6d9d1.php 第 572 行.
NOTIC: [8] Use of undefined constant ceshi2 - assumed 'ceshi2' A:\word\ymyg\Ls\Runtime\Cache\Admin\c9ab8ee1c547f2f30fe5d9149cf6d9d1.php 第 572 行.
NOTIC: [2] Division by zero A:\word\ymyg\Ls\Runtime\Cache\Admin\c9ab8ee1c547f2f30fe5d9149cf6d9d1.php 第 572 行.
INFO: Run Behavior\ParseTemplateBehavior [ RunTime:0.034002s ]
INFO: [ view_parse ] --END-- [ RunTime:0.034002s ]
INFO: [ view_filter ] --START--
INFO: Run Behavior\WriteHtmlCacheBehavior [ RunTime:0.000000s ]
INFO: Run Behavior\TokenBuildBehavior [ RunTime:0.002001s ]
INFO: [ view_filter ] --END-- [ RunTime:0.002001s ]
INFO: [ app_end ] --START--
INFO: Run Behavior\ShowPageTraceBehavior [ RunTime:0.000000s ]
INFO: [ app_end ] --END-- [ RunTime:0.000000s ]

[ 2015-09-23T16:48:23+08:00 ] ::1 /index.php/Admin/Goods/ceshi.html
INFO: [ app_begin ] --START--
INFO: Run Behavior\ReadHtmlCacheBehavior [ RunTime:0.000000s ]
INFO: [ app_begin ] --END-- [ RunTime:0.000000s ]
INFO: [ view_parse ] --START--
INFO: [ template_filter ] --START--
INFO: Run Behavior\ContentReplaceBehavior [ RunTime:0.000000s ]
INFO: [ template_filter ] --END-- [ RunTime:0.000000s ]
NOTIC: [8] Undefined index: flag A:\word\ymyg\Ls\Runtime\Cache\Admin\c9ab8ee1c547f2f30fe5d9149cf6d9d1.php 第 121 行.
NOTIC: [8] Undefined index: flag A:\word\ymyg\Ls\Runtime\Cache\Admin\c9ab8ee1c547f2f30fe5d9149cf6d9d1.php 第 132 行.
NOTIC: [8] Undefined index: flag A:\word\ymyg\Ls\Runtime\Cache\Admin\c9ab8ee1c547f2f30fe5d9149cf6d9d1.php 第 143 行.
NOTIC: [8] Undefined index: flag A:\word\ymyg\Ls\Runtime\Cache\Admin\c9ab8ee1c547f2f30fe5d9149cf6d9d1.php 第 158 行.
NOTIC: [8] Undefined index: flag A:\word\ymyg\Ls\Runtime\Cache\Admin\c9ab8ee1c547f2f30fe5d9149cf6d9d1.php 第 166 行.
NOTIC: [8] Undefined index: flag A:\word\ymyg\Ls\Runtime\Cache\Admin\c9ab8ee1c547f2f30fe5d9149cf6d9d1.php 第 186 行.
NOTIC: [8] Undefined index: flag A:\word\ymyg\Ls\Runtime\Cache\Admin\c9ab8ee1c547f2f30fe5d9149cf6d9d1.php 第 194 行.
NOTIC: [8] Undefined index: flag A:\word\ymyg\Ls\Runtime\Cache\Admin\c9ab8ee1c547f2f30fe5d9149cf6d9d1.php 第 201 行.
NOTIC: [8] Undefined index: flag A:\word\ymyg\Ls\Runtime\Cache\Admin\c9ab8ee1c547f2f30fe5d9149cf6d9d1.php 第 212 行.
NOTIC: [8] Undefined index: flag A:\word\ymyg\Ls\Runtime\Cache\Admin\c9ab8ee1c547f2f30fe5d9149cf6d9d1.php 第 213 行.
NOTIC: [8] Undefined index: flag A:\word\ymyg\Ls\Runtime\Cache\Admin\c9ab8ee1c547f2f30fe5d9149cf6d9d1.php 第 221 行.
NOTIC: [8] Undefined index: flag A:\word\ymyg\Ls\Runtime\Cache\Admin\c9ab8ee1c547f2f30fe5d9149cf6d9d1.php 第 229 行.
NOTIC: [8] Undefined index: flag A:\word\ymyg\Ls\Runtime\Cache\Admin\c9ab8ee1c547f2f30fe5d9149cf6d9d1.php 第 236 行.
NOTIC: [8] Undefined index: flag A:\word\ymyg\Ls\Runtime\Cache\Admin\c9ab8ee1c547f2f30fe5d9149cf6d9d1.php 第 246 行.
NOTIC: [8] Undefined index: flag A:\word\ymyg\Ls\Runtime\Cache\Admin\c9ab8ee1c547f2f30fe5d9149cf6d9d1.php 第 254 行.
NOTIC: [8] Undefined index: flag A:\word\ymyg\Ls\Runtime\Cache\Admin\c9ab8ee1c547f2f30fe5d9149cf6d9d1.php 第 262 行.
NOTIC: [8] Undefined index: flag A:\word\ymyg\Ls\Runtime\Cache\Admin\c9ab8ee1c547f2f30fe5d9149cf6d9d1.php 第 269 行.
NOTIC: [8] Undefined index: flag A:\word\ymyg\Ls\Runtime\Cache\Admin\c9ab8ee1c547f2f30fe5d9149cf6d9d1.php 第 276 行.
NOTIC: [8] Undefined index: flag A:\word\ymyg\Ls\Runtime\Cache\Admin\c9ab8ee1c547f2f30fe5d9149cf6d9d1.php 第 284 行.
NOTIC: [8] Undefined index: flag A:\word\ymyg\Ls\Runtime\Cache\Admin\c9ab8ee1c547f2f30fe5d9149cf6d9d1.php 第 289 行.
NOTIC: [8] Undefined index: flag A:\word\ymyg\Ls\Runtime\Cache\Admin\c9ab8ee1c547f2f30fe5d9149cf6d9d1.php 第 295 行.
NOTIC: [8] Undefined index: flag A:\word\ymyg\Ls\Runtime\Cache\Admin\c9ab8ee1c547f2f30fe5d9149cf6d9d1.php 第 300 行.
NOTIC: [8] Undefined index: flag A:\word\ymyg\Ls\Runtime\Cache\Admin\c9ab8ee1c547f2f30fe5d9149cf6d9d1.php 第 310 行.
NOTIC: [8] Undefined index: flag A:\word\ymyg\Ls\Runtime\Cache\Admin\c9ab8ee1c547f2f30fe5d9149cf6d9d1.php 第 318 行.
NOTIC: [8] Undefined index: flag A:\word\ymyg\Ls\Runtime\Cache\Admin\c9ab8ee1c547f2f30fe5d9149cf6d9d1.php 第 321 行.
NOTIC: [8] Undefined index: flag A:\word\ymyg\Ls\Runtime\Cache\Admin\c9ab8ee1c547f2f30fe5d9149cf6d9d1.php 第 324 行.
NOTIC: [8] Undefined index: flag A:\word\ymyg\Ls\Runtime\Cache\Admin\c9ab8ee1c547f2f30fe5d9149cf6d9d1.php 第 327 行.
NOTIC: [8] Undefined index: flag A:\word\ymyg\Ls\Runtime\Cache\Admin\c9ab8ee1c547f2f30fe5d9149cf6d9d1.php 第 330 行.
NOTIC: [8] Undefined index: flag A:\word\ymyg\Ls\Runtime\Cache\Admin\c9ab8ee1c547f2f30fe5d9149cf6d9d1.php 第 338 行.
NOTIC: [8] Undefined index: flag A:\word\ymyg\Ls\Runtime\Cache\Admin\c9ab8ee1c547f2f30fe5d9149cf6d9d1.php 第 346 行.
NOTIC: [8] Undefined index: flag A:\word\ymyg\Ls\Runtime\Cache\Admin\c9ab8ee1c547f2f30fe5d9149cf6d9d1.php 第 358 行.
NOTIC: [8] Undefined index: flag A:\word\ymyg\Ls\Runtime\Cache\Admin\c9ab8ee1c547f2f30fe5d9149cf6d9d1.php 第 372 行.
NOTIC: [8] Undefined index: flag A:\word\ymyg\Ls\Runtime\Cache\Admin\c9ab8ee1c547f2f30fe5d9149cf6d9d1.php 第 380 行.
NOTIC: [8] Undefined index: flag A:\word\ymyg\Ls\Runtime\Cache\Admin\c9ab8ee1c547f2f30fe5d9149cf6d9d1.php 第 387 行.
NOTIC: [8] Undefined index: flag A:\word\ymyg\Ls\Runtime\Cache\Admin\c9ab8ee1c547f2f30fe5d9149cf6d9d1.php 第 394 行.
NOTIC: [8] Use of undefined constant goods - assumed 'goods' A:\word\ymyg\Ls\Runtime\Cache\Admin\c9ab8ee1c547f2f30fe5d9149cf6d9d1.php 第 572 行.
NOTIC: [8] Use of undefined constant ceshi2 - assumed 'ceshi2' A:\word\ymyg\Ls\Runtime\Cache\Admin\c9ab8ee1c547f2f30fe5d9149cf6d9d1.php 第 572 行.
NOTIC: [2] Division by zero A:\word\ymyg\Ls\Runtime\Cache\Admin\c9ab8ee1c547f2f30fe5d9149cf6d9d1.php 第 572 行.
INFO: Run Behavior\ParseTemplateBehavior [ RunTime:0.039002s ]
INFO: [ view_parse ] --END-- [ RunTime:0.039002s ]
INFO: [ view_filter ] --START--
INFO: Run Behavior\WriteHtmlCacheBehavior [ RunTime:0.000000s ]
INFO: Run Behavior\TokenBuildBehavior [ RunTime:0.003001s ]
INFO: [ view_filter ] --END-- [ RunTime:0.003001s ]
INFO: [ app_end ] --START--
INFO: Run Behavior\ShowPageTraceBehavior [ RunTime:0.000000s ]
INFO: [ app_end ] --END-- [ RunTime:0.001000s ]

[ 2015-09-23T16:48:54+08:00 ] ::1 /index.php/Admin/Goods/ceshi.html
INFO: [ app_begin ] --START--
INFO: Run Behavior\ReadHtmlCacheBehavior [ RunTime:0.000000s ]
INFO: [ app_begin ] --END-- [ RunTime:0.001000s ]
INFO: [ view_parse ] --START--
INFO: [ template_filter ] --START--
INFO: Run Behavior\ContentReplaceBehavior [ RunTime:0.000000s ]
INFO: [ template_filter ] --END-- [ RunTime:0.000000s ]
NOTIC: [8] Undefined index: flag A:\word\ymyg\Ls\Runtime\Cache\Admin\c9ab8ee1c547f2f30fe5d9149cf6d9d1.php 第 121 行.
NOTIC: [8] Undefined index: flag A:\word\ymyg\Ls\Runtime\Cache\Admin\c9ab8ee1c547f2f30fe5d9149cf6d9d1.php 第 132 行.
NOTIC: [8] Undefined index: flag A:\word\ymyg\Ls\Runtime\Cache\Admin\c9ab8ee1c547f2f30fe5d9149cf6d9d1.php 第 143 行.
NOTIC: [8] Undefined index: flag A:\word\ymyg\Ls\Runtime\Cache\Admin\c9ab8ee1c547f2f30fe5d9149cf6d9d1.php 第 158 行.
NOTIC: [8] Undefined index: flag A:\word\ymyg\Ls\Runtime\Cache\Admin\c9ab8ee1c547f2f30fe5d9149cf6d9d1.php 第 166 行.
NOTIC: [8] Undefined index: flag A:\word\ymyg\Ls\Runtime\Cache\Admin\c9ab8ee1c547f2f30fe5d9149cf6d9d1.php 第 186 行.
NOTIC: [8] Undefined index: flag A:\word\ymyg\Ls\Runtime\Cache\Admin\c9ab8ee1c547f2f30fe5d9149cf6d9d1.php 第 194 行.
NOTIC: [8] Undefined index: flag A:\word\ymyg\Ls\Runtime\Cache\Admin\c9ab8ee1c547f2f30fe5d9149cf6d9d1.php 第 201 行.
NOTIC: [8] Undefined index: flag A:\word\ymyg\Ls\Runtime\Cache\Admin\c9ab8ee1c547f2f30fe5d9149cf6d9d1.php 第 212 行.
NOTIC: [8] Undefined index: flag A:\word\ymyg\Ls\Runtime\Cache\Admin\c9ab8ee1c547f2f30fe5d9149cf6d9d1.php 第 213 行.
NOTIC: [8] Undefined index: flag A:\word\ymyg\Ls\Runtime\Cache\Admin\c9ab8ee1c547f2f30fe5d9149cf6d9d1.php 第 221 行.
NOTIC: [8] Undefined index: flag A:\word\ymyg\Ls\Runtime\Cache\Admin\c9ab8ee1c547f2f30fe5d9149cf6d9d1.php 第 229 行.
NOTIC: [8] Undefined index: flag A:\word\ymyg\Ls\Runtime\Cache\Admin\c9ab8ee1c547f2f30fe5d9149cf6d9d1.php 第 236 行.
NOTIC: [8] Undefined index: flag A:\word\ymyg\Ls\Runtime\Cache\Admin\c9ab8ee1c547f2f30fe5d9149cf6d9d1.php 第 246 行.
NOTIC: [8] Undefined index: flag A:\word\ymyg\Ls\Runtime\Cache\Admin\c9ab8ee1c547f2f30fe5d9149cf6d9d1.php 第 254 行.
NOTIC: [8] Undefined index: flag A:\word\ymyg\Ls\Runtime\Cache\Admin\c9ab8ee1c547f2f30fe5d9149cf6d9d1.php 第 262 行.
NOTIC: [8] Undefined index: flag A:\word\ymyg\Ls\Runtime\Cache\Admin\c9ab8ee1c547f2f30fe5d9149cf6d9d1.php 第 269 行.
NOTIC: [8] Undefined index: flag A:\word\ymyg\Ls\Runtime\Cache\Admin\c9ab8ee1c547f2f30fe5d9149cf6d9d1.php 第 276 行.
NOTIC: [8] Undefined index: flag A:\word\ymyg\Ls\Runtime\Cache\Admin\c9ab8ee1c547f2f30fe5d9149cf6d9d1.php 第 284 行.
NOTIC: [8] Undefined index: flag A:\word\ymyg\Ls\Runtime\Cache\Admin\c9ab8ee1c547f2f30fe5d9149cf6d9d1.php 第 289 行.
NOTIC: [8] Undefined index: flag A:\word\ymyg\Ls\Runtime\Cache\Admin\c9ab8ee1c547f2f30fe5d9149cf6d9d1.php 第 295 行.
NOTIC: [8] Undefined index: flag A:\word\ymyg\Ls\Runtime\Cache\Admin\c9ab8ee1c547f2f30fe5d9149cf6d9d1.php 第 300 行.
NOTIC: [8] Undefined index: flag A:\word\ymyg\Ls\Runtime\Cache\Admin\c9ab8ee1c547f2f30fe5d9149cf6d9d1.php 第 310 行.
NOTIC: [8] Undefined index: flag A:\word\ymyg\Ls\Runtime\Cache\Admin\c9ab8ee1c547f2f30fe5d9149cf6d9d1.php 第 318 行.
NOTIC: [8] Undefined index: flag A:\word\ymyg\Ls\Runtime\Cache\Admin\c9ab8ee1c547f2f30fe5d9149cf6d9d1.php 第 321 行.
NOTIC: [8] Undefined index: flag A:\word\ymyg\Ls\Runtime\Cache\Admin\c9ab8ee1c547f2f30fe5d9149cf6d9d1.php 第 324 行.
NOTIC: [8] Undefined index: flag A:\word\ymyg\Ls\Runtime\Cache\Admin\c9ab8ee1c547f2f30fe5d9149cf6d9d1.php 第 327 行.
NOTIC: [8] Undefined index: flag A:\word\ymyg\Ls\Runtime\Cache\Admin\c9ab8ee1c547f2f30fe5d9149cf6d9d1.php 第 330 行.
NOTIC: [8] Undefined index: flag A:\word\ymyg\Ls\Runtime\Cache\Admin\c9ab8ee1c547f2f30fe5d9149cf6d9d1.php 第 338 行.
NOTIC: [8] Undefined index: flag A:\word\ymyg\Ls\Runtime\Cache\Admin\c9ab8ee1c547f2f30fe5d9149cf6d9d1.php 第 346 行.
NOTIC: [8] Undefined index: flag A:\word\ymyg\Ls\Runtime\Cache\Admin\c9ab8ee1c547f2f30fe5d9149cf6d9d1.php 第 358 行.
NOTIC: [8] Undefined index: flag A:\word\ymyg\Ls\Runtime\Cache\Admin\c9ab8ee1c547f2f30fe5d9149cf6d9d1.php 第 372 行.
NOTIC: [8] Undefined index: flag A:\word\ymyg\Ls\Runtime\Cache\Admin\c9ab8ee1c547f2f30fe5d9149cf6d9d1.php 第 380 行.
NOTIC: [8] Undefined index: flag A:\word\ymyg\Ls\Runtime\Cache\Admin\c9ab8ee1c547f2f30fe5d9149cf6d9d1.php 第 387 行.
NOTIC: [8] Undefined index: flag A:\word\ymyg\Ls\Runtime\Cache\Admin\c9ab8ee1c547f2f30fe5d9149cf6d9d1.php 第 394 行.
NOTIC: [8] Use of undefined constant goods - assumed 'goods' A:\word\ymyg\Ls\Runtime\Cache\Admin\c9ab8ee1c547f2f30fe5d9149cf6d9d1.php 第 572 行.
NOTIC: [8] Use of undefined constant ceshi2 - assumed 'ceshi2' A:\word\ymyg\Ls\Runtime\Cache\Admin\c9ab8ee1c547f2f30fe5d9149cf6d9d1.php 第 572 行.
NOTIC: [2] Division by zero A:\word\ymyg\Ls\Runtime\Cache\Admin\c9ab8ee1c547f2f30fe5d9149cf6d9d1.php 第 572 行.
INFO: Run Behavior\ParseTemplateBehavior [ RunTime:0.038002s ]
INFO: [ view_parse ] --END-- [ RunTime:0.038002s ]
INFO: [ view_filter ] --START--
INFO: Run Behavior\WriteHtmlCacheBehavior [ RunTime:0.000000s ]
INFO: Run Behavior\TokenBuildBehavior [ RunTime:0.002001s ]
INFO: [ view_filter ] --END-- [ RunTime:0.002001s ]
INFO: [ app_end ] --START--
INFO: Run Behavior\ShowPageTraceBehavior [ RunTime:0.000000s ]
INFO: [ app_end ] --END-- [ RunTime:0.000000s ]

[ 2015-09-23T16:50:07+08:00 ] ::1 /index.php/Admin/Goods/ceshi.html
INFO: [ app_begin ] --START--
INFO: Run Behavior\ReadHtmlCacheBehavior [ RunTime:0.000000s ]
INFO: [ app_begin ] --END-- [ RunTime:0.000000s ]
INFO: [ view_parse ] --START--
INFO: [ template_filter ] --START--
INFO: Run Behavior\ContentReplaceBehavior [ RunTime:0.000000s ]
INFO: [ template_filter ] --END-- [ RunTime:0.000000s ]
NOTIC: [8] Undefined index: flag A:\word\ymyg\Ls\Runtime\Cache\Admin\c9ab8ee1c547f2f30fe5d9149cf6d9d1.php 第 121 行.
NOTIC: [8] Undefined index: flag A:\word\ymyg\Ls\Runtime\Cache\Admin\c9ab8ee1c547f2f30fe5d9149cf6d9d1.php 第 132 行.
NOTIC: [8] Undefined index: flag A:\word\ymyg\Ls\Runtime\Cache\Admin\c9ab8ee1c547f2f30fe5d9149cf6d9d1.php 第 143 行.
NOTIC: [8] Undefined index: flag A:\word\ymyg\Ls\Runtime\Cache\Admin\c9ab8ee1c547f2f30fe5d9149cf6d9d1.php 第 158 行.
NOTIC: [8] Undefined index: flag A:\word\ymyg\Ls\Runtime\Cache\Admin\c9ab8ee1c547f2f30fe5d9149cf6d9d1.php 第 166 行.
NOTIC: [8] Undefined index: flag A:\word\ymyg\Ls\Runtime\Cache\Admin\c9ab8ee1c547f2f30fe5d9149cf6d9d1.php 第 186 行.
NOTIC: [8] Undefined index: flag A:\word\ymyg\Ls\Runtime\Cache\Admin\c9ab8ee1c547f2f30fe5d9149cf6d9d1.php 第 194 行.
NOTIC: [8] Undefined index: flag A:\word\ymyg\Ls\Runtime\Cache\Admin\c9ab8ee1c547f2f30fe5d9149cf6d9d1.php 第 201 行.
NOTIC: [8] Undefined index: flag A:\word\ymyg\Ls\Runtime\Cache\Admin\c9ab8ee1c547f2f30fe5d9149cf6d9d1.php 第 212 行.
NOTIC: [8] Undefined index: flag A:\word\ymyg\Ls\Runtime\Cache\Admin\c9ab8ee1c547f2f30fe5d9149cf6d9d1.php 第 213 行.
NOTIC: [8] Undefined index: flag A:\word\ymyg\Ls\Runtime\Cache\Admin\c9ab8ee1c547f2f30fe5d9149cf6d9d1.php 第 221 行.
NOTIC: [8] Undefined index: flag A:\word\ymyg\Ls\Runtime\Cache\Admin\c9ab8ee1c547f2f30fe5d9149cf6d9d1.php 第 229 行.
NOTIC: [8] Undefined index: flag A:\word\ymyg\Ls\Runtime\Cache\Admin\c9ab8ee1c547f2f30fe5d9149cf6d9d1.php 第 236 行.
NOTIC: [8] Undefined index: flag A:\word\ymyg\Ls\Runtime\Cache\Admin\c9ab8ee1c547f2f30fe5d9149cf6d9d1.php 第 246 行.
NOTIC: [8] Undefined index: flag A:\word\ymyg\Ls\Runtime\Cache\Admin\c9ab8ee1c547f2f30fe5d9149cf6d9d1.php 第 254 行.
NOTIC: [8] Undefined index: flag A:\word\ymyg\Ls\Runtime\Cache\Admin\c9ab8ee1c547f2f30fe5d9149cf6d9d1.php 第 262 行.
NOTIC: [8] Undefined index: flag A:\word\ymyg\Ls\Runtime\Cache\Admin\c9ab8ee1c547f2f30fe5d9149cf6d9d1.php 第 269 行.
NOTIC: [8] Undefined index: flag A:\word\ymyg\Ls\Runtime\Cache\Admin\c9ab8ee1c547f2f30fe5d9149cf6d9d1.php 第 276 行.
NOTIC: [8] Undefined index: flag A:\word\ymyg\Ls\Runtime\Cache\Admin\c9ab8ee1c547f2f30fe5d9149cf6d9d1.php 第 284 行.
NOTIC: [8] Undefined index: flag A:\word\ymyg\Ls\Runtime\Cache\Admin\c9ab8ee1c547f2f30fe5d9149cf6d9d1.php 第 289 行.
NOTIC: [8] Undefined index: flag A:\word\ymyg\Ls\Runtime\Cache\Admin\c9ab8ee1c547f2f30fe5d9149cf6d9d1.php 第 295 行.
NOTIC: [8] Undefined index: flag A:\word\ymyg\Ls\Runtime\Cache\Admin\c9ab8ee1c547f2f30fe5d9149cf6d9d1.php 第 300 行.
NOTIC: [8] Undefined index: flag A:\word\ymyg\Ls\Runtime\Cache\Admin\c9ab8ee1c547f2f30fe5d9149cf6d9d1.php 第 310 行.
NOTIC: [8] Undefined index: flag A:\word\ymyg\Ls\Runtime\Cache\Admin\c9ab8ee1c547f2f30fe5d9149cf6d9d1.php 第 318 行.
NOTIC: [8] Undefined index: flag A:\word\ymyg\Ls\Runtime\Cache\Admin\c9ab8ee1c547f2f30fe5d9149cf6d9d1.php 第 321 行.
NOTIC: [8] Undefined index: flag A:\word\ymyg\Ls\Runtime\Cache\Admin\c9ab8ee1c547f2f30fe5d9149cf6d9d1.php 第 324 行.
NOTIC: [8] Undefined index: flag A:\word\ymyg\Ls\Runtime\Cache\Admin\c9ab8ee1c547f2f30fe5d9149cf6d9d1.php 第 327 行.
NOTIC: [8] Undefined index: flag A:\word\ymyg\Ls\Runtime\Cache\Admin\c9ab8ee1c547f2f30fe5d9149cf6d9d1.php 第 330 行.
NOTIC: [8] Undefined index: flag A:\word\ymyg\Ls\Runtime\Cache\Admin\c9ab8ee1c547f2f30fe5d9149cf6d9d1.php 第 338 行.
NOTIC: [8] Undefined index: flag A:\word\ymyg\Ls\Runtime\Cache\Admin\c9ab8ee1c547f2f30fe5d9149cf6d9d1.php 第 346 行.
NOTIC: [8] Undefined index: flag A:\word\ymyg\Ls\Runtime\Cache\Admin\c9ab8ee1c547f2f30fe5d9149cf6d9d1.php 第 358 行.
NOTIC: [8] Undefined index: flag A:\word\ymyg\Ls\Runtime\Cache\Admin\c9ab8ee1c547f2f30fe5d9149cf6d9d1.php 第 372 行.
NOTIC: [8] Undefined index: flag A:\word\ymyg\Ls\Runtime\Cache\Admin\c9ab8ee1c547f2f30fe5d9149cf6d9d1.php 第 380 行.
NOTIC: [8] Undefined index: flag A:\word\ymyg\Ls\Runtime\Cache\Admin\c9ab8ee1c547f2f30fe5d9149cf6d9d1.php 第 387 行.
NOTIC: [8] Undefined index: flag A:\word\ymyg\Ls\Runtime\Cache\Admin\c9ab8ee1c547f2f30fe5d9149cf6d9d1.php 第 394 行.
NOTIC: [8] Use of undefined constant goods - assumed 'goods' A:\word\ymyg\Ls\Runtime\Cache\Admin\c9ab8ee1c547f2f30fe5d9149cf6d9d1.php 第 572 行.
NOTIC: [8] Use of undefined constant ceshi2 - assumed 'ceshi2' A:\word\ymyg\Ls\Runtime\Cache\Admin\c9ab8ee1c547f2f30fe5d9149cf6d9d1.php 第 572 行.
NOTIC: [2] Division by zero A:\word\ymyg\Ls\Runtime\Cache\Admin\c9ab8ee1c547f2f30fe5d9149cf6d9d1.php 第 572 行.
INFO: Run Behavior\ParseTemplateBehavior [ RunTime:0.035002s ]
INFO: [ view_parse ] --END-- [ RunTime:0.035002s ]
INFO: [ view_filter ] --START--
INFO: Run Behavior\WriteHtmlCacheBehavior [ RunTime:0.000000s ]
INFO: Run Behavior\TokenBuildBehavior [ RunTime:0.002001s ]
INFO: [ view_filter ] --END-- [ RunTime:0.002001s ]
INFO: [ app_end ] --START--
INFO: Run Behavior\ShowPageTraceBehavior [ RunTime:0.001000s ]
INFO: [ app_end ] --END-- [ RunTime:0.001000s ]

[ 2015-09-23T16:51:00+08:00 ] ::1 /index.php/Admin/Goods/ceshi.html
INFO: [ app_begin ] --START--
INFO: Run Behavior\ReadHtmlCacheBehavior [ RunTime:0.000000s ]
INFO: [ app_begin ] --END-- [ RunTime:0.001000s ]
INFO: [ view_parse ] --START--
INFO: [ template_filter ] --START--
INFO: Run Behavior\ContentReplaceBehavior [ RunTime:0.001000s ]
INFO: [ template_filter ] --END-- [ RunTime:0.001000s ]
NOTIC: [8] Undefined index: flag A:\word\ymyg\Ls\Runtime\Cache\Admin\c9ab8ee1c547f2f30fe5d9149cf6d9d1.php 第 121 行.
NOTIC: [8] Undefined index: flag A:\word\ymyg\Ls\Runtime\Cache\Admin\c9ab8ee1c547f2f30fe5d9149cf6d9d1.php 第 132 行.
NOTIC: [8] Undefined index: flag A:\word\ymyg\Ls\Runtime\Cache\Admin\c9ab8ee1c547f2f30fe5d9149cf6d9d1.php 第 143 行.
NOTIC: [8] Undefined index: flag A:\word\ymyg\Ls\Runtime\Cache\Admin\c9ab8ee1c547f2f30fe5d9149cf6d9d1.php 第 158 行.
NOTIC: [8] Undefined index: flag A:\word\ymyg\Ls\Runtime\Cache\Admin\c9ab8ee1c547f2f30fe5d9149cf6d9d1.php 第 166 行.
NOTIC: [8] Undefined index: flag A:\word\ymyg\Ls\Runtime\Cache\Admin\c9ab8ee1c547f2f30fe5d9149cf6d9d1.php 第 186 行.
NOTIC: [8] Undefined index: flag A:\word\ymyg\Ls\Runtime\Cache\Admin\c9ab8ee1c547f2f30fe5d9149cf6d9d1.php 第 194 行.
NOTIC: [8] Undefined index: flag A:\word\ymyg\Ls\Runtime\Cache\Admin\c9ab8ee1c547f2f30fe5d9149cf6d9d1.php 第 201 行.
NOTIC: [8] Undefined index: flag A:\word\ymyg\Ls\Runtime\Cache\Admin\c9ab8ee1c547f2f30fe5d9149cf6d9d1.php 第 212 行.
NOTIC: [8] Undefined index: flag A:\word\ymyg\Ls\Runtime\Cache\Admin\c9ab8ee1c547f2f30fe5d9149cf6d9d1.php 第 213 行.
NOTIC: [8] Undefined index: flag A:\word\ymyg\Ls\Runtime\Cache\Admin\c9ab8ee1c547f2f30fe5d9149cf6d9d1.php 第 221 行.
NOTIC: [8] Undefined index: flag A:\word\ymyg\Ls\Runtime\Cache\Admin\c9ab8ee1c547f2f30fe5d9149cf6d9d1.php 第 229 行.
NOTIC: [8] Undefined index: flag A:\word\ymyg\Ls\Runtime\Cache\Admin\c9ab8ee1c547f2f30fe5d9149cf6d9d1.php 第 236 行.
NOTIC: [8] Undefined index: flag A:\word\ymyg\Ls\Runtime\Cache\Admin\c9ab8ee1c547f2f30fe5d9149cf6d9d1.php 第 246 行.
NOTIC: [8] Undefined index: flag A:\word\ymyg\Ls\Runtime\Cache\Admin\c9ab8ee1c547f2f30fe5d9149cf6d9d1.php 第 254 行.
NOTIC: [8] Undefined index: flag A:\word\ymyg\Ls\Runtime\Cache\Admin\c9ab8ee1c547f2f30fe5d9149cf6d9d1.php 第 262 行.
NOTIC: [8] Undefined index: flag A:\word\ymyg\Ls\Runtime\Cache\Admin\c9ab8ee1c547f2f30fe5d9149cf6d9d1.php 第 269 行.
NOTIC: [8] Undefined index: flag A:\word\ymyg\Ls\Runtime\Cache\Admin\c9ab8ee1c547f2f30fe5d9149cf6d9d1.php 第 276 行.
NOTIC: [8] Undefined index: flag A:\word\ymyg\Ls\Runtime\Cache\Admin\c9ab8ee1c547f2f30fe5d9149cf6d9d1.php 第 284 行.
NOTIC: [8] Undefined index: flag A:\word\ymyg\Ls\Runtime\Cache\Admin\c9ab8ee1c547f2f30fe5d9149cf6d9d1.php 第 289 行.
NOTIC: [8] Undefined index: flag A:\word\ymyg\Ls\Runtime\Cache\Admin\c9ab8ee1c547f2f30fe5d9149cf6d9d1.php 第 295 行.
NOTIC: [8] Undefined index: flag A:\word\ymyg\Ls\Runtime\Cache\Admin\c9ab8ee1c547f2f30fe5d9149cf6d9d1.php 第 300 行.
NOTIC: [8] Undefined index: flag A:\word\ymyg\Ls\Runtime\Cache\Admin\c9ab8ee1c547f2f30fe5d9149cf6d9d1.php 第 310 行.
NOTIC: [8] Undefined index: flag A:\word\ymyg\Ls\Runtime\Cache\Admin\c9ab8ee1c547f2f30fe5d9149cf6d9d1.php 第 318 行.
NOTIC: [8] Undefined index: flag A:\word\ymyg\Ls\Runtime\Cache\Admin\c9ab8ee1c547f2f30fe5d9149cf6d9d1.php 第 321 行.
NOTIC: [8] Undefined index: flag A:\word\ymyg\Ls\Runtime\Cache\Admin\c9ab8ee1c547f2f30fe5d9149cf6d9d1.php 第 324 行.
NOTIC: [8] Undefined index: flag A:\word\ymyg\Ls\Runtime\Cache\Admin\c9ab8ee1c547f2f30fe5d9149cf6d9d1.php 第 327 行.
NOTIC: [8] Undefined index: flag A:\word\ymyg\Ls\Runtime\Cache\Admin\c9ab8ee1c547f2f30fe5d9149cf6d9d1.php 第 330 行.
NOTIC: [8] Undefined index: flag A:\word\ymyg\Ls\Runtime\Cache\Admin\c9ab8ee1c547f2f30fe5d9149cf6d9d1.php 第 338 行.
NOTIC: [8] Undefined index: flag A:\word\ymyg\Ls\Runtime\Cache\Admin\c9ab8ee1c547f2f30fe5d9149cf6d9d1.php 第 346 行.
NOTIC: [8] Undefined index: flag A:\word\ymyg\Ls\Runtime\Cache\Admin\c9ab8ee1c547f2f30fe5d9149cf6d9d1.php 第 358 行.
NOTIC: [8] Undefined index: flag A:\word\ymyg\Ls\Runtime\Cache\Admin\c9ab8ee1c547f2f30fe5d9149cf6d9d1.php 第 372 行.
NOTIC: [8] Undefined index: flag A:\word\ymyg\Ls\Runtime\Cache\Admin\c9ab8ee1c547f2f30fe5d9149cf6d9d1.php 第 380 行.
NOTIC: [8] Undefined index: flag A:\word\ymyg\Ls\Runtime\Cache\Admin\c9ab8ee1c547f2f30fe5d9149cf6d9d1.php 第 387 行.
NOTIC: [8] Undefined index: flag A:\word\ymyg\Ls\Runtime\Cache\Admin\c9ab8ee1c547f2f30fe5d9149cf6d9d1.php 第 394 行.
NOTIC: [8] Use of undefined constant goods - assumed 'goods' A:\word\ymyg\Ls\Runtime\Cache\Admin\c9ab8ee1c547f2f30fe5d9149cf6d9d1.php 第 572 行.
NOTIC: [8] Use of undefined constant ceshi2 - assumed 'ceshi2' A:\word\ymyg\Ls\Runtime\Cache\Admin\c9ab8ee1c547f2f30fe5d9149cf6d9d1.php 第 572 行.
NOTIC: [2] Division by zero A:\word\ymyg\Ls\Runtime\Cache\Admin\c9ab8ee1c547f2f30fe5d9149cf6d9d1.php 第 572 行.
INFO: Run Behavior\ParseTemplateBehavior [ RunTime:0.033001s ]
INFO: [ view_parse ] --END-- [ RunTime:0.035002s ]
INFO: [ view_filter ] --START--
INFO: Run Behavior\WriteHtmlCacheBehavior [ RunTime:0.000000s ]
INFO: Run Behavior\TokenBuildBehavior [ RunTime:0.002001s ]
INFO: [ view_filter ] --END-- [ RunTime:0.002001s ]
INFO: [ app_end ] --START--
INFO: Run Behavior\ShowPageTraceBehavior [ RunTime:0.001000s ]
INFO: [ app_end ] --END-- [ RunTime:0.001000s ]

[ 2015-09-23T16:51:20+08:00 ] ::1 /index.php/Admin/Goods/ceshi.html
INFO: [ app_begin ] --START--
INFO: Run Behavior\ReadHtmlCacheBehavior [ RunTime:0.001000s ]
INFO: [ app_begin ] --END-- [ RunTime:0.001000s ]
INFO: [ view_parse ] --START--
INFO: [ template_filter ] --START--
INFO: Run Behavior\ContentReplaceBehavior [ RunTime:0.000000s ]
INFO: [ template_filter ] --END-- [ RunTime:0.000000s ]
NOTIC: [8] Undefined index: flag A:\word\ymyg\Ls\Runtime\Cache\Admin\c9ab8ee1c547f2f30fe5d9149cf6d9d1.php 第 121 行.
NOTIC: [8] Undefined index: flag A:\word\ymyg\Ls\Runtime\Cache\Admin\c9ab8ee1c547f2f30fe5d9149cf6d9d1.php 第 132 行.
NOTIC: [8] Undefined index: flag A:\word\ymyg\Ls\Runtime\Cache\Admin\c9ab8ee1c547f2f30fe5d9149cf6d9d1.php 第 143 行.
NOTIC: [8] Undefined index: flag A:\word\ymyg\Ls\Runtime\Cache\Admin\c9ab8ee1c547f2f30fe5d9149cf6d9d1.php 第 158 行.
NOTIC: [8] Undefined index: flag A:\word\ymyg\Ls\Runtime\Cache\Admin\c9ab8ee1c547f2f30fe5d9149cf6d9d1.php 第 166 行.
NOTIC: [8] Undefined index: flag A:\word\ymyg\Ls\Runtime\Cache\Admin\c9ab8ee1c547f2f30fe5d9149cf6d9d1.php 第 186 行.
NOTIC: [8] Undefined index: flag A:\word\ymyg\Ls\Runtime\Cache\Admin\c9ab8ee1c547f2f30fe5d9149cf6d9d1.php 第 194 行.
NOTIC: [8] Undefined index: flag A:\word\ymyg\Ls\Runtime\Cache\Admin\c9ab8ee1c547f2f30fe5d9149cf6d9d1.php 第 201 行.
NOTIC: [8] Undefined index: flag A:\word\ymyg\Ls\Runtime\Cache\Admin\c9ab8ee1c547f2f30fe5d9149cf6d9d1.php 第 212 行.
NOTIC: [8] Undefined index: flag A:\word\ymyg\Ls\Runtime\Cache\Admin\c9ab8ee1c547f2f30fe5d9149cf6d9d1.php 第 213 行.
NOTIC: [8] Undefined index: flag A:\word\ymyg\Ls\Runtime\Cache\Admin\c9ab8ee1c547f2f30fe5d9149cf6d9d1.php 第 221 行.
NOTIC: [8] Undefined index: flag A:\word\ymyg\Ls\Runtime\Cache\Admin\c9ab8ee1c547f2f30fe5d9149cf6d9d1.php 第 229 行.
NOTIC: [8] Undefined index: flag A:\word\ymyg\Ls\Runtime\Cache\Admin\c9ab8ee1c547f2f30fe5d9149cf6d9d1.php 第 236 行.
NOTIC: [8] Undefined index: flag A:\word\ymyg\Ls\Runtime\Cache\Admin\c9ab8ee1c547f2f30fe5d9149cf6d9d1.php 第 246 行.
NOTIC: [8] Undefined index: flag A:\word\ymyg\Ls\Runtime\Cache\Admin\c9ab8ee1c547f2f30fe5d9149cf6d9d1.php 第 254 行.
NOTIC: [8] Undefined index: flag A:\word\ymyg\Ls\Runtime\Cache\Admin\c9ab8ee1c547f2f30fe5d9149cf6d9d1.php 第 262 行.
NOTIC: [8] Undefined index: flag A:\word\ymyg\Ls\Runtime\Cache\Admin\c9ab8ee1c547f2f30fe5d9149cf6d9d1.php 第 269 行.
NOTIC: [8] Undefined index: flag A:\word\ymyg\Ls\Runtime\Cache\Admin\c9ab8ee1c547f2f30fe5d9149cf6d9d1.php 第 276 行.
NOTIC: [8] Undefined index: flag A:\word\ymyg\Ls\Runtime\Cache\Admin\c9ab8ee1c547f2f30fe5d9149cf6d9d1.php 第 284 行.
NOTIC: [8] Undefined index: flag A:\word\ymyg\Ls\Runtime\Cache\Admin\c9ab8ee1c547f2f30fe5d9149cf6d9d1.php 第 289 行.
NOTIC: [8] Undefined index: flag A:\word\ymyg\Ls\Runtime\Cache\Admin\c9ab8ee1c547f2f30fe5d9149cf6d9d1.php 第 295 行.
NOTIC: [8] Undefined index: flag A:\word\ymyg\Ls\Runtime\Cache\Admin\c9ab8ee1c547f2f30fe5d9149cf6d9d1.php 第 300 行.
NOTIC: [8] Undefined index: flag A:\word\ymyg\Ls\Runtime\Cache\Admin\c9ab8ee1c547f2f30fe5d9149cf6d9d1.php 第 310 行.
NOTIC: [8] Undefined index: flag A:\word\ymyg\Ls\Runtime\Cache\Admin\c9ab8ee1c547f2f30fe5d9149cf6d9d1.php 第 318 行.
NOTIC: [8] Undefined index: flag A:\word\ymyg\Ls\Runtime\Cache\Admin\c9ab8ee1c547f2f30fe5d9149cf6d9d1.php 第 321 行.
NOTIC: [8] Undefined index: flag A:\word\ymyg\Ls\Runtime\Cache\Admin\c9ab8ee1c547f2f30fe5d9149cf6d9d1.php 第 324 行.
NOTIC: [8] Undefined index: flag A:\word\ymyg\Ls\Runtime\Cache\Admin\c9ab8ee1c547f2f30fe5d9149cf6d9d1.php 第 327 行.
NOTIC: [8] Undefined index: flag A:\word\ymyg\Ls\Runtime\Cache\Admin\c9ab8ee1c547f2f30fe5d9149cf6d9d1.php 第 330 行.
NOTIC: [8] Undefined index: flag A:\word\ymyg\Ls\Runtime\Cache\Admin\c9ab8ee1c547f2f30fe5d9149cf6d9d1.php 第 338 行.
NOTIC: [8] Undefined index: flag A:\word\ymyg\Ls\Runtime\Cache\Admin\c9ab8ee1c547f2f30fe5d9149cf6d9d1.php 第 346 行.
NOTIC: [8] Undefined index: flag A:\word\ymyg\Ls\Runtime\Cache\Admin\c9ab8ee1c547f2f30fe5d9149cf6d9d1.php 第 358 行.
NOTIC: [8] Undefined index: flag A:\word\ymyg\Ls\Runtime\Cache\Admin\c9ab8ee1c547f2f30fe5d9149cf6d9d1.php 第 372 行.
NOTIC: [8] Undefined index: flag A:\word\ymyg\Ls\Runtime\Cache\Admin\c9ab8ee1c547f2f30fe5d9149cf6d9d1.php 第 380 行.
NOTIC: [8] Undefined index: flag A:\word\ymyg\Ls\Runtime\Cache\Admin\c9ab8ee1c547f2f30fe5d9149cf6d9d1.php 第 387 行.
NOTIC: [8] Undefined index: flag A:\word\ymyg\Ls\Runtime\Cache\Admin\c9ab8ee1c547f2f30fe5d9149cf6d9d1.php 第 394 行.
NOTIC: [8] Use of undefined constant goods - assumed 'goods' A:\word\ymyg\Ls\Runtime\Cache\Admin\c9ab8ee1c547f2f30fe5d9149cf6d9d1.php 第 572 行.
NOTIC: [8] Use of undefined constant ceshi2 - assumed 'ceshi2' A:\word\ymyg\Ls\Runtime\Cache\Admin\c9ab8ee1c547f2f30fe5d9149cf6d9d1.php 第 572 行.
NOTIC: [2] Division by zero A:\word\ymyg\Ls\Runtime\Cache\Admin\c9ab8ee1c547f2f30fe5d9149cf6d9d1.php 第 572 行.
INFO: Run Behavior\ParseTemplateBehavior [ RunTime:0.033002s ]
INFO: [ view_parse ] --END-- [ RunTime:0.033002s ]
INFO: [ view_filter ] --START--
INFO: Run Behavior\WriteHtmlCacheBehavior [ RunTime:0.001000s ]
INFO: Run Behavior\TokenBuildBehavior [ RunTime:0.002000s ]
INFO: [ view_filter ] --END-- [ RunTime:0.003000s ]
INFO: [ app_end ] --START--
INFO: Run Behavior\ShowPageTraceBehavior [ RunTime:0.000000s ]
INFO: [ app_end ] --END-- [ RunTime:0.000000s ]

[ 2015-09-23T16:52:12+08:00 ] ::1 /index.php/Admin/Goods/ceshi.html
INFO: [ app_begin ] --START--
INFO: Run Behavior\ReadHtmlCacheBehavior [ RunTime:0.001000s ]
INFO: [ app_begin ] --END-- [ RunTime:0.001000s ]
INFO: [ view_parse ] --START--
INFO: [ template_filter ] --START--
INFO: Run Behavior\ContentReplaceBehavior [ RunTime:0.000000s ]
INFO: [ template_filter ] --END-- [ RunTime:0.000000s ]
NOTIC: [8] Undefined index: flag A:\word\ymyg\Ls\Runtime\Cache\Admin\c9ab8ee1c547f2f30fe5d9149cf6d9d1.php 第 121 行.
NOTIC: [8] Undefined index: flag A:\word\ymyg\Ls\Runtime\Cache\Admin\c9ab8ee1c547f2f30fe5d9149cf6d9d1.php 第 132 行.
NOTIC: [8] Undefined index: flag A:\word\ymyg\Ls\Runtime\Cache\Admin\c9ab8ee1c547f2f30fe5d9149cf6d9d1.php 第 143 行.
NOTIC: [8] Undefined index: flag A:\word\ymyg\Ls\Runtime\Cache\Admin\c9ab8ee1c547f2f30fe5d9149cf6d9d1.php 第 158 行.
NOTIC: [8] Undefined index: flag A:\word\ymyg\Ls\Runtime\Cache\Admin\c9ab8ee1c547f2f30fe5d9149cf6d9d1.php 第 166 行.
NOTIC: [8] Undefined index: flag A:\word\ymyg\Ls\Runtime\Cache\Admin\c9ab8ee1c547f2f30fe5d9149cf6d9d1.php 第 186 行.
NOTIC: [8] Undefined index: flag A:\word\ymyg\Ls\Runtime\Cache\Admin\c9ab8ee1c547f2f30fe5d9149cf6d9d1.php 第 194 行.
NOTIC: [8] Undefined index: flag A:\word\ymyg\Ls\Runtime\Cache\Admin\c9ab8ee1c547f2f30fe5d9149cf6d9d1.php 第 201 行.
NOTIC: [8] Undefined index: flag A:\word\ymyg\Ls\Runtime\Cache\Admin\c9ab8ee1c547f2f30fe5d9149cf6d9d1.php 第 212 行.
NOTIC: [8] Undefined index: flag A:\word\ymyg\Ls\Runtime\Cache\Admin\c9ab8ee1c547f2f30fe5d9149cf6d9d1.php 第 213 行.
NOTIC: [8] Undefined index: flag A:\word\ymyg\Ls\Runtime\Cache\Admin\c9ab8ee1c547f2f30fe5d9149cf6d9d1.php 第 221 行.
NOTIC: [8] Undefined index: flag A:\word\ymyg\Ls\Runtime\Cache\Admin\c9ab8ee1c547f2f30fe5d9149cf6d9d1.php 第 229 行.
NOTIC: [8] Undefined index: flag A:\word\ymyg\Ls\Runtime\Cache\Admin\c9ab8ee1c547f2f30fe5d9149cf6d9d1.php 第 236 行.
NOTIC: [8] Undefined index: flag A:\word\ymyg\Ls\Runtime\Cache\Admin\c9ab8ee1c547f2f30fe5d9149cf6d9d1.php 第 246 行.
NOTIC: [8] Undefined index: flag A:\word\ymyg\Ls\Runtime\Cache\Admin\c9ab8ee1c547f2f30fe5d9149cf6d9d1.php 第 254 行.
NOTIC: [8] Undefined index: flag A:\word\ymyg\Ls\Runtime\Cache\Admin\c9ab8ee1c547f2f30fe5d9149cf6d9d1.php 第 262 行.
NOTIC: [8] Undefined index: flag A:\word\ymyg\Ls\Runtime\Cache\Admin\c9ab8ee1c547f2f30fe5d9149cf6d9d1.php 第 269 行.
NOTIC: [8] Undefined index: flag A:\word\ymyg\Ls\Runtime\Cache\Admin\c9ab8ee1c547f2f30fe5d9149cf6d9d1.php 第 276 行.
NOTIC: [8] Undefined index: flag A:\word\ymyg\Ls\Runtime\Cache\Admin\c9ab8ee1c547f2f30fe5d9149cf6d9d1.php 第 284 行.
NOTIC: [8] Undefined index: flag A:\word\ymyg\Ls\Runtime\Cache\Admin\c9ab8ee1c547f2f30fe5d9149cf6d9d1.php 第 289 行.
NOTIC: [8] Undefined index: flag A:\word\ymyg\Ls\Runtime\Cache\Admin\c9ab8ee1c547f2f30fe5d9149cf6d9d1.php 第 295 行.
NOTIC: [8] Undefined index: flag A:\word\ymyg\Ls\Runtime\Cache\Admin\c9ab8ee1c547f2f30fe5d9149cf6d9d1.php 第 300 行.
NOTIC: [8] Undefined index: flag A:\word\ymyg\Ls\Runtime\Cache\Admin\c9ab8ee1c547f2f30fe5d9149cf6d9d1.php 第 310 行.
NOTIC: [8] Undefined index: flag A:\word\ymyg\Ls\Runtime\Cache\Admin\c9ab8ee1c547f2f30fe5d9149cf6d9d1.php 第 318 行.
NOTIC: [8] Undefined index: flag A:\word\ymyg\Ls\Runtime\Cache\Admin\c9ab8ee1c547f2f30fe5d9149cf6d9d1.php 第 321 行.
NOTIC: [8] Undefined index: flag A:\word\ymyg\Ls\Runtime\Cache\Admin\c9ab8ee1c547f2f30fe5d9149cf6d9d1.php 第 324 行.
NOTIC: [8] Undefined index: flag A:\word\ymyg\Ls\Runtime\Cache\Admin\c9ab8ee1c547f2f30fe5d9149cf6d9d1.php 第 327 行.
NOTIC: [8] Undefined index: flag A:\word\ymyg\Ls\Runtime\Cache\Admin\c9ab8ee1c547f2f30fe5d9149cf6d9d1.php 第 330 行.
NOTIC: [8] Undefined index: flag A:\word\ymyg\Ls\Runtime\Cache\Admin\c9ab8ee1c547f2f30fe5d9149cf6d9d1.php 第 338 行.
NOTIC: [8] Undefined index: flag A:\word\ymyg\Ls\Runtime\Cache\Admin\c9ab8ee1c547f2f30fe5d9149cf6d9d1.php 第 346 行.
NOTIC: [8] Undefined index: flag A:\word\ymyg\Ls\Runtime\Cache\Admin\c9ab8ee1c547f2f30fe5d9149cf6d9d1.php 第 358 行.
NOTIC: [8] Undefined index: flag A:\word\ymyg\Ls\Runtime\Cache\Admin\c9ab8ee1c547f2f30fe5d9149cf6d9d1.php 第 372 行.
NOTIC: [8] Undefined index: flag A:\word\ymyg\Ls\Runtime\Cache\Admin\c9ab8ee1c547f2f30fe5d9149cf6d9d1.php 第 380 行.
NOTIC: [8] Undefined index: flag A:\word\ymyg\Ls\Runtime\Cache\Admin\c9ab8ee1c547f2f30fe5d9149cf6d9d1.php 第 387 行.
NOTIC: [8] Undefined index: flag A:\word\ymyg\Ls\Runtime\Cache\Admin\c9ab8ee1c547f2f30fe5d9149cf6d9d1.php 第 394 行.
NOTIC: [8] Use of undefined constant goods - assumed 'goods' A:\word\ymyg\Ls\Runtime\Cache\Admin\c9ab8ee1c547f2f30fe5d9149cf6d9d1.php 第 572 行.
NOTIC: [8] Use of undefined constant ceshi2 - assumed 'ceshi2' A:\word\ymyg\Ls\Runtime\Cache\Admin\c9ab8ee1c547f2f30fe5d9149cf6d9d1.php 第 572 行.
NOTIC: [2] Division by zero A:\word\ymyg\Ls\Runtime\Cache\Admin\c9ab8ee1c547f2f30fe5d9149cf6d9d1.php 第 572 行.
INFO: Run Behavior\ParseTemplateBehavior [ RunTime:0.035002s ]
INFO: [ view_parse ] --END-- [ RunTime:0.035002s ]
INFO: [ view_filter ] --START--
INFO: Run Behavior\WriteHtmlCacheBehavior [ RunTime:0.000000s ]
INFO: Run Behavior\TokenBuildBehavior [ RunTime:0.003000s ]
INFO: [ view_filter ] --END-- [ RunTime:0.003000s ]
INFO: [ app_end ] --START--
INFO: Run Behavior\ShowPageTraceBehavior [ RunTime:0.001000s ]
INFO: [ app_end ] --END-- [ RunTime:0.001000s ]

[ 2015-09-23T16:56:48+08:00 ] ::1 /index.php/Admin/Goods/ceshi.html
INFO: [ app_begin ] --START--
INFO: Run Behavior\ReadHtmlCacheBehavior [ RunTime:0.000000s ]
INFO: [ app_begin ] --END-- [ RunTime:0.000000s ]
INFO: [ view_parse ] --START--
INFO: [ template_filter ] --START--
INFO: Run Behavior\ContentReplaceBehavior [ RunTime:0.000000s ]
INFO: [ template_filter ] --END-- [ RunTime:0.000000s ]
NOTIC: [8] Undefined index: flag A:\word\ymyg\Ls\Runtime\Cache\Admin\c9ab8ee1c547f2f30fe5d9149cf6d9d1.php 第 121 行.
NOTIC: [8] Undefined index: flag A:\word\ymyg\Ls\Runtime\Cache\Admin\c9ab8ee1c547f2f30fe5d9149cf6d9d1.php 第 132 行.
NOTIC: [8] Undefined index: flag A:\word\ymyg\Ls\Runtime\Cache\Admin\c9ab8ee1c547f2f30fe5d9149cf6d9d1.php 第 143 行.
NOTIC: [8] Undefined index: flag A:\word\ymyg\Ls\Runtime\Cache\Admin\c9ab8ee1c547f2f30fe5d9149cf6d9d1.php 第 158 行.
NOTIC: [8] Undefined index: flag A:\word\ymyg\Ls\Runtime\Cache\Admin\c9ab8ee1c547f2f30fe5d9149cf6d9d1.php 第 166 行.
NOTIC: [8] Undefined index: flag A:\word\ymyg\Ls\Runtime\Cache\Admin\c9ab8ee1c547f2f30fe5d9149cf6d9d1.php 第 186 行.
NOTIC: [8] Undefined index: flag A:\word\ymyg\Ls\Runtime\Cache\Admin\c9ab8ee1c547f2f30fe5d9149cf6d9d1.php 第 194 行.
NOTIC: [8] Undefined index: flag A:\word\ymyg\Ls\Runtime\Cache\Admin\c9ab8ee1c547f2f30fe5d9149cf6d9d1.php 第 201 行.
NOTIC: [8] Undefined index: flag A:\word\ymyg\Ls\Runtime\Cache\Admin\c9ab8ee1c547f2f30fe5d9149cf6d9d1.php 第 212 行.
NOTIC: [8] Undefined index: flag A:\word\ymyg\Ls\Runtime\Cache\Admin\c9ab8ee1c547f2f30fe5d9149cf6d9d1.php 第 213 行.
NOTIC: [8] Undefined index: flag A:\word\ymyg\Ls\Runtime\Cache\Admin\c9ab8ee1c547f2f30fe5d9149cf6d9d1.php 第 221 行.
NOTIC: [8] Undefined index: flag A:\word\ymyg\Ls\Runtime\Cache\Admin\c9ab8ee1c547f2f30fe5d9149cf6d9d1.php 第 229 行.
NOTIC: [8] Undefined index: flag A:\word\ymyg\Ls\Runtime\Cache\Admin\c9ab8ee1c547f2f30fe5d9149cf6d9d1.php 第 236 行.
NOTIC: [8] Undefined index: flag A:\word\ymyg\Ls\Runtime\Cache\Admin\c9ab8ee1c547f2f30fe5d9149cf6d9d1.php 第 246 行.
NOTIC: [8] Undefined index: flag A:\word\ymyg\Ls\Runtime\Cache\Admin\c9ab8ee1c547f2f30fe5d9149cf6d9d1.php 第 254 行.
NOTIC: [8] Undefined index: flag A:\word\ymyg\Ls\Runtime\Cache\Admin\c9ab8ee1c547f2f30fe5d9149cf6d9d1.php 第 262 行.
NOTIC: [8] Undefined index: flag A:\word\ymyg\Ls\Runtime\Cache\Admin\c9ab8ee1c547f2f30fe5d9149cf6d9d1.php 第 269 行.
NOTIC: [8] Undefined index: flag A:\word\ymyg\Ls\Runtime\Cache\Admin\c9ab8ee1c547f2f30fe5d9149cf6d9d1.php 第 276 行.
NOTIC: [8] Undefined index: flag A:\word\ymyg\Ls\Runtime\Cache\Admin\c9ab8ee1c547f2f30fe5d9149cf6d9d1.php 第 284 行.
NOTIC: [8] Undefined index: flag A:\word\ymyg\Ls\Runtime\Cache\Admin\c9ab8ee1c547f2f30fe5d9149cf6d9d1.php 第 289 行.
NOTIC: [8] Undefined index: flag A:\word\ymyg\Ls\Runtime\Cache\Admin\c9ab8ee1c547f2f30fe5d9149cf6d9d1.php 第 295 行.
NOTIC: [8] Undefined index: flag A:\word\ymyg\Ls\Runtime\Cache\Admin\c9ab8ee1c547f2f30fe5d9149cf6d9d1.php 第 300 行.
NOTIC: [8] Undefined index: flag A:\word\ymyg\Ls\Runtime\Cache\Admin\c9ab8ee1c547f2f30fe5d9149cf6d9d1.php 第 310 行.
NOTIC: [8] Undefined index: flag A:\word\ymyg\Ls\Runtime\Cache\Admin\c9ab8ee1c547f2f30fe5d9149cf6d9d1.php 第 318 行.
NOTIC: [8] Undefined index: flag A:\word\ymyg\Ls\Runtime\Cache\Admin\c9ab8ee1c547f2f30fe5d9149cf6d9d1.php 第 321 行.
NOTIC: [8] Undefined index: flag A:\word\ymyg\Ls\Runtime\Cache\Admin\c9ab8ee1c547f2f30fe5d9149cf6d9d1.php 第 324 行.
NOTIC: [8] Undefined index: flag A:\word\ymyg\Ls\Runtime\Cache\Admin\c9ab8ee1c547f2f30fe5d9149cf6d9d1.php 第 327 行.
NOTIC: [8] Undefined index: flag A:\word\ymyg\Ls\Runtime\Cache\Admin\c9ab8ee1c547f2f30fe5d9149cf6d9d1.php 第 330 行.
NOTIC: [8] Undefined index: flag A:\word\ymyg\Ls\Runtime\Cache\Admin\c9ab8ee1c547f2f30fe5d9149cf6d9d1.php 第 338 行.
NOTIC: [8] Undefined index: flag A:\word\ymyg\Ls\Runtime\Cache\Admin\c9ab8ee1c547f2f30fe5d9149cf6d9d1.php 第 346 行.
NOTIC: [8] Undefined index: flag A:\word\ymyg\Ls\Runtime\Cache\Admin\c9ab8ee1c547f2f30fe5d9149cf6d9d1.php 第 358 行.
NOTIC: [8] Undefined index: flag A:\word\ymyg\Ls\Runtime\Cache\Admin\c9ab8ee1c547f2f30fe5d9149cf6d9d1.php 第 372 行.
NOTIC: [8] Undefined index: flag A:\word\ymyg\Ls\Runtime\Cache\Admin\c9ab8ee1c547f2f30fe5d9149cf6d9d1.php 第 380 行.
NOTIC: [8] Undefined index: flag A:\word\ymyg\Ls\Runtime\Cache\Admin\c9ab8ee1c547f2f30fe5d9149cf6d9d1.php 第 387 行.
NOTIC: [8] Undefined index: flag A:\word\ymyg\Ls\Runtime\Cache\Admin\c9ab8ee1c547f2f30fe5d9149cf6d9d1.php 第 394 行.
NOTIC: [8] Use of undefined constant goods - assumed 'goods' A:\word\ymyg\Ls\Runtime\Cache\Admin\c9ab8ee1c547f2f30fe5d9149cf6d9d1.php 第 572 行.
NOTIC: [8] Use of undefined constant ceshi2 - assumed 'ceshi2' A:\word\ymyg\Ls\Runtime\Cache\Admin\c9ab8ee1c547f2f30fe5d9149cf6d9d1.php 第 572 行.
NOTIC: [2] Division by zero A:\word\ymyg\Ls\Runtime\Cache\Admin\c9ab8ee1c547f2f30fe5d9149cf6d9d1.php 第 572 行.
INFO: Run Behavior\ParseTemplateBehavior [ RunTime:0.048002s ]
INFO: [ view_parse ] --END-- [ RunTime:0.048002s ]
INFO: [ view_filter ] --START--
INFO: Run Behavior\WriteHtmlCacheBehavior [ RunTime:0.001000s ]
INFO: Run Behavior\TokenBuildBehavior [ RunTime:0.002001s ]
INFO: [ view_filter ] --END-- [ RunTime:0.003001s ]
INFO: [ app_end ] --START--
INFO: Run Behavior\ShowPageTraceBehavior [ RunTime:0.001000s ]
INFO: [ app_end ] --END-- [ RunTime:0.001000s ]

[ 2015-09-23T16:57:41+08:00 ] ::1 /admin/goods/ceshisx
INFO: [ app_begin ] --START--
INFO: Run Behavior\ReadHtmlCacheBehavior [ RunTime:0.001000s ]
INFO: [ app_begin ] --END-- [ RunTime:0.001000s ]
INFO: [ app_end ] --START--
INFO: Run Behavior\ShowPageTraceBehavior [ RunTime:0.001000s ]
INFO: [ app_end ] --END-- [ RunTime:0.001000s ]

[ 2015-09-23T16:58:08+08:00 ] ::1 /admin/goods/ceshisx
INFO: [ app_begin ] --START--
INFO: Run Behavior\ReadHtmlCacheBehavior [ RunTime:0.000000s ]
INFO: [ app_begin ] --END-- [ RunTime:0.000000s ]
INFO: [ app_end ] --START--
INFO: Run Behavior\ShowPageTraceBehavior [ RunTime:0.000000s ]
INFO: [ app_end ] --END-- [ RunTime:0.000000s ]

[ 2015-09-23T16:58:41+08:00 ] ::1 /admin/goods/ceshisx
INFO: [ app_begin ] --START--
INFO: Run Behavior\ReadHtmlCacheBehavior [ RunTime:0.001000s ]
INFO: [ app_begin ] --END-- [ RunTime:0.001000s ]
INFO: [ app_end ] --START--
INFO: Run Behavior\ShowPageTraceBehavior [ RunTime:0.000000s ]
INFO: [ app_end ] --END-- [ RunTime:0.000000s ]

[ 2015-09-23T16:58:52+08:00 ] ::1 /admin/goods/ceshisx
INFO: [ app_begin ] --START--
INFO: Run Behavior\ReadHtmlCacheBehavior [ RunTime:0.000000s ]
INFO: [ app_begin ] --END-- [ RunTime:0.000000s ]
INFO: [ app_end ] --START--
INFO: Run Behavior\ShowPageTraceBehavior [ RunTime:0.001000s ]
INFO: [ app_end ] --END-- [ RunTime:0.001000s ]

[ 2015-09-23T16:59:19+08:00 ] ::1 /admin/goods/ceshisx
INFO: [ app_begin ] --START--
INFO: Run Behavior\ReadHtmlCacheBehavior [ RunTime:0.000000s ]
INFO: [ app_begin ] --END-- [ RunTime:0.000000s ]
INFO: [ app_end ] --START--
INFO: Run Behavior\ShowPageTraceBehavior [ RunTime:0.000000s ]
INFO: [ app_end ] --END-- [ RunTime:0.000000s ]

[ 2015-09-23T17:04:24+08:00 ] ::1 /admin/goods/ceshisx
INFO: [ app_begin ] --START--
INFO: Run Behavior\ReadHtmlCacheBehavior [ RunTime:0.000000s ]
INFO: [ app_begin ] --END-- [ RunTime:0.000000s ]
INFO: [ app_end ] --START--
INFO: Run Behavior\ShowPageTraceBehavior [ RunTime:0.001000s ]
INFO: [ app_end ] --END-- [ RunTime:0.001000s ]

[ 2015-09-23T17:07:07+08:00 ] ::1 /admin/goods/ceshisx
INFO: [ app_begin ] --START--
INFO: Run Behavior\ReadHtmlCacheBehavior [ RunTime:0.000000s ]
INFO: [ app_begin ] --END-- [ RunTime:0.001000s ]
INFO: [ app_end ] --START--
INFO: Run Behavior\ShowPageTraceBehavior [ RunTime:0.001000s ]
INFO: [ app_end ] --END-- [ RunTime:0.001000s ]

[ 2015-09-23T17:09:06+08:00 ] ::1 /admin/goods/ceshisx
INFO: [ app_begin ] --START--
INFO: Run Behavior\ReadHtmlCacheBehavior [ RunTime:0.001000s ]
INFO: [ app_begin ] --END-- [ RunTime:0.001000s ]
NOTIC: [8] Use of undefined constant d - assumed 'd' A:\word\ymyg\Ls\Admin\Controller\GoodsController.class.php 第 67 行.
NOTIC: [8] Use of undefined constant d - assumed 'd' A:\word\ymyg\Ls\Admin\Controller\GoodsController.class.php 第 68 行.
NOTIC: [8] Use of undefined constant d - assumed 'd' A:\word\ymyg\Ls\Admin\Controller\GoodsController.class.php 第 72 行.
NOTIC: [8] Use of undefined constant d - assumed 'd' A:\word\ymyg\Ls\Admin\Controller\GoodsController.class.php 第 73 行.
INFO: [ app_end ] --START--
INFO: Run Behavior\ShowPageTraceBehavior [ RunTime:0.000000s ]
INFO: [ app_end ] --END-- [ RunTime:0.000000s ]

[ 2015-09-23T17:09:10+08:00 ] ::1 /admin/goods/ceshisx
INFO: [ app_begin ] --START--
INFO: Run Behavior\ReadHtmlCacheBehavior [ RunTime:0.001000s ]
INFO: [ app_begin ] --END-- [ RunTime:0.001000s ]
NOTIC: [8] Use of undefined constant d - assumed 'd' A:\word\ymyg\Ls\Admin\Controller\GoodsController.class.php 第 67 行.
NOTIC: [8] Use of undefined constant d - assumed 'd' A:\word\ymyg\Ls\Admin\Controller\GoodsController.class.php 第 68 行.
NOTIC: [8] Use of undefined constant d - assumed 'd' A:\word\ymyg\Ls\Admin\Controller\GoodsController.class.php 第 72 行.
NOTIC: [8] Use of undefined constant d - assumed 'd' A:\word\ymyg\Ls\Admin\Controller\GoodsController.class.php 第 73 行.
INFO: [ app_end ] --START--
INFO: Run Behavior\ShowPageTraceBehavior [ RunTime:0.001000s ]
INFO: [ app_end ] --END-- [ RunTime:0.001000s ]

[ 2015-09-23T17:10:19+08:00 ] ::1 /admin/goods/ceshisx
INFO: [ app_begin ] --START--
INFO: Run Behavior\ReadHtmlCacheBehavior [ RunTime:0.001000s ]
INFO: [ app_begin ] --END-- [ RunTime:0.001000s ]
INFO: [ app_end ] --START--
INFO: Run Behavior\ShowPageTraceBehavior [ RunTime:0.000000s ]
INFO: [ app_end ] --END-- [ RunTime:0.000000s ]

[ 2015-09-23T17:17:35+08:00 ] ::1 /admin/goods/ceshisx
INFO: [ app_begin ] --START--
INFO: Run Behavior\ReadHtmlCacheBehavior [ RunTime:0.001000s ]
INFO: [ app_begin ] --END-- [ RunTime:0.001000s ]
INFO: [ app_end ] --START--
INFO: Run Behavior\ShowPageTraceBehavior [ RunTime:0.000000s ]
INFO: [ app_end ] --END-- [ RunTime:0.000000s ]

[ 2015-09-23T17:17:39+08:00 ] ::1 /admin/goods/ceshisx
INFO: [ app_begin ] --START--
INFO: Run Behavior\ReadHtmlCacheBehavior [ RunTime:0.001000s ]
INFO: [ app_begin ] --END-- [ RunTime:0.001000s ]
INFO: [ app_end ] --START--
INFO: Run Behavior\ShowPageTraceBehavior [ RunTime:0.001000s ]
INFO: [ app_end ] --END-- [ RunTime:0.001000s ]

[ 2015-09-23T17:17:43+08:00 ] ::1 /admin/goods/ceshisx
INFO: [ app_begin ] --START--
INFO: Run Behavior\ReadHtmlCacheBehavior [ RunTime:0.001000s ]
INFO: [ app_begin ] --END-- [ RunTime:0.001000s ]
INFO: [ app_end ] --START--
INFO: Run Behavior\ShowPageTraceBehavior [ RunTime:0.001000s ]
INFO: [ app_end ] --END-- [ RunTime:0.001000s ]

[ 2015-09-23T17:17:47+08:00 ] ::1 /admin/goods/ceshisx
INFO: [ app_begin ] --START--
INFO: Run Behavior\ReadHtmlCacheBehavior [ RunTime:0.001000s ]
INFO: [ app_begin ] --END-- [ RunTime:0.002000s ]
INFO: [ app_end ] --START--
INFO: Run Behavior\ShowPageTraceBehavior [ RunTime:0.001000s ]
INFO: [ app_end ] --END-- [ RunTime:0.001000s ]

[ 2015-09-23T17:18:44+08:00 ] ::1 /admin/goods/ceshisx
INFO: [ app_begin ] --START--
INFO: Run Behavior\ReadHtmlCacheBehavior [ RunTime:0.001000s ]
INFO: [ app_begin ] --END-- [ RunTime:0.001000s ]
INFO: [ app_end ] --START--
INFO: Run Behavior\ShowPageTraceBehavior [ RunTime:0.000000s ]
INFO: [ app_end ] --END-- [ RunTime:0.000000s ]

[ 2015-09-23T17:31:52+08:00 ] ::1 /admin/goods/ceshisx
INFO: [ app_begin ] --START--
INFO: Run Behavior\ReadHtmlCacheBehavior [ RunTime:0.000000s ]
INFO: [ app_begin ] --END-- [ RunTime:0.000000s ]
INFO: [ app_end ] --START--
INFO: Run Behavior\ShowPageTraceBehavior [ RunTime:0.001000s ]
INFO: [ app_end ] --END-- [ RunTime:0.001000s ]

[ 2015-09-23T17:36:04+08:00 ] ::1 /admin/goods/ceshisx
INFO: [ app_begin ] --START--
INFO: Run Behavior\ReadHtmlCacheBehavior [ RunTime:0.000000s ]
INFO: [ app_begin ] --END-- [ RunTime:0.000000s ]
NOTIC: [8] Undefined variable: attr A:\word\ymyg\Ls\Admin\Controller\GoodsController.class.php 第 69 行.
INFO: [ app_end ] --START--
INFO: Run Behavior\ShowPageTraceBehavior [ RunTime:0.001000s ]
INFO: [ app_end ] --END-- [ RunTime:0.001000s ]

[ 2015-09-23T17:36:32+08:00 ] ::1 /admin/goods/ceshisx
INFO: [ app_begin ] --START--
INFO: Run Behavior\ReadHtmlCacheBehavior [ RunTime:0.001000s ]
INFO: [ app_begin ] --END-- [ RunTime:0.001000s ]
INFO: [ app_end ] --START--
INFO: Run Behavior\ShowPageTraceBehavior [ RunTime:0.001000s ]
INFO: [ app_end ] --END-- [ RunTime:0.001000s ]

[ 2015-09-23T17:36:37+08:00 ] ::1 /admin/goods/ceshisx
INFO: [ app_begin ] --START--
INFO: Run Behavior\ReadHtmlCacheBehavior [ RunTime:0.000000s ]
INFO: [ app_begin ] --END-- [ RunTime:0.000000s ]
INFO: [ app_end ] --START--
INFO: Run Behavior\ShowPageTraceBehavior [ RunTime:0.001000s ]
INFO: [ app_end ] --END-- [ RunTime:0.001000s ]

[ 2015-09-23T17:40:38+08:00 ] ::1 /admin/goods/ceshisx
INFO: [ app_begin ] --START--
INFO: Run Behavior\ReadHtmlCacheBehavior [ RunTime:0.001000s ]
INFO: [ app_begin ] --END-- [ RunTime:0.001000s ]
INFO: [ app_end ] --START--
INFO: Run Behavior\ShowPageTraceBehavior [ RunTime:0.001000s ]
INFO: [ app_end ] --END-- [ RunTime:0.001000s ]

[ 2015-09-23T17:40:41+08:00 ] ::1 /admin/goods/ceshisx
INFO: [ app_begin ] --START--
INFO: Run Behavior\ReadHtmlCacheBehavior [ RunTime:0.001000s ]
INFO: [ app_begin ] --END-- [ RunTime:0.001000s ]
INFO: [ app_end ] --START--
INFO: Run Behavior\ShowPageTraceBehavior [ RunTime:0.001000s ]
INFO: [ app_end ] --END-- [ RunTime:0.001000s ]

[ 2015-09-23T17:49:04+08:00 ] ::1 /admin/goods/ceshisx
INFO: [ app_begin ] --START--
INFO: Run Behavior\ReadHtmlCacheBehavior [ RunTime:0.000000s ]
INFO: [ app_begin ] --END-- [ RunTime:0.001000s ]
INFO: [ app_end ] --START--
INFO: Run Behavior\ShowPageTraceBehavior [ RunTime:0.001000s ]
INFO: [ app_end ] --END-- [ RunTime:0.001000s ]

[ 2015-09-23T17:49:11+08:00 ] ::1 /admin/goods/ceshisx
INFO: [ app_begin ] --START--
INFO: Run Behavior\ReadHtmlCacheBehavior [ RunTime:0.000000s ]
INFO: [ app_begin ] --END-- [ RunTime:0.002000s ]
INFO: [ app_end ] --START--
INFO: Run Behavior\ShowPageTraceBehavior [ RunTime:0.001000s ]
INFO: [ app_end ] --END-- [ RunTime:0.001000s ]

[ 2015-09-23T17:55:54+08:00 ] ::1 /admin/goods/ceshisx
INFO: [ app_begin ] --START--
INFO: Run Behavior\ReadHtmlCacheBehavior [ RunTime:0.000000s ]
INFO: [ app_begin ] --END-- [ RunTime:0.001000s ]
INFO: [ app_end ] --START--
INFO: Run Behavior\ShowPageTraceBehavior [ RunTime:0.000000s ]
INFO: [ app_end ] --END-- [ RunTime:0.000000s ]

[ 2015-09-23T17:56:00+08:00 ] ::1 /admin/goods/ceshisx
INFO: [ app_begin ] --START--
INFO: Run Behavior\ReadHtmlCacheBehavior [ RunTime:0.001000s ]
INFO: [ app_begin ] --END-- [ RunTime:0.001000s ]
INFO: [ app_end ] --START--
INFO: Run Behavior\ShowPageTraceBehavior [ RunTime:0.001000s ]
INFO: [ app_end ] --END-- [ RunTime:0.001000s ]

[ 2015-09-23T17:56:03+08:00 ] ::1 /admin/goods/ceshisx
INFO: [ app_begin ] --START--
INFO: Run Behavior\ReadHtmlCacheBehavior [ RunTime:0.001000s ]
INFO: [ app_begin ] --END-- [ RunTime:0.001000s ]
INFO: [ app_end ] --START--
INFO: Run Behavior\ShowPageTraceBehavior [ RunTime:0.000000s ]
INFO: [ app_end ] --END-- [ RunTime:0.000000s ]

[ 2015-09-23T17:56:57+08:00 ] ::1 /index.php/Admin/Order/order_list.html
INFO: [ app_begin ] --START--
INFO: Run Behavior\ReadHtmlCacheBehavior [ RunTime:0.000000s ]
INFO: [ app_begin ] --END-- [ RunTime:0.000000s ]
NOTIC: [8] Undefined index: type A:\word\ymyg\Ls\Admin\Controller\OrderController.class.php 第 18 行.
NOTIC: [8] Undefined index: filters A:\word\ymyg\Ls\Admin\Controller\OrderController.class.php 第 53 行.
INFO: [ app_end ] --START--
INFO: Run Behavior\ShowPageTraceBehavior [ RunTime:0.000000s ]
INFO: [ app_end ] --END-- [ RunTime:0.000000s ]

[ 2015-09-23T17:56:59+08:00 ] ::1 /index.php/Admin/Order/order_list.html?type=item&order_id=80
INFO: [ app_begin ] --START--
INFO: Run Behavior\ReadHtmlCacheBehavior [ RunTime:0.001000s ]
INFO: [ app_begin ] --END-- [ RunTime:0.001000s ]
INFO: [ app_end ] --START--
INFO: Run Behavior\ShowPageTraceBehavior [ RunTime:0.000000s ]
INFO: [ app_end ] --END-- [ RunTime:0.000000s ]

[ 2015-09-23T17:57:05+08:00 ] ::1 /index.php/Admin/Order/order_list.html?type=item&order_id=79
INFO: [ app_begin ] --START--
INFO: Run Behavior\ReadHtmlCacheBehavior [ RunTime:0.000000s ]
INFO: [ app_begin ] --END-- [ RunTime:0.000000s ]
INFO: [ app_end ] --START--
INFO: Run Behavior\ShowPageTraceBehavior [ RunTime:0.000000s ]
INFO: [ app_end ] --END-- [ RunTime:0.000000s ]

[ 2015-09-23T17:57:10+08:00 ] ::1 /index.php/Admin/Order/order_list.html?type=item&order_id=78
INFO: [ app_begin ] --START--
INFO: Run Behavior\ReadHtmlCacheBehavior [ RunTime:0.001000s ]
INFO: [ app_begin ] --END-- [ RunTime:0.001000s ]
INFO: [ app_end ] --START--
INFO: Run Behavior\ShowPageTraceBehavior [ RunTime:0.001000s ]
INFO: [ app_end ] --END-- [ RunTime:0.001000s ]

[ 2015-09-23T17:57:12+08:00 ] ::1 /index.php/Admin/Order/order_list.html?type=item&order_id=77
INFO: [ app_begin ] --START--
INFO: Run Behavior\ReadHtmlCacheBehavior [ RunTime:0.000000s ]
INFO: [ app_begin ] --END-- [ RunTime:0.000000s ]
INFO: [ app_end ] --START--
INFO: Run Behavior\ShowPageTraceBehavior [ RunTime:0.001000s ]
INFO: [ app_end ] --END-- [ RunTime:0.001000s ]

[ 2015-09-23T17:57:17+08:00 ] ::1 /index.php/Admin/Order/order_list.html
INFO: [ app_begin ] --START--
INFO: Run Behavior\ReadHtmlCacheBehavior [ RunTime:0.000000s ]
INFO: [ app_begin ] --END-- [ RunTime:0.000000s ]
NOTIC: [8] Undefined index: type A:\word\ymyg\Ls\Admin\Controller\OrderController.class.php 第 18 行.
INFO: [ app_end ] --START--
INFO: Run Behavior\ShowPageTraceBehavior [ RunTime:0.001000s ]
INFO: [ app_end ] --END-- [ RunTime:0.001000s ]

[ 2015-09-23T17:57:21+08:00 ] ::1 /index.php/Admin/Order/order_list.html
INFO: [ app_begin ] --START--
INFO: Run Behavior\ReadHtmlCacheBehavior [ RunTime:0.001000s ]
INFO: [ app_begin ] --END-- [ RunTime:0.001000s ]
NOTIC: [8] Undefined index: type A:\word\ymyg\Ls\Admin\Controller\OrderController.class.php 第 18 行.
INFO: [ app_end ] --START--
INFO: Run Behavior\ShowPageTraceBehavior [ RunTime:0.000000s ]
INFO: [ app_end ] --END-- [ RunTime:0.000000s ]

[ 2015-09-23T17:57:28+08:00 ] ::1 /index.php/Admin/Order/order_list.html
INFO: [ app_begin ] --START--
INFO: Run Behavior\ReadHtmlCacheBehavior [ RunTime:0.000000s ]
INFO: [ app_begin ] --END-- [ RunTime:0.001001s ]
NOTIC: [8] Undefined index: type A:\word\ymyg\Ls\Admin\Controller\OrderController.class.php 第 18 行.
INFO: [ app_end ] --START--
INFO: Run Behavior\ShowPageTraceBehavior [ RunTime:0.001000s ]
INFO: [ app_end ] --END-- [ RunTime:0.001000s ]

[ 2015-09-23T17:57:31+08:00 ] ::1 /index.php/Admin/Order/order_list.html
INFO: [ app_begin ] --START--
INFO: Run Behavior\ReadHtmlCacheBehavior [ RunTime:0.000000s ]
INFO: [ app_begin ] --END-- [ RunTime:0.000000s ]
NOTIC: [8] Undefined index: type A:\word\ymyg\Ls\Admin\Controller\OrderController.class.php 第 18 行.
INFO: [ app_end ] --START--
INFO: Run Behavior\ShowPageTraceBehavior [ RunTime:0.001000s ]
INFO: [ app_end ] --END-- [ RunTime:0.001000s ]

[ 2015-09-23T17:57:37+08:00 ] ::1 /index.php/Admin/Order/order_list.html
INFO: [ app_begin ] --START--
INFO: Run Behavior\ReadHtmlCacheBehavior [ RunTime:0.000000s ]
INFO: [ app_begin ] --END-- [ RunTime:0.001000s ]
NOTIC: [8] Undefined index: type A:\word\ymyg\Ls\Admin\Controller\OrderController.class.php 第 18 行.
INFO: [ app_end ] --START--
INFO: Run Behavior\ShowPageTraceBehavior [ RunTime:0.000000s ]
INFO: [ app_end ] --END-- [ RunTime:0.000000s ]

[ 2015-09-23T18:02:59+08:00 ] ::1 /index.php/Admin/Order/order_list.html
INFO: [ app_begin ] --START--
INFO: Run Behavior\ReadHtmlCacheBehavior [ RunTime:0.000000s ]
INFO: [ app_begin ] --END-- [ RunTime:0.000000s ]
NOTIC: [8] Undefined index: type A:\word\ymyg\Ls\Admin\Controller\OrderController.class.php 第 18 行.
INFO: [ app_end ] --START--
INFO: Run Behavior\ShowPageTraceBehavior [ RunTime:0.001000s ]
INFO: [ app_end ] --END-- [ RunTime:0.001000s ]

[ 2015-09-23T18:03:02+08:00 ] ::1 /index.php/Admin/Order/order_list.html
INFO: [ app_begin ] --START--
INFO: Run Behavior\ReadHtmlCacheBehavior [ RunTime:0.000000s ]
INFO: [ app_begin ] --END-- [ RunTime:0.001000s ]
NOTIC: [8] Undefined index: type A:\word\ymyg\Ls\Admin\Controller\OrderController.class.php 第 18 行.
INFO: [ app_end ] --START--
INFO: Run Behavior\ShowPageTraceBehavior [ RunTime:0.001000s ]
INFO: [ app_end ] --END-- [ RunTime:0.001000s ]

[ 2015-09-23T18:03:05+08:00 ] ::1 /index.php/Admin/Order/order_list.html
INFO: [ app_begin ] --START--
INFO: Run Behavior\ReadHtmlCacheBehavior [ RunTime:0.001000s ]
INFO: [ app_begin ] --END-- [ RunTime:0.001000s ]
NOTIC: [8] Undefined index: type A:\word\ymyg\Ls\Admin\Controller\OrderController.class.php 第 18 行.
INFO: [ app_end ] --START--
INFO: Run Behavior\ShowPageTraceBehavior [ RunTime:0.000000s ]
INFO: [ app_end ] --END-- [ RunTime:0.000000s ]

[ 2015-09-23T18:03:07+08:00 ] ::1 /index.php/Admin/Order/order_list.html?type=item&order_id=68
INFO: [ app_begin ] --START--
INFO: Run Behavior\ReadHtmlCacheBehavior [ RunTime:0.000000s ]
INFO: [ app_begin ] --END-- [ RunTime:0.000000s ]
INFO: [ app_end ] --START--
INFO: Run Behavior\ShowPageTraceBehavior [ RunTime:0.000000s ]
INFO: [ app_end ] --END-- [ RunTime:0.000000s ]

[ 2015-09-23T18:03:09+08:00 ] ::1 /index.php/Admin/Order/order_list.html
INFO: [ app_begin ] --START--
INFO: Run Behavior\ReadHtmlCacheBehavior [ RunTime:0.000000s ]
INFO: [ app_begin ] --END-- [ RunTime:0.001000s ]
NOTIC: [8] Undefined index: type A:\word\ymyg\Ls\Admin\Controller\OrderController.class.php 第 18 行.
INFO: [ app_end ] --START--
INFO: Run Behavior\ShowPageTraceBehavior [ RunTime:0.000000s ]
INFO: [ app_end ] --END-- [ RunTime:0.000000s ]

[ 2015-09-23T18:03:12+08:00 ] ::1 /index.php/Admin/Order/order_list.html
INFO: [ app_begin ] --START--
INFO: Run Behavior\ReadHtmlCacheBehavior [ RunTime:0.000000s ]
INFO: [ app_begin ] --END-- [ RunTime:0.001000s ]
NOTIC: [8] Undefined index: type A:\word\ymyg\Ls\Admin\Controller\OrderController.class.php 第 18 行.
INFO: [ app_end ] --START--
INFO: Run Behavior\ShowPageTraceBehavior [ RunTime:0.001000s ]
INFO: [ app_end ] --END-- [ RunTime:0.001000s ]

[ 2015-09-23T18:03:14+08:00 ] ::1 /index.php/Admin/Order/order_list.html?type=item&order_id=80
INFO: [ app_begin ] --START--
INFO: Run Behavior\ReadHtmlCacheBehavior [ RunTime:0.001000s ]
INFO: [ app_begin ] --END-- [ RunTime:0.001000s ]
INFO: [ app_end ] --START--
INFO: Run Behavior\ShowPageTraceBehavior [ RunTime:0.000000s ]
INFO: [ app_end ] --END-- [ RunTime:0.000000s ]

[ 2015-09-23T18:09:32+08:00 ] ::1 /admin/goods/ceshisx
INFO: [ app_begin ] --START--
INFO: Run Behavior\ReadHtmlCacheBehavior [ RunTime:0.000000s ]
INFO: [ app_begin ] --END-- [ RunTime:0.000000s ]
INFO: [ app_end ] --START--
INFO: Run Behavior\ShowPageTraceBehavior [ RunTime:0.000000s ]
INFO: [ app_end ] --END-- [ RunTime:0.001000s ]

[ 2015-09-23T18:09:37+08:00 ] ::1 /admin/goods/ceshisx
INFO: [ app_begin ] --START--
INFO: Run Behavior\ReadHtmlCacheBehavior [ RunTime:0.001000s ]
INFO: [ app_begin ] --END-- [ RunTime:0.001000s ]
INFO: [ app_end ] --START--
INFO: Run Behavior\ShowPageTraceBehavior [ RunTime:0.001000s ]
INFO: [ app_end ] --END-- [ RunTime:0.001000s ]

