[ 2015-11-06T09:23:03+08:00 ] ::1 /index.php/Admin/Order/order_list.html
INFO: [ app_begin ] --START--
INFO: Run Behavior\ReadHtmlCacheBehavior [ RunTime:0.001001s ]
INFO: [ app_begin ] --END-- [ RunTime:0.001001s ]
NOTIC: [8] Undefined index: type C:\Users\Administrator\Desktop\10-28\Ls\Admin\Controller\OrderController.class.php 第 18 行.
NOTIC: [8] Undefined index: filters C:\Users\Administrator\Desktop\10-28\Ls\Admin\Controller\OrderController.class.php 第 53 行.
INFO: [ app_end ] --START--
INFO: Run Behavior\ShowPageTraceBehavior [ RunTime:0.001000s ]
INFO: [ app_end ] --END-- [ RunTime:0.002000s ]

[ 2015-11-06T09:23:36+08:00 ] ::1 /index.php/Admin/Order/order_list.html?type=item&order_id=80
INFO: [ app_begin ] --START--
INFO: Run Behavior\ReadHtmlCacheBehavior [ RunTime:0.000000s ]
INFO: [ app_begin ] --END-- [ RunTime:0.002000s ]
INFO: [ app_end ] --START--
INFO: Run Behavior\ShowPageTraceBehavior [ RunTime:0.001000s ]
INFO: [ app_end ] --END-- [ RunTime:0.001000s ]

[ 2015-11-06T09:43:11+08:00 ] ::1 /index.php/Admin/Order/order_list.html
INFO: [ app_begin ] --START--
INFO: Run Behavior\ReadHtmlCacheBehavior [ RunTime:0.001000s ]
INFO: [ app_begin ] --END-- [ RunTime:0.001000s ]
NOTIC: [8] Undefined index: type C:\Users\Administrator\Desktop\10-28\Ls\Admin\Controller\OrderController.class.php 第 18 行.
NOTIC: [8] Undefined index: filters C:\Users\Administrator\Desktop\10-28\Ls\Admin\Controller\OrderController.class.php 第 53 行.
INFO: [ app_end ] --START--
INFO: Run Behavior\ShowPageTraceBehavior [ RunTime:0.001000s ]
INFO: [ app_end ] --END-- [ RunTime:0.001000s ]

[ 2015-11-06T09:43:16+08:00 ] ::1 /index.php/Admin/Order/order_list.html
INFO: [ app_begin ] --START--
INFO: Run Behavior\ReadHtmlCacheBehavior [ RunTime:0.001001s ]
INFO: [ app_begin ] --END-- [ RunTime:0.001001s ]
NOTIC: [8] Undefined index: type C:\Users\Administrator\Desktop\10-28\Ls\Admin\Controller\OrderController.class.php 第 18 行.
NOTIC: [8] Undefined index: filters C:\Users\Administrator\Desktop\10-28\Ls\Admin\Controller\OrderController.class.php 第 53 行.
INFO: [ app_end ] --START--
INFO: Run Behavior\ShowPageTraceBehavior [ RunTime:0.001000s ]
INFO: [ app_end ] --END-- [ RunTime:0.001000s ]

[ 2015-11-06T09:50:36+08:00 ] ::1 /index.php/Admin/Order/order_list.html
INFO: [ app_begin ] --START--
INFO: Run Behavior\ReadHtmlCacheBehavior [ RunTime:0.001000s ]
INFO: [ app_begin ] --END-- [ RunTime:0.001000s ]
NOTIC: [8] Undefined index: type C:\Users\Administrator\Desktop\10-28\Ls\Admin\Controller\OrderController.class.php 第 18 行.
NOTIC: [8] Undefined index: filters C:\Users\Administrator\Desktop\10-28\Ls\Admin\Controller\OrderController.class.php 第 53 行.
INFO: [ app_end ] --START--
INFO: Run Behavior\ShowPageTraceBehavior [ RunTime:0.001000s ]
INFO: [ app_end ] --END-- [ RunTime:0.001000s ]

[ 2015-11-06T09:50:45+08:00 ] ::1 /index.php/Admin/Order/order_list.html
INFO: [ app_begin ] --START--
INFO: Run Behavior\ReadHtmlCacheBehavior [ RunTime:0.000000s ]
INFO: [ app_begin ] --END-- [ RunTime:0.001000s ]
NOTIC: [8] Undefined index: type C:\Users\Administrator\Desktop\10-28\Ls\Admin\Controller\OrderController.class.php 第 18 行.
NOTIC: [8] Undefined index: filters C:\Users\Administrator\Desktop\10-28\Ls\Admin\Controller\OrderController.class.php 第 53 行.
INFO: [ app_end ] --START--
INFO: Run Behavior\ShowPageTraceBehavior [ RunTime:0.001000s ]
INFO: [ app_end ] --END-- [ RunTime:0.001000s ]

[ 2015-11-06T09:56:17+08:00 ] ::1 /index.php/Admin/Order/fz_list.html
INFO: [ app_begin ] --START--
INFO: Run Behavior\ReadHtmlCacheBehavior [ RunTime:0.001000s ]
INFO: [ app_begin ] --END-- [ RunTime:0.001000s ]
NOTIC: [8] Undefined index: type C:\Users\Administrator\Desktop\10-28\Ls\Admin\Controller\OrderController.class.php 第 403 行.
NOTIC: [8] Undefined index: filters C:\Users\Administrator\Desktop\10-28\Ls\Admin\Controller\OrderController.class.php 第 437 行.
INFO: [ app_end ] --START--
INFO: Run Behavior\ShowPageTraceBehavior [ RunTime:0.001000s ]
INFO: [ app_end ] --END-- [ RunTime:0.001000s ]

[ 2015-11-06T10:13:38+08:00 ] ::1 /index.php/Admin/Order/fz_list.html
INFO: [ app_begin ] --START--
INFO: Run Behavior\ReadHtmlCacheBehavior [ RunTime:0.000000s ]
INFO: [ app_begin ] --END-- [ RunTime:0.001000s ]
NOTIC: [8] Undefined index: type C:\Users\Administrator\Desktop\10-28\Ls\Admin\Controller\OrderController.class.php 第 403 行.
NOTIC: [8] Undefined index: filters C:\Users\Administrator\Desktop\10-28\Ls\Admin\Controller\OrderController.class.php 第 437 行.
INFO: [ app_end ] --START--
INFO: Run Behavior\ShowPageTraceBehavior [ RunTime:0.001000s ]
INFO: [ app_end ] --END-- [ RunTime:0.001000s ]

[ 2015-11-06T10:14:48+08:00 ] ::1 /index.php/Admin/Order/fz_list.html
INFO: [ app_begin ] --START--
INFO: Run Behavior\ReadHtmlCacheBehavior [ RunTime:0.001000s ]
INFO: [ app_begin ] --END-- [ RunTime:0.001000s ]
NOTIC: [8] Undefined index: type C:\Users\Administrator\Desktop\10-28\Ls\Admin\Controller\OrderController.class.php 第 403 行.
NOTIC: [8] Undefined index: filters C:\Users\Administrator\Desktop\10-28\Ls\Admin\Controller\OrderController.class.php 第 437 行.
INFO: [ app_end ] --START--
INFO: Run Behavior\ShowPageTraceBehavior [ RunTime:0.001000s ]
INFO: [ app_end ] --END-- [ RunTime:0.001000s ]

[ 2015-11-06T10:18:57+08:00 ] ::1 /index.php/Admin/Order/fz_list.html
INFO: [ app_begin ] --START--
INFO: Run Behavior\ReadHtmlCacheBehavior [ RunTime:0.001001s ]
INFO: [ app_begin ] --END-- [ RunTime:0.001001s ]
NOTIC: [8] Undefined index: type C:\Users\Administrator\Desktop\10-28\Ls\Admin\Controller\OrderController.class.php 第 403 行.
NOTIC: [8] Undefined index: filters C:\Users\Administrator\Desktop\10-28\Ls\Admin\Controller\OrderController.class.php 第 437 行.
INFO: [ app_end ] --START--
INFO: Run Behavior\ShowPageTraceBehavior [ RunTime:0.001000s ]
INFO: [ app_end ] --END-- [ RunTime:0.001000s ]

[ 2015-11-06T10:19:03+08:00 ] ::1 /index.php/Admin/Order/order_list.html
INFO: [ app_begin ] --START--
INFO: Run Behavior\ReadHtmlCacheBehavior [ RunTime:0.001001s ]
INFO: [ app_begin ] --END-- [ RunTime:0.001001s ]
NOTIC: [8] Undefined index: type C:\Users\Administrator\Desktop\10-28\Ls\Admin\Controller\OrderController.class.php 第 18 行.
NOTIC: [8] Undefined index: filters C:\Users\Administrator\Desktop\10-28\Ls\Admin\Controller\OrderController.class.php 第 53 行.
INFO: [ app_end ] --START--
INFO: Run Behavior\ShowPageTraceBehavior [ RunTime:0.001000s ]
INFO: [ app_end ] --END-- [ RunTime:0.001000s ]

[ 2015-11-06T10:19:56+08:00 ] ::1 /index.php/Admin/Order/order_list.html
INFO: [ app_begin ] --START--
INFO: Run Behavior\ReadHtmlCacheBehavior [ RunTime:0.001000s ]
INFO: [ app_begin ] --END-- [ RunTime:0.001000s ]
NOTIC: [8] Undefined index: type C:\Users\Administrator\Desktop\10-28\Ls\Admin\Controller\OrderController.class.php 第 18 行.
NOTIC: [8] Undefined index: filters C:\Users\Administrator\Desktop\10-28\Ls\Admin\Controller\OrderController.class.php 第 53 行.
INFO: [ app_end ] --START--
INFO: Run Behavior\ShowPageTraceBehavior [ RunTime:0.002001s ]
INFO: [ app_end ] --END-- [ RunTime:0.002001s ]

[ 2015-11-06T10:22:12+08:00 ] ::1 /index.php/Admin/Order/order_list.html
INFO: [ app_begin ] --START--
INFO: Run Behavior\ReadHtmlCacheBehavior [ RunTime:0.001000s ]
INFO: [ app_begin ] --END-- [ RunTime:0.001000s ]
NOTIC: [8] Undefined index: type C:\Users\Administrator\Desktop\10-28\Ls\Admin\Controller\OrderController.class.php 第 18 行.
NOTIC: [8] Undefined index: filters C:\Users\Administrator\Desktop\10-28\Ls\Admin\Controller\OrderController.class.php 第 53 行.
INFO: [ app_end ] --START--
INFO: Run Behavior\ShowPageTraceBehavior [ RunTime:0.001000s ]
INFO: [ app_end ] --END-- [ RunTime:0.001000s ]

[ 2015-11-06T10:22:49+08:00 ] ::1 /index.php/Admin/Order/order_list.html
INFO: [ app_begin ] --START--
INFO: Run Behavior\ReadHtmlCacheBehavior [ RunTime:0.001000s ]
INFO: [ app_begin ] --END-- [ RunTime:0.001000s ]
NOTIC: [8] Undefined index: type C:\Users\Administrator\Desktop\10-28\Ls\Admin\Controller\OrderController.class.php 第 18 行.
NOTIC: [8] Undefined index: filters C:\Users\Administrator\Desktop\10-28\Ls\Admin\Controller\OrderController.class.php 第 53 行.
INFO: [ app_end ] --START--
INFO: Run Behavior\ShowPageTraceBehavior [ RunTime:0.001000s ]
INFO: [ app_end ] --END-- [ RunTime:0.001000s ]

[ 2015-11-06T10:23:47+08:00 ] ::1 /index.php/Admin/Order/order_list.html
INFO: [ app_begin ] --START--
INFO: Run Behavior\ReadHtmlCacheBehavior [ RunTime:0.001000s ]
INFO: [ app_begin ] --END-- [ RunTime:0.002000s ]
NOTIC: [8] Undefined index: type C:\Users\Administrator\Desktop\10-28\Ls\Admin\Controller\OrderController.class.php 第 18 行.
NOTIC: [8] Undefined index: filters C:\Users\Administrator\Desktop\10-28\Ls\Admin\Controller\OrderController.class.php 第 53 行.
INFO: [ app_end ] --START--
INFO: Run Behavior\ShowPageTraceBehavior [ RunTime:0.001001s ]
INFO: [ app_end ] --END-- [ RunTime:0.001001s ]

[ 2015-11-06T10:24:07+08:00 ] ::1 /index.php/Admin/Order/order_list.html
INFO: [ app_begin ] --START--
INFO: Run Behavior\ReadHtmlCacheBehavior [ RunTime:0.001000s ]
INFO: [ app_begin ] --END-- [ RunTime:0.001000s ]
NOTIC: [8] Undefined index: type C:\Users\Administrator\Desktop\10-28\Ls\Admin\Controller\OrderController.class.php 第 18 行.
NOTIC: [8] Undefined index: filters C:\Users\Administrator\Desktop\10-28\Ls\Admin\Controller\OrderController.class.php 第 53 行.
INFO: [ app_end ] --START--
INFO: Run Behavior\ShowPageTraceBehavior [ RunTime:0.001000s ]
INFO: [ app_end ] --END-- [ RunTime:0.001000s ]

[ 2015-11-06T10:30:16+08:00 ] ::1 /index.php/Admin/Order/order_list.html
INFO: [ app_begin ] --START--
INFO: Run Behavior\ReadHtmlCacheBehavior [ RunTime:0.001000s ]
INFO: [ app_begin ] --END-- [ RunTime:0.002000s ]
NOTIC: [8] Undefined index: type C:\Users\Administrator\Desktop\10-28\Ls\Admin\Controller\OrderController.class.php 第 18 行.
NOTIC: [8] Undefined index: filters C:\Users\Administrator\Desktop\10-28\Ls\Admin\Controller\OrderController.class.php 第 53 行.
INFO: [ app_end ] --START--
INFO: Run Behavior\ShowPageTraceBehavior [ RunTime:0.001000s ]
INFO: [ app_end ] --END-- [ RunTime:0.001000s ]

[ 2015-11-06T10:30:24+08:00 ] ::1 /index.php/Admin/Order/order_list.html
INFO: [ app_begin ] --START--
INFO: Run Behavior\ReadHtmlCacheBehavior [ RunTime:0.001000s ]
INFO: [ app_begin ] --END-- [ RunTime:0.001000s ]
NOTIC: [8] Undefined index: type C:\Users\Administrator\Desktop\10-28\Ls\Admin\Controller\OrderController.class.php 第 18 行.
NOTIC: [8] Undefined index: filters C:\Users\Administrator\Desktop\10-28\Ls\Admin\Controller\OrderController.class.php 第 53 行.
INFO: [ app_end ] --START--
INFO: Run Behavior\ShowPageTraceBehavior [ RunTime:0.001000s ]
INFO: [ app_end ] --END-- [ RunTime:0.001000s ]

[ 2015-11-06T10:33:30+08:00 ] ::1 /index.php/Admin/Order/order_list.html
INFO: [ app_begin ] --START--
INFO: Run Behavior\ReadHtmlCacheBehavior [ RunTime:0.001001s ]
INFO: [ app_begin ] --END-- [ RunTime:0.001001s ]
NOTIC: [8] Undefined index: type C:\Users\Administrator\Desktop\10-28\Ls\Admin\Controller\OrderController.class.php 第 18 行.
NOTIC: [8] Undefined index: filters C:\Users\Administrator\Desktop\10-28\Ls\Admin\Controller\OrderController.class.php 第 53 行.
INFO: [ app_end ] --START--
INFO: Run Behavior\ShowPageTraceBehavior [ RunTime:0.000000s ]
INFO: [ app_end ] --END-- [ RunTime:0.001001s ]

[ 2015-11-06T10:34:13+08:00 ] ::1 /index.php/Admin/Order/order_list.html
INFO: [ app_begin ] --START--
INFO: Run Behavior\ReadHtmlCacheBehavior [ RunTime:0.001000s ]
INFO: [ app_begin ] --END-- [ RunTime:0.001000s ]
NOTIC: [8] Undefined index: type C:\Users\Administrator\Desktop\10-28\Ls\Admin\Controller\OrderController.class.php 第 18 行.
NOTIC: [8] Undefined index: filters C:\Users\Administrator\Desktop\10-28\Ls\Admin\Controller\OrderController.class.php 第 53 行.
INFO: [ app_end ] --START--
INFO: Run Behavior\ShowPageTraceBehavior [ RunTime:0.001000s ]
INFO: [ app_end ] --END-- [ RunTime:0.001000s ]

[ 2015-11-06T10:34:29+08:00 ] ::1 /index.php/Admin/Order/order_list.html
INFO: [ app_begin ] --START--
INFO: Run Behavior\ReadHtmlCacheBehavior [ RunTime:0.000000s ]
INFO: [ app_begin ] --END-- [ RunTime:0.001000s ]
NOTIC: [8] Undefined index: type C:\Users\Administrator\Desktop\10-28\Ls\Admin\Controller\OrderController.class.php 第 18 行.
NOTIC: [8] Undefined index: filters C:\Users\Administrator\Desktop\10-28\Ls\Admin\Controller\OrderController.class.php 第 53 行.
INFO: [ app_end ] --START--
INFO: Run Behavior\ShowPageTraceBehavior [ RunTime:0.001000s ]
INFO: [ app_end ] --END-- [ RunTime:0.001000s ]

[ 2015-11-06T10:35:32+08:00 ] ::1 /index.php/Admin/Order/order_list.html
INFO: [ app_begin ] --START--
INFO: Run Behavior\ReadHtmlCacheBehavior [ RunTime:0.001000s ]
INFO: [ app_begin ] --END-- [ RunTime:0.001000s ]
NOTIC: [8] Undefined index: type C:\Users\Administrator\Desktop\10-28\Ls\Admin\Controller\OrderController.class.php 第 18 行.
NOTIC: [8] Undefined index: filters C:\Users\Administrator\Desktop\10-28\Ls\Admin\Controller\OrderController.class.php 第 53 行.
INFO: [ app_end ] --START--
INFO: Run Behavior\ShowPageTraceBehavior [ RunTime:0.001000s ]
INFO: [ app_end ] --END-- [ RunTime:0.001000s ]

[ 2015-11-06T10:36:13+08:00 ] ::1 /index.php/Admin/Order/order_list.html
INFO: [ app_begin ] --START--
INFO: Run Behavior\ReadHtmlCacheBehavior [ RunTime:0.001000s ]
INFO: [ app_begin ] --END-- [ RunTime:0.001000s ]
NOTIC: [8] Undefined index: type C:\Users\Administrator\Desktop\10-28\Ls\Admin\Controller\OrderController.class.php 第 18 行.
NOTIC: [8] Undefined index: filters C:\Users\Administrator\Desktop\10-28\Ls\Admin\Controller\OrderController.class.php 第 53 行.
INFO: [ app_end ] --START--
INFO: Run Behavior\ShowPageTraceBehavior [ RunTime:0.001000s ]
INFO: [ app_end ] --END-- [ RunTime:0.002000s ]

[ 2015-11-06T10:36:45+08:00 ] ::1 /index.php/Admin/Order/order_list.html?type=item&order_id=80
INFO: [ app_begin ] --START--
INFO: Run Behavior\ReadHtmlCacheBehavior [ RunTime:0.000000s ]
INFO: [ app_begin ] --END-- [ RunTime:0.001000s ]
INFO: [ app_end ] --START--
INFO: Run Behavior\ShowPageTraceBehavior [ RunTime:0.001000s ]
INFO: [ app_end ] --END-- [ RunTime:0.001000s ]

[ 2015-11-06T10:36:49+08:00 ] ::1 /index.php/Admin/Order/order_list.html?type=item&order_id=80
INFO: [ app_begin ] --START--
INFO: Run Behavior\ReadHtmlCacheBehavior [ RunTime:0.000000s ]
INFO: [ app_begin ] --END-- [ RunTime:0.001000s ]
INFO: [ app_end ] --START--
INFO: Run Behavior\ShowPageTraceBehavior [ RunTime:0.002000s ]
INFO: [ app_end ] --END-- [ RunTime:0.002000s ]

[ 2015-11-06T10:37:18+08:00 ] ::1 /index.php/Admin/Order/order_list.html?type=item&order_id=80
INFO: [ app_begin ] --START--
INFO: Run Behavior\ReadHtmlCacheBehavior [ RunTime:0.001000s ]
INFO: [ app_begin ] --END-- [ RunTime:0.001000s ]
INFO: [ app_end ] --START--
INFO: Run Behavior\ShowPageTraceBehavior [ RunTime:0.000000s ]
INFO: [ app_end ] --END-- [ RunTime:0.001000s ]

[ 2015-11-06T10:39:19+08:00 ] ::1 /index.php/Admin/Order/order_list.html?type=item&order_id=80
INFO: [ app_begin ] --START--
INFO: Run Behavior\ReadHtmlCacheBehavior [ RunTime:0.001000s ]
INFO: [ app_begin ] --END-- [ RunTime:0.001000s ]
INFO: [ app_end ] --START--
INFO: Run Behavior\ShowPageTraceBehavior [ RunTime:0.001001s ]
INFO: [ app_end ] --END-- [ RunTime:0.001001s ]

[ 2015-11-06T10:42:08+08:00 ] ::1 /index.php/Admin/Order/order_list.html
INFO: [ app_begin ] --START--
INFO: Run Behavior\ReadHtmlCacheBehavior [ RunTime:0.001000s ]
INFO: [ app_begin ] --END-- [ RunTime:0.001000s ]
NOTIC: [8] Undefined index: type C:\Users\Administrator\Desktop\10-28\Ls\Admin\Controller\OrderController.class.php 第 18 行.
NOTIC: [8] Undefined index: filters C:\Users\Administrator\Desktop\10-28\Ls\Admin\Controller\OrderController.class.php 第 53 行.
INFO: [ app_end ] --START--
INFO: Run Behavior\ShowPageTraceBehavior [ RunTime:0.000000s ]
INFO: [ app_end ] --END-- [ RunTime:0.001000s ]

[ 2015-11-06T10:42:42+08:00 ] ::1 /index.php/Admin/Order/order_list.html?type=item&order_id=80
INFO: [ app_begin ] --START--
INFO: Run Behavior\ReadHtmlCacheBehavior [ RunTime:0.001000s ]
INFO: [ app_begin ] --END-- [ RunTime:0.001000s ]
INFO: [ app_end ] --START--
INFO: Run Behavior\ShowPageTraceBehavior [ RunTime:0.001000s ]
INFO: [ app_end ] --END-- [ RunTime:0.001000s ]

[ 2015-11-06T10:43:21+08:00 ] ::1 /index.php/Admin/Order/order_list.html
INFO: [ app_begin ] --START--
INFO: Run Behavior\ReadHtmlCacheBehavior [ RunTime:0.000000s ]
INFO: [ app_begin ] --END-- [ RunTime:0.001000s ]
NOTIC: [8] Undefined index: type C:\Users\Administrator\Desktop\10-28\Ls\Admin\Controller\OrderController.class.php 第 18 行.
NOTIC: [8] Undefined index: filters C:\Users\Administrator\Desktop\10-28\Ls\Admin\Controller\OrderController.class.php 第 53 行.
INFO: [ app_end ] --START--
INFO: Run Behavior\ShowPageTraceBehavior [ RunTime:0.001000s ]
INFO: [ app_end ] --END-- [ RunTime:0.001000s ]

[ 2015-11-06T10:43:32+08:00 ] ::1 /index.php/Admin/Order/order_list.html
INFO: [ app_begin ] --START--
INFO: Run Behavior\ReadHtmlCacheBehavior [ RunTime:0.001000s ]
INFO: [ app_begin ] --END-- [ RunTime:0.001000s ]
NOTIC: [8] Undefined index: type C:\Users\Administrator\Desktop\10-28\Ls\Admin\Controller\OrderController.class.php 第 18 行.
NOTIC: [8] Undefined index: filters C:\Users\Administrator\Desktop\10-28\Ls\Admin\Controller\OrderController.class.php 第 53 行.
INFO: [ app_end ] --START--
INFO: Run Behavior\ShowPageTraceBehavior [ RunTime:0.001000s ]
INFO: [ app_end ] --END-- [ RunTime:0.001000s ]

[ 2015-11-06T10:43:57+08:00 ] ::1 /index.php/Admin/Order/order_list.html
INFO: [ app_begin ] --START--
INFO: Run Behavior\ReadHtmlCacheBehavior [ RunTime:0.001001s ]
INFO: [ app_begin ] --END-- [ RunTime:0.001001s ]
NOTIC: [8] Undefined index: type C:\Users\Administrator\Desktop\10-28\Ls\Admin\Controller\OrderController.class.php 第 18 行.
NOTIC: [8] Undefined index: filters C:\Users\Administrator\Desktop\10-28\Ls\Admin\Controller\OrderController.class.php 第 53 行.
INFO: [ app_end ] --START--
INFO: Run Behavior\ShowPageTraceBehavior [ RunTime:0.002001s ]
INFO: [ app_end ] --END-- [ RunTime:0.002001s ]

[ 2015-11-06T10:44:51+08:00 ] ::1 /index.php/Admin/Order/order_list.html
INFO: [ app_begin ] --START--
INFO: Run Behavior\ReadHtmlCacheBehavior [ RunTime:0.001000s ]
INFO: [ app_begin ] --END-- [ RunTime:0.001000s ]
NOTIC: [8] Undefined index: type C:\Users\Administrator\Desktop\10-28\Ls\Admin\Controller\OrderController.class.php 第 18 行.
NOTIC: [8] Undefined index: filters C:\Users\Administrator\Desktop\10-28\Ls\Admin\Controller\OrderController.class.php 第 53 行.
INFO: [ app_end ] --START--
INFO: Run Behavior\ShowPageTraceBehavior [ RunTime:0.001001s ]
INFO: [ app_end ] --END-- [ RunTime:0.001001s ]

[ 2015-11-06T10:53:04+08:00 ] ::1 /index.php/Admin/Order/order_list.html
INFO: [ app_begin ] --START--
INFO: Run Behavior\ReadHtmlCacheBehavior [ RunTime:0.001000s ]
INFO: [ app_begin ] --END-- [ RunTime:0.002000s ]
NOTIC: [8] Undefined index: type C:\Users\Administrator\Desktop\10-28\Ls\Admin\Controller\OrderController.class.php 第 18 行.
NOTIC: [8] Undefined index: filters C:\Users\Administrator\Desktop\10-28\Ls\Admin\Controller\OrderController.class.php 第 53 行.
INFO: [ app_end ] --START--
INFO: Run Behavior\ShowPageTraceBehavior [ RunTime:0.001000s ]
INFO: [ app_end ] --END-- [ RunTime:0.001000s ]

[ 2015-11-06T11:53:59+08:00 ] ::1 /index.php/Admin/Order/order_list.html
INFO: [ app_begin ] --START--
INFO: Run Behavior\ReadHtmlCacheBehavior [ RunTime:0.001000s ]
INFO: [ app_begin ] --END-- [ RunTime:0.001000s ]
NOTIC: [8] Undefined index: type C:\Users\Administrator\Desktop\10-28\Ls\Admin\Controller\OrderController.class.php 第 18 行.
NOTIC: [8] Undefined index: filters C:\Users\Administrator\Desktop\10-28\Ls\Admin\Controller\OrderController.class.php 第 53 行.
INFO: [ app_end ] --START--
INFO: Run Behavior\ShowPageTraceBehavior [ RunTime:0.001000s ]
INFO: [ app_end ] --END-- [ RunTime:0.001000s ]

[ 2015-11-06T11:57:46+08:00 ] ::1 /index.php/Admin/Order/order_list.html
INFO: [ app_begin ] --START--
INFO: Run Behavior\ReadHtmlCacheBehavior [ RunTime:0.001000s ]
INFO: [ app_begin ] --END-- [ RunTime:0.001000s ]
NOTIC: [8] Undefined index: type C:\Users\Administrator\Desktop\10-28\Ls\Admin\Controller\OrderController.class.php 第 18 行.
NOTIC: [8] Undefined index: filters C:\Users\Administrator\Desktop\10-28\Ls\Admin\Controller\OrderController.class.php 第 53 行.
INFO: [ app_end ] --START--
INFO: Run Behavior\ShowPageTraceBehavior [ RunTime:0.001000s ]
INFO: [ app_end ] --END-- [ RunTime:0.001000s ]

[ 2015-11-06T11:58:32+08:00 ] ::1 /index.php/Admin/Order/order_list.html
INFO: [ app_begin ] --START--
INFO: Run Behavior\ReadHtmlCacheBehavior [ RunTime:0.001000s ]
INFO: [ app_begin ] --END-- [ RunTime:0.002000s ]
NOTIC: [8] Undefined index: type C:\Users\Administrator\Desktop\10-28\Ls\Admin\Controller\OrderController.class.php 第 18 行.
NOTIC: [8] Undefined index: filters C:\Users\Administrator\Desktop\10-28\Ls\Admin\Controller\OrderController.class.php 第 53 行.
INFO: [ app_end ] --START--
INFO: Run Behavior\ShowPageTraceBehavior [ RunTime:0.001000s ]
INFO: [ app_end ] --END-- [ RunTime:0.001000s ]

[ 2015-11-06T11:59:48+08:00 ] ::1 /index.php/Admin/Order/order_list.html
INFO: [ app_begin ] --START--
INFO: Run Behavior\ReadHtmlCacheBehavior [ RunTime:0.001000s ]
INFO: [ app_begin ] --END-- [ RunTime:0.001000s ]
NOTIC: [8] Undefined index: type C:\Users\Administrator\Desktop\10-28\Ls\Admin\Controller\OrderController.class.php 第 18 行.
NOTIC: [8] Undefined index: filters C:\Users\Administrator\Desktop\10-28\Ls\Admin\Controller\OrderController.class.php 第 53 行.
INFO: [ app_end ] --START--
INFO: Run Behavior\ShowPageTraceBehavior [ RunTime:0.001000s ]
INFO: [ app_end ] --END-- [ RunTime:0.001000s ]

[ 2015-11-06T12:04:32+08:00 ] ::1 /index.php/Admin/Order/order_list.html
INFO: [ app_begin ] --START--
INFO: Run Behavior\ReadHtmlCacheBehavior [ RunTime:0.001000s ]
INFO: [ app_begin ] --END-- [ RunTime:0.002000s ]
NOTIC: [8] Undefined index: type C:\Users\Administrator\Desktop\10-28\Ls\Admin\Controller\OrderController.class.php 第 18 行.
NOTIC: [8] Undefined index: filters C:\Users\Administrator\Desktop\10-28\Ls\Admin\Controller\OrderController.class.php 第 53 行.
INFO: [ app_end ] --START--
INFO: Run Behavior\ShowPageTraceBehavior [ RunTime:0.001000s ]
INFO: [ app_end ] --END-- [ RunTime:0.001000s ]

[ 2015-11-06T12:05:01+08:00 ] ::1 /index.php/Admin/Order/order_list.html
INFO: [ app_begin ] --START--
INFO: Run Behavior\ReadHtmlCacheBehavior [ RunTime:0.001000s ]
INFO: [ app_begin ] --END-- [ RunTime:0.001000s ]
NOTIC: [8] Undefined index: type C:\Users\Administrator\Desktop\10-28\Ls\Admin\Controller\OrderController.class.php 第 18 行.
NOTIC: [8] Undefined index: filters C:\Users\Administrator\Desktop\10-28\Ls\Admin\Controller\OrderController.class.php 第 53 行.
INFO: [ app_end ] --START--
INFO: Run Behavior\ShowPageTraceBehavior [ RunTime:0.001000s ]
INFO: [ app_end ] --END-- [ RunTime:0.001000s ]

[ 2015-11-06T12:05:29+08:00 ] ::1 /index.php/Admin/Order/order_list.html
INFO: [ app_begin ] --START--
INFO: Run Behavior\ReadHtmlCacheBehavior [ RunTime:0.001000s ]
INFO: [ app_begin ] --END-- [ RunTime:0.001000s ]
NOTIC: [8] Undefined index: type C:\Users\Administrator\Desktop\10-28\Ls\Admin\Controller\OrderController.class.php 第 18 行.
NOTIC: [8] Undefined index: filters C:\Users\Administrator\Desktop\10-28\Ls\Admin\Controller\OrderController.class.php 第 53 行.
INFO: [ app_end ] --START--
INFO: Run Behavior\ShowPageTraceBehavior [ RunTime:0.001001s ]
INFO: [ app_end ] --END-- [ RunTime:0.001001s ]

[ 2015-11-06T12:05:51+08:00 ] ::1 /index.php/Admin/Order/order_list.html
INFO: [ app_begin ] --START--
INFO: Run Behavior\ReadHtmlCacheBehavior [ RunTime:0.001000s ]
INFO: [ app_begin ] --END-- [ RunTime:0.001000s ]
NOTIC: [8] Undefined index: type C:\Users\Administrator\Desktop\10-28\Ls\Admin\Controller\OrderController.class.php 第 18 行.
NOTIC: [8] Undefined index: filters C:\Users\Administrator\Desktop\10-28\Ls\Admin\Controller\OrderController.class.php 第 53 行.
INFO: [ app_end ] --START--
INFO: Run Behavior\ShowPageTraceBehavior [ RunTime:0.001000s ]
INFO: [ app_end ] --END-- [ RunTime:0.001000s ]

[ 2015-11-06T12:05:53+08:00 ] ::1 /index.php/Admin/Order/order_list.html
INFO: [ app_begin ] --START--
INFO: Run Behavior\ReadHtmlCacheBehavior [ RunTime:0.001000s ]
INFO: [ app_begin ] --END-- [ RunTime:0.001000s ]
NOTIC: [8] Undefined index: type C:\Users\Administrator\Desktop\10-28\Ls\Admin\Controller\OrderController.class.php 第 18 行.
NOTIC: [8] Undefined index: filters C:\Users\Administrator\Desktop\10-28\Ls\Admin\Controller\OrderController.class.php 第 53 行.
INFO: [ app_end ] --START--
INFO: Run Behavior\ShowPageTraceBehavior [ RunTime:0.001000s ]
INFO: [ app_end ] --END-- [ RunTime:0.001000s ]

[ 2015-11-06T12:05:55+08:00 ] ::1 /index.php/Admin/Order/order_list.html
INFO: [ app_begin ] --START--
INFO: Run Behavior\ReadHtmlCacheBehavior [ RunTime:0.001000s ]
INFO: [ app_begin ] --END-- [ RunTime:0.002000s ]
NOTIC: [8] Undefined index: type C:\Users\Administrator\Desktop\10-28\Ls\Admin\Controller\OrderController.class.php 第 18 行.
NOTIC: [8] Undefined index: filters C:\Users\Administrator\Desktop\10-28\Ls\Admin\Controller\OrderController.class.php 第 53 行.
INFO: [ app_end ] --START--
INFO: Run Behavior\ShowPageTraceBehavior [ RunTime:0.001000s ]
INFO: [ app_end ] --END-- [ RunTime:0.001000s ]

[ 2015-11-06T12:05:59+08:00 ] ::1 /index.php/Admin/Order/order_list.html
INFO: [ app_begin ] --START--
INFO: Run Behavior\ReadHtmlCacheBehavior [ RunTime:0.001000s ]
INFO: [ app_begin ] --END-- [ RunTime:0.002000s ]
NOTIC: [8] Undefined index: type C:\Users\Administrator\Desktop\10-28\Ls\Admin\Controller\OrderController.class.php 第 18 行.
NOTIC: [8] Undefined index: filters C:\Users\Administrator\Desktop\10-28\Ls\Admin\Controller\OrderController.class.php 第 53 行.
INFO: [ app_end ] --START--
INFO: Run Behavior\ShowPageTraceBehavior [ RunTime:0.001000s ]
INFO: [ app_end ] --END-- [ RunTime:0.001000s ]

[ 2015-11-06T12:07:20+08:00 ] ::1 /index.php/Admin/Order/fz_list.html
INFO: [ app_begin ] --START--
INFO: Run Behavior\ReadHtmlCacheBehavior [ RunTime:0.000000s ]
INFO: [ app_begin ] --END-- [ RunTime:0.001000s ]
NOTIC: [8] Undefined index: type C:\Users\Administrator\Desktop\10-28\Ls\Admin\Controller\OrderController.class.php 第 403 行.
NOTIC: [8] Undefined index: filters C:\Users\Administrator\Desktop\10-28\Ls\Admin\Controller\OrderController.class.php 第 437 行.
INFO: [ app_end ] --START--
INFO: Run Behavior\ShowPageTraceBehavior [ RunTime:0.001000s ]
INFO: [ app_end ] --END-- [ RunTime:0.001000s ]

[ 2015-11-06T12:07:25+08:00 ] ::1 /index.php/Admin/Order/order_list.html
INFO: [ app_begin ] --START--
INFO: Run Behavior\ReadHtmlCacheBehavior [ RunTime:0.001000s ]
INFO: [ app_begin ] --END-- [ RunTime:0.001000s ]
NOTIC: [8] Undefined index: type C:\Users\Administrator\Desktop\10-28\Ls\Admin\Controller\OrderController.class.php 第 18 行.
NOTIC: [8] Undefined index: filters C:\Users\Administrator\Desktop\10-28\Ls\Admin\Controller\OrderController.class.php 第 53 行.
INFO: [ app_end ] --START--
INFO: Run Behavior\ShowPageTraceBehavior [ RunTime:0.000000s ]
INFO: [ app_end ] --END-- [ RunTime:0.000000s ]

[ 2015-11-06T12:08:07+08:00 ] ::1 /index.php/Admin/Order/fw_list.html
INFO: [ app_begin ] --START--
INFO: Run Behavior\ReadHtmlCacheBehavior [ RunTime:0.001000s ]
INFO: [ app_begin ] --END-- [ RunTime:0.001000s ]
NOTIC: [8] Undefined index: type C:\Users\Administrator\Desktop\10-28\Ls\Admin\Controller\OrderController.class.php 第 144 行.
NOTIC: [8] Undefined index: filters C:\Users\Administrator\Desktop\10-28\Ls\Admin\Controller\OrderController.class.php 第 177 行.
INFO: [ app_end ] --START--
INFO: Run Behavior\ShowPageTraceBehavior [ RunTime:0.002000s ]
INFO: [ app_end ] --END-- [ RunTime:0.002000s ]

[ 2015-11-06T12:08:11+08:00 ] ::1 /index.php/Admin/Order/order_list.html
INFO: [ app_begin ] --START--
INFO: Run Behavior\ReadHtmlCacheBehavior [ RunTime:0.001000s ]
INFO: [ app_begin ] --END-- [ RunTime:0.001000s ]
NOTIC: [8] Undefined index: type C:\Users\Administrator\Desktop\10-28\Ls\Admin\Controller\OrderController.class.php 第 18 行.
NOTIC: [8] Undefined index: filters C:\Users\Administrator\Desktop\10-28\Ls\Admin\Controller\OrderController.class.php 第 53 行.
INFO: [ app_end ] --START--
INFO: Run Behavior\ShowPageTraceBehavior [ RunTime:0.001000s ]
INFO: [ app_end ] --END-- [ RunTime:0.001000s ]

[ 2015-11-06T12:08:17+08:00 ] ::1 /index.php/Admin/Order/fz_list.html
INFO: [ app_begin ] --START--
INFO: Run Behavior\ReadHtmlCacheBehavior [ RunTime:0.001000s ]
INFO: [ app_begin ] --END-- [ RunTime:0.001000s ]
NOTIC: [8] Undefined index: type C:\Users\Administrator\Desktop\10-28\Ls\Admin\Controller\OrderController.class.php 第 403 行.
NOTIC: [8] Undefined index: filters C:\Users\Administrator\Desktop\10-28\Ls\Admin\Controller\OrderController.class.php 第 437 行.
INFO: [ app_end ] --START--
INFO: Run Behavior\ShowPageTraceBehavior [ RunTime:0.001000s ]
INFO: [ app_end ] --END-- [ RunTime:0.001000s ]

[ 2015-11-06T12:08:23+08:00 ] ::1 /index.php/Admin/Order/fw_list.html
INFO: [ app_begin ] --START--
INFO: Run Behavior\ReadHtmlCacheBehavior [ RunTime:0.001001s ]
INFO: [ app_begin ] --END-- [ RunTime:0.001001s ]
NOTIC: [8] Undefined index: type C:\Users\Administrator\Desktop\10-28\Ls\Admin\Controller\OrderController.class.php 第 144 行.
NOTIC: [8] Undefined index: filters C:\Users\Administrator\Desktop\10-28\Ls\Admin\Controller\OrderController.class.php 第 177 行.
INFO: [ app_end ] --START--
INFO: Run Behavior\ShowPageTraceBehavior [ RunTime:0.001000s ]
INFO: [ app_end ] --END-- [ RunTime:0.001000s ]

[ 2015-11-06T12:08:27+08:00 ] ::1 /index.php/Admin/Order/order_list.html
INFO: [ app_begin ] --START--
INFO: Run Behavior\ReadHtmlCacheBehavior [ RunTime:0.001000s ]
INFO: [ app_begin ] --END-- [ RunTime:0.001000s ]
NOTIC: [8] Undefined index: type C:\Users\Administrator\Desktop\10-28\Ls\Admin\Controller\OrderController.class.php 第 18 行.
NOTIC: [8] Undefined index: filters C:\Users\Administrator\Desktop\10-28\Ls\Admin\Controller\OrderController.class.php 第 53 行.
INFO: [ app_end ] --START--
INFO: Run Behavior\ShowPageTraceBehavior [ RunTime:0.001000s ]
INFO: [ app_end ] --END-- [ RunTime:0.001000s ]

[ 2015-11-06T12:09:14+08:00 ] ::1 /index.php/Admin/Order/order_list.html
INFO: [ app_begin ] --START--
INFO: Run Behavior\ReadHtmlCacheBehavior [ RunTime:0.001000s ]
INFO: [ app_begin ] --END-- [ RunTime:0.001000s ]
NOTIC: [8] Undefined index: type C:\Users\Administrator\Desktop\10-28\Ls\Admin\Controller\OrderController.class.php 第 18 行.
NOTIC: [8] Undefined index: filters C:\Users\Administrator\Desktop\10-28\Ls\Admin\Controller\OrderController.class.php 第 53 行.
INFO: [ app_end ] --START--
INFO: Run Behavior\ShowPageTraceBehavior [ RunTime:0.001000s ]
INFO: [ app_end ] --END-- [ RunTime:0.001000s ]

[ 2015-11-06T12:09:18+08:00 ] ::1 /index.php/Admin/Order/order_list.html
INFO: [ app_begin ] --START--
INFO: Run Behavior\ReadHtmlCacheBehavior [ RunTime:0.001000s ]
INFO: [ app_begin ] --END-- [ RunTime:0.001000s ]
NOTIC: [8] Undefined index: type C:\Users\Administrator\Desktop\10-28\Ls\Admin\Controller\OrderController.class.php 第 18 行.
NOTIC: [8] Undefined index: filters C:\Users\Administrator\Desktop\10-28\Ls\Admin\Controller\OrderController.class.php 第 53 行.
INFO: [ app_end ] --START--
INFO: Run Behavior\ShowPageTraceBehavior [ RunTime:0.001001s ]
INFO: [ app_end ] --END-- [ RunTime:0.001001s ]

[ 2015-11-06T12:09:23+08:00 ] ::1 /index.php/Admin/Order/order_list.html
INFO: [ app_begin ] --START--
INFO: Run Behavior\ReadHtmlCacheBehavior [ RunTime:0.001000s ]
INFO: [ app_begin ] --END-- [ RunTime:0.001000s ]
NOTIC: [8] Undefined index: type C:\Users\Administrator\Desktop\10-28\Ls\Admin\Controller\OrderController.class.php 第 18 行.
NOTIC: [8] Undefined index: filters C:\Users\Administrator\Desktop\10-28\Ls\Admin\Controller\OrderController.class.php 第 53 行.
INFO: [ app_end ] --START--
INFO: Run Behavior\ShowPageTraceBehavior [ RunTime:0.001000s ]
INFO: [ app_end ] --END-- [ RunTime:0.001000s ]

[ 2015-11-06T12:09:29+08:00 ] ::1 /index.php/Admin/Order/order_list.html
INFO: [ app_begin ] --START--
INFO: Run Behavior\ReadHtmlCacheBehavior [ RunTime:0.001000s ]
INFO: [ app_begin ] --END-- [ RunTime:0.001000s ]
NOTIC: [8] Undefined index: type C:\Users\Administrator\Desktop\10-28\Ls\Admin\Controller\OrderController.class.php 第 18 行.
NOTIC: [8] Undefined index: filters C:\Users\Administrator\Desktop\10-28\Ls\Admin\Controller\OrderController.class.php 第 53 行.
INFO: [ app_end ] --START--
INFO: Run Behavior\ShowPageTraceBehavior [ RunTime:0.000000s ]
INFO: [ app_end ] --END-- [ RunTime:0.002000s ]

[ 2015-11-06T12:09:50+08:00 ] ::1 /index.php/Admin/Order/order_list.html
INFO: [ app_begin ] --START--
INFO: Run Behavior\ReadHtmlCacheBehavior [ RunTime:0.000000s ]
INFO: [ app_begin ] --END-- [ RunTime:0.001000s ]
NOTIC: [8] Undefined index: type C:\Users\Administrator\Desktop\10-28\Ls\Admin\Controller\OrderController.class.php 第 18 行.
INFO: [ app_end ] --START--
INFO: Run Behavior\ShowPageTraceBehavior [ RunTime:0.001000s ]
INFO: [ app_end ] --END-- [ RunTime:0.001000s ]

[ 2015-11-06T12:12:34+08:00 ] ::1 /index.php/Admin/Order/order_list.html
INFO: [ app_begin ] --START--
INFO: Run Behavior\ReadHtmlCacheBehavior [ RunTime:0.001000s ]
INFO: [ app_begin ] --END-- [ RunTime:0.001000s ]
NOTIC: [8] Undefined index: type C:\Users\Administrator\Desktop\10-28\Ls\Admin\Controller\OrderController.class.php 第 18 行.
NOTIC: [8] Undefined index: filters C:\Users\Administrator\Desktop\10-28\Ls\Admin\Controller\OrderController.class.php 第 53 行.
INFO: [ app_end ] --START--
INFO: Run Behavior\ShowPageTraceBehavior [ RunTime:0.000000s ]
INFO: [ app_end ] --END-- [ RunTime:0.001000s ]

[ 2015-11-06T14:50:44+08:00 ] ::1 /index.php/Admin/Order/order_list.html
INFO: [ app_begin ] --START--
INFO: Run Behavior\ReadHtmlCacheBehavior [ RunTime:0.001000s ]
INFO: [ app_begin ] --END-- [ RunTime:0.001000s ]
NOTIC: [8] Undefined index: type C:\Users\Administrator\Desktop\10-28\Ls\Admin\Controller\OrderController.class.php 第 18 行.
NOTIC: [8] Undefined index: filters C:\Users\Administrator\Desktop\10-28\Ls\Admin\Controller\OrderController.class.php 第 53 行.
INFO: [ app_end ] --START--
INFO: Run Behavior\ShowPageTraceBehavior [ RunTime:0.001000s ]
INFO: [ app_end ] --END-- [ RunTime:0.001000s ]

[ 2015-11-06T14:50:47+08:00 ] ::1 /index.php/Admin/Order/order_list.html
INFO: [ app_begin ] --START--
INFO: Run Behavior\ReadHtmlCacheBehavior [ RunTime:0.001000s ]
INFO: [ app_begin ] --END-- [ RunTime:0.001000s ]
NOTIC: [8] Undefined index: type C:\Users\Administrator\Desktop\10-28\Ls\Admin\Controller\OrderController.class.php 第 18 行.
NOTIC: [8] Undefined index: filters C:\Users\Administrator\Desktop\10-28\Ls\Admin\Controller\OrderController.class.php 第 53 行.
INFO: [ app_end ] --START--
INFO: Run Behavior\ShowPageTraceBehavior [ RunTime:0.001000s ]
INFO: [ app_end ] --END-- [ RunTime:0.001000s ]

[ 2015-11-06T14:51:16+08:00 ] ::1 /index.php/Admin/Order/order_list.html
INFO: [ app_begin ] --START--
INFO: Run Behavior\ReadHtmlCacheBehavior [ RunTime:0.001000s ]
INFO: [ app_begin ] --END-- [ RunTime:0.001000s ]
NOTIC: [8] Undefined index: type C:\Users\Administrator\Desktop\10-28\Ls\Admin\Controller\OrderController.class.php 第 18 行.
INFO: [ app_end ] --START--
INFO: Run Behavior\ShowPageTraceBehavior [ RunTime:0.001000s ]
INFO: [ app_end ] --END-- [ RunTime:0.001000s ]

[ 2015-11-06T14:51:32+08:00 ] ::1 /index.php/Admin/Order/order_list.html
INFO: [ app_begin ] --START--
INFO: Run Behavior\ReadHtmlCacheBehavior [ RunTime:0.001000s ]
INFO: [ app_begin ] --END-- [ RunTime:0.001000s ]
NOTIC: [8] Undefined index: type C:\Users\Administrator\Desktop\10-28\Ls\Admin\Controller\OrderController.class.php 第 18 行.
NOTIC: [8] Undefined index: filters C:\Users\Administrator\Desktop\10-28\Ls\Admin\Controller\OrderController.class.php 第 53 行.
INFO: [ app_end ] --START--
INFO: Run Behavior\ShowPageTraceBehavior [ RunTime:0.000000s ]
INFO: [ app_end ] --END-- [ RunTime:0.000000s ]

[ 2015-11-06T14:51:35+08:00 ] ::1 /index.php/Admin/Order/order_list.html
INFO: [ app_begin ] --START--
INFO: Run Behavior\ReadHtmlCacheBehavior [ RunTime:0.000000s ]
INFO: [ app_begin ] --END-- [ RunTime:0.001000s ]
NOTIC: [8] Undefined index: type C:\Users\Administrator\Desktop\10-28\Ls\Admin\Controller\OrderController.class.php 第 18 行.
NOTIC: [8] Undefined index: filters C:\Users\Administrator\Desktop\10-28\Ls\Admin\Controller\OrderController.class.php 第 53 行.
INFO: [ app_end ] --START--
INFO: Run Behavior\ShowPageTraceBehavior [ RunTime:0.001000s ]
INFO: [ app_end ] --END-- [ RunTime:0.001000s ]

[ 2015-11-06T14:51:39+08:00 ] ::1 /index.php/Admin/Order/order_list.html
INFO: [ app_begin ] --START--
INFO: Run Behavior\ReadHtmlCacheBehavior [ RunTime:0.001000s ]
INFO: [ app_begin ] --END-- [ RunTime:0.001000s ]
NOTIC: [8] Undefined index: type C:\Users\Administrator\Desktop\10-28\Ls\Admin\Controller\OrderController.class.php 第 18 行.
NOTIC: [8] Undefined index: filters C:\Users\Administrator\Desktop\10-28\Ls\Admin\Controller\OrderController.class.php 第 53 行.
INFO: [ app_end ] --START--
INFO: Run Behavior\ShowPageTraceBehavior [ RunTime:0.001000s ]
INFO: [ app_end ] --END-- [ RunTime:0.001000s ]

[ 2015-11-06T14:51:41+08:00 ] ::1 /index.php/Admin/Order/order_list.html
INFO: [ app_begin ] --START--
INFO: Run Behavior\ReadHtmlCacheBehavior [ RunTime:0.000000s ]
INFO: [ app_begin ] --END-- [ RunTime:0.001000s ]
NOTIC: [8] Undefined index: type C:\Users\Administrator\Desktop\10-28\Ls\Admin\Controller\OrderController.class.php 第 18 行.
NOTIC: [8] Undefined index: filters C:\Users\Administrator\Desktop\10-28\Ls\Admin\Controller\OrderController.class.php 第 53 行.
INFO: [ app_end ] --START--
INFO: Run Behavior\ShowPageTraceBehavior [ RunTime:0.000000s ]
INFO: [ app_end ] --END-- [ RunTime:0.000000s ]

[ 2015-11-06T14:52:13+08:00 ] ::1 /index.php/Admin/Order/order_list.html
INFO: [ app_begin ] --START--
INFO: Run Behavior\ReadHtmlCacheBehavior [ RunTime:0.001000s ]
INFO: [ app_begin ] --END-- [ RunTime:0.001000s ]
NOTIC: [8] Undefined index: type C:\Users\Administrator\Desktop\10-28\Ls\Admin\Controller\OrderController.class.php 第 18 行.
NOTIC: [8] Undefined index: filters C:\Users\Administrator\Desktop\10-28\Ls\Admin\Controller\OrderController.class.php 第 53 行.
INFO: [ app_end ] --START--
INFO: Run Behavior\ShowPageTraceBehavior [ RunTime:0.001000s ]
INFO: [ app_end ] --END-- [ RunTime:0.001000s ]

[ 2015-11-06T14:52:17+08:00 ] ::1 /index.php/Admin/Order/order_list.html
INFO: [ app_begin ] --START--
INFO: Run Behavior\ReadHtmlCacheBehavior [ RunTime:0.000000s ]
INFO: [ app_begin ] --END-- [ RunTime:0.001001s ]
NOTIC: [8] Undefined index: type C:\Users\Administrator\Desktop\10-28\Ls\Admin\Controller\OrderController.class.php 第 18 行.
NOTIC: [8] Undefined index: filters C:\Users\Administrator\Desktop\10-28\Ls\Admin\Controller\OrderController.class.php 第 53 行.
INFO: [ app_end ] --START--
INFO: Run Behavior\ShowPageTraceBehavior [ RunTime:0.000000s ]
INFO: [ app_end ] --END-- [ RunTime:0.000000s ]

[ 2015-11-06T14:52:23+08:00 ] ::1 /index.php/Admin/Order/fw_list.html
INFO: [ app_begin ] --START--
INFO: Run Behavior\ReadHtmlCacheBehavior [ RunTime:0.001000s ]
INFO: [ app_begin ] --END-- [ RunTime:0.001000s ]
NOTIC: [8] Undefined index: type C:\Users\Administrator\Desktop\10-28\Ls\Admin\Controller\OrderController.class.php 第 144 行.
NOTIC: [8] Undefined index: filters C:\Users\Administrator\Desktop\10-28\Ls\Admin\Controller\OrderController.class.php 第 177 行.
INFO: [ app_end ] --START--
INFO: Run Behavior\ShowPageTraceBehavior [ RunTime:0.001000s ]
INFO: [ app_end ] --END-- [ RunTime:0.001000s ]

[ 2015-11-06T14:52:28+08:00 ] ::1 /index.php/Admin/Order/fz_list.html
INFO: [ app_begin ] --START--
INFO: Run Behavior\ReadHtmlCacheBehavior [ RunTime:0.001000s ]
INFO: [ app_begin ] --END-- [ RunTime:0.001000s ]
NOTIC: [8] Undefined index: type C:\Users\Administrator\Desktop\10-28\Ls\Admin\Controller\OrderController.class.php 第 403 行.
NOTIC: [8] Undefined index: filters C:\Users\Administrator\Desktop\10-28\Ls\Admin\Controller\OrderController.class.php 第 437 行.
INFO: [ app_end ] --START--
INFO: Run Behavior\ShowPageTraceBehavior [ RunTime:0.000000s ]
INFO: [ app_end ] --END-- [ RunTime:0.002000s ]

[ 2015-11-06T14:52:34+08:00 ] ::1 /index.php/Admin/Order/order_list.html
INFO: [ app_begin ] --START--
INFO: Run Behavior\ReadHtmlCacheBehavior [ RunTime:0.000000s ]
INFO: [ app_begin ] --END-- [ RunTime:0.001000s ]
NOTIC: [8] Undefined index: type C:\Users\Administrator\Desktop\10-28\Ls\Admin\Controller\OrderController.class.php 第 18 行.
NOTIC: [8] Undefined index: filters C:\Users\Administrator\Desktop\10-28\Ls\Admin\Controller\OrderController.class.php 第 53 行.
INFO: [ app_end ] --START--
INFO: Run Behavior\ShowPageTraceBehavior [ RunTime:0.001000s ]
INFO: [ app_end ] --END-- [ RunTime:0.001000s ]

[ 2015-11-06T14:52:36+08:00 ] ::1 /index.php/Admin/Order/fz_list.html
INFO: [ app_begin ] --START--
INFO: Run Behavior\ReadHtmlCacheBehavior [ RunTime:0.001000s ]
INFO: [ app_begin ] --END-- [ RunTime:0.001000s ]
NOTIC: [8] Undefined index: type C:\Users\Administrator\Desktop\10-28\Ls\Admin\Controller\OrderController.class.php 第 403 行.
NOTIC: [8] Undefined index: filters C:\Users\Administrator\Desktop\10-28\Ls\Admin\Controller\OrderController.class.php 第 437 行.
INFO: [ app_end ] --START--
INFO: Run Behavior\ShowPageTraceBehavior [ RunTime:0.001000s ]
INFO: [ app_end ] --END-- [ RunTime:0.001000s ]

[ 2015-11-06T14:52:55+08:00 ] ::1 /index.php/Admin/Order/fw_list.html
INFO: [ app_begin ] --START--
INFO: Run Behavior\ReadHtmlCacheBehavior [ RunTime:0.001000s ]
INFO: [ app_begin ] --END-- [ RunTime:0.001000s ]
NOTIC: [8] Undefined index: type C:\Users\Administrator\Desktop\10-28\Ls\Admin\Controller\OrderController.class.php 第 144 行.
NOTIC: [8] Undefined index: filters C:\Users\Administrator\Desktop\10-28\Ls\Admin\Controller\OrderController.class.php 第 177 行.
INFO: [ app_end ] --START--
INFO: Run Behavior\ShowPageTraceBehavior [ RunTime:0.001000s ]
INFO: [ app_end ] --END-- [ RunTime:0.001000s ]

[ 2015-11-06T14:54:03+08:00 ] ::1 /index.php/Admin/Order/fw_list.html
INFO: [ app_begin ] --START--
INFO: Run Behavior\ReadHtmlCacheBehavior [ RunTime:0.001000s ]
INFO: [ app_begin ] --END-- [ RunTime:0.002000s ]
NOTIC: [8] Undefined index: type C:\Users\Administrator\Desktop\10-28\Ls\Admin\Controller\OrderController.class.php 第 144 行.
INFO: [ app_end ] --START--
INFO: Run Behavior\ShowPageTraceBehavior [ RunTime:0.001000s ]
INFO: [ app_end ] --END-- [ RunTime:0.001000s ]

[ 2015-11-06T14:54:06+08:00 ] ::1 /index.php/Admin/Order/fw_list.html
INFO: [ app_begin ] --START--
INFO: Run Behavior\ReadHtmlCacheBehavior [ RunTime:0.001000s ]
INFO: [ app_begin ] --END-- [ RunTime:0.001000s ]
NOTIC: [8] Undefined index: type C:\Users\Administrator\Desktop\10-28\Ls\Admin\Controller\OrderController.class.php 第 144 行.
INFO: [ app_end ] --START--
INFO: Run Behavior\ShowPageTraceBehavior [ RunTime:0.001001s ]
INFO: [ app_end ] --END-- [ RunTime:0.002001s ]

[ 2015-11-06T14:57:56+08:00 ] ::1 /index.php/Admin/Order/fw_list.html
INFO: [ app_begin ] --START--
INFO: Run Behavior\ReadHtmlCacheBehavior [ RunTime:0.001000s ]
INFO: [ app_begin ] --END-- [ RunTime:0.001000s ]
NOTIC: [8] Undefined index: type C:\Users\Administrator\Desktop\10-28\Ls\Admin\Controller\OrderController.class.php 第 144 行.
NOTIC: [8] Undefined index: filters C:\Users\Administrator\Desktop\10-28\Ls\Admin\Controller\OrderController.class.php 第 177 行.
INFO: [ app_end ] --START--
INFO: Run Behavior\ShowPageTraceBehavior [ RunTime:0.001000s ]
INFO: [ app_end ] --END-- [ RunTime:0.001000s ]

[ 2015-11-06T15:15:51+08:00 ] ::1 /index.php/Admin/Order/fw_list.html
INFO: [ app_begin ] --START--
INFO: Run Behavior\ReadHtmlCacheBehavior [ RunTime:0.000000s ]
INFO: [ app_begin ] --END-- [ RunTime:0.001000s ]
NOTIC: [8] Undefined index: type C:\Users\Administrator\Desktop\10-28\Ls\Admin\Controller\OrderController.class.php 第 144 行.
NOTIC: [8] Undefined index: filters C:\Users\Administrator\Desktop\10-28\Ls\Admin\Controller\OrderController.class.php 第 177 行.
INFO: [ app_end ] --START--
INFO: Run Behavior\ShowPageTraceBehavior [ RunTime:0.000000s ]
INFO: [ app_end ] --END-- [ RunTime:0.000000s ]

[ 2015-11-06T15:45:06+08:00 ] ::1 /index.php/Admin/Order/fw_list.html
INFO: [ app_begin ] --START--
INFO: Run Behavior\ReadHtmlCacheBehavior [ RunTime:0.001000s ]
INFO: [ app_begin ] --END-- [ RunTime:0.001000s ]
NOTIC: [8] Undefined index: type C:\Users\Administrator\Desktop\10-28\Ls\Admin\Controller\OrderController.class.php 第 144 行.
INFO: [ app_end ] --START--
INFO: Run Behavior\ShowPageTraceBehavior [ RunTime:0.002001s ]
INFO: [ app_end ] --END-- [ RunTime:0.002001s ]

[ 2015-11-06T15:45:18+08:00 ] ::1 /index.php/Admin/Order/fw_list.html
INFO: [ app_begin ] --START--
INFO: Run Behavior\ReadHtmlCacheBehavior [ RunTime:0.000000s ]
INFO: [ app_begin ] --END-- [ RunTime:0.001000s ]
NOTIC: [8] Undefined index: type C:\Users\Administrator\Desktop\10-28\Ls\Admin\Controller\OrderController.class.php 第 144 行.
INFO: [ app_end ] --START--
INFO: Run Behavior\ShowPageTraceBehavior [ RunTime:0.001000s ]
INFO: [ app_end ] --END-- [ RunTime:0.001000s ]

[ 2015-11-06T15:45:21+08:00 ] ::1 /index.php/Admin/Order/fw_list.html
INFO: [ app_begin ] --START--
INFO: Run Behavior\ReadHtmlCacheBehavior [ RunTime:0.001000s ]
INFO: [ app_begin ] --END-- [ RunTime:0.001000s ]
NOTIC: [8] Undefined index: type C:\Users\Administrator\Desktop\10-28\Ls\Admin\Controller\OrderController.class.php 第 144 行.
INFO: [ app_end ] --START--
INFO: Run Behavior\ShowPageTraceBehavior [ RunTime:0.001000s ]
INFO: [ app_end ] --END-- [ RunTime:0.002000s ]

[ 2015-11-06T15:45:26+08:00 ] ::1 /index.php/Admin/Order/fw_list.html
INFO: [ app_begin ] --START--
INFO: Run Behavior\ReadHtmlCacheBehavior [ RunTime:0.000000s ]
INFO: [ app_begin ] --END-- [ RunTime:0.001000s ]
NOTIC: [8] Undefined index: type C:\Users\Administrator\Desktop\10-28\Ls\Admin\Controller\OrderController.class.php 第 144 行.
INFO: [ app_end ] --START--
INFO: Run Behavior\ShowPageTraceBehavior [ RunTime:0.001000s ]
INFO: [ app_end ] --END-- [ RunTime:0.001000s ]

[ 2015-11-06T15:45:35+08:00 ] ::1 /index.php/Admin/Order/fw_list.html
INFO: [ app_begin ] --START--
INFO: Run Behavior\ReadHtmlCacheBehavior [ RunTime:0.000000s ]
INFO: [ app_begin ] --END-- [ RunTime:0.002000s ]
NOTIC: [8] Undefined index: type C:\Users\Administrator\Desktop\10-28\Ls\Admin\Controller\OrderController.class.php 第 144 行.
INFO: [ app_end ] --START--
INFO: Run Behavior\ShowPageTraceBehavior [ RunTime:0.001000s ]
INFO: [ app_end ] --END-- [ RunTime:0.002000s ]

[ 2015-11-06T15:45:39+08:00 ] ::1 /index.php/Admin/Order/fw_list.html
INFO: [ app_begin ] --START--
INFO: Run Behavior\ReadHtmlCacheBehavior [ RunTime:0.001000s ]
INFO: [ app_begin ] --END-- [ RunTime:0.001000s ]
NOTIC: [8] Undefined index: type C:\Users\Administrator\Desktop\10-28\Ls\Admin\Controller\OrderController.class.php 第 144 行.
NOTIC: [8] Undefined index: filters C:\Users\Administrator\Desktop\10-28\Ls\Admin\Controller\OrderController.class.php 第 177 行.
INFO: [ app_end ] --START--
INFO: Run Behavior\ShowPageTraceBehavior [ RunTime:0.001000s ]
INFO: [ app_end ] --END-- [ RunTime:0.001000s ]

[ 2015-11-06T16:37:37+08:00 ] ::1 /index.php/Admin/Order/order_list.html
INFO: [ app_begin ] --START--
INFO: Run Behavior\ReadHtmlCacheBehavior [ RunTime:0.001000s ]
INFO: [ app_begin ] --END-- [ RunTime:0.001000s ]
NOTIC: [8] Undefined index: type C:\Users\Administrator\Desktop\10-28\Ls\Admin\Controller\OrderController.class.php 第 18 行.
NOTIC: [8] Undefined index: filters C:\Users\Administrator\Desktop\10-28\Ls\Admin\Controller\OrderController.class.php 第 53 行.
INFO: [ app_end ] --START--
INFO: Run Behavior\ShowPageTraceBehavior [ RunTime:0.001000s ]
INFO: [ app_end ] --END-- [ RunTime:0.001000s ]

[ 2015-11-06T17:57:23+08:00 ] ::1 /index.php/Admin/Order/order_list.html?type=item&order_id=80
INFO: [ app_begin ] --START--
INFO: Run Behavior\ReadHtmlCacheBehavior [ RunTime:0.001001s ]
INFO: [ app_begin ] --END-- [ RunTime:0.001001s ]
INFO: [ app_end ] --START--
INFO: Run Behavior\ShowPageTraceBehavior [ RunTime:0.001000s ]
INFO: [ app_end ] --END-- [ RunTime:0.001000s ]

[ 2015-11-06T17:57:24+08:00 ] ::1 /index.php/Admin/Order/order_list.html?type=item&order_id=80
INFO: [ app_begin ] --START--
INFO: Run Behavior\ReadHtmlCacheBehavior [ RunTime:0.000000s ]
INFO: [ app_begin ] --END-- [ RunTime:0.001000s ]
INFO: [ app_end ] --START--
INFO: Run Behavior\ShowPageTraceBehavior [ RunTime:0.002000s ]
INFO: [ app_end ] --END-- [ RunTime:0.002000s ]

[ 2015-11-06T17:57:26+08:00 ] ::1 /index.php/Admin/Order/order_list.html?type=item&order_id=80
INFO: [ app_begin ] --START--
INFO: Run Behavior\ReadHtmlCacheBehavior [ RunTime:0.001000s ]
INFO: [ app_begin ] --END-- [ RunTime:0.001000s ]
INFO: [ app_end ] --START--
INFO: Run Behavior\ShowPageTraceBehavior [ RunTime:0.001000s ]
INFO: [ app_end ] --END-- [ RunTime:0.002000s ]

[ 2015-11-06T17:58:44+08:00 ] ::1 /index.php/Admin/Order/fw_list.html
INFO: [ app_begin ] --START--
INFO: Run Behavior\ReadHtmlCacheBehavior [ RunTime:0.000000s ]
INFO: [ app_begin ] --END-- [ RunTime:0.001000s ]
NOTIC: [8] Undefined index: type C:\Users\Administrator\Desktop\10-28\Ls\Admin\Controller\OrderController.class.php 第 144 行.
NOTIC: [8] Undefined index: filters C:\Users\Administrator\Desktop\10-28\Ls\Admin\Controller\OrderController.class.php 第 177 行.
INFO: [ app_end ] --START--
INFO: Run Behavior\ShowPageTraceBehavior [ RunTime:0.001000s ]
INFO: [ app_end ] --END-- [ RunTime:0.001000s ]

[ 2015-11-06T18:17:41+08:00 ] ::1 /index.php/Admin/Order/fw_list.html
INFO: [ app_begin ] --START--
INFO: Run Behavior\ReadHtmlCacheBehavior [ RunTime:0.001000s ]
INFO: [ app_begin ] --END-- [ RunTime:0.001000s ]
NOTIC: [8] Undefined index: type C:\Users\Administrator\Desktop\10-28\Ls\Admin\Controller\OrderController.class.php 第 144 行.
NOTIC: [8] Undefined index: filters C:\Users\Administrator\Desktop\10-28\Ls\Admin\Controller\OrderController.class.php 第 177 行.
INFO: [ app_end ] --START--
INFO: Run Behavior\ShowPageTraceBehavior [ RunTime:0.001000s ]
INFO: [ app_end ] --END-- [ RunTime:0.001000s ]

[ 2015-11-06T18:53:44+08:00 ] ::1 /index.php/Admin/Order/order_list.html
INFO: [ app_begin ] --START--
INFO: Run Behavior\ReadHtmlCacheBehavior [ RunTime:0.001000s ]
INFO: [ app_begin ] --END-- [ RunTime:0.001000s ]
NOTIC: [8] Undefined index: type C:\Users\Administrator\Desktop\10-28\Ls\Admin\Controller\OrderController.class.php 第 18 行.
NOTIC: [8] Undefined index: filters C:\Users\Administrator\Desktop\10-28\Ls\Admin\Controller\OrderController.class.php 第 53 行.
INFO: [ app_end ] --START--
INFO: Run Behavior\ShowPageTraceBehavior [ RunTime:0.001000s ]
INFO: [ app_end ] --END-- [ RunTime:0.001000s ]

