[ 2015-10-27T15:19:43+08:00 ] ::1 /index.php/Admin/zfz/dqps.html
INFO: [ app_begin ] --START--
INFO: Run Behavior\ReadHtmlCacheBehavior [ RunTime:0.001000s ]
INFO: [ app_begin ] --END-- [ RunTime:0.001000s ]
ERR: 参数错误或者未定义:id

[ 2015-10-27T15:19:45+08:00 ] ::1 /index.php/Admin/zfz/dqps.html
INFO: [ app_begin ] --START--
INFO: Run Behavior\ReadHtmlCacheBehavior [ RunTime:0.000000s ]
INFO: [ app_begin ] --END-- [ RunTime:0.000000s ]
ERR: 参数错误或者未定义:id

[ 2015-10-27T15:19:56+08:00 ] ::1 /index.php/Admin/zfz/dqps.html
INFO: [ app_begin ] --START--
INFO: Run Behavior\ReadHtmlCacheBehavior [ RunTime:0.001000s ]
INFO: [ app_begin ] --END-- [ RunTime:0.001000s ]
ERR: 参数错误或者未定义:id

[ 2015-10-27T16:16:01+08:00 ] ::1 /index.php/Admin/zfz/dqps.html
INFO: [ app_begin ] --START--
INFO: Run Behavior\ReadHtmlCacheBehavior [ RunTime:0.000000s ]
INFO: [ app_begin ] --END-- [ RunTime:0.000000s ]
ERR: 参数错误或者未定义:id

[ 2015-10-27T16:16:12+08:00 ] ::1 /index.php/Admin/zfz/dqps.html
INFO: [ app_begin ] --START--
INFO: Run Behavior\ReadHtmlCacheBehavior [ RunTime:0.000000s ]
INFO: [ app_begin ] --END-- [ RunTime:0.000000s ]
ERR: 参数错误或者未定义:id

[ 2015-10-27T16:18:07+08:00 ] ::1 /index.php/Admin/zfz/dqps.html
INFO: [ app_begin ] --START--
INFO: Run Behavior\ReadHtmlCacheBehavior [ RunTime:0.000000s ]
INFO: [ app_begin ] --END-- [ RunTime:0.001000s ]
ERR: 参数错误或者未定义:id

[ 2015-10-27T16:18:09+08:00 ] ::1 /index.php/Admin/zfz/dqps.html
INFO: [ app_begin ] --START--
INFO: Run Behavior\ReadHtmlCacheBehavior [ RunTime:0.000000s ]
INFO: [ app_begin ] --END-- [ RunTime:0.001000s ]
ERR: 参数错误或者未定义:id

[ 2015-10-27T16:18:17+08:00 ] ::1 /index.php/Admin/zfz/dqps.html
INFO: [ app_begin ] --START--
INFO: Run Behavior\ReadHtmlCacheBehavior [ RunTime:0.000000s ]
INFO: [ app_begin ] --END-- [ RunTime:0.001000s ]
ERR: 参数错误或者未定义:id

[ 2015-10-27T16:18:24+08:00 ] ::1 /index.php/Admin/zfz/dqps.html
INFO: [ app_begin ] --START--
INFO: Run Behavior\ReadHtmlCacheBehavior [ RunTime:0.001000s ]
INFO: [ app_begin ] --END-- [ RunTime:0.001000s ]
ERR: 参数错误或者未定义:id

[ 2015-10-27T16:19:13+08:00 ] ::1 /index.php/Admin/zfz/dqps.html
INFO: [ app_begin ] --START--
INFO: Run Behavior\ReadHtmlCacheBehavior [ RunTime:0.001000s ]
INFO: [ app_begin ] --END-- [ RunTime:0.002000s ]
ERR: 参数错误或者未定义:id

[ 2015-10-27T16:19:21+08:00 ] ::1 /index.php/Admin/zfz/dqps.html
INFO: [ app_begin ] --START--
INFO: Run Behavior\ReadHtmlCacheBehavior [ RunTime:0.001001s ]
INFO: [ app_begin ] --END-- [ RunTime:0.001001s ]
ERR: 参数错误或者未定义:id

[ 2015-10-27T16:20:03+08:00 ] ::1 /index.php/Admin/zfz/dqps.html
INFO: [ app_begin ] --START--
INFO: Run Behavior\ReadHtmlCacheBehavior [ RunTime:0.000000s ]
INFO: [ app_begin ] --END-- [ RunTime:0.000000s ]
ERR: 参数错误或者未定义:id

[ 2015-10-27T16:20:20+08:00 ] ::1 /index.php/Admin/zfz/dqps.html
INFO: [ app_begin ] --START--
INFO: Run Behavior\ReadHtmlCacheBehavior [ RunTime:0.000000s ]
INFO: [ app_begin ] --END-- [ RunTime:0.001000s ]
ERR: 参数错误或者未定义:id

[ 2015-10-27T16:21:04+08:00 ] ::1 /index.php/Admin/zfz/dqps.html
INFO: [ app_begin ] --START--
INFO: Run Behavior\ReadHtmlCacheBehavior [ RunTime:0.001000s ]
INFO: [ app_begin ] --END-- [ RunTime:0.001000s ]
ERR: 参数错误或者未定义:id

[ 2015-10-27T16:21:35+08:00 ] ::1 /index.php/Admin/zfz/dqps.html
INFO: [ app_begin ] --START--
INFO: Run Behavior\ReadHtmlCacheBehavior [ RunTime:0.001000s ]
INFO: [ app_begin ] --END-- [ RunTime:0.001000s ]
ERR: 参数错误或者未定义:id

[ 2015-10-27T16:22:57+08:00 ] ::1 /index.php/Admin/zfz/dqps.html
INFO: [ app_begin ] --START--
INFO: Run Behavior\ReadHtmlCacheBehavior [ RunTime:0.000000s ]
INFO: [ app_begin ] --END-- [ RunTime:0.000000s ]
ERR: 参数错误或者未定义:id

[ 2015-10-27T16:23:21+08:00 ] ::1 /index.php/Admin/zfz/dqps.html
INFO: [ app_begin ] --START--
INFO: Run Behavior\ReadHtmlCacheBehavior [ RunTime:0.000000s ]
INFO: [ app_begin ] --END-- [ RunTime:0.000000s ]

[ 2015-10-27T16:23:34+08:00 ] ::1 /index.php/Admin/zfz/dqps.html
INFO: [ app_begin ] --START--
INFO: Run Behavior\ReadHtmlCacheBehavior [ RunTime:0.000000s ]
INFO: [ app_begin ] --END-- [ RunTime:0.000000s ]

[ 2015-10-27T16:27:12+08:00 ] ::1 /index.php/Admin/zfz/dqps.html
INFO: [ app_begin ] --START--
INFO: Run Behavior\ReadHtmlCacheBehavior [ RunTime:0.000000s ]
INFO: [ app_begin ] --END-- [ RunTime:0.000000s ]
INFO: [ view_parse ] --START--
INFO: [ template_filter ] --START--
INFO: Run Behavior\ContentReplaceBehavior [ RunTime:0.000000s ]
INFO: [ template_filter ] --END-- [ RunTime:0.000000s ]
NOTIC: [8] Undefined index: flag A:\word\ymyg\Ls\Runtime\Cache\Admin\ab5536c6ff3e4ee4c2ad5b359f13bb33.php 第 121 行.
NOTIC: [8] Undefined index: flag A:\word\ymyg\Ls\Runtime\Cache\Admin\ab5536c6ff3e4ee4c2ad5b359f13bb33.php 第 132 行.
NOTIC: [8] Undefined index: flag A:\word\ymyg\Ls\Runtime\Cache\Admin\ab5536c6ff3e4ee4c2ad5b359f13bb33.php 第 142 行.
NOTIC: [8] Undefined index: flag A:\word\ymyg\Ls\Runtime\Cache\Admin\ab5536c6ff3e4ee4c2ad5b359f13bb33.php 第 150 行.
NOTIC: [8] Undefined index: flag A:\word\ymyg\Ls\Runtime\Cache\Admin\ab5536c6ff3e4ee4c2ad5b359f13bb33.php 第 160 行.
NOTIC: [8] Undefined index: flag A:\word\ymyg\Ls\Runtime\Cache\Admin\ab5536c6ff3e4ee4c2ad5b359f13bb33.php 第 187 行.
NOTIC: [8] Undefined index: flag A:\word\ymyg\Ls\Runtime\Cache\Admin\ab5536c6ff3e4ee4c2ad5b359f13bb33.php 第 195 行.
NOTIC: [8] Undefined index: flag A:\word\ymyg\Ls\Runtime\Cache\Admin\ab5536c6ff3e4ee4c2ad5b359f13bb33.php 第 202 行.
NOTIC: [8] Undefined index: flag A:\word\ymyg\Ls\Runtime\Cache\Admin\ab5536c6ff3e4ee4c2ad5b359f13bb33.php 第 213 行.
NOTIC: [8] Undefined index: flag A:\word\ymyg\Ls\Runtime\Cache\Admin\ab5536c6ff3e4ee4c2ad5b359f13bb33.php 第 222 行.
NOTIC: [8] Undefined index: flag A:\word\ymyg\Ls\Runtime\Cache\Admin\ab5536c6ff3e4ee4c2ad5b359f13bb33.php 第 230 行.
NOTIC: [8] Undefined index: flag A:\word\ymyg\Ls\Runtime\Cache\Admin\ab5536c6ff3e4ee4c2ad5b359f13bb33.php 第 237 行.
NOTIC: [8] Undefined index: flag A:\word\ymyg\Ls\Runtime\Cache\Admin\ab5536c6ff3e4ee4c2ad5b359f13bb33.php 第 248 行.
NOTIC: [8] Undefined index: flag A:\word\ymyg\Ls\Runtime\Cache\Admin\ab5536c6ff3e4ee4c2ad5b359f13bb33.php 第 256 行.
NOTIC: [8] Undefined index: flag A:\word\ymyg\Ls\Runtime\Cache\Admin\ab5536c6ff3e4ee4c2ad5b359f13bb33.php 第 264 行.
NOTIC: [8] Undefined index: flag A:\word\ymyg\Ls\Runtime\Cache\Admin\ab5536c6ff3e4ee4c2ad5b359f13bb33.php 第 271 行.
NOTIC: [8] Undefined index: flag A:\word\ymyg\Ls\Runtime\Cache\Admin\ab5536c6ff3e4ee4c2ad5b359f13bb33.php 第 276 行.
NOTIC: [8] Undefined index: flag A:\word\ymyg\Ls\Runtime\Cache\Admin\ab5536c6ff3e4ee4c2ad5b359f13bb33.php 第 286 行.
NOTIC: [8] Undefined index: flag A:\word\ymyg\Ls\Runtime\Cache\Admin\ab5536c6ff3e4ee4c2ad5b359f13bb33.php 第 294 行.
NOTIC: [8] Undefined index: flag A:\word\ymyg\Ls\Runtime\Cache\Admin\ab5536c6ff3e4ee4c2ad5b359f13bb33.php 第 298 行.
NOTIC: [8] Undefined index: flag A:\word\ymyg\Ls\Runtime\Cache\Admin\ab5536c6ff3e4ee4c2ad5b359f13bb33.php 第 301 行.
NOTIC: [8] Undefined index: flag A:\word\ymyg\Ls\Runtime\Cache\Admin\ab5536c6ff3e4ee4c2ad5b359f13bb33.php 第 304 行.
NOTIC: [8] Undefined index: flag A:\word\ymyg\Ls\Runtime\Cache\Admin\ab5536c6ff3e4ee4c2ad5b359f13bb33.php 第 307 行.
NOTIC: [8] Undefined index: flag A:\word\ymyg\Ls\Runtime\Cache\Admin\ab5536c6ff3e4ee4c2ad5b359f13bb33.php 第 314 行.
NOTIC: [8] Undefined index: flag A:\word\ymyg\Ls\Runtime\Cache\Admin\ab5536c6ff3e4ee4c2ad5b359f13bb33.php 第 322 行.
NOTIC: [8] Undefined index: flag A:\word\ymyg\Ls\Runtime\Cache\Admin\ab5536c6ff3e4ee4c2ad5b359f13bb33.php 第 332 行.
NOTIC: [8] Undefined index: flag A:\word\ymyg\Ls\Runtime\Cache\Admin\ab5536c6ff3e4ee4c2ad5b359f13bb33.php 第 346 行.
NOTIC: [8] Undefined index: flag A:\word\ymyg\Ls\Runtime\Cache\Admin\ab5536c6ff3e4ee4c2ad5b359f13bb33.php 第 354 行.
NOTIC: [8] Undefined index: flag A:\word\ymyg\Ls\Runtime\Cache\Admin\ab5536c6ff3e4ee4c2ad5b359f13bb33.php 第 361 行.
NOTIC: [8] Undefined index: flag A:\word\ymyg\Ls\Runtime\Cache\Admin\ab5536c6ff3e4ee4c2ad5b359f13bb33.php 第 368 行.
NOTIC: [8] Undefined index: flag A:\word\ymyg\Ls\Runtime\Cache\Admin\ab5536c6ff3e4ee4c2ad5b359f13bb33.php 第 375 行.
NOTIC: [8] Undefined index: flag A:\word\ymyg\Ls\Runtime\Cache\Admin\ab5536c6ff3e4ee4c2ad5b359f13bb33.php 第 383 行.
NOTIC: [8] Undefined variable: rpage A:\word\ymyg\Ls\Runtime\Cache\Admin\ab5536c6ff3e4ee4c2ad5b359f13bb33.php 第 537 行.
INFO: Run Behavior\ParseTemplateBehavior [ RunTime:0.034002s ]
INFO: [ view_parse ] --END-- [ RunTime:0.034002s ]
INFO: [ view_filter ] --START--
INFO: Run Behavior\WriteHtmlCacheBehavior [ RunTime:0.001000s ]
INFO: Run Behavior\TokenBuildBehavior [ RunTime:0.002001s ]
INFO: [ view_filter ] --END-- [ RunTime:0.003001s ]
INFO: [ app_end ] --START--
INFO: Run Behavior\ShowPageTraceBehavior [ RunTime:0.000000s ]
INFO: [ app_end ] --END-- [ RunTime:0.000000s ]

[ 2015-10-27T16:27:49+08:00 ] ::1 /index.php/Admin/zfz/dqps.html
INFO: [ app_begin ] --START--
INFO: Run Behavior\ReadHtmlCacheBehavior [ RunTime:0.001000s ]
INFO: [ app_begin ] --END-- [ RunTime:0.001000s ]

[ 2015-10-27T16:28:19+08:00 ] ::1 /index.php/Admin/zfz/dqps.html
INFO: [ app_begin ] --START--
INFO: Run Behavior\ReadHtmlCacheBehavior [ RunTime:0.000000s ]
INFO: [ app_begin ] --END-- [ RunTime:0.000000s ]
NOTIC: [8] Undefined index: id A:\word\ymyg\Ls\Admin\Controller\ZfzController.class.php 第 147 行.

[ 2015-10-27T16:29:45+08:00 ] ::1 /index.php/Admin/zfz/dqps.html
INFO: [ app_begin ] --START--
INFO: Run Behavior\ReadHtmlCacheBehavior [ RunTime:0.000000s ]
INFO: [ app_begin ] --END-- [ RunTime:0.001000s ]
NOTIC: [8] Undefined index: id A:\word\ymyg\Ls\Admin\Controller\ZfzController.class.php 第 147 行.

[ 2015-10-27T16:30:04+08:00 ] ::1 /index.php/Admin/zfz/dqps.html
INFO: [ app_begin ] --START--
INFO: Run Behavior\ReadHtmlCacheBehavior [ RunTime:0.001000s ]
INFO: [ app_begin ] --END-- [ RunTime:0.001000s ]

[ 2015-10-27T16:31:22+08:00 ] ::1 /index.php/Admin/zfz/dqps.html
INFO: [ app_begin ] --START--
INFO: Run Behavior\ReadHtmlCacheBehavior [ RunTime:0.001000s ]
INFO: [ app_begin ] --END-- [ RunTime:0.001000s ]

[ 2015-10-27T16:35:49+08:00 ] ::1 /index.php/Admin/zfz/dqps.html
INFO: [ app_begin ] --START--
INFO: Run Behavior\ReadHtmlCacheBehavior [ RunTime:0.000000s ]
INFO: [ app_begin ] --END-- [ RunTime:0.001000s ]

[ 2015-10-27T16:45:29+08:00 ] ::1 /index.php/Admin/zfz/dqps.html
INFO: [ app_begin ] --START--
INFO: Run Behavior\ReadHtmlCacheBehavior [ RunTime:0.001000s ]
INFO: [ app_begin ] --END-- [ RunTime:0.001000s ]

[ 2015-10-27T16:45:43+08:00 ] ::1 /index.php/Admin/zfz/dqps.html
INFO: [ app_begin ] --START--
INFO: Run Behavior\ReadHtmlCacheBehavior [ RunTime:0.001000s ]
INFO: [ app_begin ] --END-- [ RunTime:0.002000s ]

[ 2015-10-27T16:51:13+08:00 ] ::1 /index.php/Admin/zfz/dqps.html
INFO: [ app_begin ] --START--
INFO: Run Behavior\ReadHtmlCacheBehavior [ RunTime:0.001000s ]
INFO: [ app_begin ] --END-- [ RunTime:0.001000s ]

[ 2015-10-27T16:57:40+08:00 ] ::1 /index.php/Admin/zfz/dqps.html
INFO: [ app_begin ] --START--
INFO: Run Behavior\ReadHtmlCacheBehavior [ RunTime:0.000000s ]
INFO: [ app_begin ] --END-- [ RunTime:0.001000s ]
ERR: SQLSTATE[42000]: Syntax error or access violation: 1064 You have an error in your SQL syntax; check the manual that corresponds to your MySQL server version for the right syntax to use near ')' at line 1

[ 2015-10-27T16:57:56+08:00 ] ::1 /index.php/Admin/zfz/dqps.html
INFO: [ app_begin ] --START--
INFO: Run Behavior\ReadHtmlCacheBehavior [ RunTime:0.000000s ]
INFO: [ app_begin ] --END-- [ RunTime:0.000000s ]
ERR: SQLSTATE[42000]: Syntax error or access violation: 1064 You have an error in your SQL syntax; check the manual that corresponds to your MySQL server version for the right syntax to use near ')' at line 1

[ 2015-10-27T16:58:14+08:00 ] ::1 /index.php/Admin/zfz/dqps.html
INFO: [ app_begin ] --START--
INFO: Run Behavior\ReadHtmlCacheBehavior [ RunTime:0.000000s ]
INFO: [ app_begin ] --END-- [ RunTime:0.000000s ]

[ 2015-10-27T16:58:28+08:00 ] ::1 /index.php/Admin/zfz/dqps.html
INFO: [ app_begin ] --START--
INFO: Run Behavior\ReadHtmlCacheBehavior [ RunTime:0.000000s ]
INFO: [ app_begin ] --END-- [ RunTime:0.000000s ]

[ 2015-10-27T17:03:27+08:00 ] ::1 /index.php/Admin/zfz/dqps.html
INFO: [ app_begin ] --START--
INFO: Run Behavior\ReadHtmlCacheBehavior [ RunTime:0.001000s ]
INFO: [ app_begin ] --END-- [ RunTime:0.001000s ]
NOTIC: [8] Undefined offset: 4 A:\word\ymyg\Ls\Admin\Controller\ZfzController.class.php 第 148 行.
NOTIC: [8] Undefined offset: 1 A:\word\ymyg\Ls\Admin\Controller\ZfzController.class.php 第 149 行.
NOTIC: [8] Undefined offset: 2 A:\word\ymyg\Ls\Admin\Controller\ZfzController.class.php 第 150 行.
NOTIC: [8] Undefined offset: 3 A:\word\ymyg\Ls\Admin\Controller\ZfzController.class.php 第 151 行.
ERR: SQLSTATE[23000]: Integrity constraint violation: 1048 Column 'u_id' cannot be null

[ 2015-10-27T17:03:38+08:00 ] ::1 /index.php/Admin/zfz/dqps.html
INFO: [ app_begin ] --START--
INFO: Run Behavior\ReadHtmlCacheBehavior [ RunTime:0.000000s ]
INFO: [ app_begin ] --END-- [ RunTime:0.000000s ]
NOTIC: [8] Undefined offset: 4 A:\word\ymyg\Ls\Admin\Controller\ZfzController.class.php 第 148 行.
NOTIC: [8] Undefined offset: 1 A:\word\ymyg\Ls\Admin\Controller\ZfzController.class.php 第 149 行.
NOTIC: [8] Undefined offset: 2 A:\word\ymyg\Ls\Admin\Controller\ZfzController.class.php 第 150 行.
NOTIC: [8] Undefined offset: 3 A:\word\ymyg\Ls\Admin\Controller\ZfzController.class.php 第 151 行.
ERR: SQLSTATE[23000]: Integrity constraint violation: 1048 Column 'u_id' cannot be null

[ 2015-10-27T17:04:18+08:00 ] ::1 /index.php/Admin/zfz/dqps.html
INFO: [ app_begin ] --START--
INFO: Run Behavior\ReadHtmlCacheBehavior [ RunTime:0.000000s ]
INFO: [ app_begin ] --END-- [ RunTime:0.000000s ]

[ 2015-10-27T17:08:36+08:00 ] ::1 /index.php/Admin/zfz/dqps.html
INFO: [ app_begin ] --START--
INFO: Run Behavior\ReadHtmlCacheBehavior [ RunTime:0.001000s ]
INFO: [ app_begin ] --END-- [ RunTime:0.001000s ]

[ 2015-10-27T17:11:00+08:00 ] ::1 /index.php/Admin/zfz/dqps.html
INFO: [ app_begin ] --START--
INFO: Run Behavior\ReadHtmlCacheBehavior [ RunTime:0.000000s ]
INFO: [ app_begin ] --END-- [ RunTime:0.001000s ]

[ 2015-10-27T17:11:51+08:00 ] ::1 /index.php/Admin/zfz/dqps.html
INFO: [ app_begin ] --START--
INFO: Run Behavior\ReadHtmlCacheBehavior [ RunTime:0.001000s ]
INFO: [ app_begin ] --END-- [ RunTime:0.001000s ]

[ 2015-10-27T17:12:07+08:00 ] ::1 /index.php/Admin/zfz/dqps.html
INFO: [ app_begin ] --START--
INFO: Run Behavior\ReadHtmlCacheBehavior [ RunTime:0.000000s ]
INFO: [ app_begin ] --END-- [ RunTime:0.001000s ]

[ 2015-10-27T17:12:15+08:00 ] ::1 /index.php/Admin/zfz/dqps.html
INFO: [ app_begin ] --START--
INFO: Run Behavior\ReadHtmlCacheBehavior [ RunTime:0.000000s ]
INFO: [ app_begin ] --END-- [ RunTime:0.000000s ]

[ 2015-10-27T17:13:08+08:00 ] ::1 /index.php/Admin/zfz/dqps.html
INFO: [ app_begin ] --START--
INFO: Run Behavior\ReadHtmlCacheBehavior [ RunTime:0.000000s ]
INFO: [ app_begin ] --END-- [ RunTime:0.000000s ]

[ 2015-10-27T17:13:32+08:00 ] ::1 /index.php/Admin/zfz/dqps.html
INFO: [ app_begin ] --START--
INFO: Run Behavior\ReadHtmlCacheBehavior [ RunTime:0.001000s ]
INFO: [ app_begin ] --END-- [ RunTime:0.001000s ]

[ 2015-10-27T17:13:45+08:00 ] ::1 /index.php/Admin/zfz/dqps.html
INFO: [ app_begin ] --START--
INFO: Run Behavior\ReadHtmlCacheBehavior [ RunTime:0.001000s ]
INFO: [ app_begin ] --END-- [ RunTime:0.001000s ]

[ 2015-10-27T18:00:34+08:00 ] ::1 /index.php/Admin/zfz/dqps.html
INFO: [ app_begin ] --START--
INFO: Run Behavior\ReadHtmlCacheBehavior [ RunTime:0.000000s ]
INFO: [ app_begin ] --END-- [ RunTime:0.001001s ]

[ 2015-10-27T18:03:07+08:00 ] ::1 /index.php/Admin/zfz/dqps.html
INFO: [ app_begin ] --START--
INFO: Run Behavior\ReadHtmlCacheBehavior [ RunTime:0.001000s ]
INFO: [ app_begin ] --END-- [ RunTime:0.001000s ]

[ 2015-10-27T18:03:20+08:00 ] ::1 /index.php/Admin/zfz/dqps.html
INFO: [ app_begin ] --START--
INFO: Run Behavior\ReadHtmlCacheBehavior [ RunTime:0.001000s ]
INFO: [ app_begin ] --END-- [ RunTime:0.001000s ]
NOTIC: [8] Undefined offset: 4 A:\word\ymyg\Ls\Admin\Controller\ZfzController.class.php 第 176 行.
NOTIC: [8] Undefined offset: 1 A:\word\ymyg\Ls\Admin\Controller\ZfzController.class.php 第 177 行.
NOTIC: [8] Undefined offset: 2 A:\word\ymyg\Ls\Admin\Controller\ZfzController.class.php 第 178 行.
NOTIC: [8] Undefined offset: 3 A:\word\ymyg\Ls\Admin\Controller\ZfzController.class.php 第 179 行.
ERR: SQLSTATE[42000]: Syntax error or access violation: 1064 You have an error in your SQL syntax; check the manual that corresponds to your MySQL server version for the right syntax to use near ')' at line 1

[ 2015-10-27T18:03:25+08:00 ] ::1 /index.php/Admin/zfz/dqps.html
INFO: [ app_begin ] --START--
INFO: Run Behavior\ReadHtmlCacheBehavior [ RunTime:0.000000s ]
INFO: [ app_begin ] --END-- [ RunTime:0.001000s ]
NOTIC: [8] Undefined offset: 4 A:\word\ymyg\Ls\Admin\Controller\ZfzController.class.php 第 176 行.
NOTIC: [8] Undefined offset: 1 A:\word\ymyg\Ls\Admin\Controller\ZfzController.class.php 第 177 行.
NOTIC: [8] Undefined offset: 2 A:\word\ymyg\Ls\Admin\Controller\ZfzController.class.php 第 178 行.
NOTIC: [8] Undefined offset: 3 A:\word\ymyg\Ls\Admin\Controller\ZfzController.class.php 第 179 行.
ERR: SQLSTATE[42000]: Syntax error or access violation: 1064 You have an error in your SQL syntax; check the manual that corresponds to your MySQL server version for the right syntax to use near ')' at line 1

[ 2015-10-27T18:03:44+08:00 ] ::1 /index.php/Admin/zfz/dqps.html
INFO: [ app_begin ] --START--
INFO: Run Behavior\ReadHtmlCacheBehavior [ RunTime:0.000000s ]
INFO: [ app_begin ] --END-- [ RunTime:0.002000s ]

[ 2015-10-27T18:05:33+08:00 ] ::1 /index.php/Admin/zfz/dqps.html
INFO: [ app_begin ] --START--
INFO: Run Behavior\ReadHtmlCacheBehavior [ RunTime:0.001000s ]
INFO: [ app_begin ] --END-- [ RunTime:0.002000s ]
NOTIC: [8] Undefined offset: 4 A:\word\ymyg\Ls\Admin\Controller\ZfzController.class.php 第 176 行.
NOTIC: [8] Undefined offset: 1 A:\word\ymyg\Ls\Admin\Controller\ZfzController.class.php 第 177 行.
NOTIC: [8] Undefined offset: 2 A:\word\ymyg\Ls\Admin\Controller\ZfzController.class.php 第 178 行.
NOTIC: [8] Undefined offset: 3 A:\word\ymyg\Ls\Admin\Controller\ZfzController.class.php 第 179 行.
ERR: SQLSTATE[42000]: Syntax error or access violation: 1064 You have an error in your SQL syntax; check the manual that corresponds to your MySQL server version for the right syntax to use near ')' at line 1

[ 2015-10-27T18:05:38+08:00 ] ::1 /index.php/Admin/zfz/dqps.html
INFO: [ app_begin ] --START--
INFO: Run Behavior\ReadHtmlCacheBehavior [ RunTime:0.000000s ]
INFO: [ app_begin ] --END-- [ RunTime:0.001000s ]
NOTIC: [8] Undefined offset: 4 A:\word\ymyg\Ls\Admin\Controller\ZfzController.class.php 第 176 行.
NOTIC: [8] Undefined offset: 1 A:\word\ymyg\Ls\Admin\Controller\ZfzController.class.php 第 177 行.
NOTIC: [8] Undefined offset: 2 A:\word\ymyg\Ls\Admin\Controller\ZfzController.class.php 第 178 行.
NOTIC: [8] Undefined offset: 3 A:\word\ymyg\Ls\Admin\Controller\ZfzController.class.php 第 179 行.
ERR: SQLSTATE[42000]: Syntax error or access violation: 1064 You have an error in your SQL syntax; check the manual that corresponds to your MySQL server version for the right syntax to use near ')' at line 1

[ 2015-10-27T18:06:12+08:00 ] ::1 /index.php/Admin/zfz/dqps.html
INFO: [ app_begin ] --START--
INFO: Run Behavior\ReadHtmlCacheBehavior [ RunTime:0.000000s ]
INFO: [ app_begin ] --END-- [ RunTime:0.000000s ]
NOTIC: [8] Undefined offset: 4 A:\word\ymyg\Ls\Admin\Controller\ZfzController.class.php 第 176 行.
NOTIC: [8] Undefined offset: 1 A:\word\ymyg\Ls\Admin\Controller\ZfzController.class.php 第 177 行.
NOTIC: [8] Undefined offset: 2 A:\word\ymyg\Ls\Admin\Controller\ZfzController.class.php 第 178 行.
NOTIC: [8] Undefined offset: 3 A:\word\ymyg\Ls\Admin\Controller\ZfzController.class.php 第 179 行.
ERR: SQLSTATE[42000]: Syntax error or access violation: 1064 You have an error in your SQL syntax; check the manual that corresponds to your MySQL server version for the right syntax to use near ')' at line 1

[ 2015-10-27T18:06:38+08:00 ] ::1 /index.php/Admin/zfz/dqps.html
INFO: [ app_begin ] --START--
INFO: Run Behavior\ReadHtmlCacheBehavior [ RunTime:0.000000s ]
INFO: [ app_begin ] --END-- [ RunTime:0.000000s ]

[ 2015-10-27T18:06:58+08:00 ] ::1 /index.php/Admin/zfz/dqps.html
INFO: [ app_begin ] --START--
INFO: Run Behavior\ReadHtmlCacheBehavior [ RunTime:0.001000s ]
INFO: [ app_begin ] --END-- [ RunTime:0.001000s ]
NOTIC: [8] Undefined offset: 4 A:\word\ymyg\Ls\Admin\Controller\ZfzController.class.php 第 176 行.
NOTIC: [8] Undefined offset: 1 A:\word\ymyg\Ls\Admin\Controller\ZfzController.class.php 第 177 行.
NOTIC: [8] Undefined offset: 2 A:\word\ymyg\Ls\Admin\Controller\ZfzController.class.php 第 178 行.
NOTIC: [8] Undefined offset: 3 A:\word\ymyg\Ls\Admin\Controller\ZfzController.class.php 第 179 行.
ERR: SQLSTATE[42000]: Syntax error or access violation: 1064 You have an error in your SQL syntax; check the manual that corresponds to your MySQL server version for the right syntax to use near ')' at line 1

[ 2015-10-27T18:08:11+08:00 ] ::1 /index.php/Admin/zfz/dqps.html
INFO: [ app_begin ] --START--
INFO: Run Behavior\ReadHtmlCacheBehavior [ RunTime:0.000000s ]
INFO: [ app_begin ] --END-- [ RunTime:0.000000s ]
NOTIC: [8] Undefined offset: 4 A:\word\ymyg\Ls\Admin\Controller\ZfzController.class.php 第 176 行.
NOTIC: [8] Undefined offset: 1 A:\word\ymyg\Ls\Admin\Controller\ZfzController.class.php 第 177 行.
NOTIC: [8] Undefined offset: 2 A:\word\ymyg\Ls\Admin\Controller\ZfzController.class.php 第 178 行.
NOTIC: [8] Undefined offset: 3 A:\word\ymyg\Ls\Admin\Controller\ZfzController.class.php 第 179 行.
ERR: SQLSTATE[42000]: Syntax error or access violation: 1064 You have an error in your SQL syntax; check the manual that corresponds to your MySQL server version for the right syntax to use near ')' at line 1

[ 2015-10-27T18:09:18+08:00 ] ::1 /index.php/Admin/zfz/dqps.html
INFO: [ app_begin ] --START--
INFO: Run Behavior\ReadHtmlCacheBehavior [ RunTime:0.000000s ]
INFO: [ app_begin ] --END-- [ RunTime:0.001000s ]
NOTIC: [8] Undefined offset: 4 A:\word\ymyg\Ls\Admin\Controller\ZfzController.class.php 第 177 行.
NOTIC: [8] Undefined offset: 1 A:\word\ymyg\Ls\Admin\Controller\ZfzController.class.php 第 178 行.
NOTIC: [8] Undefined offset: 2 A:\word\ymyg\Ls\Admin\Controller\ZfzController.class.php 第 179 行.
NOTIC: [8] Undefined offset: 3 A:\word\ymyg\Ls\Admin\Controller\ZfzController.class.php 第 180 行.
ERR: SQLSTATE[42000]: Syntax error or access violation: 1064 You have an error in your SQL syntax; check the manual that corresponds to your MySQL server version for the right syntax to use near ')' at line 1

[ 2015-10-27T18:10:39+08:00 ] ::1 /index.php/Admin/zfz/dqps.html
INFO: [ app_begin ] --START--
INFO: Run Behavior\ReadHtmlCacheBehavior [ RunTime:0.000000s ]
INFO: [ app_begin ] --END-- [ RunTime:0.000000s ]

[ 2015-10-27T18:10:57+08:00 ] ::1 /index.php/Admin/zfz/dqps.html
INFO: [ app_begin ] --START--
INFO: Run Behavior\ReadHtmlCacheBehavior [ RunTime:0.000000s ]
INFO: [ app_begin ] --END-- [ RunTime:0.000000s ]

[ 2015-10-27T18:11:17+08:00 ] ::1 /index.php/Admin/zfz/dqps.html
INFO: [ app_begin ] --START--
INFO: Run Behavior\ReadHtmlCacheBehavior [ RunTime:0.001000s ]
INFO: [ app_begin ] --END-- [ RunTime:0.001000s ]

[ 2015-10-27T18:11:26+08:00 ] ::1 /index.php/Admin/zfz/dqps.html
INFO: [ app_begin ] --START--
INFO: Run Behavior\ReadHtmlCacheBehavior [ RunTime:0.000000s ]
INFO: [ app_begin ] --END-- [ RunTime:0.001000s ]

[ 2015-10-27T18:23:34+08:00 ] ::1 /index.php/Admin/zfz/dqps.html
INFO: [ app_begin ] --START--
INFO: Run Behavior\ReadHtmlCacheBehavior [ RunTime:0.001000s ]
INFO: [ app_begin ] --END-- [ RunTime:0.001000s ]

[ 2015-10-27T18:23:46+08:00 ] ::1 /index.php/Admin/zfz/dqps.html
INFO: [ app_begin ] --START--
INFO: Run Behavior\ReadHtmlCacheBehavior [ RunTime:0.000000s ]
INFO: [ app_begin ] --END-- [ RunTime:0.000000s ]

[ 2015-10-27T18:26:48+08:00 ] ::1 /index.php/Admin/zfz/dqps.html
INFO: [ app_begin ] --START--
INFO: Run Behavior\ReadHtmlCacheBehavior [ RunTime:0.001000s ]
INFO: [ app_begin ] --END-- [ RunTime:0.002001s ]

[ 2015-10-27T18:26:57+08:00 ] ::1 /index.php/Admin/zfz/dqps.html
INFO: [ app_begin ] --START--
INFO: Run Behavior\ReadHtmlCacheBehavior [ RunTime:0.000000s ]
INFO: [ app_begin ] --END-- [ RunTime:0.001000s ]

[ 2015-10-27T18:29:40+08:00 ] ::1 /index.php/Admin/zfz/dqps.html
INFO: [ app_begin ] --START--
INFO: Run Behavior\ReadHtmlCacheBehavior [ RunTime:0.001000s ]
INFO: [ app_begin ] --END-- [ RunTime:0.002000s ]

[ 2015-10-27T18:34:51+08:00 ] ::1 /index.php/Admin/zfz/dqps.html
INFO: [ app_begin ] --START--
INFO: Run Behavior\ReadHtmlCacheBehavior [ RunTime:0.001000s ]
INFO: [ app_begin ] --END-- [ RunTime:0.001000s ]

[ 2015-10-27T18:36:04+08:00 ] ::1 /index.php/Admin/zfz/dqps.html
INFO: [ app_begin ] --START--
INFO: Run Behavior\ReadHtmlCacheBehavior [ RunTime:0.001000s ]
INFO: [ app_begin ] --END-- [ RunTime:0.001000s ]

[ 2015-10-27T18:36:12+08:00 ] ::1 /index.php/Admin/zfz/dqps.html
INFO: [ app_begin ] --START--
INFO: Run Behavior\ReadHtmlCacheBehavior [ RunTime:0.001000s ]
INFO: [ app_begin ] --END-- [ RunTime:0.001000s ]

[ 2015-10-27T18:37:46+08:00 ] ::1 /index.php/Admin/zfz/dqps.html
INFO: [ app_begin ] --START--
INFO: Run Behavior\ReadHtmlCacheBehavior [ RunTime:0.001000s ]
INFO: [ app_begin ] --END-- [ RunTime:0.001000s ]

[ 2015-10-27T18:37:54+08:00 ] ::1 /index.php/Admin/zfz/dqps.html
INFO: [ app_begin ] --START--
INFO: Run Behavior\ReadHtmlCacheBehavior [ RunTime:0.000000s ]
INFO: [ app_begin ] --END-- [ RunTime:0.001000s ]

[ 2015-10-27T18:38:37+08:00 ] ::1 /index.php/Admin/zfz/dqps.html
INFO: [ app_begin ] --START--
INFO: Run Behavior\ReadHtmlCacheBehavior [ RunTime:0.000000s ]
INFO: [ app_begin ] --END-- [ RunTime:0.001000s ]

[ 2015-10-27T18:38:40+08:00 ] ::1 /index.php/Admin/zfz/dqps.html
INFO: [ app_begin ] --START--
INFO: Run Behavior\ReadHtmlCacheBehavior [ RunTime:0.001000s ]
INFO: [ app_begin ] --END-- [ RunTime:0.002000s ]

[ 2015-10-27T18:38:52+08:00 ] ::1 /index.php/Admin/zfz/dqps.html
INFO: [ app_begin ] --START--
INFO: Run Behavior\ReadHtmlCacheBehavior [ RunTime:0.000000s ]
INFO: [ app_begin ] --END-- [ RunTime:0.001001s ]

[ 2015-10-27T18:39:54+08:00 ] ::1 /index.php/Admin/zfz/dqps.html
INFO: [ app_begin ] --START--
INFO: Run Behavior\ReadHtmlCacheBehavior [ RunTime:0.000000s ]
INFO: [ app_begin ] --END-- [ RunTime:0.001000s ]

[ 2015-10-27T18:39:58+08:00 ] ::1 /index.php/Admin/zfz/dqps.html
INFO: [ app_begin ] --START--
INFO: Run Behavior\ReadHtmlCacheBehavior [ RunTime:0.000000s ]
INFO: [ app_begin ] --END-- [ RunTime:0.000000s ]

[ 2015-10-27T18:40:01+08:00 ] ::1 /index.php/Admin/zfz/dqps.html
INFO: [ app_begin ] --START--
INFO: Run Behavior\ReadHtmlCacheBehavior [ RunTime:0.000000s ]
INFO: [ app_begin ] --END-- [ RunTime:0.001000s ]

[ 2015-10-27T18:40:24+08:00 ] ::1 /index.php/Admin/zfz/dqps.html
INFO: [ app_begin ] --START--
INFO: Run Behavior\ReadHtmlCacheBehavior [ RunTime:0.001000s ]
INFO: [ app_begin ] --END-- [ RunTime:0.001000s ]

[ 2015-10-27T18:41:00+08:00 ] ::1 /index.php/Admin/zfz/dqps.html
INFO: [ app_begin ] --START--
INFO: Run Behavior\ReadHtmlCacheBehavior [ RunTime:0.001000s ]
INFO: [ app_begin ] --END-- [ RunTime:0.001000s ]

[ 2015-10-27T18:41:22+08:00 ] ::1 /index.php/Admin/zfz/dqps.html
INFO: [ app_begin ] --START--
INFO: Run Behavior\ReadHtmlCacheBehavior [ RunTime:0.001000s ]
INFO: [ app_begin ] --END-- [ RunTime:0.001000s ]

[ 2015-10-27T18:41:53+08:00 ] ::1 /index.php/Admin/zfz/dqps.html
INFO: [ app_begin ] --START--
INFO: Run Behavior\ReadHtmlCacheBehavior [ RunTime:0.001000s ]
INFO: [ app_begin ] --END-- [ RunTime:0.001000s ]

[ 2015-10-27T18:43:01+08:00 ] ::1 /index.php/Admin/zfz/dqps.html
INFO: [ app_begin ] --START--
INFO: Run Behavior\ReadHtmlCacheBehavior [ RunTime:0.001000s ]
INFO: [ app_begin ] --END-- [ RunTime:0.001000s ]

[ 2015-10-27T18:43:26+08:00 ] ::1 /index.php/Admin/zfz/dqps.html
INFO: [ app_begin ] --START--
INFO: Run Behavior\ReadHtmlCacheBehavior [ RunTime:0.001000s ]
INFO: [ app_begin ] --END-- [ RunTime:0.001000s ]

[ 2015-10-27T18:43:50+08:00 ] ::1 /index.php/Admin/zfz/dqps.html
INFO: [ app_begin ] --START--
INFO: Run Behavior\ReadHtmlCacheBehavior [ RunTime:0.001000s ]
INFO: [ app_begin ] --END-- [ RunTime:0.001000s ]

[ 2015-10-27T18:44:32+08:00 ] ::1 /index.php/Admin/zfz/dqps.html
INFO: [ app_begin ] --START--
INFO: Run Behavior\ReadHtmlCacheBehavior [ RunTime:0.000000s ]
INFO: [ app_begin ] --END-- [ RunTime:0.000000s ]

[ 2015-10-27T18:44:56+08:00 ] ::1 /index.php/Admin/zfz/dqps.html
INFO: [ app_begin ] --START--
INFO: Run Behavior\ReadHtmlCacheBehavior [ RunTime:0.000000s ]
INFO: [ app_begin ] --END-- [ RunTime:0.002000s ]

[ 2015-10-27T18:45:16+08:00 ] ::1 /index.php/Admin/zfz/dqps.html
INFO: [ app_begin ] --START--
INFO: Run Behavior\ReadHtmlCacheBehavior [ RunTime:0.002000s ]
INFO: [ app_begin ] --END-- [ RunTime:0.002000s ]

[ 2015-10-27T18:45:54+08:00 ] ::1 /index.php/Admin/zfz/dqps.html
INFO: [ app_begin ] --START--
INFO: Run Behavior\ReadHtmlCacheBehavior [ RunTime:0.001000s ]
INFO: [ app_begin ] --END-- [ RunTime:0.002000s ]

[ 2015-10-27T18:46:11+08:00 ] ::1 /index.php/Admin/zfz/dqps.html
INFO: [ app_begin ] --START--
INFO: Run Behavior\ReadHtmlCacheBehavior [ RunTime:0.001000s ]
INFO: [ app_begin ] --END-- [ RunTime:0.002000s ]

[ 2015-10-27T18:46:36+08:00 ] ::1 /index.php/Admin/zfz/dqps.html
INFO: [ app_begin ] --START--
INFO: Run Behavior\ReadHtmlCacheBehavior [ RunTime:0.000000s ]
INFO: [ app_begin ] --END-- [ RunTime:0.001001s ]

